[0.024s] Invoking command in '/home/raz/projects/self_driving_OC_project/bumperbot_ws/build/bumperbot_cpp_examples': CMAKE_PREFIX_PATH=${CMAKE_PREFIX_PATH}:/home/raz/projects/self_driving_OC_project/bumperbot_ws/install/bumperbot_py_examples:/home/raz/projects/self_driving_OC_project/install/bumperbot_py_examples:/home/raz/projects/self_driving_OD_project/bumperbot_ws/install/bumperbot_py_examples:/opt/ros/humble /usr/bin/cmake /home/raz/projects/self_driving_OC_project/bumperbot_ws/src/bumperbot_cpp_examples -DCMAKE_INSTALL_PREFIX=/home/raz/projects/self_driving_OC_project/bumperbot_ws/install/bumperbot_cpp_examples
[0.091s] -- The C compiler identification is GNU 11.4.0
[0.157s] -- The CXX compiler identification is GNU 11.4.0
[0.165s] -- Detecting C compiler ABI info
[0.249s] -- Detecting C compiler ABI info - done
[0.255s] -- Check for working C compiler: /usr/bin/cc - skipped
[0.256s] -- Detecting C compile features
[0.256s] -- Detecting C compile features - done
[0.259s] -- Detecting CXX compiler ABI info
[0.349s] -- Detecting CXX compiler ABI info - done
[0.356s] -- Check for working CXX compiler: /usr/bin/c++ - skipped
[0.356s] -- Detecting CXX compile features
[0.357s] -- Detecting CXX compile features - done
[0.360s] -- Found ament_cmake: 1.3.11 (/opt/ros/humble/share/ament_cmake/cmake)
[0.500s] -- Found Python3: /usr/bin/python3 (found version "3.10.12") found components: Interpreter 
[0.602s] -- Found rclcpp: 16.0.11 (/opt/ros/humble/share/rclcpp/cmake)
[0.648s] -- Found rosidl_generator_c: 3.1.6 (/opt/ros/humble/share/rosidl_generator_c/cmake)
[0.654s] -- Found rosidl_adapter: 3.1.6 (/opt/ros/humble/share/rosidl_adapter/cmake)
[0.662s] -- Found rosidl_generator_cpp: 3.1.6 (/opt/ros/humble/share/rosidl_generator_cpp/cmake)
[0.674s] -- Using all available rosidl_typesupport_c: rosidl_typesupport_fastrtps_c;rosidl_typesupport_introspection_c
[0.691s] -- Using all available rosidl_typesupport_cpp: rosidl_typesupport_fastrtps_cpp;rosidl_typesupport_introspection_cpp
[0.735s] -- Found rmw_implementation_cmake: 6.1.2 (/opt/ros/humble/share/rmw_implementation_cmake/cmake)
[0.739s] -- Found rmw_fastrtps_cpp: 6.2.7 (/opt/ros/humble/share/rmw_fastrtps_cpp/cmake)
[0.856s] -- Found OpenSSL: /usr/lib/x86_64-linux-gnu/libcrypto.so (found version "3.0.2")  
[0.886s] -- Found FastRTPS: /opt/ros/humble/include  
[0.934s] -- Using RMW implementation 'rmw_fastrtps_cpp' as default
[0.944s] -- Looking for pthread.h
[1.022s] -- Looking for pthread.h - found
[1.023s] -- Performing Test CMAKE_HAVE_LIBC_PTHREAD
[1.100s] -- Performing Test CMAKE_HAVE_LIBC_PTHREAD - Success
[1.100s] -- Found Threads: TRUE  
[1.149s] -- Found ament_lint_auto: 0.12.11 (/opt/ros/humble/share/ament_lint_auto/cmake)
[1.221s] -- Added test 'cppcheck' to perform static code analysis on C / C++ code
[1.221s] -- Configured cppcheck include dirs: 
[1.221s] -- Configured cppcheck exclude dirs and/or files: 
[1.221s] -- Added test 'lint_cmake' to check CMake code style
[1.223s] -- Added test 'uncrustify' to check C / C++ code style
[1.223s] -- Configured uncrustify additional arguments: 
[1.223s] -- Added test 'xmllint' to check XML markup files
[1.225s] -- Configuring done
[1.238s] -- Generating done
[1.243s] -- Build files have been written to: /home/raz/projects/self_driving_OC_project/bumperbot_ws/build/bumperbot_cpp_examples
[1.255s] Invoked command in '/home/raz/projects/self_driving_OC_project/bumperbot_ws/build/bumperbot_cpp_examples' returned '0': CMAKE_PREFIX_PATH=${CMAKE_PREFIX_PATH}:/home/raz/projects/self_driving_OC_project/bumperbot_ws/install/bumperbot_py_examples:/home/raz/projects/self_driving_OC_project/install/bumperbot_py_examples:/home/raz/projects/self_driving_OD_project/bumperbot_ws/install/bumperbot_py_examples:/opt/ros/humble /usr/bin/cmake /home/raz/projects/self_driving_OC_project/bumperbot_ws/src/bumperbot_cpp_examples -DCMAKE_INSTALL_PREFIX=/home/raz/projects/self_driving_OC_project/bumperbot_ws/install/bumperbot_cpp_examples
[1.257s] Invoking command in '/home/raz/projects/self_driving_OC_project/bumperbot_ws/build/bumperbot_cpp_examples': CMAKE_PREFIX_PATH=${CMAKE_PREFIX_PATH}:/home/raz/projects/self_driving_OC_project/bumperbot_ws/install/bumperbot_py_examples:/home/raz/projects/self_driving_OC_project/install/bumperbot_py_examples:/home/raz/projects/self_driving_OD_project/bumperbot_ws/install/bumperbot_py_examples:/opt/ros/humble /usr/bin/cmake --build /home/raz/projects/self_driving_OC_project/bumperbot_ws/build/bumperbot_cpp_examples -- -j16 -l16
[1.311s] [ 16%] [32mBuilding CXX object CMakeFiles/simple_subscriber.dir/src/simple_subscriber.cpp.o[0m
[1.311s] [ 33%] [32mBuilding CXX object CMakeFiles/simple_publisher.dir/src/simple_publisher.cpp.o[0m
[1.314s] [ 50%] [32mBuilding CXX object CMakeFiles/simple_parameter.dir/src/simple_parameter.cpp.o[0m
[3.918s] [ 66%] [32m[1mLinking CXX executable simple_parameter[0m
[4.053s] [ 66%] Built target simple_parameter
[4.838s] [ 83%] [32m[1mLinking CXX executable simple_publisher[0m
[5.024s] [ 83%] Built target simple_publisher
[8.024s] [100%] [32m[1mLinking CXX executable simple_subscriber[0m
[8.388s] [100%] Built target simple_subscriber
[8.402s] Invoked command in '/home/raz/projects/self_driving_OC_project/bumperbot_ws/build/bumperbot_cpp_examples' returned '0': CMAKE_PREFIX_PATH=${CMAKE_PREFIX_PATH}:/home/raz/projects/self_driving_OC_project/bumperbot_ws/install/bumperbot_py_examples:/home/raz/projects/self_driving_OC_project/install/bumperbot_py_examples:/home/raz/projects/self_driving_OD_project/bumperbot_ws/install/bumperbot_py_examples:/opt/ros/humble /usr/bin/cmake --build /home/raz/projects/self_driving_OC_project/bumperbot_ws/build/bumperbot_cpp_examples -- -j16 -l16
[8.404s] Invoking command in '/home/raz/projects/self_driving_OC_project/bumperbot_ws/build/bumperbot_cpp_examples': CMAKE_PREFIX_PATH=${CMAKE_PREFIX_PATH}:/home/raz/projects/self_driving_OC_project/bumperbot_ws/install/bumperbot_py_examples:/home/raz/projects/self_driving_OC_project/install/bumperbot_py_examples:/home/raz/projects/self_driving_OD_project/bumperbot_ws/install/bumperbot_py_examples:/opt/ros/humble /usr/bin/cmake --install /home/raz/projects/self_driving_OC_project/bumperbot_ws/build/bumperbot_cpp_examples
[8.411s] -- Install configuration: ""
[8.411s] -- Installing: /home/raz/projects/self_driving_OC_project/bumperbot_ws/install/bumperbot_cpp_examples/lib/bumperbot_cpp_examples/simple_publisher
[8.412s] -- Set runtime path of "/home/raz/projects/self_driving_OC_project/bumperbot_ws/install/bumperbot_cpp_examples/lib/bumperbot_cpp_examples/simple_publisher" to ""
[8.412s] -- Installing: /home/raz/projects/self_driving_OC_project/bumperbot_ws/install/bumperbot_cpp_examples/lib/bumperbot_cpp_examples/simple_subscriber
[8.416s] -- Set runtime path of "/home/raz/projects/self_driving_OC_project/bumperbot_ws/install/bumperbot_cpp_examples/lib/bumperbot_cpp_examples/simple_subscriber" to ""
[8.416s] -- Installing: /home/raz/projects/self_driving_OC_project/bumperbot_ws/install/bumperbot_cpp_examples/lib/bumperbot_cpp_examples/simple_parameter
[8.416s] -- Set runtime path of "/home/raz/projects/self_driving_OC_project/bumperbot_ws/install/bumperbot_cpp_examples/lib/bumperbot_cpp_examples/simple_parameter" to ""
[8.417s] -- Installing: /home/raz/projects/self_driving_OC_project/bumperbot_ws/install/bumperbot_cpp_examples/share/ament_index/resource_index/package_run_dependencies/bumperbot_cpp_examples
[8.417s] -- Installing: /home/raz/projects/self_driving_OC_project/bumperbot_ws/install/bumperbot_cpp_examples/share/ament_index/resource_index/parent_prefix_path/bumperbot_cpp_examples
[8.417s] -- Installing: /home/raz/projects/self_driving_OC_project/bumperbot_ws/install/bumperbot_cpp_examples/share/bumperbot_cpp_examples/environment/ament_prefix_path.sh
[8.417s] -- Installing: /home/raz/projects/self_driving_OC_project/bumperbot_ws/install/bumperbot_cpp_examples/share/bumperbot_cpp_examples/environment/ament_prefix_path.dsv
[8.417s] -- Installing: /home/raz/projects/self_driving_OC_project/bumperbot_ws/install/bumperbot_cpp_examples/share/bumperbot_cpp_examples/environment/path.sh
[8.417s] -- Installing: /home/raz/projects/self_driving_OC_project/bumperbot_ws/install/bumperbot_cpp_examples/share/bumperbot_cpp_examples/environment/path.dsv
[8.417s] -- Installing: /home/raz/projects/self_driving_OC_project/bumperbot_ws/install/bumperbot_cpp_examples/share/bumperbot_cpp_examples/local_setup.bash
[8.418s] -- Installing: /home/raz/projects/self_driving_OC_project/bumperbot_ws/install/bumperbot_cpp_examples/share/bumperbot_cpp_examples/local_setup.sh
[8.418s] -- Installing: /home/raz/projects/self_driving_OC_project/bumperbot_ws/install/bumperbot_cpp_examples/share/bumperbot_cpp_examples/local_setup.zsh
[8.418s] -- Installing: /home/raz/projects/self_driving_OC_project/bumperbot_ws/install/bumperbot_cpp_examples/share/bumperbot_cpp_examples/local_setup.dsv
[8.418s] -- Installing: /home/raz/projects/self_driving_OC_project/bumperbot_ws/install/bumperbot_cpp_examples/share/bumperbot_cpp_examples/package.dsv
[8.418s] -- Installing: /home/raz/projects/self_driving_OC_project/bumperbot_ws/install/bumperbot_cpp_examples/share/ament_index/resource_index/packages/bumperbot_cpp_examples
[8.419s] -- Installing: /home/raz/projects/self_driving_OC_project/bumperbot_ws/install/bumperbot_cpp_examples/share/bumperbot_cpp_examples/cmake/bumperbot_cpp_examplesConfig.cmake
[8.419s] -- Installing: /home/raz/projects/self_driving_OC_project/bumperbot_ws/install/bumperbot_cpp_examples/share/bumperbot_cpp_examples/cmake/bumperbot_cpp_examplesConfig-version.cmake
[8.419s] -- Installing: /home/raz/projects/self_driving_OC_project/bumperbot_ws/install/bumperbot_cpp_examples/share/bumperbot_cpp_examples/package.xml
[8.422s] Invoked command in '/home/raz/projects/self_driving_OC_project/bumperbot_ws/build/bumperbot_cpp_examples' returned '0': CMAKE_PREFIX_PATH=${CMAKE_PREFIX_PATH}:/home/raz/projects/self_driving_OC_project/bumperbot_ws/install/bumperbot_py_examples:/home/raz/projects/self_driving_OC_project/install/bumperbot_py_examples:/home/raz/projects/self_driving_OD_project/bumperbot_ws/install/bumperbot_py_examples:/opt/ros/humble /usr/bin/cmake --install /home/raz/projects/self_driving_OC_project/bumperbot_ws/build/bumperbot_cpp_examples
