[0.031s] Invoking command in '/home/raz/projects/self_driving_OC_project/bumperbot_ws/build/bumperbot_controller': CMAKE_PREFIX_PATH=${CMAKE_PREFIX_PATH}:/home/raz/PD_Robot/ros2_ws/install/sar_py_examples:/opt/ros/humble /usr/bin/cmake --build /home/raz/projects/self_driving_OC_project/bumperbot_ws/build/bumperbot_controller -- -j16 -l16
[0.094s] [  0%] Built target ament_cmake_python_copy_bumperbot_controller
[0.106s] [35m[1mConsolidate compiler generated dependencies of target noisy_controller[0m
[0.126s] [ 50%] Built target noisy_controller
[0.352s] running egg_info
[0.353s] writing bumperbot_controller.egg-info/PKG-INFO
[0.353s] writing dependency_links to bumperbot_controller.egg-info/dependency_links.txt
[0.353s] writing top-level names to bumperbot_controller.egg-info/top_level.txt
[0.356s] reading manifest file 'bumperbot_controller.egg-info/SOURCES.txt'
[0.356s] writing manifest file 'bumperbot_controller.egg-info/SOURCES.txt'
[0.403s] [ 50%] Built target ament_cmake_python_build_bumperbot_controller_egg
[0.415s] [35m[1mConsolidate compiler generated dependencies of target simple_controller[0m
[0.434s] [100%] Built target simple_controller
[0.448s] Invoked command in '/home/raz/projects/self_driving_OC_project/bumperbot_ws/build/bumperbot_controller' returned '0': CMAKE_PREFIX_PATH=${CMAKE_PREFIX_PATH}:/home/raz/PD_Robot/ros2_ws/install/sar_py_examples:/opt/ros/humble /usr/bin/cmake --build /home/raz/projects/self_driving_OC_project/bumperbot_ws/build/bumperbot_controller -- -j16 -l16
[0.450s] Invoking command in '/home/raz/projects/self_driving_OC_project/bumperbot_ws/build/bumperbot_controller': CMAKE_PREFIX_PATH=${CMAKE_PREFIX_PATH}:/home/raz/PD_Robot/ros2_ws/install/sar_py_examples:/opt/ros/humble /usr/bin/cmake --install /home/raz/projects/self_driving_OC_project/bumperbot_ws/build/bumperbot_controller
[0.457s] -- Install configuration: ""
[0.457s] -- Up-to-date: /home/raz/projects/self_driving_OC_project/bumperbot_ws/install/bumperbot_controller/share/bumperbot_controller/environment/pythonpath.sh
[0.457s] -- Up-to-date: /home/raz/projects/self_driving_OC_project/bumperbot_ws/install/bumperbot_controller/share/bumperbot_controller/environment/pythonpath.dsv
[0.457s] -- Up-to-date: /home/raz/projects/self_driving_OC_project/bumperbot_ws/install/bumperbot_controller/local/lib/python3.10/dist-packages/bumperbot_controller-0.0.0-py3.10.egg-info
[0.457s] -- Installing: /home/raz/projects/self_driving_OC_project/bumperbot_ws/install/bumperbot_controller/local/lib/python3.10/dist-packages/bumperbot_controller-0.0.0-py3.10.egg-info/dependency_links.txt
[0.458s] -- Installing: /home/raz/projects/self_driving_OC_project/bumperbot_ws/install/bumperbot_controller/local/lib/python3.10/dist-packages/bumperbot_controller-0.0.0-py3.10.egg-info/top_level.txt
[0.458s] -- Installing: /home/raz/projects/self_driving_OC_project/bumperbot_ws/install/bumperbot_controller/local/lib/python3.10/dist-packages/bumperbot_controller-0.0.0-py3.10.egg-info/SOURCES.txt
[0.458s] -- Installing: /home/raz/projects/self_driving_OC_project/bumperbot_ws/install/bumperbot_controller/local/lib/python3.10/dist-packages/bumperbot_controller-0.0.0-py3.10.egg-info/PKG-INFO
[0.458s] -- Up-to-date: /home/raz/projects/self_driving_OC_project/bumperbot_ws/install/bumperbot_controller/local/lib/python3.10/dist-packages/bumperbot_controller
[0.458s] -- Up-to-date: /home/raz/projects/self_driving_OC_project/bumperbot_ws/install/bumperbot_controller/local/lib/python3.10/dist-packages/bumperbot_controller/simple_controller.py
[0.458s] -- Up-to-date: /home/raz/projects/self_driving_OC_project/bumperbot_ws/install/bumperbot_controller/local/lib/python3.10/dist-packages/bumperbot_controller/__init__.py
[0.458s] -- Up-to-date: /home/raz/projects/self_driving_OC_project/bumperbot_ws/install/bumperbot_controller/local/lib/python3.10/dist-packages/bumperbot_controller/noisy_controller.py
[0.494s] Listing '/home/raz/projects/self_driving_OC_project/bumperbot_ws/install/bumperbot_controller/local/lib/python3.10/dist-packages/bumperbot_controller'...
[0.502s] -- Up-to-date: /home/raz/projects/self_driving_OC_project/bumperbot_ws/install/bumperbot_controller/include/include
[0.503s] -- Up-to-date: /home/raz/projects/self_driving_OC_project/bumperbot_ws/install/bumperbot_controller/include/include/bumperbot_controller
[0.503s] -- Up-to-date: /home/raz/projects/self_driving_OC_project/bumperbot_ws/install/bumperbot_controller/include/include/bumperbot_controller/.gitkeep
[0.503s] -- Up-to-date: /home/raz/projects/self_driving_OC_project/bumperbot_ws/install/bumperbot_controller/include/include/bumperbot_controller/noisy_controller.hpp
[0.503s] -- Up-to-date: /home/raz/projects/self_driving_OC_project/bumperbot_ws/install/bumperbot_controller/include/include/bumperbot_controller/simple_controller.hpp
[0.503s] -- Up-to-date: /home/raz/projects/self_driving_OC_project/bumperbot_ws/install/bumperbot_controller/lib/bumperbot_controller/simple_controller
[0.503s] -- Up-to-date: /home/raz/projects/self_driving_OC_project/bumperbot_ws/install/bumperbot_controller/lib/bumperbot_controller/noisy_controller
[0.503s] -- Up-to-date: /home/raz/projects/self_driving_OC_project/bumperbot_ws/install/bumperbot_controller/share/bumperbot_controller/config
[0.503s] -- Up-to-date: /home/raz/projects/self_driving_OC_project/bumperbot_ws/install/bumperbot_controller/share/bumperbot_controller/config/bumperbot_controllers.yaml
[0.503s] -- Up-to-date: /home/raz/projects/self_driving_OC_project/bumperbot_ws/install/bumperbot_controller/share/bumperbot_controller/config/joy_teleop.yaml
[0.503s] -- Up-to-date: /home/raz/projects/self_driving_OC_project/bumperbot_ws/install/bumperbot_controller/share/bumperbot_controller/config/joy_config.yaml
[0.503s] -- Up-to-date: /home/raz/projects/self_driving_OC_project/bumperbot_ws/install/bumperbot_controller/share/bumperbot_controller/launch
[0.504s] -- Up-to-date: /home/raz/projects/self_driving_OC_project/bumperbot_ws/install/bumperbot_controller/share/bumperbot_controller/launch/joystick_teleop.launch.py
[0.504s] -- Up-to-date: /home/raz/projects/self_driving_OC_project/bumperbot_ws/install/bumperbot_controller/share/bumperbot_controller/launch/controller.launch.py
[0.504s] -- Up-to-date: /home/raz/projects/self_driving_OC_project/bumperbot_ws/install/bumperbot_controller/lib/bumperbot_controller/simple_controller.py
[0.504s] -- Up-to-date: /home/raz/projects/self_driving_OC_project/bumperbot_ws/install/bumperbot_controller/lib/bumperbot_controller/noisy_controller.py
[0.504s] -- Up-to-date: /home/raz/projects/self_driving_OC_project/bumperbot_ws/install/bumperbot_controller/share/ament_index/resource_index/package_run_dependencies/bumperbot_controller
[0.504s] -- Up-to-date: /home/raz/projects/self_driving_OC_project/bumperbot_ws/install/bumperbot_controller/share/ament_index/resource_index/parent_prefix_path/bumperbot_controller
[0.504s] -- Up-to-date: /home/raz/projects/self_driving_OC_project/bumperbot_ws/install/bumperbot_controller/share/bumperbot_controller/environment/ament_prefix_path.sh
[0.504s] -- Up-to-date: /home/raz/projects/self_driving_OC_project/bumperbot_ws/install/bumperbot_controller/share/bumperbot_controller/environment/ament_prefix_path.dsv
[0.504s] -- Up-to-date: /home/raz/projects/self_driving_OC_project/bumperbot_ws/install/bumperbot_controller/share/bumperbot_controller/environment/path.sh
[0.504s] -- Up-to-date: /home/raz/projects/self_driving_OC_project/bumperbot_ws/install/bumperbot_controller/share/bumperbot_controller/environment/path.dsv
[0.504s] -- Up-to-date: /home/raz/projects/self_driving_OC_project/bumperbot_ws/install/bumperbot_controller/share/bumperbot_controller/local_setup.bash
[0.504s] -- Up-to-date: /home/raz/projects/self_driving_OC_project/bumperbot_ws/install/bumperbot_controller/share/bumperbot_controller/local_setup.sh
[0.504s] -- Up-to-date: /home/raz/projects/self_driving_OC_project/bumperbot_ws/install/bumperbot_controller/share/bumperbot_controller/local_setup.zsh
[0.504s] -- Up-to-date: /home/raz/projects/self_driving_OC_project/bumperbot_ws/install/bumperbot_controller/share/bumperbot_controller/local_setup.dsv
[0.505s] -- Installing: /home/raz/projects/self_driving_OC_project/bumperbot_ws/install/bumperbot_controller/share/bumperbot_controller/package.dsv
[0.505s] -- Up-to-date: /home/raz/projects/self_driving_OC_project/bumperbot_ws/install/bumperbot_controller/share/ament_index/resource_index/packages/bumperbot_controller
[0.505s] -- Up-to-date: /home/raz/projects/self_driving_OC_project/bumperbot_ws/install/bumperbot_controller/share/bumperbot_controller/cmake/bumperbot_controllerConfig.cmake
[0.505s] -- Up-to-date: /home/raz/projects/self_driving_OC_project/bumperbot_ws/install/bumperbot_controller/share/bumperbot_controller/cmake/bumperbot_controllerConfig-version.cmake
[0.505s] -- Up-to-date: /home/raz/projects/self_driving_OC_project/bumperbot_ws/install/bumperbot_controller/share/bumperbot_controller/package.xml
[0.518s] Invoked command in '/home/raz/projects/self_driving_OC_project/bumperbot_ws/build/bumperbot_controller' returned '0': CMAKE_PREFIX_PATH=${CMAKE_PREFIX_PATH}:/home/raz/PD_Robot/ros2_ws/install/sar_py_examples:/opt/ros/humble /usr/bin/cmake --install /home/raz/projects/self_driving_OC_project/bumperbot_ws/build/bumperbot_controller
