[0.018s] Invoking command in '/home/raz/projects/self_driving_OD_project/bumperbot_ws/build/bumperbot_cpp_examples': CMAKE_PREFIX_PATH=/opt/ros/humble /usr/bin/cmake /home/raz/projects/self_driving_OD_project/bumperbot_ws/src/bumperbot_cpp_examples -DCMAKE_INSTALL_PREFIX=/home/raz/projects/self_driving_OD_project/bumperbot_ws/install/bumperbot_cpp_examples
[0.129s] -- The C compiler identification is GNU 11.4.0
[0.204s] -- The CXX compiler identification is GNU 11.4.0
[0.214s] -- Detecting C compiler ABI info
[0.296s] -- Detecting C compiler ABI info - done
[0.302s] -- Check for working C compiler: /usr/bin/cc - skipped
[0.302s] -- Detecting C compile features
[0.303s] -- Detecting C compile features - done
[0.306s] -- Detecting CXX compiler ABI info
[0.394s] -- Detecting CXX compiler ABI info - done
[0.400s] -- Check for working CXX compiler: /usr/bin/c++ - skipped
[0.400s] -- Detecting CXX compile features
[0.400s] -- Detecting CXX compile features - done
[0.409s] -- Found ament_cmake: 1.3.11 (/opt/ros/humble/share/ament_cmake/cmake)
[0.558s] -- Found Python3: /usr/bin/python3 (found version "3.10.12") found components: Interpreter 
[0.658s] -- Found ament_lint_auto: 0.12.11 (/opt/ros/humble/share/ament_lint_auto/cmake)
[0.739s] -- Added test 'lint_cmake' to check CMake code style
[0.741s] -- Added test 'xmllint' to check XML markup files
[0.742s] -- Configuring done
[0.745s] -- Generating done
[0.747s] -- Build files have been written to: /home/raz/projects/self_driving_OD_project/bumperbot_ws/build/bumperbot_cpp_examples
[0.754s] Invoked command in '/home/raz/projects/self_driving_OD_project/bumperbot_ws/build/bumperbot_cpp_examples' returned '0': CMAKE_PREFIX_PATH=/opt/ros/humble /usr/bin/cmake /home/raz/projects/self_driving_OD_project/bumperbot_ws/src/bumperbot_cpp_examples -DCMAKE_INSTALL_PREFIX=/home/raz/projects/self_driving_OD_project/bumperbot_ws/install/bumperbot_cpp_examples
[0.755s] Invoking command in '/home/raz/projects/self_driving_OD_project/bumperbot_ws/build/bumperbot_cpp_examples': CMAKE_PREFIX_PATH=/opt/ros/humble /usr/bin/cmake --build /home/raz/projects/self_driving_OD_project/bumperbot_ws/build/bumperbot_cpp_examples -- -j16 -l16
[0.795s] Invoked command in '/home/raz/projects/self_driving_OD_project/bumperbot_ws/build/bumperbot_cpp_examples' returned '0': CMAKE_PREFIX_PATH=/opt/ros/humble /usr/bin/cmake --build /home/raz/projects/self_driving_OD_project/bumperbot_ws/build/bumperbot_cpp_examples -- -j16 -l16
[0.807s] Invoking command in '/home/raz/projects/self_driving_OD_project/bumperbot_ws/build/bumperbot_cpp_examples': CMAKE_PREFIX_PATH=/opt/ros/humble /usr/bin/cmake --install /home/raz/projects/self_driving_OD_project/bumperbot_ws/build/bumperbot_cpp_examples
[0.815s] -- Install configuration: ""
[0.815s] -- Installing: /home/raz/projects/self_driving_OD_project/bumperbot_ws/install/bumperbot_cpp_examples/share/ament_index/resource_index/package_run_dependencies/bumperbot_cpp_examples
[0.815s] -- Installing: /home/raz/projects/self_driving_OD_project/bumperbot_ws/install/bumperbot_cpp_examples/share/ament_index/resource_index/parent_prefix_path/bumperbot_cpp_examples
[0.815s] -- Installing: /home/raz/projects/self_driving_OD_project/bumperbot_ws/install/bumperbot_cpp_examples/share/bumperbot_cpp_examples/environment/ament_prefix_path.sh
[0.816s] -- Installing: /home/raz/projects/self_driving_OD_project/bumperbot_ws/install/bumperbot_cpp_examples/share/bumperbot_cpp_examples/environment/ament_prefix_path.dsv
[0.816s] -- Installing: /home/raz/projects/self_driving_OD_project/bumperbot_ws/install/bumperbot_cpp_examples/share/bumperbot_cpp_examples/environment/path.sh
[0.816s] -- Installing: /home/raz/projects/self_driving_OD_project/bumperbot_ws/install/bumperbot_cpp_examples/share/bumperbot_cpp_examples/environment/path.dsv
[0.816s] -- Installing: /home/raz/projects/self_driving_OD_project/bumperbot_ws/install/bumperbot_cpp_examples/share/bumperbot_cpp_examples/local_setup.bash
[0.816s] -- Installing: /home/raz/projects/self_driving_OD_project/bumperbot_ws/install/bumperbot_cpp_examples/share/bumperbot_cpp_examples/local_setup.sh
[0.817s] -- Installing: /home/raz/projects/self_driving_OD_project/bumperbot_ws/install/bumperbot_cpp_examples/share/bumperbot_cpp_examples/local_setup.zsh
[0.817s] -- Installing: /home/raz/projects/self_driving_OD_project/bumperbot_ws/install/bumperbot_cpp_examples/share/bumperbot_cpp_examples/local_setup.dsv
[0.817s] -- Installing: /home/raz/projects/self_driving_OD_project/bumperbot_ws/install/bumperbot_cpp_examples/share/bumperbot_cpp_examples/package.dsv
[0.817s] -- Installing: /home/raz/projects/self_driving_OD_project/bumperbot_ws/install/bumperbot_cpp_examples/share/ament_index/resource_index/packages/bumperbot_cpp_examples
[0.817s] -- Installing: /home/raz/projects/self_driving_OD_project/bumperbot_ws/install/bumperbot_cpp_examples/share/bumperbot_cpp_examples/cmake/bumperbot_cpp_examplesConfig.cmake
[0.817s] -- Installing: /home/raz/projects/self_driving_OD_project/bumperbot_ws/install/bumperbot_cpp_examples/share/bumperbot_cpp_examples/cmake/bumperbot_cpp_examplesConfig-version.cmake
[0.818s] -- Installing: /home/raz/projects/self_driving_OD_project/bumperbot_ws/install/bumperbot_cpp_examples/share/bumperbot_cpp_examples/package.xml
[0.821s] Invoked command in '/home/raz/projects/self_driving_OD_project/bumperbot_ws/build/bumperbot_cpp_examples' returned '0': CMAKE_PREFIX_PATH=/opt/ros/humble /usr/bin/cmake --install /home/raz/projects/self_driving_OD_project/bumperbot_ws/build/bumperbot_cpp_examples
