[0.614s] Invoking command in '/home/raz/projects/self_driving_OC_project/bumperbot_ws/build/bumperbot_py_examples': CMAKE_PREFIX_PATH=/home/raz/projects/self_driving_OC_project/bumperbot_ws/install/bumperbot_msgs:/home/raz/PD_Robot/ros2_ws/install/sar_utils:/home/raz/PD_Robot/ros2_ws/install/sar_cpp_examples:/home/raz/PD_Robot/ros2_ws/install/sar_msgs:/home/raz/PD_Robot/ros2_ws/install/sar_moveit:/home/raz/PD_Robot/ros2_ws/install/sar_description:/home/raz/PD_Robot/ros2_ws/install/sar_controller:/home/raz/projects/self_driving_OC_project/bumperbot_ws/install/bumperbot_utils:/home/raz/projects/self_driving_OC_project/bumperbot_ws/install/bumperbot_cpp_examples:/home/raz/projects/self_driving_OC_project/bumperbot_ws/install/bumperbot_localization:/home/raz/projects/self_driving_OC_project/bumperbot_ws/install/bumperbot_description:/home/raz/projects/self_driving_OC_project/bumperbot_ws/install/bumperbot_controller LD_LIBRARY_PATH=/home/raz/projects/self_driving_OC_project/bumperbot_ws/install/bumperbot_msgs/lib:/home/raz/PD_Robot/ros2_ws/install/sar_msgs/lib:/opt/ros/humble/opt/rviz_ogre_vendor/lib:/opt/ros/humble/lib/x86_64-linux-gnu:/opt/ros/humble/lib PYTHONPATH=/home/raz/projects/self_driving_OC_project/bumperbot_ws/build/bumperbot_py_examples/prefix_override:/usr/lib/python3/dist-packages/colcon_core/task/python/colcon_distutils_commands:/home/raz/projects/self_driving_OC_project/bumperbot_ws/install/bumperbot_py_examples/lib/python3.10/site-packages:${PYTHONPATH} /usr/bin/python3 -W ignore:setup.py install is deprecated -W ignore:easy_install command is deprecated setup.py develop --editable --build-directory /home/raz/projects/self_driving_OC_project/bumperbot_ws/build/bumperbot_py_examples/build --no-deps symlink_data
[0.842s] running develop
[1.001s] running egg_info
[1.001s] writing bumperbot_py_examples.egg-info/PKG-INFO
[1.002s] writing dependency_links to bumperbot_py_examples.egg-info/dependency_links.txt
[1.002s] writing entry points to bumperbot_py_examples.egg-info/entry_points.txt
[1.002s] writing requirements to bumperbot_py_examples.egg-info/requires.txt
[1.002s] writing top-level names to bumperbot_py_examples.egg-info/top_level.txt
[1.004s] reading manifest file 'bumperbot_py_examples.egg-info/SOURCES.txt'
[1.005s] writing manifest file 'bumperbot_py_examples.egg-info/SOURCES.txt'
[1.007s] running build_ext
[1.007s] Creating /home/raz/projects/self_driving_OC_project/bumperbot_ws/install/bumperbot_py_examples/lib/python3.10/site-packages/bumperbot-py-examples.egg-link (link to .)
[1.008s] Installing simple_parameter script to /home/raz/projects/self_driving_OC_project/bumperbot_ws/install/bumperbot_py_examples/lib/bumperbot_py_examples
[1.008s] Installing simple_publisher script to /home/raz/projects/self_driving_OC_project/bumperbot_ws/install/bumperbot_py_examples/lib/bumperbot_py_examples
[1.008s] Installing simple_service_client script to /home/raz/projects/self_driving_OC_project/bumperbot_ws/install/bumperbot_py_examples/lib/bumperbot_py_examples
[1.008s] Installing simple_service_server script to /home/raz/projects/self_driving_OC_project/bumperbot_ws/install/bumperbot_py_examples/lib/bumperbot_py_examples
[1.009s] Installing simple_subscriber script to /home/raz/projects/self_driving_OC_project/bumperbot_ws/install/bumperbot_py_examples/lib/bumperbot_py_examples
[1.009s] Installing simple_tf_kinematics script to /home/raz/projects/self_driving_OC_project/bumperbot_ws/install/bumperbot_py_examples/lib/bumperbot_py_examples
[1.009s] Installing simple_turtlesim_kinematics script to /home/raz/projects/self_driving_OC_project/bumperbot_ws/install/bumperbot_py_examples/lib/bumperbot_py_examples
[1.009s] 
[1.009s] Installed /home/raz/projects/self_driving_OC_project/bumperbot_ws/build/bumperbot_py_examples
[1.009s] running symlink_data
[1.044s] Invoked command in '/home/raz/projects/self_driving_OC_project/bumperbot_ws/build/bumperbot_py_examples' returned '0': CMAKE_PREFIX_PATH=/home/raz/projects/self_driving_OC_project/bumperbot_ws/install/bumperbot_msgs:/home/raz/PD_Robot/ros2_ws/install/sar_utils:/home/raz/PD_Robot/ros2_ws/install/sar_cpp_examples:/home/raz/PD_Robot/ros2_ws/install/sar_msgs:/home/raz/PD_Robot/ros2_ws/install/sar_moveit:/home/raz/PD_Robot/ros2_ws/install/sar_description:/home/raz/PD_Robot/ros2_ws/install/sar_controller:/home/raz/projects/self_driving_OC_project/bumperbot_ws/install/bumperbot_utils:/home/raz/projects/self_driving_OC_project/bumperbot_ws/install/bumperbot_cpp_examples:/home/raz/projects/self_driving_OC_project/bumperbot_ws/install/bumperbot_localization:/home/raz/projects/self_driving_OC_project/bumperbot_ws/install/bumperbot_description:/home/raz/projects/self_driving_OC_project/bumperbot_ws/install/bumperbot_controller LD_LIBRARY_PATH=/home/raz/projects/self_driving_OC_project/bumperbot_ws/install/bumperbot_msgs/lib:/home/raz/PD_Robot/ros2_ws/install/sar_msgs/lib:/opt/ros/humble/opt/rviz_ogre_vendor/lib:/opt/ros/humble/lib/x86_64-linux-gnu:/opt/ros/humble/lib PYTHONPATH=/home/raz/projects/self_driving_OC_project/bumperbot_ws/build/bumperbot_py_examples/prefix_override:/usr/lib/python3/dist-packages/colcon_core/task/python/colcon_distutils_commands:/home/raz/projects/self_driving_OC_project/bumperbot_ws/install/bumperbot_py_examples/lib/python3.10/site-packages:${PYTHONPATH} /usr/bin/python3 -W ignore:setup.py install is deprecated -W ignore:easy_install command is deprecated setup.py develop --editable --build-directory /home/raz/projects/self_driving_OC_project/bumperbot_ws/build/bumperbot_py_examples/build --no-deps symlink_data
