[0.016s] Invoking command in '/home/raz/projects/self_driving_OC_project/bumperbot_ws/build/bumperbot_localization': CMAKE_PREFIX_PATH=${CMAKE_PREFIX_PATH}:/home/raz/projects/self_driving_OC_project/bumperbot_ws/install/bumperbot_py_examples:/home/raz/PD_Robot/ros2_ws/install/sar_py_examples:/opt/ros/humble /usr/bin/cmake /home/raz/projects/self_driving_OC_project/bumperbot_ws/src/bumperbot_localization -DCMAKE_INSTALL_PREFIX=/home/raz/projects/self_driving_OC_project/bumperbot_ws/install/bumperbot_localization
[0.054s] -- The C compiler identification is GNU 11.4.0
[0.091s] -- The CXX compiler identification is GNU 11.4.0
[0.096s] -- Detecting C compiler ABI info
[0.144s] -- Detecting C compiler ABI info - done
[0.149s] -- Check for working C compiler: /usr/bin/cc - skipped
[0.149s] -- Detecting C compile features
[0.149s] -- Detecting C compile features - done
[0.151s] -- Detecting CXX compiler ABI info
[0.202s] -- Detecting CXX compiler ABI info - done
[0.207s] -- Check for working CXX compiler: /usr/bin/c++ - skipped
[0.207s] -- Detecting CXX compile features
[0.207s] -- Detecting CXX compile features - done
[0.210s] -- Found ament_cmake: 1.3.11 (/opt/ros/humble/share/ament_cmake/cmake)
[0.325s] -- Found Python3: /usr/bin/python3 (found version "3.10.12") found components: Interpreter 
[0.397s] -- Found rclpy: 3.3.16 (/opt/ros/humble/share/rclpy/cmake)
[0.398s] -- Found rclcpp: 16.0.12 (/opt/ros/humble/share/rclcpp/cmake)
[0.432s] -- Found rosidl_generator_c: 3.1.6 (/opt/ros/humble/share/rosidl_generator_c/cmake)
[0.436s] -- Found rosidl_adapter: 3.1.6 (/opt/ros/humble/share/rosidl_adapter/cmake)
[0.443s] -- Found rosidl_generator_cpp: 3.1.6 (/opt/ros/humble/share/rosidl_generator_cpp/cmake)
[0.452s] -- Using all available rosidl_typesupport_c: rosidl_typesupport_fastrtps_c;rosidl_typesupport_introspection_c
[0.464s] -- Using all available rosidl_typesupport_cpp: rosidl_typesupport_fastrtps_cpp;rosidl_typesupport_introspection_cpp
[0.498s] -- Found rmw_implementation_cmake: 6.1.2 (/opt/ros/humble/share/rmw_implementation_cmake/cmake)
[0.502s] -- Found rmw_fastrtps_cpp: 6.2.7 (/opt/ros/humble/share/rmw_fastrtps_cpp/cmake)
[0.567s] -- Found OpenSSL: /usr/lib/x86_64-linux-gnu/libcrypto.so (found version "3.0.2")  
[0.587s] -- Found FastRTPS: /opt/ros/humble/include  
[0.619s] -- Using RMW implementation 'rmw_fastrtps_cpp' as default
[0.627s] -- Looking for pthread.h
[0.678s] -- Looking for pthread.h - found
[0.678s] -- Performing Test CMAKE_HAVE_LIBC_PTHREAD
[0.730s] -- Performing Test CMAKE_HAVE_LIBC_PTHREAD - Success
[0.731s] -- Found Threads: TRUE  
[0.771s] -- Found sensor_msgs: 4.8.0 (/opt/ros/humble/share/sensor_msgs/cmake)
[0.792s] -- Found nav_msgs: 4.8.0 (/opt/ros/humble/share/nav_msgs/cmake)
[0.865s] -- Found ament_lint_auto: 0.12.12 (/opt/ros/humble/share/ament_lint_auto/cmake)
[0.921s] -- Added test 'cppcheck' to perform static code analysis on C / C++ code
[0.921s] -- Configured cppcheck include dirs: /home/raz/projects/self_driving_OC_project/bumperbot_ws/src/bumperbot_localization/include
[0.921s] -- Configured cppcheck exclude dirs and/or files: 
[0.922s] -- Added test 'flake8' to check Python code syntax and style conventions
[0.922s] -- Added test 'lint_cmake' to check CMake code style
[0.923s] -- Added test 'pep257' to check Python code against some of the docstring style conventions in PEP 257
[0.923s] -- Added test 'uncrustify' to check C / C++ code style
[0.923s] -- Configured uncrustify additional arguments: 
[0.924s] -- Added test 'xmllint' to check XML markup files
[0.925s] -- Configuring done
[0.932s] -- Generating done
[0.936s] -- Build files have been written to: /home/raz/projects/self_driving_OC_project/bumperbot_ws/build/bumperbot_localization
[0.943s] Invoked command in '/home/raz/projects/self_driving_OC_project/bumperbot_ws/build/bumperbot_localization' returned '0': CMAKE_PREFIX_PATH=${CMAKE_PREFIX_PATH}:/home/raz/projects/self_driving_OC_project/bumperbot_ws/install/bumperbot_py_examples:/home/raz/PD_Robot/ros2_ws/install/sar_py_examples:/opt/ros/humble /usr/bin/cmake /home/raz/projects/self_driving_OC_project/bumperbot_ws/src/bumperbot_localization -DCMAKE_INSTALL_PREFIX=/home/raz/projects/self_driving_OC_project/bumperbot_ws/install/bumperbot_localization
[0.943s] Invoking command in '/home/raz/projects/self_driving_OC_project/bumperbot_ws/build/bumperbot_localization': CMAKE_PREFIX_PATH=${CMAKE_PREFIX_PATH}:/home/raz/projects/self_driving_OC_project/bumperbot_ws/install/bumperbot_py_examples:/home/raz/PD_Robot/ros2_ws/install/sar_py_examples:/opt/ros/humble /usr/bin/cmake --build /home/raz/projects/self_driving_OC_project/bumperbot_ws/build/bumperbot_localization -- -j24 -l24
[0.979s] [ 25%] [32mBuilding CXX object CMakeFiles/kalman_filter.dir/src/kalman_filter.cpp.o[0m
[0.980s] [ 50%] [32mBuilding CXX object CMakeFiles/imu_republisher.dir/src/imu_republisher.cpp.o[0m
[0.986s] [ 50%] Built target ament_cmake_python_copy_bumperbot_localization
[1.146s] running egg_info
[1.146s] creating bumperbot_localization.egg-info
[1.147s] writing bumperbot_localization.egg-info/PKG-INFO
[1.147s] writing dependency_links to bumperbot_localization.egg-info/dependency_links.txt
[1.147s] writing top-level names to bumperbot_localization.egg-info/top_level.txt
[1.147s] writing manifest file 'bumperbot_localization.egg-info/SOURCES.txt'
[1.148s] reading manifest file 'bumperbot_localization.egg-info/SOURCES.txt'
[1.148s] writing manifest file 'bumperbot_localization.egg-info/SOURCES.txt'
[1.167s] [ 50%] Built target ament_cmake_python_build_bumperbot_localization_egg
[6.442s] [ 75%] [32m[1mLinking CXX executable imu_republisher[0m
[6.727s] [ 75%] Built target imu_republisher
[7.881s] [100%] [32m[1mLinking CXX executable kalman_filter[0m
[8.233s] [100%] Built target kalman_filter
[8.243s] Invoked command in '/home/raz/projects/self_driving_OC_project/bumperbot_ws/build/bumperbot_localization' returned '0': CMAKE_PREFIX_PATH=${CMAKE_PREFIX_PATH}:/home/raz/projects/self_driving_OC_project/bumperbot_ws/install/bumperbot_py_examples:/home/raz/PD_Robot/ros2_ws/install/sar_py_examples:/opt/ros/humble /usr/bin/cmake --build /home/raz/projects/self_driving_OC_project/bumperbot_ws/build/bumperbot_localization -- -j24 -l24
[8.245s] Invoking command in '/home/raz/projects/self_driving_OC_project/bumperbot_ws/build/bumperbot_localization': CMAKE_PREFIX_PATH=${CMAKE_PREFIX_PATH}:/home/raz/projects/self_driving_OC_project/bumperbot_ws/install/bumperbot_py_examples:/home/raz/PD_Robot/ros2_ws/install/sar_py_examples:/opt/ros/humble /usr/bin/cmake --install /home/raz/projects/self_driving_OC_project/bumperbot_ws/build/bumperbot_localization
[8.250s] -- Install configuration: ""
[8.251s] -- Installing: /home/raz/projects/self_driving_OC_project/bumperbot_ws/install/bumperbot_localization/share/bumperbot_localization/environment/pythonpath.sh
[8.251s] -- Installing: /home/raz/projects/self_driving_OC_project/bumperbot_ws/install/bumperbot_localization/share/bumperbot_localization/environment/pythonpath.dsv
[8.251s] -- Installing: /home/raz/projects/self_driving_OC_project/bumperbot_ws/install/bumperbot_localization/local/lib/python3.10/dist-packages/bumperbot_localization-0.0.0-py3.10.egg-info
[8.251s] -- Installing: /home/raz/projects/self_driving_OC_project/bumperbot_ws/install/bumperbot_localization/local/lib/python3.10/dist-packages/bumperbot_localization-0.0.0-py3.10.egg-info/PKG-INFO
[8.251s] -- Installing: /home/raz/projects/self_driving_OC_project/bumperbot_ws/install/bumperbot_localization/local/lib/python3.10/dist-packages/bumperbot_localization-0.0.0-py3.10.egg-info/top_level.txt
[8.251s] -- Installing: /home/raz/projects/self_driving_OC_project/bumperbot_ws/install/bumperbot_localization/local/lib/python3.10/dist-packages/bumperbot_localization-0.0.0-py3.10.egg-info/dependency_links.txt
[8.251s] -- Installing: /home/raz/projects/self_driving_OC_project/bumperbot_ws/install/bumperbot_localization/local/lib/python3.10/dist-packages/bumperbot_localization-0.0.0-py3.10.egg-info/SOURCES.txt
[8.251s] -- Installing: /home/raz/projects/self_driving_OC_project/bumperbot_ws/install/bumperbot_localization/local/lib/python3.10/dist-packages/bumperbot_localization
[8.251s] -- Installing: /home/raz/projects/self_driving_OC_project/bumperbot_ws/install/bumperbot_localization/local/lib/python3.10/dist-packages/bumperbot_localization/kalman_filter.py
[8.251s] -- Installing: /home/raz/projects/self_driving_OC_project/bumperbot_ws/install/bumperbot_localization/local/lib/python3.10/dist-packages/bumperbot_localization/imu_republisher.py
[8.251s] -- Installing: /home/raz/projects/self_driving_OC_project/bumperbot_ws/install/bumperbot_localization/local/lib/python3.10/dist-packages/bumperbot_localization/__init__.py
[8.276s] Listing '/home/raz/projects/self_driving_OC_project/bumperbot_ws/install/bumperbot_localization/local/lib/python3.10/dist-packages/bumperbot_localization'...
[8.276s] Compiling '/home/raz/projects/self_driving_OC_project/bumperbot_ws/install/bumperbot_localization/local/lib/python3.10/dist-packages/bumperbot_localization/__init__.py'...
[8.276s] Compiling '/home/raz/projects/self_driving_OC_project/bumperbot_ws/install/bumperbot_localization/local/lib/python3.10/dist-packages/bumperbot_localization/imu_republisher.py'...
[8.276s] Compiling '/home/raz/projects/self_driving_OC_project/bumperbot_ws/install/bumperbot_localization/local/lib/python3.10/dist-packages/bumperbot_localization/kalman_filter.py'...
[8.279s] -- Installing: /home/raz/projects/self_driving_OC_project/bumperbot_ws/install/bumperbot_localization/lib/bumperbot_localization/kalman_filter.py
[8.279s] -- Installing: /home/raz/projects/self_driving_OC_project/bumperbot_ws/install/bumperbot_localization/lib/bumperbot_localization/imu_republisher.py
[8.279s] -- Installing: /home/raz/projects/self_driving_OC_project/bumperbot_ws/install/bumperbot_localization/include/include
[8.279s] -- Installing: /home/raz/projects/self_driving_OC_project/bumperbot_ws/install/bumperbot_localization/include/include/bumperbot_localization
[8.279s] -- Installing: /home/raz/projects/self_driving_OC_project/bumperbot_ws/install/bumperbot_localization/include/include/bumperbot_localization/kalman_filter.hpp
[8.279s] -- Installing: /home/raz/projects/self_driving_OC_project/bumperbot_ws/install/bumperbot_localization/lib/bumperbot_localization/kalman_filter
[8.282s] -- Set runtime path of "/home/raz/projects/self_driving_OC_project/bumperbot_ws/install/bumperbot_localization/lib/bumperbot_localization/kalman_filter" to ""
[8.282s] -- Installing: /home/raz/projects/self_driving_OC_project/bumperbot_ws/install/bumperbot_localization/lib/bumperbot_localization/imu_republisher
[8.283s] -- Set runtime path of "/home/raz/projects/self_driving_OC_project/bumperbot_ws/install/bumperbot_localization/lib/bumperbot_localization/imu_republisher" to ""
[8.283s] -- Installing: /home/raz/projects/self_driving_OC_project/bumperbot_ws/install/bumperbot_localization/share/bumperbot_localization/launch
[8.283s] -- Installing: /home/raz/projects/self_driving_OC_project/bumperbot_ws/install/bumperbot_localization/share/bumperbot_localization/launch/local_localization.launch.py
[8.283s] -- Installing: /home/raz/projects/self_driving_OC_project/bumperbot_ws/install/bumperbot_localization/share/bumperbot_localization/config
[8.283s] -- Installing: /home/raz/projects/self_driving_OC_project/bumperbot_ws/install/bumperbot_localization/share/bumperbot_localization/config/ekf.yaml
[8.284s] -- Installing: /home/raz/projects/self_driving_OC_project/bumperbot_ws/install/bumperbot_localization/share/ament_index/resource_index/package_run_dependencies/bumperbot_localization
[8.284s] -- Installing: /home/raz/projects/self_driving_OC_project/bumperbot_ws/install/bumperbot_localization/share/ament_index/resource_index/parent_prefix_path/bumperbot_localization
[8.284s] -- Installing: /home/raz/projects/self_driving_OC_project/bumperbot_ws/install/bumperbot_localization/share/bumperbot_localization/environment/ament_prefix_path.sh
[8.284s] -- Installing: /home/raz/projects/self_driving_OC_project/bumperbot_ws/install/bumperbot_localization/share/bumperbot_localization/environment/ament_prefix_path.dsv
[8.284s] -- Installing: /home/raz/projects/self_driving_OC_project/bumperbot_ws/install/bumperbot_localization/share/bumperbot_localization/environment/path.sh
[8.284s] -- Installing: /home/raz/projects/self_driving_OC_project/bumperbot_ws/install/bumperbot_localization/share/bumperbot_localization/environment/path.dsv
[8.284s] -- Installing: /home/raz/projects/self_driving_OC_project/bumperbot_ws/install/bumperbot_localization/share/bumperbot_localization/local_setup.bash
[8.284s] -- Installing: /home/raz/projects/self_driving_OC_project/bumperbot_ws/install/bumperbot_localization/share/bumperbot_localization/local_setup.sh
[8.284s] -- Installing: /home/raz/projects/self_driving_OC_project/bumperbot_ws/install/bumperbot_localization/share/bumperbot_localization/local_setup.zsh
[8.284s] -- Installing: /home/raz/projects/self_driving_OC_project/bumperbot_ws/install/bumperbot_localization/share/bumperbot_localization/local_setup.dsv
[8.284s] -- Installing: /home/raz/projects/self_driving_OC_project/bumperbot_ws/install/bumperbot_localization/share/bumperbot_localization/package.dsv
[8.284s] -- Installing: /home/raz/projects/self_driving_OC_project/bumperbot_ws/install/bumperbot_localization/share/ament_index/resource_index/packages/bumperbot_localization
[8.284s] -- Installing: /home/raz/projects/self_driving_OC_project/bumperbot_ws/install/bumperbot_localization/share/bumperbot_localization/cmake/bumperbot_localizationConfig.cmake
[8.284s] -- Installing: /home/raz/projects/self_driving_OC_project/bumperbot_ws/install/bumperbot_localization/share/bumperbot_localization/cmake/bumperbot_localizationConfig-version.cmake
[8.284s] -- Installing: /home/raz/projects/self_driving_OC_project/bumperbot_ws/install/bumperbot_localization/share/bumperbot_localization/package.xml
[8.286s] Invoked command in '/home/raz/projects/self_driving_OC_project/bumperbot_ws/build/bumperbot_localization' returned '0': CMAKE_PREFIX_PATH=${CMAKE_PREFIX_PATH}:/home/raz/projects/self_driving_OC_project/bumperbot_ws/install/bumperbot_py_examples:/home/raz/PD_Robot/ros2_ws/install/sar_py_examples:/opt/ros/humble /usr/bin/cmake --install /home/raz/projects/self_driving_OC_project/bumperbot_ws/build/bumperbot_localization
