[0.093s] DEBUG:colcon:Command line arguments: ['/usr/bin/colcon', 'build', '--symlink-install']
[0.093s] DEBUG:colcon:Parsed command line arguments: Namespace(log_base=None, log_level=None, verb_name='build', build_base='build', install_base='install', merge_install=False, symlink_install=True, test_result_base=None, continue_on_error=False, executor='parallel', parallel_workers=16, event_handlers=None, ignore_user_meta=False, metas=['./colcon.meta'], base_paths=['.'], packages_ignore=None, packages_ignore_regex=None, paths=None, packages_up_to=None, packages_up_to_regex=None, packages_above=None, packages_above_and_dependencies=None, packages_above_depth=None, packages_select_by_dep=None, packages_skip_by_dep=None, packages_skip_up_to=None, packages_select_build_failed=False, packages_skip_build_finished=False, packages_select_test_failures=False, packages_skip_test_passed=False, packages_select=None, packages_skip=None, packages_select_regex=None, packages_skip_regex=None, packages_start=None, packages_end=None, allow_overriding=[], cmake_args=None, cmake_target=None, cmake_target_skip_unavailable=False, cmake_clean_cache=False, cmake_clean_first=False, cmake_force_configure=False, ament_cmake_args=None, catkin_cmake_args=None, catkin_skip_building_tests=False, mixin_files=None, mixin=None, verb_parser=<colcon_mixin.mixin.mixin_argument.MixinArgumentDecorator object at 0x763a78d6b040>, verb_extension=<colcon_core.verb.build.BuildVerb object at 0x763a78e6feb0>, main=<bound method BuildVerb.main of <colcon_core.verb.build.BuildVerb object at 0x763a78e6feb0>>, mixin_verb=('build',))
[0.241s] Level 1:colcon.colcon_core.package_discovery:discover_packages(colcon_meta) check parameters
[0.241s] Level 1:colcon.colcon_core.package_discovery:discover_packages(recursive) check parameters
[0.241s] Level 1:colcon.colcon_core.package_discovery:discover_packages(ignore) check parameters
[0.241s] Level 1:colcon.colcon_core.package_discovery:discover_packages(path) check parameters
[0.241s] Level 1:colcon.colcon_core.package_discovery:discover_packages(colcon_meta) discover
[0.241s] Level 1:colcon.colcon_core.package_discovery:discover_packages(recursive) discover
[0.242s] INFO:colcon.colcon_core.package_discovery:Crawling recursively for packages in '/home/raz/projects/self_driving_OC_project/bumperbot_ws'
[0.242s] Level 1:colcon.colcon_core.package_identification:_identify(.) by extensions ['ignore', 'ignore_ament_install']
[0.242s] Level 1:colcon.colcon_core.package_identification:_identify(.) by extension 'ignore'
[0.242s] Level 1:colcon.colcon_core.package_identification:_identify(.) by extension 'ignore_ament_install'
[0.242s] Level 1:colcon.colcon_core.package_identification:_identify(.) by extensions ['colcon_pkg']
[0.242s] Level 1:colcon.colcon_core.package_identification:_identify(.) by extension 'colcon_pkg'
[0.242s] Level 1:colcon.colcon_core.package_identification:_identify(.) by extensions ['colcon_meta']
[0.242s] Level 1:colcon.colcon_core.package_identification:_identify(.) by extension 'colcon_meta'
[0.242s] Level 1:colcon.colcon_core.package_identification:_identify(.) by extensions ['ros']
[0.242s] Level 1:colcon.colcon_core.package_identification:_identify(.) by extension 'ros'
[0.252s] Level 1:colcon.colcon_core.package_identification:_identify(.) by extensions ['cmake', 'python']
[0.252s] Level 1:colcon.colcon_core.package_identification:_identify(.) by extension 'cmake'
[0.252s] Level 1:colcon.colcon_core.package_identification:_identify(.) by extension 'python'
[0.252s] Level 1:colcon.colcon_core.package_identification:_identify(.) by extensions ['python_setup_py']
[0.252s] Level 1:colcon.colcon_core.package_identification:_identify(.) by extension 'python_setup_py'
[0.252s] Level 1:colcon.colcon_core.package_identification:_identify(build) by extensions ['ignore', 'ignore_ament_install']
[0.252s] Level 1:colcon.colcon_core.package_identification:_identify(build) by extension 'ignore'
[0.252s] Level 1:colcon.colcon_core.package_identification:_identify(build) ignored
[0.253s] Level 1:colcon.colcon_core.package_identification:_identify(install) by extensions ['ignore', 'ignore_ament_install']
[0.253s] Level 1:colcon.colcon_core.package_identification:_identify(install) by extension 'ignore'
[0.253s] Level 1:colcon.colcon_core.package_identification:_identify(install) ignored
[0.253s] Level 1:colcon.colcon_core.package_identification:_identify(log) by extensions ['ignore', 'ignore_ament_install']
[0.253s] Level 1:colcon.colcon_core.package_identification:_identify(log) by extension 'ignore'
[0.253s] Level 1:colcon.colcon_core.package_identification:_identify(log) ignored
[0.253s] Level 1:colcon.colcon_core.package_identification:_identify(src) by extensions ['ignore', 'ignore_ament_install']
[0.253s] Level 1:colcon.colcon_core.package_identification:_identify(src) by extension 'ignore'
[0.253s] Level 1:colcon.colcon_core.package_identification:_identify(src) by extension 'ignore_ament_install'
[0.253s] Level 1:colcon.colcon_core.package_identification:_identify(src) by extensions ['colcon_pkg']
[0.253s] Level 1:colcon.colcon_core.package_identification:_identify(src) by extension 'colcon_pkg'
[0.253s] Level 1:colcon.colcon_core.package_identification:_identify(src) by extensions ['colcon_meta']
[0.253s] Level 1:colcon.colcon_core.package_identification:_identify(src) by extension 'colcon_meta'
[0.253s] Level 1:colcon.colcon_core.package_identification:_identify(src) by extensions ['ros']
[0.253s] Level 1:colcon.colcon_core.package_identification:_identify(src) by extension 'ros'
[0.253s] Level 1:colcon.colcon_core.package_identification:_identify(src) by extensions ['cmake', 'python']
[0.253s] Level 1:colcon.colcon_core.package_identification:_identify(src) by extension 'cmake'
[0.253s] Level 1:colcon.colcon_core.package_identification:_identify(src) by extension 'python'
[0.253s] Level 1:colcon.colcon_core.package_identification:_identify(src) by extensions ['python_setup_py']
[0.253s] Level 1:colcon.colcon_core.package_identification:_identify(src) by extension 'python_setup_py'
[0.253s] Level 1:colcon.colcon_core.package_identification:_identify(src/bumperbot_controller) by extensions ['ignore', 'ignore_ament_install']
[0.253s] Level 1:colcon.colcon_core.package_identification:_identify(src/bumperbot_controller) by extension 'ignore'
[0.253s] Level 1:colcon.colcon_core.package_identification:_identify(src/bumperbot_controller) by extension 'ignore_ament_install'
[0.253s] Level 1:colcon.colcon_core.package_identification:_identify(src/bumperbot_controller) by extensions ['colcon_pkg']
[0.254s] Level 1:colcon.colcon_core.package_identification:_identify(src/bumperbot_controller) by extension 'colcon_pkg'
[0.254s] Level 1:colcon.colcon_core.package_identification:_identify(src/bumperbot_controller) by extensions ['colcon_meta']
[0.254s] Level 1:colcon.colcon_core.package_identification:_identify(src/bumperbot_controller) by extension 'colcon_meta'
[0.254s] Level 1:colcon.colcon_core.package_identification:_identify(src/bumperbot_controller) by extensions ['ros']
[0.254s] Level 1:colcon.colcon_core.package_identification:_identify(src/bumperbot_controller) by extension 'ros'
[0.255s] DEBUG:colcon.colcon_core.package_identification:Package 'src/bumperbot_controller' with type 'ros.ament_cmake' and name 'bumperbot_controller'
[0.256s] Level 1:colcon.colcon_core.package_identification:_identify(src/bumperbot_cpp_examples) by extensions ['ignore', 'ignore_ament_install']
[0.256s] Level 1:colcon.colcon_core.package_identification:_identify(src/bumperbot_cpp_examples) by extension 'ignore'
[0.256s] Level 1:colcon.colcon_core.package_identification:_identify(src/bumperbot_cpp_examples) by extension 'ignore_ament_install'
[0.256s] Level 1:colcon.colcon_core.package_identification:_identify(src/bumperbot_cpp_examples) by extensions ['colcon_pkg']
[0.256s] Level 1:colcon.colcon_core.package_identification:_identify(src/bumperbot_cpp_examples) by extension 'colcon_pkg'
[0.256s] Level 1:colcon.colcon_core.package_identification:_identify(src/bumperbot_cpp_examples) by extensions ['colcon_meta']
[0.256s] Level 1:colcon.colcon_core.package_identification:_identify(src/bumperbot_cpp_examples) by extension 'colcon_meta'
[0.256s] Level 1:colcon.colcon_core.package_identification:_identify(src/bumperbot_cpp_examples) by extensions ['ros']
[0.256s] Level 1:colcon.colcon_core.package_identification:_identify(src/bumperbot_cpp_examples) by extension 'ros'
[0.270s] DEBUG:colcon.colcon_core.package_identification:Package 'src/bumperbot_cpp_examples' with type 'ros.ament_cmake' and name 'bumperbot_cpp_examples'
[0.270s] Level 1:colcon.colcon_core.package_identification:_identify(src/bumperbot_description) by extensions ['ignore', 'ignore_ament_install']
[0.270s] Level 1:colcon.colcon_core.package_identification:_identify(src/bumperbot_description) by extension 'ignore'
[0.270s] Level 1:colcon.colcon_core.package_identification:_identify(src/bumperbot_description) by extension 'ignore_ament_install'
[0.270s] Level 1:colcon.colcon_core.package_identification:_identify(src/bumperbot_description) by extensions ['colcon_pkg']
[0.270s] Level 1:colcon.colcon_core.package_identification:_identify(src/bumperbot_description) by extension 'colcon_pkg'
[0.270s] Level 1:colcon.colcon_core.package_identification:_identify(src/bumperbot_description) by extensions ['colcon_meta']
[0.270s] Level 1:colcon.colcon_core.package_identification:_identify(src/bumperbot_description) by extension 'colcon_meta'
[0.270s] Level 1:colcon.colcon_core.package_identification:_identify(src/bumperbot_description) by extensions ['ros']
[0.270s] Level 1:colcon.colcon_core.package_identification:_identify(src/bumperbot_description) by extension 'ros'
[0.272s] DEBUG:colcon.colcon_core.package_identification:Package 'src/bumperbot_description' with type 'ros.ament_cmake' and name 'bumperbot_description'
[0.272s] Level 1:colcon.colcon_core.package_identification:_identify(src/bumperbot_py_examples) by extensions ['ignore', 'ignore_ament_install']
[0.272s] Level 1:colcon.colcon_core.package_identification:_identify(src/bumperbot_py_examples) by extension 'ignore'
[0.272s] Level 1:colcon.colcon_core.package_identification:_identify(src/bumperbot_py_examples) by extension 'ignore_ament_install'
[0.272s] Level 1:colcon.colcon_core.package_identification:_identify(src/bumperbot_py_examples) by extensions ['colcon_pkg']
[0.272s] Level 1:colcon.colcon_core.package_identification:_identify(src/bumperbot_py_examples) by extension 'colcon_pkg'
[0.272s] Level 1:colcon.colcon_core.package_identification:_identify(src/bumperbot_py_examples) by extensions ['colcon_meta']
[0.272s] Level 1:colcon.colcon_core.package_identification:_identify(src/bumperbot_py_examples) by extension 'colcon_meta'
[0.272s] Level 1:colcon.colcon_core.package_identification:_identify(src/bumperbot_py_examples) by extensions ['ros']
[0.272s] Level 1:colcon.colcon_core.package_identification:_identify(src/bumperbot_py_examples) by extension 'ros'
[0.273s] DEBUG:colcon.colcon_core.package_identification:Package 'src/bumperbot_py_examples' with type 'ros.ament_python' and name 'bumperbot_py_examples'
[0.273s] Level 1:colcon.colcon_core.package_discovery:discover_packages(recursive) using defaults
[0.273s] Level 1:colcon.colcon_core.package_discovery:discover_packages(ignore) discover
[0.273s] Level 1:colcon.colcon_core.package_discovery:discover_packages(ignore) using defaults
[0.273s] Level 1:colcon.colcon_core.package_discovery:discover_packages(path) discover
[0.273s] Level 1:colcon.colcon_core.package_discovery:discover_packages(path) using defaults
[0.291s] Level 1:colcon.colcon_core.package_discovery:discover_packages(prefix_path) check parameters
[0.291s] Level 1:colcon.colcon_core.package_discovery:discover_packages(prefix_path) discover
[0.292s] DEBUG:colcon.colcon_installed_package_information.package_discovery:Found 3 installed packages in /home/raz/projects/self_driving_OC_project/bumperbot_ws/install
[0.293s] DEBUG:colcon.colcon_installed_package_information.package_discovery:Found 4 installed packages in /home/raz/PD_Robot/ros2_ws/install
[0.294s] DEBUG:colcon.colcon_installed_package_information.package_discovery:Found 421 installed packages in /opt/ros/humble
[0.296s] Level 1:colcon.colcon_core.package_discovery:discover_packages(prefix_path) using defaults
[0.337s] Level 5:colcon.colcon_core.verb:set package 'bumperbot_controller' build argument 'cmake_args' from command line to 'None'
[0.337s] Level 5:colcon.colcon_core.verb:set package 'bumperbot_controller' build argument 'cmake_target' from command line to 'None'
[0.337s] Level 5:colcon.colcon_core.verb:set package 'bumperbot_controller' build argument 'cmake_target_skip_unavailable' from command line to 'False'
[0.337s] Level 5:colcon.colcon_core.verb:set package 'bumperbot_controller' build argument 'cmake_clean_cache' from command line to 'False'
[0.337s] Level 5:colcon.colcon_core.verb:set package 'bumperbot_controller' build argument 'cmake_clean_first' from command line to 'False'
[0.337s] Level 5:colcon.colcon_core.verb:set package 'bumperbot_controller' build argument 'cmake_force_configure' from command line to 'False'
[0.337s] Level 5:colcon.colcon_core.verb:set package 'bumperbot_controller' build argument 'ament_cmake_args' from command line to 'None'
[0.337s] Level 5:colcon.colcon_core.verb:set package 'bumperbot_controller' build argument 'catkin_cmake_args' from command line to 'None'
[0.337s] Level 5:colcon.colcon_core.verb:set package 'bumperbot_controller' build argument 'catkin_skip_building_tests' from command line to 'False'
[0.337s] DEBUG:colcon.colcon_core.verb:Building package 'bumperbot_controller' with the following arguments: {'ament_cmake_args': None, 'build_base': '/home/raz/projects/self_driving_OC_project/bumperbot_ws/build/bumperbot_controller', 'catkin_cmake_args': None, 'catkin_skip_building_tests': False, 'cmake_args': None, 'cmake_clean_cache': False, 'cmake_clean_first': False, 'cmake_force_configure': False, 'cmake_target': None, 'cmake_target_skip_unavailable': False, 'install_base': '/home/raz/projects/self_driving_OC_project/bumperbot_ws/install/bumperbot_controller', 'merge_install': False, 'path': '/home/raz/projects/self_driving_OC_project/bumperbot_ws/src/bumperbot_controller', 'symlink_install': True, 'test_result_base': None}
[0.337s] Level 5:colcon.colcon_core.verb:set package 'bumperbot_cpp_examples' build argument 'cmake_args' from command line to 'None'
[0.337s] Level 5:colcon.colcon_core.verb:set package 'bumperbot_cpp_examples' build argument 'cmake_target' from command line to 'None'
[0.337s] Level 5:colcon.colcon_core.verb:set package 'bumperbot_cpp_examples' build argument 'cmake_target_skip_unavailable' from command line to 'False'
[0.337s] Level 5:colcon.colcon_core.verb:set package 'bumperbot_cpp_examples' build argument 'cmake_clean_cache' from command line to 'False'
[0.337s] Level 5:colcon.colcon_core.verb:set package 'bumperbot_cpp_examples' build argument 'cmake_clean_first' from command line to 'False'
[0.337s] Level 5:colcon.colcon_core.verb:set package 'bumperbot_cpp_examples' build argument 'cmake_force_configure' from command line to 'False'
[0.337s] Level 5:colcon.colcon_core.verb:set package 'bumperbot_cpp_examples' build argument 'ament_cmake_args' from command line to 'None'
[0.337s] Level 5:colcon.colcon_core.verb:set package 'bumperbot_cpp_examples' build argument 'catkin_cmake_args' from command line to 'None'
[0.337s] Level 5:colcon.colcon_core.verb:set package 'bumperbot_cpp_examples' build argument 'catkin_skip_building_tests' from command line to 'False'
[0.337s] DEBUG:colcon.colcon_core.verb:Building package 'bumperbot_cpp_examples' with the following arguments: {'ament_cmake_args': None, 'build_base': '/home/raz/projects/self_driving_OC_project/bumperbot_ws/build/bumperbot_cpp_examples', 'catkin_cmake_args': None, 'catkin_skip_building_tests': False, 'cmake_args': None, 'cmake_clean_cache': False, 'cmake_clean_first': False, 'cmake_force_configure': False, 'cmake_target': None, 'cmake_target_skip_unavailable': False, 'install_base': '/home/raz/projects/self_driving_OC_project/bumperbot_ws/install/bumperbot_cpp_examples', 'merge_install': False, 'path': '/home/raz/projects/self_driving_OC_project/bumperbot_ws/src/bumperbot_cpp_examples', 'symlink_install': True, 'test_result_base': None}
[0.337s] Level 5:colcon.colcon_core.verb:set package 'bumperbot_description' build argument 'cmake_args' from command line to 'None'
[0.338s] Level 5:colcon.colcon_core.verb:set package 'bumperbot_description' build argument 'cmake_target' from command line to 'None'
[0.338s] Level 5:colcon.colcon_core.verb:set package 'bumperbot_description' build argument 'cmake_target_skip_unavailable' from command line to 'False'
[0.338s] Level 5:colcon.colcon_core.verb:set package 'bumperbot_description' build argument 'cmake_clean_cache' from command line to 'False'
[0.338s] Level 5:colcon.colcon_core.verb:set package 'bumperbot_description' build argument 'cmake_clean_first' from command line to 'False'
[0.338s] Level 5:colcon.colcon_core.verb:set package 'bumperbot_description' build argument 'cmake_force_configure' from command line to 'False'
[0.338s] Level 5:colcon.colcon_core.verb:set package 'bumperbot_description' build argument 'ament_cmake_args' from command line to 'None'
[0.338s] Level 5:colcon.colcon_core.verb:set package 'bumperbot_description' build argument 'catkin_cmake_args' from command line to 'None'
[0.338s] Level 5:colcon.colcon_core.verb:set package 'bumperbot_description' build argument 'catkin_skip_building_tests' from command line to 'False'
[0.338s] DEBUG:colcon.colcon_core.verb:Building package 'bumperbot_description' with the following arguments: {'ament_cmake_args': None, 'build_base': '/home/raz/projects/self_driving_OC_project/bumperbot_ws/build/bumperbot_description', 'catkin_cmake_args': None, 'catkin_skip_building_tests': False, 'cmake_args': None, 'cmake_clean_cache': False, 'cmake_clean_first': False, 'cmake_force_configure': False, 'cmake_target': None, 'cmake_target_skip_unavailable': False, 'install_base': '/home/raz/projects/self_driving_OC_project/bumperbot_ws/install/bumperbot_description', 'merge_install': False, 'path': '/home/raz/projects/self_driving_OC_project/bumperbot_ws/src/bumperbot_description', 'symlink_install': True, 'test_result_base': None}
[0.338s] Level 5:colcon.colcon_core.verb:set package 'bumperbot_py_examples' build argument 'cmake_args' from command line to 'None'
[0.338s] Level 5:colcon.colcon_core.verb:set package 'bumperbot_py_examples' build argument 'cmake_target' from command line to 'None'
[0.338s] Level 5:colcon.colcon_core.verb:set package 'bumperbot_py_examples' build argument 'cmake_target_skip_unavailable' from command line to 'False'
[0.338s] Level 5:colcon.colcon_core.verb:set package 'bumperbot_py_examples' build argument 'cmake_clean_cache' from command line to 'False'
[0.338s] Level 5:colcon.colcon_core.verb:set package 'bumperbot_py_examples' build argument 'cmake_clean_first' from command line to 'False'
[0.338s] Level 5:colcon.colcon_core.verb:set package 'bumperbot_py_examples' build argument 'cmake_force_configure' from command line to 'False'
[0.338s] Level 5:colcon.colcon_core.verb:set package 'bumperbot_py_examples' build argument 'ament_cmake_args' from command line to 'None'
[0.338s] Level 5:colcon.colcon_core.verb:set package 'bumperbot_py_examples' build argument 'catkin_cmake_args' from command line to 'None'
[0.338s] Level 5:colcon.colcon_core.verb:set package 'bumperbot_py_examples' build argument 'catkin_skip_building_tests' from command line to 'False'
[0.338s] DEBUG:colcon.colcon_core.verb:Building package 'bumperbot_py_examples' with the following arguments: {'ament_cmake_args': None, 'build_base': '/home/raz/projects/self_driving_OC_project/bumperbot_ws/build/bumperbot_py_examples', 'catkin_cmake_args': None, 'catkin_skip_building_tests': False, 'cmake_args': None, 'cmake_clean_cache': False, 'cmake_clean_first': False, 'cmake_force_configure': False, 'cmake_target': None, 'cmake_target_skip_unavailable': False, 'install_base': '/home/raz/projects/self_driving_OC_project/bumperbot_ws/install/bumperbot_py_examples', 'merge_install': False, 'path': '/home/raz/projects/self_driving_OC_project/bumperbot_ws/src/bumperbot_py_examples', 'symlink_install': True, 'test_result_base': None}
[0.338s] INFO:colcon.colcon_core.executor:Executing jobs using 'parallel' executor
[0.339s] DEBUG:colcon.colcon_parallel_executor.executor.parallel:run_until_complete
[0.339s] INFO:colcon.colcon_ros.task.ament_cmake.build:Building ROS package in '/home/raz/projects/self_driving_OC_project/bumperbot_ws/src/bumperbot_controller' with build type 'ament_cmake'
[0.339s] INFO:colcon.colcon_cmake.task.cmake.build:Building CMake package in '/home/raz/projects/self_driving_OC_project/bumperbot_ws/src/bumperbot_controller'
[0.341s] INFO:colcon.colcon_core.plugin_system:Skipping extension 'colcon_core.shell.bat': Not used on non-Windows systems
[0.341s] INFO:colcon.colcon_core.shell:Skip shell extension 'powershell' for command environment: Not usable outside of PowerShell
[0.341s] DEBUG:colcon.colcon_core.shell:Skip shell extension 'dsv' for command environment
[0.347s] INFO:colcon.colcon_ros.task.ament_cmake.build:Building ROS package in '/home/raz/projects/self_driving_OC_project/bumperbot_ws/src/bumperbot_cpp_examples' with build type 'ament_cmake'
[0.347s] INFO:colcon.colcon_cmake.task.cmake.build:Building CMake package in '/home/raz/projects/self_driving_OC_project/bumperbot_ws/src/bumperbot_cpp_examples'
[0.347s] INFO:colcon.colcon_core.shell:Skip shell extension 'powershell' for command environment: Not usable outside of PowerShell
[0.347s] DEBUG:colcon.colcon_core.shell:Skip shell extension 'dsv' for command environment
[0.351s] INFO:colcon.colcon_ros.task.ament_cmake.build:Building ROS package in '/home/raz/projects/self_driving_OC_project/bumperbot_ws/src/bumperbot_description' with build type 'ament_cmake'
[0.351s] INFO:colcon.colcon_cmake.task.cmake.build:Building CMake package in '/home/raz/projects/self_driving_OC_project/bumperbot_ws/src/bumperbot_description'
[0.352s] INFO:colcon.colcon_core.shell:Skip shell extension 'powershell' for command environment: Not usable outside of PowerShell
[0.352s] DEBUG:colcon.colcon_core.shell:Skip shell extension 'dsv' for command environment
[0.356s] INFO:colcon.colcon_ros.task.ament_python.build:Building ROS package in '/home/raz/projects/self_driving_OC_project/bumperbot_ws/src/bumperbot_py_examples' with build type 'ament_python'
[0.357s] Level 1:colcon.colcon_core.shell:create_environment_hook('bumperbot_py_examples', 'ament_prefix_path')
[0.357s] INFO:colcon.colcon_core.shell:Creating environment hook '/home/raz/projects/self_driving_OC_project/bumperbot_ws/install/bumperbot_py_examples/share/bumperbot_py_examples/hook/ament_prefix_path.ps1'
[0.357s] INFO:colcon.colcon_core.shell:Creating environment descriptor '/home/raz/projects/self_driving_OC_project/bumperbot_ws/install/bumperbot_py_examples/share/bumperbot_py_examples/hook/ament_prefix_path.dsv'
[0.358s] INFO:colcon.colcon_core.shell:Creating environment hook '/home/raz/projects/self_driving_OC_project/bumperbot_ws/install/bumperbot_py_examples/share/bumperbot_py_examples/hook/ament_prefix_path.sh'
[0.358s] INFO:colcon.colcon_core.shell:Skip shell extension 'powershell' for command environment: Not usable outside of PowerShell
[0.359s] DEBUG:colcon.colcon_core.shell:Skip shell extension 'dsv' for command environment
[0.367s] DEBUG:colcon.colcon_core.event_handler.log_command:Invoking command in '/home/raz/projects/self_driving_OC_project/bumperbot_ws/build/bumperbot_controller': CMAKE_PREFIX_PATH=${CMAKE_PREFIX_PATH}:/home/raz/PD_Robot/ros2_ws/install/sar_py_examples:/home/raz/projects/self_driving_OC_project/bumperbot_ws/install/bumperbot_py_examples:/opt/ros/humble /usr/bin/cmake /home/raz/projects/self_driving_OC_project/bumperbot_ws/src/bumperbot_controller -DAMENT_CMAKE_SYMLINK_INSTALL=1 -DCMAKE_INSTALL_PREFIX=/home/raz/projects/self_driving_OC_project/bumperbot_ws/install/bumperbot_controller
[0.370s] DEBUG:colcon.colcon_core.event_handler.log_command:Invoking command in '/home/raz/projects/self_driving_OC_project/bumperbot_ws/build/bumperbot_cpp_examples': CMAKE_PREFIX_PATH=${CMAKE_PREFIX_PATH}:/home/raz/PD_Robot/ros2_ws/install/sar_py_examples:/home/raz/projects/self_driving_OC_project/bumperbot_ws/install/bumperbot_py_examples:/opt/ros/humble /usr/bin/cmake --build /home/raz/projects/self_driving_OC_project/bumperbot_ws/build/bumperbot_cpp_examples -- -j16 -l16
[0.376s] DEBUG:colcon.colcon_core.event_handler.log_command:Invoking command in '/home/raz/projects/self_driving_OC_project/bumperbot_ws/build/bumperbot_description': CMAKE_PREFIX_PATH=${CMAKE_PREFIX_PATH}:/home/raz/PD_Robot/ros2_ws/install/sar_py_examples:/home/raz/projects/self_driving_OC_project/bumperbot_ws/install/bumperbot_py_examples:/opt/ros/humble /usr/bin/cmake --build /home/raz/projects/self_driving_OC_project/bumperbot_ws/build/bumperbot_description -- -j16 -l16
[0.632s] INFO:colcon.colcon_core.task.python.build:Building Python package in '/home/raz/projects/self_driving_OC_project/bumperbot_ws/src/bumperbot_py_examples'
[0.633s] INFO:colcon.colcon_core.shell:Skip shell extension 'powershell' for command environment: Not usable outside of PowerShell
[0.633s] DEBUG:colcon.colcon_core.shell:Skip shell extension 'dsv' for command environment
[0.640s] DEBUG:colcon.colcon_core.event_handler.log_command:Invoked command in '/home/raz/projects/self_driving_OC_project/bumperbot_ws/build/bumperbot_cpp_examples' returned '0': CMAKE_PREFIX_PATH=${CMAKE_PREFIX_PATH}:/home/raz/PD_Robot/ros2_ws/install/sar_py_examples:/home/raz/projects/self_driving_OC_project/bumperbot_ws/install/bumperbot_py_examples:/opt/ros/humble /usr/bin/cmake --build /home/raz/projects/self_driving_OC_project/bumperbot_ws/build/bumperbot_cpp_examples -- -j16 -l16
[0.651s] DEBUG:colcon.colcon_core.event_handler.log_command:Invoking command in '/home/raz/projects/self_driving_OC_project/bumperbot_ws/build/bumperbot_cpp_examples': CMAKE_PREFIX_PATH=${CMAKE_PREFIX_PATH}:/home/raz/PD_Robot/ros2_ws/install/sar_py_examples:/home/raz/projects/self_driving_OC_project/bumperbot_ws/install/bumperbot_py_examples:/opt/ros/humble /usr/bin/cmake --install /home/raz/projects/self_driving_OC_project/bumperbot_ws/build/bumperbot_cpp_examples
[0.666s] DEBUG:colcon.colcon_core.event_handler.log_command:Invoked command in '/home/raz/projects/self_driving_OC_project/bumperbot_ws/build/bumperbot_description' returned '0': CMAKE_PREFIX_PATH=${CMAKE_PREFIX_PATH}:/home/raz/PD_Robot/ros2_ws/install/sar_py_examples:/home/raz/projects/self_driving_OC_project/bumperbot_ws/install/bumperbot_py_examples:/opt/ros/humble /usr/bin/cmake --build /home/raz/projects/self_driving_OC_project/bumperbot_ws/build/bumperbot_description -- -j16 -l16
[0.668s] DEBUG:colcon.colcon_core.event_handler.log_command:Invoking command in '/home/raz/projects/self_driving_OC_project/bumperbot_ws/build/bumperbot_description': CMAKE_PREFIX_PATH=${CMAKE_PREFIX_PATH}:/home/raz/PD_Robot/ros2_ws/install/sar_py_examples:/home/raz/projects/self_driving_OC_project/bumperbot_ws/install/bumperbot_py_examples:/opt/ros/humble /usr/bin/cmake --install /home/raz/projects/self_driving_OC_project/bumperbot_ws/build/bumperbot_description
[0.674s] Level 1:colcon.colcon_core.environment:create_environment_scripts_only(bumperbot_cpp_examples)
[0.674s] DEBUG:colcon.colcon_core.event_handler.log_command:Invoked command in '/home/raz/projects/self_driving_OC_project/bumperbot_ws/build/bumperbot_cpp_examples' returned '0': CMAKE_PREFIX_PATH=${CMAKE_PREFIX_PATH}:/home/raz/PD_Robot/ros2_ws/install/sar_py_examples:/home/raz/projects/self_driving_OC_project/bumperbot_ws/install/bumperbot_py_examples:/opt/ros/humble /usr/bin/cmake --install /home/raz/projects/self_driving_OC_project/bumperbot_ws/build/bumperbot_cpp_examples
[0.678s] Level 1:colcon.colcon_core.environment:checking '/home/raz/projects/self_driving_OC_project/bumperbot_ws/install/bumperbot_cpp_examples' for CMake module files
[0.679s] Level 1:colcon.colcon_core.environment:checking '/home/raz/projects/self_driving_OC_project/bumperbot_ws/install/bumperbot_cpp_examples' for CMake config files
[0.679s] Level 1:colcon.colcon_core.shell:create_environment_hook('bumperbot_cpp_examples', 'cmake_prefix_path')
[0.680s] INFO:colcon.colcon_core.shell:Creating environment hook '/home/raz/projects/self_driving_OC_project/bumperbot_ws/install/bumperbot_cpp_examples/share/bumperbot_cpp_examples/hook/cmake_prefix_path.ps1'
[0.680s] INFO:colcon.colcon_core.shell:Creating environment descriptor '/home/raz/projects/self_driving_OC_project/bumperbot_ws/install/bumperbot_cpp_examples/share/bumperbot_cpp_examples/hook/cmake_prefix_path.dsv'
[0.681s] INFO:colcon.colcon_core.shell:Creating environment hook '/home/raz/projects/self_driving_OC_project/bumperbot_ws/install/bumperbot_cpp_examples/share/bumperbot_cpp_examples/hook/cmake_prefix_path.sh'
[0.681s] Level 1:colcon.colcon_core.environment:checking '/home/raz/projects/self_driving_OC_project/bumperbot_ws/install/bumperbot_cpp_examples/lib'
[0.682s] Level 1:colcon.colcon_core.environment:checking '/home/raz/projects/self_driving_OC_project/bumperbot_ws/install/bumperbot_cpp_examples/bin'
[0.682s] Level 1:colcon.colcon_core.environment:checking '/home/raz/projects/self_driving_OC_project/bumperbot_ws/install/bumperbot_cpp_examples/lib/pkgconfig/bumperbot_cpp_examples.pc'
[0.682s] Level 1:colcon.colcon_core.environment:checking '/home/raz/projects/self_driving_OC_project/bumperbot_ws/install/bumperbot_cpp_examples/lib/python3.10/site-packages'
[0.682s] Level 1:colcon.colcon_core.environment:checking '/home/raz/projects/self_driving_OC_project/bumperbot_ws/install/bumperbot_cpp_examples/bin'
[0.682s] INFO:colcon.colcon_core.shell:Creating package script '/home/raz/projects/self_driving_OC_project/bumperbot_ws/install/bumperbot_cpp_examples/share/bumperbot_cpp_examples/package.ps1'
[0.683s] INFO:colcon.colcon_core.shell:Creating package descriptor '/home/raz/projects/self_driving_OC_project/bumperbot_ws/install/bumperbot_cpp_examples/share/bumperbot_cpp_examples/package.dsv'
[0.684s] INFO:colcon.colcon_core.shell:Creating package script '/home/raz/projects/self_driving_OC_project/bumperbot_ws/install/bumperbot_cpp_examples/share/bumperbot_cpp_examples/package.sh'
[0.685s] INFO:colcon.colcon_core.shell:Creating package script '/home/raz/projects/self_driving_OC_project/bumperbot_ws/install/bumperbot_cpp_examples/share/bumperbot_cpp_examples/package.bash'
[0.685s] INFO:colcon.colcon_core.shell:Creating package script '/home/raz/projects/self_driving_OC_project/bumperbot_ws/install/bumperbot_cpp_examples/share/bumperbot_cpp_examples/package.zsh'
[0.686s] Level 1:colcon.colcon_core.environment:create_file_with_runtime_dependencies(/home/raz/projects/self_driving_OC_project/bumperbot_ws/install/bumperbot_cpp_examples/share/colcon-core/packages/bumperbot_cpp_examples)
[0.687s] Level 1:colcon.colcon_core.environment:create_environment_scripts_only(bumperbot_cpp_examples)
[0.688s] Level 1:colcon.colcon_core.environment:checking '/home/raz/projects/self_driving_OC_project/bumperbot_ws/install/bumperbot_cpp_examples' for CMake module files
[0.690s] Level 1:colcon.colcon_core.environment:checking '/home/raz/projects/self_driving_OC_project/bumperbot_ws/install/bumperbot_cpp_examples' for CMake config files
[0.690s] Level 1:colcon.colcon_core.shell:create_environment_hook('bumperbot_cpp_examples', 'cmake_prefix_path')
[0.690s] INFO:colcon.colcon_core.shell:Creating environment hook '/home/raz/projects/self_driving_OC_project/bumperbot_ws/install/bumperbot_cpp_examples/share/bumperbot_cpp_examples/hook/cmake_prefix_path.ps1'
[0.691s] INFO:colcon.colcon_core.shell:Creating environment descriptor '/home/raz/projects/self_driving_OC_project/bumperbot_ws/install/bumperbot_cpp_examples/share/bumperbot_cpp_examples/hook/cmake_prefix_path.dsv'
[0.691s] INFO:colcon.colcon_core.shell:Creating environment hook '/home/raz/projects/self_driving_OC_project/bumperbot_ws/install/bumperbot_cpp_examples/share/bumperbot_cpp_examples/hook/cmake_prefix_path.sh'
[0.691s] Level 1:colcon.colcon_core.environment:checking '/home/raz/projects/self_driving_OC_project/bumperbot_ws/install/bumperbot_cpp_examples/lib'
[0.691s] Level 1:colcon.colcon_core.environment:checking '/home/raz/projects/self_driving_OC_project/bumperbot_ws/install/bumperbot_cpp_examples/bin'
[0.692s] Level 1:colcon.colcon_core.environment:checking '/home/raz/projects/self_driving_OC_project/bumperbot_ws/install/bumperbot_cpp_examples/lib/pkgconfig/bumperbot_cpp_examples.pc'
[0.692s] Level 1:colcon.colcon_core.environment:checking '/home/raz/projects/self_driving_OC_project/bumperbot_ws/install/bumperbot_cpp_examples/lib/python3.10/site-packages'
[0.692s] Level 1:colcon.colcon_core.environment:checking '/home/raz/projects/self_driving_OC_project/bumperbot_ws/install/bumperbot_cpp_examples/bin'
[0.692s] INFO:colcon.colcon_core.shell:Creating package script '/home/raz/projects/self_driving_OC_project/bumperbot_ws/install/bumperbot_cpp_examples/share/bumperbot_cpp_examples/package.ps1'
[0.693s] INFO:colcon.colcon_core.shell:Creating package descriptor '/home/raz/projects/self_driving_OC_project/bumperbot_ws/install/bumperbot_cpp_examples/share/bumperbot_cpp_examples/package.dsv'
[0.694s] INFO:colcon.colcon_core.shell:Creating package script '/home/raz/projects/self_driving_OC_project/bumperbot_ws/install/bumperbot_cpp_examples/share/bumperbot_cpp_examples/package.sh'
[0.694s] INFO:colcon.colcon_core.shell:Creating package script '/home/raz/projects/self_driving_OC_project/bumperbot_ws/install/bumperbot_cpp_examples/share/bumperbot_cpp_examples/package.bash'
[0.695s] INFO:colcon.colcon_core.shell:Creating package script '/home/raz/projects/self_driving_OC_project/bumperbot_ws/install/bumperbot_cpp_examples/share/bumperbot_cpp_examples/package.zsh'
[0.695s] Level 1:colcon.colcon_core.environment:create_file_with_runtime_dependencies(/home/raz/projects/self_driving_OC_project/bumperbot_ws/install/bumperbot_cpp_examples/share/colcon-core/packages/bumperbot_cpp_examples)
[0.702s] Level 1:colcon.colcon_core.environment:create_environment_scripts_only(bumperbot_description)
[0.702s] Level 1:colcon.colcon_core.environment:checking '/home/raz/projects/self_driving_OC_project/bumperbot_ws/install/bumperbot_description' for CMake module files
[0.703s] DEBUG:colcon.colcon_core.event_handler.log_command:Invoked command in '/home/raz/projects/self_driving_OC_project/bumperbot_ws/build/bumperbot_description' returned '0': CMAKE_PREFIX_PATH=${CMAKE_PREFIX_PATH}:/home/raz/PD_Robot/ros2_ws/install/sar_py_examples:/home/raz/projects/self_driving_OC_project/bumperbot_ws/install/bumperbot_py_examples:/opt/ros/humble /usr/bin/cmake --install /home/raz/projects/self_driving_OC_project/bumperbot_ws/build/bumperbot_description
[0.703s] Level 1:colcon.colcon_core.environment:checking '/home/raz/projects/self_driving_OC_project/bumperbot_ws/install/bumperbot_description' for CMake config files
[0.704s] Level 1:colcon.colcon_core.shell:create_environment_hook('bumperbot_description', 'cmake_prefix_path')
[0.704s] INFO:colcon.colcon_core.shell:Creating environment hook '/home/raz/projects/self_driving_OC_project/bumperbot_ws/install/bumperbot_description/share/bumperbot_description/hook/cmake_prefix_path.ps1'
[0.704s] INFO:colcon.colcon_core.shell:Creating environment descriptor '/home/raz/projects/self_driving_OC_project/bumperbot_ws/install/bumperbot_description/share/bumperbot_description/hook/cmake_prefix_path.dsv'
[0.705s] INFO:colcon.colcon_core.shell:Creating environment hook '/home/raz/projects/self_driving_OC_project/bumperbot_ws/install/bumperbot_description/share/bumperbot_description/hook/cmake_prefix_path.sh'
[0.705s] Level 1:colcon.colcon_core.environment:checking '/home/raz/projects/self_driving_OC_project/bumperbot_ws/install/bumperbot_description/bin'
[0.705s] Level 1:colcon.colcon_core.environment:checking '/home/raz/projects/self_driving_OC_project/bumperbot_ws/install/bumperbot_description/lib/pkgconfig/bumperbot_description.pc'
[0.705s] Level 1:colcon.colcon_core.environment:checking '/home/raz/projects/self_driving_OC_project/bumperbot_ws/install/bumperbot_description/lib/python3.10/site-packages'
[0.706s] Level 1:colcon.colcon_core.environment:checking '/home/raz/projects/self_driving_OC_project/bumperbot_ws/install/bumperbot_description/bin'
[0.706s] INFO:colcon.colcon_core.shell:Creating package script '/home/raz/projects/self_driving_OC_project/bumperbot_ws/install/bumperbot_description/share/bumperbot_description/package.ps1'
[0.706s] INFO:colcon.colcon_core.shell:Creating package descriptor '/home/raz/projects/self_driving_OC_project/bumperbot_ws/install/bumperbot_description/share/bumperbot_description/package.dsv'
[0.707s] INFO:colcon.colcon_core.shell:Creating package script '/home/raz/projects/self_driving_OC_project/bumperbot_ws/install/bumperbot_description/share/bumperbot_description/package.sh'
[0.707s] INFO:colcon.colcon_core.shell:Creating package script '/home/raz/projects/self_driving_OC_project/bumperbot_ws/install/bumperbot_description/share/bumperbot_description/package.bash'
[0.708s] INFO:colcon.colcon_core.shell:Creating package script '/home/raz/projects/self_driving_OC_project/bumperbot_ws/install/bumperbot_description/share/bumperbot_description/package.zsh'
[0.708s] Level 1:colcon.colcon_core.environment:create_file_with_runtime_dependencies(/home/raz/projects/self_driving_OC_project/bumperbot_ws/install/bumperbot_description/share/colcon-core/packages/bumperbot_description)
[0.709s] Level 1:colcon.colcon_core.environment:create_environment_scripts_only(bumperbot_description)
[0.709s] Level 1:colcon.colcon_core.environment:checking '/home/raz/projects/self_driving_OC_project/bumperbot_ws/install/bumperbot_description' for CMake module files
[0.709s] Level 1:colcon.colcon_core.environment:checking '/home/raz/projects/self_driving_OC_project/bumperbot_ws/install/bumperbot_description' for CMake config files
[0.710s] Level 1:colcon.colcon_core.shell:create_environment_hook('bumperbot_description', 'cmake_prefix_path')
[0.710s] INFO:colcon.colcon_core.shell:Creating environment hook '/home/raz/projects/self_driving_OC_project/bumperbot_ws/install/bumperbot_description/share/bumperbot_description/hook/cmake_prefix_path.ps1'
[0.710s] INFO:colcon.colcon_core.shell:Creating environment descriptor '/home/raz/projects/self_driving_OC_project/bumperbot_ws/install/bumperbot_description/share/bumperbot_description/hook/cmake_prefix_path.dsv'
[0.711s] INFO:colcon.colcon_core.shell:Creating environment hook '/home/raz/projects/self_driving_OC_project/bumperbot_ws/install/bumperbot_description/share/bumperbot_description/hook/cmake_prefix_path.sh'
[0.712s] Level 1:colcon.colcon_core.environment:checking '/home/raz/projects/self_driving_OC_project/bumperbot_ws/install/bumperbot_description/bin'
[0.712s] Level 1:colcon.colcon_core.environment:checking '/home/raz/projects/self_driving_OC_project/bumperbot_ws/install/bumperbot_description/lib/pkgconfig/bumperbot_description.pc'
[0.712s] Level 1:colcon.colcon_core.environment:checking '/home/raz/projects/self_driving_OC_project/bumperbot_ws/install/bumperbot_description/lib/python3.10/site-packages'
[0.712s] Level 1:colcon.colcon_core.environment:checking '/home/raz/projects/self_driving_OC_project/bumperbot_ws/install/bumperbot_description/bin'
[0.712s] INFO:colcon.colcon_core.shell:Creating package script '/home/raz/projects/self_driving_OC_project/bumperbot_ws/install/bumperbot_description/share/bumperbot_description/package.ps1'
[0.713s] INFO:colcon.colcon_core.shell:Creating package descriptor '/home/raz/projects/self_driving_OC_project/bumperbot_ws/install/bumperbot_description/share/bumperbot_description/package.dsv'
[0.713s] INFO:colcon.colcon_core.shell:Creating package script '/home/raz/projects/self_driving_OC_project/bumperbot_ws/install/bumperbot_description/share/bumperbot_description/package.sh'
[0.714s] INFO:colcon.colcon_core.shell:Creating package script '/home/raz/projects/self_driving_OC_project/bumperbot_ws/install/bumperbot_description/share/bumperbot_description/package.bash'
[0.714s] INFO:colcon.colcon_core.shell:Creating package script '/home/raz/projects/self_driving_OC_project/bumperbot_ws/install/bumperbot_description/share/bumperbot_description/package.zsh'
[0.715s] Level 1:colcon.colcon_core.environment:create_file_with_runtime_dependencies(/home/raz/projects/self_driving_OC_project/bumperbot_ws/install/bumperbot_description/share/colcon-core/packages/bumperbot_description)
[1.006s] DEBUG:colcon.colcon_core.event_handler.log_command:Invoking command in '/home/raz/projects/self_driving_OC_project/bumperbot_ws/build/bumperbot_py_examples': PYTHONPATH=/home/raz/projects/self_driving_OC_project/bumperbot_ws/build/bumperbot_py_examples/prefix_override:/usr/lib/python3/dist-packages/colcon_core/task/python/colcon_distutils_commands:/home/raz/projects/self_driving_OC_project/bumperbot_ws/install/bumperbot_py_examples/lib/python3.10/site-packages:${PYTHONPATH} /usr/bin/python3 -W ignore:setup.py install is deprecated -W ignore:easy_install command is deprecated setup.py develop --editable --build-directory /home/raz/projects/self_driving_OC_project/bumperbot_ws/build/bumperbot_py_examples/build --no-deps symlink_data
[1.066s] DEBUG:colcon.colcon_core.event_handler.log_command:Invoked command in '/home/raz/projects/self_driving_OC_project/bumperbot_ws/build/bumperbot_controller' returned '0': CMAKE_PREFIX_PATH=${CMAKE_PREFIX_PATH}:/home/raz/PD_Robot/ros2_ws/install/sar_py_examples:/home/raz/projects/self_driving_OC_project/bumperbot_ws/install/bumperbot_py_examples:/opt/ros/humble /usr/bin/cmake /home/raz/projects/self_driving_OC_project/bumperbot_ws/src/bumperbot_controller -DAMENT_CMAKE_SYMLINK_INSTALL=1 -DCMAKE_INSTALL_PREFIX=/home/raz/projects/self_driving_OC_project/bumperbot_ws/install/bumperbot_controller
[1.069s] DEBUG:colcon.colcon_core.event_handler.log_command:Invoking command in '/home/raz/projects/self_driving_OC_project/bumperbot_ws/build/bumperbot_controller': CMAKE_PREFIX_PATH=${CMAKE_PREFIX_PATH}:/home/raz/PD_Robot/ros2_ws/install/sar_py_examples:/home/raz/projects/self_driving_OC_project/bumperbot_ws/install/bumperbot_py_examples:/opt/ros/humble /usr/bin/cmake --build /home/raz/projects/self_driving_OC_project/bumperbot_ws/build/bumperbot_controller -- -j16 -l16
[1.110s] DEBUG:colcon.colcon_core.event_handler.log_command:Invoked command in '/home/raz/projects/self_driving_OC_project/bumperbot_ws/build/bumperbot_controller' returned '0': CMAKE_PREFIX_PATH=${CMAKE_PREFIX_PATH}:/home/raz/PD_Robot/ros2_ws/install/sar_py_examples:/home/raz/projects/self_driving_OC_project/bumperbot_ws/install/bumperbot_py_examples:/opt/ros/humble /usr/bin/cmake --build /home/raz/projects/self_driving_OC_project/bumperbot_ws/build/bumperbot_controller -- -j16 -l16
[1.111s] DEBUG:colcon.colcon_core.event_handler.log_command:Invoking command in '/home/raz/projects/self_driving_OC_project/bumperbot_ws/build/bumperbot_controller': CMAKE_PREFIX_PATH=${CMAKE_PREFIX_PATH}:/home/raz/PD_Robot/ros2_ws/install/sar_py_examples:/home/raz/projects/self_driving_OC_project/bumperbot_ws/install/bumperbot_py_examples:/opt/ros/humble /usr/bin/cmake --install /home/raz/projects/self_driving_OC_project/bumperbot_ws/build/bumperbot_controller
[1.271s] Level 1:colcon.colcon_core.environment:create_environment_scripts_only(bumperbot_controller)
[1.271s] Level 1:colcon.colcon_core.environment:checking '/home/raz/projects/self_driving_OC_project/bumperbot_ws/install/bumperbot_controller' for CMake module files
[1.272s] DEBUG:colcon.colcon_core.event_handler.log_command:Invoked command in '/home/raz/projects/self_driving_OC_project/bumperbot_ws/build/bumperbot_controller' returned '0': CMAKE_PREFIX_PATH=${CMAKE_PREFIX_PATH}:/home/raz/PD_Robot/ros2_ws/install/sar_py_examples:/home/raz/projects/self_driving_OC_project/bumperbot_ws/install/bumperbot_py_examples:/opt/ros/humble /usr/bin/cmake --install /home/raz/projects/self_driving_OC_project/bumperbot_ws/build/bumperbot_controller
[1.272s] Level 1:colcon.colcon_core.environment:checking '/home/raz/projects/self_driving_OC_project/bumperbot_ws/install/bumperbot_controller' for CMake config files
[1.273s] Level 1:colcon.colcon_core.shell:create_environment_hook('bumperbot_controller', 'cmake_prefix_path')
[1.273s] INFO:colcon.colcon_core.shell:Creating environment hook '/home/raz/projects/self_driving_OC_project/bumperbot_ws/install/bumperbot_controller/share/bumperbot_controller/hook/cmake_prefix_path.ps1'
[1.273s] INFO:colcon.colcon_core.shell:Creating environment descriptor '/home/raz/projects/self_driving_OC_project/bumperbot_ws/install/bumperbot_controller/share/bumperbot_controller/hook/cmake_prefix_path.dsv'
[1.273s] INFO:colcon.colcon_core.shell:Creating environment hook '/home/raz/projects/self_driving_OC_project/bumperbot_ws/install/bumperbot_controller/share/bumperbot_controller/hook/cmake_prefix_path.sh'
[1.274s] Level 1:colcon.colcon_core.environment:checking '/home/raz/projects/self_driving_OC_project/bumperbot_ws/install/bumperbot_controller/bin'
[1.274s] Level 1:colcon.colcon_core.environment:checking '/home/raz/projects/self_driving_OC_project/bumperbot_ws/install/bumperbot_controller/lib/pkgconfig/bumperbot_controller.pc'
[1.274s] Level 1:colcon.colcon_core.environment:checking '/home/raz/projects/self_driving_OC_project/bumperbot_ws/install/bumperbot_controller/lib/python3.10/site-packages'
[1.274s] Level 1:colcon.colcon_core.environment:checking '/home/raz/projects/self_driving_OC_project/bumperbot_ws/install/bumperbot_controller/bin'
[1.274s] INFO:colcon.colcon_core.shell:Creating package script '/home/raz/projects/self_driving_OC_project/bumperbot_ws/install/bumperbot_controller/share/bumperbot_controller/package.ps1'
[1.275s] INFO:colcon.colcon_core.shell:Creating package descriptor '/home/raz/projects/self_driving_OC_project/bumperbot_ws/install/bumperbot_controller/share/bumperbot_controller/package.dsv'
[1.275s] INFO:colcon.colcon_core.shell:Creating package script '/home/raz/projects/self_driving_OC_project/bumperbot_ws/install/bumperbot_controller/share/bumperbot_controller/package.sh'
[1.275s] INFO:colcon.colcon_core.shell:Creating package script '/home/raz/projects/self_driving_OC_project/bumperbot_ws/install/bumperbot_controller/share/bumperbot_controller/package.bash'
[1.276s] INFO:colcon.colcon_core.shell:Creating package script '/home/raz/projects/self_driving_OC_project/bumperbot_ws/install/bumperbot_controller/share/bumperbot_controller/package.zsh'
[1.276s] Level 1:colcon.colcon_core.environment:create_file_with_runtime_dependencies(/home/raz/projects/self_driving_OC_project/bumperbot_ws/install/bumperbot_controller/share/colcon-core/packages/bumperbot_controller)
[1.276s] Level 1:colcon.colcon_core.environment:create_environment_scripts_only(bumperbot_controller)
[1.277s] Level 1:colcon.colcon_core.environment:checking '/home/raz/projects/self_driving_OC_project/bumperbot_ws/install/bumperbot_controller' for CMake module files
[1.277s] Level 1:colcon.colcon_core.environment:checking '/home/raz/projects/self_driving_OC_project/bumperbot_ws/install/bumperbot_controller' for CMake config files
[1.277s] Level 1:colcon.colcon_core.shell:create_environment_hook('bumperbot_controller', 'cmake_prefix_path')
[1.277s] INFO:colcon.colcon_core.shell:Creating environment hook '/home/raz/projects/self_driving_OC_project/bumperbot_ws/install/bumperbot_controller/share/bumperbot_controller/hook/cmake_prefix_path.ps1'
[1.278s] INFO:colcon.colcon_core.shell:Creating environment descriptor '/home/raz/projects/self_driving_OC_project/bumperbot_ws/install/bumperbot_controller/share/bumperbot_controller/hook/cmake_prefix_path.dsv'
[1.278s] INFO:colcon.colcon_core.shell:Creating environment hook '/home/raz/projects/self_driving_OC_project/bumperbot_ws/install/bumperbot_controller/share/bumperbot_controller/hook/cmake_prefix_path.sh'
[1.278s] Level 1:colcon.colcon_core.environment:checking '/home/raz/projects/self_driving_OC_project/bumperbot_ws/install/bumperbot_controller/bin'
[1.278s] Level 1:colcon.colcon_core.environment:checking '/home/raz/projects/self_driving_OC_project/bumperbot_ws/install/bumperbot_controller/lib/pkgconfig/bumperbot_controller.pc'
[1.279s] Level 1:colcon.colcon_core.environment:checking '/home/raz/projects/self_driving_OC_project/bumperbot_ws/install/bumperbot_controller/lib/python3.10/site-packages'
[1.279s] Level 1:colcon.colcon_core.environment:checking '/home/raz/projects/self_driving_OC_project/bumperbot_ws/install/bumperbot_controller/bin'
[1.279s] INFO:colcon.colcon_core.shell:Creating package script '/home/raz/projects/self_driving_OC_project/bumperbot_ws/install/bumperbot_controller/share/bumperbot_controller/package.ps1'
[1.279s] INFO:colcon.colcon_core.shell:Creating package descriptor '/home/raz/projects/self_driving_OC_project/bumperbot_ws/install/bumperbot_controller/share/bumperbot_controller/package.dsv'
[1.280s] INFO:colcon.colcon_core.shell:Creating package script '/home/raz/projects/self_driving_OC_project/bumperbot_ws/install/bumperbot_controller/share/bumperbot_controller/package.sh'
[1.280s] INFO:colcon.colcon_core.shell:Creating package script '/home/raz/projects/self_driving_OC_project/bumperbot_ws/install/bumperbot_controller/share/bumperbot_controller/package.bash'
[1.280s] INFO:colcon.colcon_core.shell:Creating package script '/home/raz/projects/self_driving_OC_project/bumperbot_ws/install/bumperbot_controller/share/bumperbot_controller/package.zsh'
[1.281s] Level 1:colcon.colcon_core.environment:create_file_with_runtime_dependencies(/home/raz/projects/self_driving_OC_project/bumperbot_ws/install/bumperbot_controller/share/colcon-core/packages/bumperbot_controller)
[1.442s] Level 1:colcon.colcon_core.shell:create_environment_hook('bumperbot_py_examples', 'pythonpath_develop')
[1.443s] INFO:colcon.colcon_core.shell:Creating environment hook '/home/raz/projects/self_driving_OC_project/bumperbot_ws/build/bumperbot_py_examples/share/bumperbot_py_examples/hook/pythonpath_develop.ps1'
[1.443s] DEBUG:colcon.colcon_core.event_handler.log_command:Invoked command in '/home/raz/projects/self_driving_OC_project/bumperbot_ws/build/bumperbot_py_examples' returned '0': PYTHONPATH=/home/raz/projects/self_driving_OC_project/bumperbot_ws/build/bumperbot_py_examples/prefix_override:/usr/lib/python3/dist-packages/colcon_core/task/python/colcon_distutils_commands:/home/raz/projects/self_driving_OC_project/bumperbot_ws/install/bumperbot_py_examples/lib/python3.10/site-packages:${PYTHONPATH} /usr/bin/python3 -W ignore:setup.py install is deprecated -W ignore:easy_install command is deprecated setup.py develop --editable --build-directory /home/raz/projects/self_driving_OC_project/bumperbot_ws/build/bumperbot_py_examples/build --no-deps symlink_data
[1.443s] INFO:colcon.colcon_core.shell:Creating environment descriptor '/home/raz/projects/self_driving_OC_project/bumperbot_ws/build/bumperbot_py_examples/share/bumperbot_py_examples/hook/pythonpath_develop.dsv'
[1.444s] INFO:colcon.colcon_core.shell:Creating environment hook '/home/raz/projects/self_driving_OC_project/bumperbot_ws/build/bumperbot_py_examples/share/bumperbot_py_examples/hook/pythonpath_develop.sh'
[1.444s] Level 1:colcon.colcon_core.environment:checking '/home/raz/projects/self_driving_OC_project/bumperbot_ws/install/bumperbot_py_examples' for CMake module files
[1.445s] Level 1:colcon.colcon_core.environment:checking '/home/raz/projects/self_driving_OC_project/bumperbot_ws/install/bumperbot_py_examples' for CMake config files
[1.445s] Level 1:colcon.colcon_core.environment:checking '/home/raz/projects/self_driving_OC_project/bumperbot_ws/install/bumperbot_py_examples/lib'
[1.445s] Level 1:colcon.colcon_core.environment:checking '/home/raz/projects/self_driving_OC_project/bumperbot_ws/install/bumperbot_py_examples/bin'
[1.445s] Level 1:colcon.colcon_core.environment:checking '/home/raz/projects/self_driving_OC_project/bumperbot_ws/install/bumperbot_py_examples/lib/pkgconfig/bumperbot_py_examples.pc'
[1.445s] Level 1:colcon.colcon_core.environment:checking '/home/raz/projects/self_driving_OC_project/bumperbot_ws/install/bumperbot_py_examples/lib/python3.10/site-packages'
[1.445s] Level 1:colcon.colcon_core.shell:create_environment_hook('bumperbot_py_examples', 'pythonpath')
[1.445s] INFO:colcon.colcon_core.shell:Creating environment hook '/home/raz/projects/self_driving_OC_project/bumperbot_ws/install/bumperbot_py_examples/share/bumperbot_py_examples/hook/pythonpath.ps1'
[1.446s] INFO:colcon.colcon_core.shell:Creating environment descriptor '/home/raz/projects/self_driving_OC_project/bumperbot_ws/install/bumperbot_py_examples/share/bumperbot_py_examples/hook/pythonpath.dsv'
[1.446s] INFO:colcon.colcon_core.shell:Creating environment hook '/home/raz/projects/self_driving_OC_project/bumperbot_ws/install/bumperbot_py_examples/share/bumperbot_py_examples/hook/pythonpath.sh'
[1.447s] Level 1:colcon.colcon_core.environment:checking '/home/raz/projects/self_driving_OC_project/bumperbot_ws/install/bumperbot_py_examples/bin'
[1.447s] Level 1:colcon.colcon_core.environment:create_environment_scripts_only(bumperbot_py_examples)
[1.447s] INFO:colcon.colcon_core.shell:Creating package script '/home/raz/projects/self_driving_OC_project/bumperbot_ws/install/bumperbot_py_examples/share/bumperbot_py_examples/package.ps1'
[1.447s] INFO:colcon.colcon_core.shell:Creating package descriptor '/home/raz/projects/self_driving_OC_project/bumperbot_ws/install/bumperbot_py_examples/share/bumperbot_py_examples/package.dsv'
[1.448s] INFO:colcon.colcon_core.shell:Creating package script '/home/raz/projects/self_driving_OC_project/bumperbot_ws/install/bumperbot_py_examples/share/bumperbot_py_examples/package.sh'
[1.448s] INFO:colcon.colcon_core.shell:Creating package script '/home/raz/projects/self_driving_OC_project/bumperbot_ws/install/bumperbot_py_examples/share/bumperbot_py_examples/package.bash'
[1.448s] INFO:colcon.colcon_core.shell:Creating package script '/home/raz/projects/self_driving_OC_project/bumperbot_ws/install/bumperbot_py_examples/share/bumperbot_py_examples/package.zsh'
[1.449s] Level 1:colcon.colcon_core.environment:create_file_with_runtime_dependencies(/home/raz/projects/self_driving_OC_project/bumperbot_ws/install/bumperbot_py_examples/share/colcon-core/packages/bumperbot_py_examples)
[1.449s] DEBUG:colcon.colcon_parallel_executor.executor.parallel:closing loop
[1.449s] DEBUG:colcon.colcon_parallel_executor.executor.parallel:loop closed
[1.449s] DEBUG:colcon.colcon_parallel_executor.executor.parallel:run_until_complete finished with '0'
[1.449s] DEBUG:colcon.colcon_core.event_reactor:joining thread
[1.454s] INFO:colcon.colcon_core.plugin_system:Skipping extension 'colcon_notification.desktop_notification.terminal_notifier': Not used on non-Darwin systems
[1.454s] INFO:colcon.colcon_core.plugin_system:Skipping extension 'colcon_notification.desktop_notification.win32': Not used on non-Windows systems
[1.454s] INFO:colcon.colcon_notification.desktop_notification:Sending desktop notification using 'notify2'
[1.466s] DEBUG:colcon.colcon_core.event_reactor:joined thread
[1.466s] INFO:colcon.colcon_core.shell:Creating prefix script '/home/raz/projects/self_driving_OC_project/bumperbot_ws/install/local_setup.ps1'
[1.468s] INFO:colcon.colcon_core.shell:Creating prefix util module '/home/raz/projects/self_driving_OC_project/bumperbot_ws/install/_local_setup_util_ps1.py'
[1.469s] INFO:colcon.colcon_core.shell:Creating prefix chain script '/home/raz/projects/self_driving_OC_project/bumperbot_ws/install/setup.ps1'
[1.471s] INFO:colcon.colcon_core.shell:Creating prefix script '/home/raz/projects/self_driving_OC_project/bumperbot_ws/install/local_setup.sh'
[1.471s] INFO:colcon.colcon_core.shell:Creating prefix util module '/home/raz/projects/self_driving_OC_project/bumperbot_ws/install/_local_setup_util_sh.py'
[1.472s] INFO:colcon.colcon_core.shell:Creating prefix chain script '/home/raz/projects/self_driving_OC_project/bumperbot_ws/install/setup.sh'
[1.473s] INFO:colcon.colcon_core.shell:Creating prefix script '/home/raz/projects/self_driving_OC_project/bumperbot_ws/install/local_setup.bash'
[1.473s] INFO:colcon.colcon_core.shell:Creating prefix chain script '/home/raz/projects/self_driving_OC_project/bumperbot_ws/install/setup.bash'
[1.474s] INFO:colcon.colcon_core.shell:Creating prefix script '/home/raz/projects/self_driving_OC_project/bumperbot_ws/install/local_setup.zsh'
[1.474s] INFO:colcon.colcon_core.shell:Creating prefix chain script '/home/raz/projects/self_driving_OC_project/bumperbot_ws/install/setup.zsh'
