[0.016s] Invoking command in '/home/raz/projects/self_driving_OD_project/bumperbot_ws/build/bumperbot_description': CMAKE_PREFIX_PATH=/opt/ros/humble /usr/bin/cmake /home/raz/projects/self_driving_OD_project/bumperbot_ws/src/bumperbot_description -DCMAKE_INSTALL_PREFIX=/home/raz/projects/self_driving_OD_project/bumperbot_ws/install/bumperbot_description
[0.071s] -- The C compiler identification is GNU 11.4.0
[0.137s] -- The CXX compiler identification is GNU 11.4.0
[0.145s] -- Detecting C compiler ABI info
[0.218s] -- Detecting C compiler ABI info - done
[0.225s] -- Check for working C compiler: /usr/bin/cc - skipped
[0.225s] -- Detecting C compile features
[0.225s] -- Detecting C compile features - done
[0.228s] -- Detecting CXX compiler ABI info
[0.314s] -- Detecting CXX compiler ABI info - done
[0.321s] -- Check for working CXX compiler: /usr/bin/c++ - skipped
[0.321s] -- Detecting CXX compile features
[0.321s] -- Detecting CXX compile features - done
[0.324s] -- Found ament_cmake: 1.3.11 (/opt/ros/humble/share/ament_cmake/cmake)
[0.457s] -- Found Python3: /usr/bin/python3 (found version "3.10.12") found components: Interpreter 
[0.543s] -- Found urdf: 2.6.1 (/opt/ros/humble/share/urdf/cmake)
[0.606s] -- Found ament_lint_auto: 0.12.11 (/opt/ros/humble/share/ament_lint_auto/cmake)
[0.674s] -- Added test 'flake8' to check Python code syntax and style conventions
[0.675s] -- Added test 'lint_cmake' to check CMake code style
[0.675s] -- Added test 'pep257' to check Python code against some of the docstring style conventions in PEP 257
[0.677s] -- Added test 'xmllint' to check XML markup files
[0.678s] -- Configuring done
[0.681s] -- Generating done
[0.683s] -- Build files have been written to: /home/raz/projects/self_driving_OD_project/bumperbot_ws/build/bumperbot_description
[0.690s] Invoked command in '/home/raz/projects/self_driving_OD_project/bumperbot_ws/build/bumperbot_description' returned '0': CMAKE_PREFIX_PATH=/opt/ros/humble /usr/bin/cmake /home/raz/projects/self_driving_OD_project/bumperbot_ws/src/bumperbot_description -DCMAKE_INSTALL_PREFIX=/home/raz/projects/self_driving_OD_project/bumperbot_ws/install/bumperbot_description
[0.692s] Invoking command in '/home/raz/projects/self_driving_OD_project/bumperbot_ws/build/bumperbot_description': CMAKE_PREFIX_PATH=/opt/ros/humble /usr/bin/cmake --build /home/raz/projects/self_driving_OD_project/bumperbot_ws/build/bumperbot_description -- -j16 -l16
[0.734s] Invoked command in '/home/raz/projects/self_driving_OD_project/bumperbot_ws/build/bumperbot_description' returned '0': CMAKE_PREFIX_PATH=/opt/ros/humble /usr/bin/cmake --build /home/raz/projects/self_driving_OD_project/bumperbot_ws/build/bumperbot_description -- -j16 -l16
[0.736s] Invoking command in '/home/raz/projects/self_driving_OD_project/bumperbot_ws/build/bumperbot_description': CMAKE_PREFIX_PATH=/opt/ros/humble /usr/bin/cmake --install /home/raz/projects/self_driving_OD_project/bumperbot_ws/build/bumperbot_description
[0.743s] -- Install configuration: ""
[0.743s] -- Installing: /home/raz/projects/self_driving_OD_project/bumperbot_ws/install/bumperbot_description/share/bumperbot_description/launch
[0.743s] -- Installing: /home/raz/projects/self_driving_OD_project/bumperbot_ws/install/bumperbot_description/share/bumperbot_description/launch/gazebo.launch.py
[0.743s] -- Installing: /home/raz/projects/self_driving_OD_project/bumperbot_ws/install/bumperbot_description/share/bumperbot_description/launch/display.launch.py
[0.743s] -- Installing: /home/raz/projects/self_driving_OD_project/bumperbot_ws/install/bumperbot_description/share/bumperbot_description/meshes
[0.744s] -- Installing: /home/raz/projects/self_driving_OD_project/bumperbot_ws/install/bumperbot_description/share/bumperbot_description/meshes/wheel_right_link.STL
[0.745s] -- Installing: /home/raz/projects/self_driving_OD_project/bumperbot_ws/install/bumperbot_description/share/bumperbot_description/meshes/caster_front_link.STL
[0.745s] -- Installing: /home/raz/projects/self_driving_OD_project/bumperbot_ws/install/bumperbot_description/share/bumperbot_description/meshes/base_link.STL
[0.760s] -- Installing: /home/raz/projects/self_driving_OD_project/bumperbot_ws/install/bumperbot_description/share/bumperbot_description/meshes/imu_link.STL
[0.761s] -- Installing: /home/raz/projects/self_driving_OD_project/bumperbot_ws/install/bumperbot_description/share/bumperbot_description/meshes/caster_rear_link.STL
[0.761s] -- Installing: /home/raz/projects/self_driving_OD_project/bumperbot_ws/install/bumperbot_description/share/bumperbot_description/meshes/wheel_left_link.STL
[0.762s] -- Installing: /home/raz/projects/self_driving_OD_project/bumperbot_ws/install/bumperbot_description/share/bumperbot_description/urdf
[0.762s] -- Installing: /home/raz/projects/self_driving_OD_project/bumperbot_ws/install/bumperbot_description/share/bumperbot_description/urdf/bumperbot.urdf.xacro
[0.763s] -- Installing: /home/raz/projects/self_driving_OD_project/bumperbot_ws/install/bumperbot_description/share/bumperbot_description/urdf/bumperbot_gazebo.xacro
[0.763s] -- Installing: /home/raz/projects/self_driving_OD_project/bumperbot_ws/install/bumperbot_description/share/bumperbot_description/rviz
[0.763s] -- Installing: /home/raz/projects/self_driving_OD_project/bumperbot_ws/install/bumperbot_description/share/bumperbot_description/rviz/display.rviz
[0.763s] -- Installing: /home/raz/projects/self_driving_OD_project/bumperbot_ws/install/bumperbot_description/share/ament_index/resource_index/package_run_dependencies/bumperbot_description
[0.763s] -- Installing: /home/raz/projects/self_driving_OD_project/bumperbot_ws/install/bumperbot_description/share/ament_index/resource_index/parent_prefix_path/bumperbot_description
[0.763s] -- Installing: /home/raz/projects/self_driving_OD_project/bumperbot_ws/install/bumperbot_description/share/bumperbot_description/environment/ament_prefix_path.sh
[0.764s] -- Installing: /home/raz/projects/self_driving_OD_project/bumperbot_ws/install/bumperbot_description/share/bumperbot_description/environment/ament_prefix_path.dsv
[0.764s] -- Installing: /home/raz/projects/self_driving_OD_project/bumperbot_ws/install/bumperbot_description/share/bumperbot_description/environment/path.sh
[0.764s] -- Installing: /home/raz/projects/self_driving_OD_project/bumperbot_ws/install/bumperbot_description/share/bumperbot_description/environment/path.dsv
[0.764s] -- Installing: /home/raz/projects/self_driving_OD_project/bumperbot_ws/install/bumperbot_description/share/bumperbot_description/local_setup.bash
[0.764s] -- Installing: /home/raz/projects/self_driving_OD_project/bumperbot_ws/install/bumperbot_description/share/bumperbot_description/local_setup.sh
[0.764s] -- Installing: /home/raz/projects/self_driving_OD_project/bumperbot_ws/install/bumperbot_description/share/bumperbot_description/local_setup.zsh
[0.765s] -- Installing: /home/raz/projects/self_driving_OD_project/bumperbot_ws/install/bumperbot_description/share/bumperbot_description/local_setup.dsv
[0.765s] -- Installing: /home/raz/projects/self_driving_OD_project/bumperbot_ws/install/bumperbot_description/share/bumperbot_description/package.dsv
[0.765s] -- Installing: /home/raz/projects/self_driving_OD_project/bumperbot_ws/install/bumperbot_description/share/ament_index/resource_index/packages/bumperbot_description
[0.765s] -- Installing: /home/raz/projects/self_driving_OD_project/bumperbot_ws/install/bumperbot_description/share/bumperbot_description/cmake/bumperbot_descriptionConfig.cmake
[0.765s] -- Installing: /home/raz/projects/self_driving_OD_project/bumperbot_ws/install/bumperbot_description/share/bumperbot_description/cmake/bumperbot_descriptionConfig-version.cmake
[0.765s] -- Installing: /home/raz/projects/self_driving_OD_project/bumperbot_ws/install/bumperbot_description/share/bumperbot_description/package.xml
[0.768s] Invoked command in '/home/raz/projects/self_driving_OD_project/bumperbot_ws/build/bumperbot_description' returned '0': CMAKE_PREFIX_PATH=/opt/ros/humble /usr/bin/cmake --install /home/raz/projects/self_driving_OD_project/bumperbot_ws/build/bumperbot_description
