[0.024s] Invoking command in '/home/raz/projects/self_driving_OC_project/bumperbot_ws/build/bumperbot_utils': CMAKE_PREFIX_PATH=${CMAKE_PREFIX_PATH}:/home/raz/PD_Robot/ros2_ws/install/sar_py_examples:/home/raz/projects/self_driving_OC_project/bumperbot_ws/install/bumperbot_py_examples:/opt/ros/humble /usr/bin/cmake --build /home/raz/projects/self_driving_OC_project/bumperbot_ws/build/bumperbot_utils -- -j16 -l16
[0.097s] [ 50%] Built target ament_cmake_python_symlink_bumperbot_utils
[0.098s] [ 50%] [32mBuilding CXX object CMakeFiles/trajectory_visualization.dir/src/trajectory_visualization.cpp.o[0m
[0.353s] running egg_info
[0.354s] writing bumperbot_utils.egg-info/PKG-INFO
[0.355s] writing dependency_links to bumperbot_utils.egg-info/dependency_links.txt
[0.355s] writing top-level names to bumperbot_utils.egg-info/top_level.txt
[0.358s] reading manifest file 'bumperbot_utils.egg-info/SOURCES.txt'
[0.359s] writing manifest file 'bumperbot_utils.egg-info/SOURCES.txt'
[0.404s] [ 50%] Built target ament_cmake_python_build_bumperbot_utils_egg
[7.036s] [100%] [32m[1mLinking CXX executable trajectory_visualization[0m
[7.517s] [100%] Built target trajectory_visualization
[7.532s] Invoked command in '/home/raz/projects/self_driving_OC_project/bumperbot_ws/build/bumperbot_utils' returned '0': CMAKE_PREFIX_PATH=${CMAKE_PREFIX_PATH}:/home/raz/PD_Robot/ros2_ws/install/sar_py_examples:/home/raz/projects/self_driving_OC_project/bumperbot_ws/install/bumperbot_py_examples:/opt/ros/humble /usr/bin/cmake --build /home/raz/projects/self_driving_OC_project/bumperbot_ws/build/bumperbot_utils -- -j16 -l16
[7.534s] Invoking command in '/home/raz/projects/self_driving_OC_project/bumperbot_ws/build/bumperbot_utils': CMAKE_PREFIX_PATH=${CMAKE_PREFIX_PATH}:/home/raz/PD_Robot/ros2_ws/install/sar_py_examples:/home/raz/projects/self_driving_OC_project/bumperbot_ws/install/bumperbot_py_examples:/opt/ros/humble /usr/bin/cmake --install /home/raz/projects/self_driving_OC_project/bumperbot_ws/build/bumperbot_utils
[7.542s] -- Install configuration: ""
[7.543s] -- Execute custom install script
[7.543s] -- Up-to-date symlink: /home/raz/projects/self_driving_OC_project/bumperbot_ws/install/bumperbot_utils/share/bumperbot_utils/environment/pythonpath.sh
[7.543s] -- Up-to-date symlink: /home/raz/projects/self_driving_OC_project/bumperbot_ws/install/bumperbot_utils/share/bumperbot_utils/environment/pythonpath.dsv
[7.543s] -- Up-to-date symlink: /home/raz/projects/self_driving_OC_project/bumperbot_ws/install/bumperbot_utils/local/lib/python3.10/dist-packages/bumperbot_utils-0.0.0-py3.10.egg-info/PKG-INFO
[7.543s] -- Up-to-date symlink: /home/raz/projects/self_driving_OC_project/bumperbot_ws/install/bumperbot_utils/local/lib/python3.10/dist-packages/bumperbot_utils-0.0.0-py3.10.egg-info/SOURCES.txt
[7.544s] -- Up-to-date symlink: /home/raz/projects/self_driving_OC_project/bumperbot_ws/install/bumperbot_utils/local/lib/python3.10/dist-packages/bumperbot_utils-0.0.0-py3.10.egg-info/dependency_links.txt
[7.544s] -- Up-to-date symlink: /home/raz/projects/self_driving_OC_project/bumperbot_ws/install/bumperbot_utils/local/lib/python3.10/dist-packages/bumperbot_utils-0.0.0-py3.10.egg-info/top_level.txt
[7.544s] -- Up-to-date symlink: /home/raz/projects/self_driving_OC_project/bumperbot_ws/install/bumperbot_utils/local/lib/python3.10/dist-packages/bumperbot_utils/__init__.py
[7.544s] -- Up-to-date symlink: /home/raz/projects/self_driving_OC_project/bumperbot_ws/install/bumperbot_utils/local/lib/python3.10/dist-packages/bumperbot_utils/trajectory_visualization.py
[7.544s] -- Up-to-date symlink: /home/raz/projects/self_driving_OC_project/bumperbot_ws/install/bumperbot_utils/lib/bumperbot_utils/trajectory_visualization
[7.544s] -- Up-to-date symlink: /home/raz/projects/self_driving_OC_project/bumperbot_ws/install/bumperbot_utils/lib/bumperbot_utils/trajectory_visualization.py
[7.545s] -- Up-to-date symlink: /home/raz/projects/self_driving_OC_project/bumperbot_ws/install/bumperbot_utils/share/ament_index/resource_index/package_run_dependencies/bumperbot_utils
[7.545s] -- Up-to-date symlink: /home/raz/projects/self_driving_OC_project/bumperbot_ws/install/bumperbot_utils/share/ament_index/resource_index/parent_prefix_path/bumperbot_utils
[7.545s] -- Up-to-date symlink: /home/raz/projects/self_driving_OC_project/bumperbot_ws/install/bumperbot_utils/share/bumperbot_utils/environment/ament_prefix_path.sh
[7.545s] -- Up-to-date symlink: /home/raz/projects/self_driving_OC_project/bumperbot_ws/install/bumperbot_utils/share/bumperbot_utils/environment/ament_prefix_path.dsv
[7.545s] -- Up-to-date symlink: /home/raz/projects/self_driving_OC_project/bumperbot_ws/install/bumperbot_utils/share/bumperbot_utils/environment/path.sh
[7.545s] -- Up-to-date symlink: /home/raz/projects/self_driving_OC_project/bumperbot_ws/install/bumperbot_utils/share/bumperbot_utils/environment/path.dsv
[7.546s] -- Up-to-date symlink: /home/raz/projects/self_driving_OC_project/bumperbot_ws/install/bumperbot_utils/share/bumperbot_utils/local_setup.bash
[7.546s] -- Up-to-date symlink: /home/raz/projects/self_driving_OC_project/bumperbot_ws/install/bumperbot_utils/share/bumperbot_utils/local_setup.sh
[7.546s] -- Up-to-date symlink: /home/raz/projects/self_driving_OC_project/bumperbot_ws/install/bumperbot_utils/share/bumperbot_utils/local_setup.zsh
[7.546s] -- Up-to-date symlink: /home/raz/projects/self_driving_OC_project/bumperbot_ws/install/bumperbot_utils/share/bumperbot_utils/local_setup.dsv
[7.546s] -- Symlinking: /home/raz/projects/self_driving_OC_project/bumperbot_ws/install/bumperbot_utils/share/bumperbot_utils/package.dsv
[7.556s] -- Up-to-date symlink: /home/raz/projects/self_driving_OC_project/bumperbot_ws/install/bumperbot_utils/share/ament_index/resource_index/packages/bumperbot_utils
[7.556s] -- Up-to-date symlink: /home/raz/projects/self_driving_OC_project/bumperbot_ws/install/bumperbot_utils/share/bumperbot_utils/cmake/bumperbot_utilsConfig.cmake
[7.556s] -- Up-to-date symlink: /home/raz/projects/self_driving_OC_project/bumperbot_ws/install/bumperbot_utils/share/bumperbot_utils/cmake/bumperbot_utilsConfig-version.cmake
[7.556s] -- Up-to-date symlink: /home/raz/projects/self_driving_OC_project/bumperbot_ws/install/bumperbot_utils/share/bumperbot_utils/package.xml
[7.588s] Listing '/home/raz/projects/self_driving_OC_project/bumperbot_ws/install/bumperbot_utils/local/lib/python3.10/dist-packages/bumperbot_utils'...
[7.597s] Invoked command in '/home/raz/projects/self_driving_OC_project/bumperbot_ws/build/bumperbot_utils' returned '0': CMAKE_PREFIX_PATH=${CMAKE_PREFIX_PATH}:/home/raz/PD_Robot/ros2_ws/install/sar_py_examples:/home/raz/projects/self_driving_OC_project/bumperbot_ws/install/bumperbot_py_examples:/opt/ros/humble /usr/bin/cmake --install /home/raz/projects/self_driving_OC_project/bumperbot_ws/build/bumperbot_utils
