[0.013s] Invoking command in '/home/raz/projects/self_driving_OC_project/bumperbot_ws/build/bumperbot_cpp_examples': AMENT_PREFIX_PATH=/home/raz/projects/self_driving_OC_project/bumperbot_ws/install/bumperbot_msgs:${AMENT_PREFIX_PATH} CMAKE_PREFIX_PATH=/home/raz/projects/self_driving_OC_project/bumperbot_ws/install/bumperbot_msgs:/home/raz/PD_Robot/ros2_ws/install/sar_moveit:/home/raz/PD_Robot/ros2_ws/install/sar_description:/home/raz/PD_Robot/ros2_ws/install/sar_cpp_examples:/home/raz/PD_Robot/ros2_ws/install/sar_controller:/home/raz/projects/self_driving_OC_project/bumperbot_ws/install/bumperbot_description:/home/raz/projects/self_driving_OC_project/bumperbot_ws/install/bumperbot_cpp_examples:/home/raz/projects/self_driving_OC_project/bumperbot_ws/install/bumperbot_controller:/home/raz/PD_Robot/ros2_ws/install/sar_py_examples:/home/raz/projects/self_driving_OC_project/bumperbot_ws/install/bumperbot_py_examples:/opt/ros/humble LD_LIBRARY_PATH=/home/raz/projects/self_driving_OC_project/bumperbot_ws/install/bumperbot_msgs/lib:${LD_LIBRARY_PATH} PYTHONPATH=/home/raz/projects/self_driving_OC_project/bumperbot_ws/install/bumperbot_msgs/local/lib/python3.10/dist-packages:${PYTHONPATH} /usr/bin/cmake --build /home/raz/projects/self_driving_OC_project/bumperbot_ws/build/bumperbot_cpp_examples -- -j16 -l16
[0.058s] [35m[1mConsolidate compiler generated dependencies of target simple_service_client[0m
[0.071s] [ 57%] Built target simple_publisher
[0.071s] [ 57%] Built target simple_parameter
[0.071s] [ 57%] Built target simple_subscriber
[0.071s] [ 57%] Built target simple_tf_kinematics
[0.071s] [ 71%] Built target simple_service_server
[0.076s] [ 85%] Built target simple_turtlesim_kinematics
[0.078s] [ 92%] [32mBuilding CXX object CMakeFiles/simple_service_client.dir/src/simple_service_client.cpp.o[0m
[2.004s] In file included from [01m[K/usr/include/c++/11/pstl/glue_algorithm_defs.h:13[m[K,
[2.004s]                  from [01m[K/usr/include/c++/11/algorithm:74[m[K,
[2.004s]                  from [01m[K/opt/ros/humble/include/rclcpp/rclcpp/executor.hpp:18[m[K,
[2.004s]                  from [01m[K/opt/ros/humble/include/rclcpp/rclcpp/executors/multi_threaded_executor.hpp:25[m[K,
[2.004s]                  from [01m[K/opt/ros/humble/include/rclcpp/rclcpp/executors.hpp:21[m[K,
[2.004s]                  from [01m[K/opt/ros/humble/include/rclcpp/rclcpp/rclcpp.hpp:155[m[K,
[2.004s]                  from [01m[K/home/raz/projects/self_driving_OC_project/bumperbot_ws/src/bumperbot_cpp_examples/src/simple_service_client.cpp:1[m[K:
[2.004s] /usr/include/c++/11/functional: In instantiation of ‘[01m[Kstruct std::_Bind_check_arity<void (SimpleServiceClient::*)(std::shared_future<std::shared_ptr<bumperbot_msgs::srv::AddTwoInts_Response_<std::allocator<void> > > >), SimpleServiceClient*, const std::_Placeholder<1>&, const std::_Placeholder<2>&>[m[K’:
[2.004s] [01m[K/usr/include/c++/11/functional:768:12:[m[K   required from ‘[01m[Kstruct std::_Bind_helper<false, void (SimpleServiceClient::*)(std::shared_future<std::shared_ptr<bumperbot_msgs::srv::AddTwoInts_Response_<std::allocator<void> > > >), SimpleServiceClient*, const std::_Placeholder<1>&, const std::_Placeholder<2>&>[m[K’
[2.004s] [01m[K/usr/include/c++/11/functional:789:5:[m[K   required by substitution of ‘[01m[Ktemplate<class _Func, class ... _BoundArgs> typename std::_Bind_helper<std::__is_socketlike<_Func>::value, _Func, _BoundArgs ...>::type std::bind(_Func&&, _BoundArgs&& ...) [with _Func = void (SimpleServiceClient::*)(std::shared_future<std::shared_ptr<bumperbot_msgs::srv::AddTwoInts_Response_<std::allocator<void> > > >); _BoundArgs = {SimpleServiceClient*, const std::_Placeholder<1>&, const std::_Placeholder<2>&}][m[K’
[2.004s] [01m[K/home/raz/projects/self_driving_OC_project/bumperbot_ws/src/bumperbot_cpp_examples/src/simple_service_client.cpp:31:69:[m[K   required from here
[2.005s] [01m[K/usr/include/c++/11/functional:756:21:[m[K [01;31m[Kerror: [m[Kstatic assertion failed: Wrong number of arguments for pointer-to-member
[2.005s]   755 |       static_assert(_Varargs::[01;31m[Kvalue[m[K
[2.005s]       |                               [01;31m[K~~~~~[m[K
[2.005s]   756 | [01;31m[K                    ? sizeof...(_BoundArgs) >= _Arity::value + 1[m[K
[2.005s]       |                     [01;31m[K^~~~~~~~~~~~~~~~~~~~~~~~~~~~~~~~~~~~~~~~~~~~[m[K
[2.005s]   757 | [01;31m[K                    : sizeof...(_BoundArgs) == _Arity::value + 1[m[K,
[2.005s]       |                     [01;31m[K~~~~~~~~~~~~~~~~~~~~~~~~~~~~~~~~~~~~~~~~~~~~[m[K
[2.005s] [01m[K/usr/include/c++/11/functional:756:21:[m[K [01;36m[Knote: [m[K‘[01m[K(false ? (3 >= (((long unsigned int)std::integral_constant<long unsigned int, 1>::value) + 1)) : (3 == (((long unsigned int)std::integral_constant<long unsigned int, 1>::value) + 1)))[m[K’ evaluates to false
[2.014s] [01m[K/home/raz/projects/self_driving_OC_project/bumperbot_ws/src/bumperbot_cpp_examples/src/simple_service_client.cpp:[m[K In function ‘[01m[Kint main(int, char**)[m[K’:
[2.014s] [01m[K/home/raz/projects/self_driving_OC_project/bumperbot_ws/src/bumperbot_cpp_examples/src/simple_service_client.cpp:60:5:[m[K [01;35m[Kwarning: [m[Klabel ‘[01m[Krclcpp[m[K’ defined but not used [[01;35m[K]8;;https://gcc.gnu.org/onlinedocs/gcc/Warning-Options.html#index-Wunused-label-Wunused-label]8;;[m[K]
[2.014s]    60 |     [01;35m[Krclcpp[m[K:spin(node);
[2.014s]       |     [01;35m[K^~~~~~[m[K
[2.084s] In file included from [01m[K/opt/ros/humble/include/rclcpp/rclcpp/callback_group.hpp:24[m[K,
[2.084s]                  from [01m[K/opt/ros/humble/include/rclcpp/rclcpp/any_executable.hpp:20[m[K,
[2.085s]                  from [01m[K/opt/ros/humble/include/rclcpp/rclcpp/memory_strategy.hpp:25[m[K,
[2.085s]                  from [01m[K/opt/ros/humble/include/rclcpp/rclcpp/memory_strategies.hpp:18[m[K,
[2.085s]                  from [01m[K/opt/ros/humble/include/rclcpp/rclcpp/executor_options.hpp:20[m[K,
[2.085s]                  from [01m[K/opt/ros/humble/include/rclcpp/rclcpp/executor.hpp:37[m[K,
[2.085s]                  from [01m[K/opt/ros/humble/include/rclcpp/rclcpp/executors/multi_threaded_executor.hpp:25[m[K,
[2.085s]                  from [01m[K/opt/ros/humble/include/rclcpp/rclcpp/executors.hpp:21[m[K,
[2.085s]                  from [01m[K/opt/ros/humble/include/rclcpp/rclcpp/rclcpp.hpp:155[m[K,
[2.085s]                  from [01m[K/home/raz/projects/self_driving_OC_project/bumperbot_ws/src/bumperbot_cpp_examples/src/simple_service_client.cpp:1[m[K:
[2.085s] /opt/ros/humble/include/rclcpp/rclcpp/client.hpp: In instantiation of ‘[01m[Krclcpp::Client<ServiceT>::SharedFutureAndRequestId rclcpp::Client<ServiceT>::async_send_request(rclcpp::Client<ServiceT>::SharedRequest, CallbackT&&) [with CallbackT = std::_Bind<void (SimpleServiceClient::*(SimpleServiceClient*, std::_Placeholder<1>, std::_Placeholder<2>))(std::shared_future<std::shared_ptr<bumperbot_msgs::srv::AddTwoInts_Response_<std::allocator<void> > > >)>; typename std::enable_if<rclcpp::function_traits::same_arguments<CallbackT, std::function<void(std::shared_future<typename ServiceT::Response::SharedPtr>)> >::value>::type* <anonymous> = 0; ServiceT = bumperbot_msgs::srv::AddTwoInts; rclcpp::Client<ServiceT>::SharedRequest = std::shared_ptr<bumperbot_msgs::srv::AddTwoInts_Request_<std::allocator<void> > >][m[K’:
[2.085s] [01m[K/home/raz/projects/self_driving_OC_project/bumperbot_ws/src/bumperbot_cpp_examples/src/simple_service_client.cpp:31:50:[m[K   required from here
[2.085s] [01m[K/opt/ros/humble/include/rclcpp/rclcpp/client.hpp:649:22:[m[K [01;31m[Kerror: [m[Kno matching function for call to ‘[01m[Kstd::function<void(std::shared_future<std::shared_ptr<bumperbot_msgs::srv::AddTwoInts_Response_<std::allocator<void> > > >)>::function(<brace-enclosed initializer list>)[m[K’
[2.085s]   649 |       [01;31m[Kstd::make_tuple([m[K
[2.085s]       |       [01;31m[K~~~~~~~~~~~~~~~^[m[K
[2.085s]   650 | [01;31m[K        CallbackType{std::forward<CallbackT>(cb)},[m[K
[2.085s]       |         [01;31m[K~~~~~~~~~~~~~~~~~~~~~~~~~~~~~~~~~~~~~~~~~~[m[K
[2.085s]   651 | [01;31m[K        shared_future,[m[K
[2.085s]       |         [01;31m[K~~~~~~~~~~~~~~[m[K
[2.085s]   652 | [01;31m[K        std::move(promise))[m[K);
[2.085s]       |         [01;31m[K~~~~~~~~~~~~~~~~~~~[m[K
[2.085s] In file included from [01m[K/usr/include/c++/11/future:47[m[K,
[2.085s]                  from [01m[K/opt/ros/humble/include/rclcpp/rclcpp/executors.hpp:18[m[K,
[2.085s]                  from [01m[K/opt/ros/humble/include/rclcpp/rclcpp/rclcpp.hpp:155[m[K,
[2.085s]                  from [01m[K/home/raz/projects/self_driving_OC_project/bumperbot_ws/src/bumperbot_cpp_examples/src/simple_service_client.cpp:1[m[K:
[2.086s] [01m[K/usr/include/c++/11/bits/std_function.h:435:9:[m[K [01;36m[Knote: [m[Kcandidate: ‘[01m[Ktemplate<class _Functor, class _Constraints> std::function<_Res(_ArgTypes ...)>::function(_Functor&&) [with _Functor = _Functor; _Constraints = _Constraints; _Res = void; _ArgTypes = {std::shared_future<std::shared_ptr<bumperbot_msgs::srv::AddTwoInts_Response_<std::allocator<void> > > >}][m[K’
[2.086s]   435 |         [01;36m[Kfunction[m[K(_Functor&& __f)
[2.086s]       |         [01;36m[K^~~~~~~~[m[K
[2.086s] [01m[K/usr/include/c++/11/bits/std_function.h:435:9:[m[K [01;36m[Knote: [m[K  template argument deduction/substitution failed:
[2.086s] In file included from [01m[K/usr/include/c++/11/bits/move.h:57[m[K,
[2.086s]                  from [01m[K/usr/include/c++/11/bits/stl_pair.h:59[m[K,
[2.086s]                  from [01m[K/usr/include/c++/11/bits/stl_algobase.h:64[m[K,
[2.086s]                  from [01m[K/usr/include/c++/11/memory:63[m[K,
[2.086s]                  from [01m[K/opt/ros/humble/include/rclcpp/rclcpp/rclcpp.hpp:153[m[K,
[2.087s]                  from [01m[K/home/raz/projects/self_driving_OC_project/bumperbot_ws/src/bumperbot_cpp_examples/src/simple_service_client.cpp:1[m[K:
[2.087s] /usr/include/c++/11/type_traits: In substitution of ‘[01m[Ktemplate<bool _Cond, class _Tp> using __enable_if_t = typename std::enable_if::type [with bool _Cond = false; _Tp = void][m[K’:
[2.087s] [01m[K/usr/include/c++/11/bits/std_function.h:353:8:[m[K   required by substitution of ‘[01m[Ktemplate<class _Res, class ... _ArgTypes> template<class _Cond, class _Tp> using _Requires = std::__enable_if_t<_Cond::value, _Tp> [with _Cond = std::function<void(std::shared_future<std::shared_ptr<bumperbot_msgs::srv::AddTwoInts_Response_<std::allocator<void> > > >)>::_Callable<std::_Bind<void (SimpleServiceClient::*(SimpleServiceClient*, std::_Placeholder<1>, std::_Placeholder<2>))(std::shared_future<std::shared_ptr<bumperbot_msgs::srv::AddTwoInts_Response_<std::allocator<void> > > >)>, std::_Bind<void (SimpleServiceClient::*(SimpleServiceClient*, std::_Placeholder<1>, std::_Placeholder<2>))(std::shared_future<std::shared_ptr<bumperbot_msgs::srv::AddTwoInts_Response_<std::allocator<void> > > >)>, std::__invoke_result<std::_Bind<void (SimpleServiceClient::*(SimpleServiceClient*, std::_Placeholder<1>, std::_Placeholder<2>))(std::shared_future<std::shared_ptr<bumperbot_msgs::srv::AddTwoInts_Response_<std::allocator<void> > > >)>&, std::shared_future<std::shared_ptr<bumperbot_msgs::srv::AddTwoInts_Response_<std::allocator<void> > > > > >; _Tp = void; _Res = void; _ArgTypes = {std::shared_future<std::shared_ptr<bumperbot_msgs::srv::AddTwoInts_Response_<std::allocator<void> > > >}][m[K’
[2.087s] [01m[K/usr/include/c++/11/bits/std_function.h:434:9:[m[K   required from ‘[01m[Krclcpp::Client<ServiceT>::SharedFutureAndRequestId rclcpp::Client<ServiceT>::async_send_request(rclcpp::Client<ServiceT>::SharedRequest, CallbackT&&) [with CallbackT = std::_Bind<void (SimpleServiceClient::*(SimpleServiceClient*, std::_Placeholder<1>, std::_Placeholder<2>))(std::shared_future<std::shared_ptr<bumperbot_msgs::srv::AddTwoInts_Response_<std::allocator<void> > > >)>; typename std::enable_if<rclcpp::function_traits::same_arguments<CallbackT, std::function<void(std::shared_future<typename ServiceT::Response::SharedPtr>)> >::value>::type* <anonymous> = 0; ServiceT = bumperbot_msgs::srv::AddTwoInts; rclcpp::Client<ServiceT>::SharedRequest = std::shared_ptr<bumperbot_msgs::srv::AddTwoInts_Request_<std::allocator<void> > >][m[K’
[2.087s] [01m[K/home/raz/projects/self_driving_OC_project/bumperbot_ws/src/bumperbot_cpp_examples/src/simple_service_client.cpp:31:50:[m[K   required from here
[2.087s] [01m[K/usr/include/c++/11/type_traits:2205:11:[m[K [01;31m[Kerror: [m[Kno type named ‘[01m[Ktype[m[K’ in ‘[01m[Kstruct std::enable_if<false, void>[m[K’
[2.087s]  2205 |     using [01;31m[K__enable_if_t[m[K = typename enable_if<_Cond, _Tp>::type;
[2.087s]       |           [01;31m[K^~~~~~~~~~~~~[m[K
[2.087s] In file included from [01m[K/usr/include/c++/11/future:47[m[K,
[2.087s]                  from [01m[K/opt/ros/humble/include/rclcpp/rclcpp/executors.hpp:18[m[K,
[2.087s]                  from [01m[K/opt/ros/humble/include/rclcpp/rclcpp/rclcpp.hpp:155[m[K,
[2.087s]                  from [01m[K/home/raz/projects/self_driving_OC_project/bumperbot_ws/src/bumperbot_cpp_examples/src/simple_service_client.cpp:1[m[K:
[2.087s] /opt/ros/humble/include/rclcpp/rclcpp/client.hpp: In instantiation of ‘[01m[Krclcpp::Client<ServiceT>::SharedFutureAndRequestId rclcpp::Client<ServiceT>::async_send_request(rclcpp::Client<ServiceT>::SharedRequest, CallbackT&&) [with CallbackT = std::_Bind<void (SimpleServiceClient::*(SimpleServiceClient*, std::_Placeholder<1>, std::_Placeholder<2>))(std::shared_future<std::shared_ptr<bumperbot_msgs::srv::AddTwoInts_Response_<std::allocator<void> > > >)>; typename std::enable_if<rclcpp::function_traits::same_arguments<CallbackT, std::function<void(std::shared_future<typename ServiceT::Response::SharedPtr>)> >::value>::type* <anonymous> = 0; ServiceT = bumperbot_msgs::srv::AddTwoInts; rclcpp::Client<ServiceT>::SharedRequest = std::shared_ptr<bumperbot_msgs::srv::AddTwoInts_Request_<std::allocator<void> > >][m[K’:
[2.087s] [01m[K/home/raz/projects/self_driving_OC_project/bumperbot_ws/src/bumperbot_cpp_examples/src/simple_service_client.cpp:31:50:[m[K   required from here
[2.087s] [01m[K/usr/include/c++/11/bits/std_function.h:404:7:[m[K [01;36m[Knote: [m[Kcandidate: ‘[01m[Kstd::function<_Res(_ArgTypes ...)>::function(std::function<_Res(_ArgTypes ...)>&&) [with _Res = void; _ArgTypes = {std::shared_future<std::shared_ptr<bumperbot_msgs::srv::AddTwoInts_Response_<std::allocator<void> > > >}][m[K’
[2.087s]   404 |       [01;36m[Kfunction[m[K(function&& __x) noexcept
[2.087s]       |       [01;36m[K^~~~~~~~[m[K
[2.087s] [01m[K/usr/include/c++/11/bits/std_function.h:404:27:[m[K [01;36m[Knote: [m[K  no known conversion for argument 1 from ‘[01m[Kstd::_Bind<void (SimpleServiceClient::*(SimpleServiceClient*, std::_Placeholder<1>, std::_Placeholder<2>))(std::shared_future<std::shared_ptr<bumperbot_msgs::srv::AddTwoInts_Response_<std::allocator<void> > > >)>[m[K’ to ‘[01m[Kstd::function<void(std::shared_future<std::shared_ptr<bumperbot_msgs::srv::AddTwoInts_Response_<std::allocator<void> > > >)>&&[m[K’
[2.087s]   404 |       function([01;36m[Kfunction&& __x[m[K) noexcept
[2.087s]       |                [01;36m[K~~~~~~~~~~~^~~[m[K
[2.088s] [01m[K/usr/include/c++/11/bits/std_function.h:386:7:[m[K [01;36m[Knote: [m[Kcandidate: ‘[01m[Kstd::function<_Res(_ArgTypes ...)>::function(const std::function<_Res(_ArgTypes ...)>&) [with _Res = void; _ArgTypes = {std::shared_future<std::shared_ptr<bumperbot_msgs::srv::AddTwoInts_Response_<std::allocator<void> > > >}][m[K’
[2.088s]   386 |       [01;36m[Kfunction[m[K(const function& __x)
[2.088s]       |       [01;36m[K^~~~~~~~[m[K
[2.088s] [01m[K/usr/include/c++/11/bits/std_function.h:386:32:[m[K [01;36m[Knote: [m[K  no known conversion for argument 1 from ‘[01m[Kstd::_Bind<void (SimpleServiceClient::*(SimpleServiceClient*, std::_Placeholder<1>, std::_Placeholder<2>))(std::shared_future<std::shared_ptr<bumperbot_msgs::srv::AddTwoInts_Response_<std::allocator<void> > > >)>[m[K’ to ‘[01m[Kconst std::function<void(std::shared_future<std::shared_ptr<bumperbot_msgs::srv::AddTwoInts_Response_<std::allocator<void> > > >)>&[m[K’
[2.088s]   386 |       function([01;36m[Kconst function& __x[m[K)
[2.088s]       |                [01;36m[K~~~~~~~~~~~~~~~~^~~[m[K
[2.088s] [01m[K/usr/include/c++/11/bits/std_function.h:375:7:[m[K [01;36m[Knote: [m[Kcandidate: ‘[01m[Kstd::function<_Res(_ArgTypes ...)>::function(std::nullptr_t) [with _Res = void; _ArgTypes = {std::shared_future<std::shared_ptr<bumperbot_msgs::srv::AddTwoInts_Response_<std::allocator<void> > > >}; std::nullptr_t = std::nullptr_t][m[K’
[2.088s]   375 |       [01;36m[Kfunction[m[K(nullptr_t) noexcept
[2.088s]       |       [01;36m[K^~~~~~~~[m[K
[2.088s] [01m[K/usr/include/c++/11/bits/std_function.h:375:16:[m[K [01;36m[Knote: [m[K  no known conversion for argument 1 from ‘[01m[Kstd::_Bind<void (SimpleServiceClient::*(SimpleServiceClient*, std::_Placeholder<1>, std::_Placeholder<2>))(std::shared_future<std::shared_ptr<bumperbot_msgs::srv::AddTwoInts_Response_<std::allocator<void> > > >)>[m[K’ to ‘[01m[Kstd::nullptr_t[m[K’
[2.088s]   375 |       function([01;36m[Knullptr_t[m[K) noexcept
[2.088s]       |                [01;36m[K^~~~~~~~~[m[K
[2.088s] [01m[K/usr/include/c++/11/bits/std_function.h:368:7:[m[K [01;36m[Knote: [m[Kcandidate: ‘[01m[Kstd::function<_Res(_ArgTypes ...)>::function() [with _Res = void; _ArgTypes = {std::shared_future<std::shared_ptr<bumperbot_msgs::srv::AddTwoInts_Response_<std::allocator<void> > > >}][m[K’
[2.088s]   368 |       [01;36m[Kfunction[m[K() noexcept
[2.088s]       |       [01;36m[K^~~~~~~~[m[K
[2.088s] [01m[K/usr/include/c++/11/bits/std_function.h:368:7:[m[K [01;36m[Knote: [m[K  candidate expects 0 arguments, 1 provided
[2.088s] In file included from [01m[K/opt/ros/humble/include/rclcpp/rclcpp/callback_group.hpp:24[m[K,
[2.088s]                  from [01m[K/opt/ros/humble/include/rclcpp/rclcpp/any_executable.hpp:20[m[K,
[2.088s]                  from [01m[K/opt/ros/humble/include/rclcpp/rclcpp/memory_strategy.hpp:25[m[K,
[2.088s]                  from [01m[K/opt/ros/humble/include/rclcpp/rclcpp/memory_strategies.hpp:18[m[K,
[2.088s]                  from [01m[K/opt/ros/humble/include/rclcpp/rclcpp/executor_options.hpp:20[m[K,
[2.088s]                  from [01m[K/opt/ros/humble/include/rclcpp/rclcpp/executor.hpp:37[m[K,
[2.089s]                  from [01m[K/opt/ros/humble/include/rclcpp/rclcpp/executors/multi_threaded_executor.hpp:25[m[K,
[2.089s]                  from [01m[K/opt/ros/humble/include/rclcpp/rclcpp/executors.hpp:21[m[K,
[2.089s]                  from [01m[K/opt/ros/humble/include/rclcpp/rclcpp/rclcpp.hpp:155[m[K,
[2.089s]                  from [01m[K/home/raz/projects/self_driving_OC_project/bumperbot_ws/src/bumperbot_cpp_examples/src/simple_service_client.cpp:1[m[K:
[2.089s] [01m[K/opt/ros/humble/include/rclcpp/rclcpp/client.hpp:653:69:[m[K [01;31m[Kerror: [m[Kno matching function for call to ‘[01m[Krclcpp::Client<bumperbot_msgs::srv::AddTwoInts>::SharedFutureAndRequestId::SharedFutureAndRequestId(<brace-enclosed initializer list>)[m[K’
[2.089s]   653 |     return SharedFutureAndRequestId{std::move(shared_future), req_id[01;31m[K}[m[K;
[2.089s]       |                                                                     [01;31m[K^[m[K
[2.089s] [01m[K/opt/ros/humble/include/rclcpp/rclcpp/client.hpp:63:3:[m[K [01;36m[Knote: [m[Kcandidate: ‘[01m[Krclcpp::detail::FutureAndRequestId<FutureT>::FutureAndRequestId(FutureT, int64_t) [with FutureT = std::shared_future<std::shared_ptr<bumperbot_msgs::srv::AddTwoInts_Response_<std::allocator<void> > > >; int64_t = long int][m[K’
[2.089s]    63 |   [01;36m[KFutureAndRequestId[m[K(FutureT impl, int64_t req_id)
[2.089s]       |   [01;36m[K^~~~~~~~~~~~~~~~~~[m[K
[2.089s] [01m[K/opt/ros/humble/include/rclcpp/rclcpp/client.hpp:434:75:[m[K [01;36m[Knote: [m[K  inherited here
[2.089s]   434 |     using detail::FutureAndRequestId<std::shared_future<SharedResponse>>::[01;36m[KFutureAndRequestId[m[K;
[2.089s]       |                                                                           [01;36m[K^~~~~~~~~~~~~~~~~~[m[K
[2.089s] [01m[K/opt/ros/humble/include/rclcpp/rclcpp/client.hpp:434:75:[m[K [01;36m[Knote: [m[K  conversion of argument 2 would be ill-formed:
[2.089s] [01m[K/opt/ros/humble/include/rclcpp/rclcpp/client.hpp:105:3:[m[K [01;36m[Knote: [m[Kcandidate: ‘[01m[Krclcpp::detail::FutureAndRequestId<FutureT>::FutureAndRequestId(rclcpp::detail::FutureAndRequestId<FutureT>&&) [with FutureT = std::shared_future<std::shared_ptr<bumperbot_msgs::srv::AddTwoInts_Response_<std::allocator<void> > > >][m[K’
[2.089s]   105 |   [01;36m[KFutureAndRequestId[m[K(FutureAndRequestId && other) noexcept = default;
[2.089s]       |   [01;36m[K^~~~~~~~~~~~~~~~~~[m[K
[2.089s] [01m[K/opt/ros/humble/include/rclcpp/rclcpp/client.hpp:434:75:[m[K [01;36m[Knote: [m[K  inherited here
[2.089s]   434 |     using detail::FutureAndRequestId<std::shared_future<SharedResponse>>::[01;36m[KFutureAndRequestId[m[K;
[2.089s]       |                                                                           [01;36m[K^~~~~~~~~~~~~~~~~~[m[K
[2.089s] [01m[K/opt/ros/humble/include/rclcpp/rclcpp/client.hpp:434:75:[m[K [01;36m[Knote: [m[K  candidate expects 1 argument, 2 provided
[2.089s] [01m[K/opt/ros/humble/include/rclcpp/rclcpp/client.hpp:431:10:[m[K [01;36m[Knote: [m[Kcandidate: ‘[01m[Krclcpp::Client<bumperbot_msgs::srv::AddTwoInts>::SharedFutureAndRequestId::SharedFutureAndRequestId(rclcpp::Client<bumperbot_msgs::srv::AddTwoInts>::SharedFutureAndRequestId&&)[m[K’
[2.089s]   431 |   struct [01;36m[KSharedFutureAndRequestId[m[K
[2.089s]       |          [01;36m[K^~~~~~~~~~~~~~~~~~~~~~~~[m[K
[2.090s] [01m[K/opt/ros/humble/include/rclcpp/rclcpp/client.hpp:431:10:[m[K [01;36m[Knote: [m[K  candidate expects 1 argument, 2 provided
[2.500s] gmake[2]: *** [CMakeFiles/simple_service_client.dir/build.make:76: CMakeFiles/simple_service_client.dir/src/simple_service_client.cpp.o] Error 1
[2.501s] gmake[1]: *** [CMakeFiles/Makefile2:305: CMakeFiles/simple_service_client.dir/all] Error 2
[2.501s] gmake: *** [Makefile:146: all] Error 2
[2.504s] Invoked command in '/home/raz/projects/self_driving_OC_project/bumperbot_ws/build/bumperbot_cpp_examples' returned '2': AMENT_PREFIX_PATH=/home/raz/projects/self_driving_OC_project/bumperbot_ws/install/bumperbot_msgs:${AMENT_PREFIX_PATH} CMAKE_PREFIX_PATH=/home/raz/projects/self_driving_OC_project/bumperbot_ws/install/bumperbot_msgs:/home/raz/PD_Robot/ros2_ws/install/sar_moveit:/home/raz/PD_Robot/ros2_ws/install/sar_description:/home/raz/PD_Robot/ros2_ws/install/sar_cpp_examples:/home/raz/PD_Robot/ros2_ws/install/sar_controller:/home/raz/projects/self_driving_OC_project/bumperbot_ws/install/bumperbot_description:/home/raz/projects/self_driving_OC_project/bumperbot_ws/install/bumperbot_cpp_examples:/home/raz/projects/self_driving_OC_project/bumperbot_ws/install/bumperbot_controller:/home/raz/PD_Robot/ros2_ws/install/sar_py_examples:/home/raz/projects/self_driving_OC_project/bumperbot_ws/install/bumperbot_py_examples:/opt/ros/humble LD_LIBRARY_PATH=/home/raz/projects/self_driving_OC_project/bumperbot_ws/install/bumperbot_msgs/lib:${LD_LIBRARY_PATH} PYTHONPATH=/home/raz/projects/self_driving_OC_project/bumperbot_ws/install/bumperbot_msgs/local/lib/python3.10/dist-packages:${PYTHONPATH} /usr/bin/cmake --build /home/raz/projects/self_driving_OC_project/bumperbot_ws/build/bumperbot_cpp_examples -- -j16 -l16
