[0.032s] Invoking command in '/home/raz/projects/self_driving_OC_project/bumperbot_ws/build/bumperbot_firmware': CMAKE_PREFIX_PATH=${CMAKE_PREFIX_PATH}:/home/raz/PD_Robot/ros2_ws/install/sar_py_examples:/opt/ros/humble /usr/bin/cmake --build /home/raz/projects/self_driving_OC_project/bumperbot_ws/build/bumperbot_firmware -- -j16 -l16
[0.133s] [  0%] Built target ament_cmake_python_copy_bumperbot_firmware
[0.139s] [ 33%] Built target bumperbot_firmware
[0.140s] [ 66%] Built target simple_serial_transmitter
[0.141s] [100%] Built target simple_serial_receiver
[0.409s] running egg_info
[0.410s] writing bumperbot_firmware.egg-info/PKG-INFO
[0.410s] writing dependency_links to bumperbot_firmware.egg-info/dependency_links.txt
[0.410s] writing top-level names to bumperbot_firmware.egg-info/top_level.txt
[0.414s] reading manifest file 'bumperbot_firmware.egg-info/SOURCES.txt'
[0.415s] writing manifest file 'bumperbot_firmware.egg-info/SOURCES.txt'
[0.462s] [100%] Built target ament_cmake_python_build_bumperbot_firmware_egg
[0.484s] Invoked command in '/home/raz/projects/self_driving_OC_project/bumperbot_ws/build/bumperbot_firmware' returned '0': CMAKE_PREFIX_PATH=${CMAKE_PREFIX_PATH}:/home/raz/PD_Robot/ros2_ws/install/sar_py_examples:/opt/ros/humble /usr/bin/cmake --build /home/raz/projects/self_driving_OC_project/bumperbot_ws/build/bumperbot_firmware -- -j16 -l16
[0.486s] Invoking command in '/home/raz/projects/self_driving_OC_project/bumperbot_ws/build/bumperbot_firmware': CMAKE_PREFIX_PATH=${CMAKE_PREFIX_PATH}:/home/raz/PD_Robot/ros2_ws/install/sar_py_examples:/opt/ros/humble /usr/bin/cmake --install /home/raz/projects/self_driving_OC_project/bumperbot_ws/build/bumperbot_firmware
[0.489s] -- Install configuration: ""
[0.489s] -- Up-to-date: /home/raz/projects/self_driving_OC_project/bumperbot_ws/install/bumperbot_firmware/share/bumperbot_firmware/environment/pythonpath.sh
[0.489s] -- Up-to-date: /home/raz/projects/self_driving_OC_project/bumperbot_ws/install/bumperbot_firmware/share/bumperbot_firmware/environment/pythonpath.dsv
[0.489s] -- Up-to-date: /home/raz/projects/self_driving_OC_project/bumperbot_ws/install/bumperbot_firmware/local/lib/python3.10/dist-packages/bumperbot_firmware-0.0.0-py3.10.egg-info
[0.489s] -- Installing: /home/raz/projects/self_driving_OC_project/bumperbot_ws/install/bumperbot_firmware/local/lib/python3.10/dist-packages/bumperbot_firmware-0.0.0-py3.10.egg-info/dependency_links.txt
[0.489s] -- Installing: /home/raz/projects/self_driving_OC_project/bumperbot_ws/install/bumperbot_firmware/local/lib/python3.10/dist-packages/bumperbot_firmware-0.0.0-py3.10.egg-info/top_level.txt
[0.490s] -- Installing: /home/raz/projects/self_driving_OC_project/bumperbot_ws/install/bumperbot_firmware/local/lib/python3.10/dist-packages/bumperbot_firmware-0.0.0-py3.10.egg-info/SOURCES.txt
[0.490s] -- Installing: /home/raz/projects/self_driving_OC_project/bumperbot_ws/install/bumperbot_firmware/local/lib/python3.10/dist-packages/bumperbot_firmware-0.0.0-py3.10.egg-info/PKG-INFO
[0.490s] -- Up-to-date: /home/raz/projects/self_driving_OC_project/bumperbot_ws/install/bumperbot_firmware/local/lib/python3.10/dist-packages/bumperbot_firmware
[0.490s] -- Up-to-date: /home/raz/projects/self_driving_OC_project/bumperbot_ws/install/bumperbot_firmware/local/lib/python3.10/dist-packages/bumperbot_firmware/simple_serial_receiver.py
[0.490s] -- Up-to-date: /home/raz/projects/self_driving_OC_project/bumperbot_ws/install/bumperbot_firmware/local/lib/python3.10/dist-packages/bumperbot_firmware/__init__.py
[0.490s] -- Up-to-date: /home/raz/projects/self_driving_OC_project/bumperbot_ws/install/bumperbot_firmware/local/lib/python3.10/dist-packages/bumperbot_firmware/mpu6050_driver.py
[0.491s] -- Up-to-date: /home/raz/projects/self_driving_OC_project/bumperbot_ws/install/bumperbot_firmware/local/lib/python3.10/dist-packages/bumperbot_firmware/simple_serial_transmitter.py
[0.528s] Listing '/home/raz/projects/self_driving_OC_project/bumperbot_ws/install/bumperbot_firmware/local/lib/python3.10/dist-packages/bumperbot_firmware'...
[0.534s] -- Up-to-date: /home/raz/projects/self_driving_OC_project/bumperbot_ws/install/bumperbot_firmware/share/bumperbot_firmware/bumperbot_interface.xml
[0.534s] -- Up-to-date: /home/raz/projects/self_driving_OC_project/bumperbot_ws/install/bumperbot_firmware/lib/bumperbot_firmware/simple_serial_transmitter
[0.534s] -- Up-to-date: /home/raz/projects/self_driving_OC_project/bumperbot_ws/install/bumperbot_firmware/lib/bumperbot_firmware/simple_serial_receiver
[0.535s] -- Up-to-date: /home/raz/projects/self_driving_OC_project/bumperbot_ws/install/bumperbot_firmware/lib/libbumperbot_firmware.so
[0.535s] -- Up-to-date: /home/raz/projects/self_driving_OC_project/bumperbot_ws/install/bumperbot_firmware/include/include
[0.535s] -- Up-to-date: /home/raz/projects/self_driving_OC_project/bumperbot_ws/install/bumperbot_firmware/include/include/bumperbot_firmware
[0.535s] -- Up-to-date: /home/raz/projects/self_driving_OC_project/bumperbot_ws/install/bumperbot_firmware/include/include/bumperbot_firmware/.gitkeep
[0.535s] -- Up-to-date: /home/raz/projects/self_driving_OC_project/bumperbot_ws/install/bumperbot_firmware/include/include/bumperbot_firmware/bumperbot_interface.hpp
[0.536s] -- Up-to-date: /home/raz/projects/self_driving_OC_project/bumperbot_ws/install/bumperbot_firmware/share/bumperbot_firmware/launch
[0.536s] -- Installing: /home/raz/projects/self_driving_OC_project/bumperbot_ws/install/bumperbot_firmware/share/bumperbot_firmware/launch/hardware_interface.launch.py
[0.536s] -- Up-to-date: /home/raz/projects/self_driving_OC_project/bumperbot_ws/install/bumperbot_firmware/lib/bumperbot_firmware/simple_serial_transmitter.py
[0.536s] -- Up-to-date: /home/raz/projects/self_driving_OC_project/bumperbot_ws/install/bumperbot_firmware/lib/bumperbot_firmware/simple_serial_receiver.py
[0.536s] -- Up-to-date: /home/raz/projects/self_driving_OC_project/bumperbot_ws/install/bumperbot_firmware/lib/bumperbot_firmware/mpu6050_driver.py
[0.536s] -- Up-to-date: /home/raz/projects/self_driving_OC_project/bumperbot_ws/install/bumperbot_firmware/share/bumperbot_firmware/environment/library_path.sh
[0.536s] -- Up-to-date: /home/raz/projects/self_driving_OC_project/bumperbot_ws/install/bumperbot_firmware/share/bumperbot_firmware/environment/library_path.dsv
[0.536s] -- Up-to-date: /home/raz/projects/self_driving_OC_project/bumperbot_ws/install/bumperbot_firmware/share/ament_index/resource_index/package_run_dependencies/bumperbot_firmware
[0.536s] -- Up-to-date: /home/raz/projects/self_driving_OC_project/bumperbot_ws/install/bumperbot_firmware/share/ament_index/resource_index/parent_prefix_path/bumperbot_firmware
[0.537s] -- Up-to-date: /home/raz/projects/self_driving_OC_project/bumperbot_ws/install/bumperbot_firmware/share/bumperbot_firmware/environment/ament_prefix_path.sh
[0.537s] -- Up-to-date: /home/raz/projects/self_driving_OC_project/bumperbot_ws/install/bumperbot_firmware/share/bumperbot_firmware/environment/ament_prefix_path.dsv
[0.537s] -- Up-to-date: /home/raz/projects/self_driving_OC_project/bumperbot_ws/install/bumperbot_firmware/share/bumperbot_firmware/environment/path.sh
[0.537s] -- Up-to-date: /home/raz/projects/self_driving_OC_project/bumperbot_ws/install/bumperbot_firmware/share/bumperbot_firmware/environment/path.dsv
[0.537s] -- Up-to-date: /home/raz/projects/self_driving_OC_project/bumperbot_ws/install/bumperbot_firmware/share/bumperbot_firmware/local_setup.bash
[0.537s] -- Up-to-date: /home/raz/projects/self_driving_OC_project/bumperbot_ws/install/bumperbot_firmware/share/bumperbot_firmware/local_setup.sh
[0.537s] -- Up-to-date: /home/raz/projects/self_driving_OC_project/bumperbot_ws/install/bumperbot_firmware/share/bumperbot_firmware/local_setup.zsh
[0.537s] -- Up-to-date: /home/raz/projects/self_driving_OC_project/bumperbot_ws/install/bumperbot_firmware/share/bumperbot_firmware/local_setup.dsv
[0.537s] -- Installing: /home/raz/projects/self_driving_OC_project/bumperbot_ws/install/bumperbot_firmware/share/bumperbot_firmware/package.dsv
[0.537s] -- Up-to-date: /home/raz/projects/self_driving_OC_project/bumperbot_ws/install/bumperbot_firmware/share/ament_index/resource_index/packages/bumperbot_firmware
[0.537s] -- Up-to-date: /home/raz/projects/self_driving_OC_project/bumperbot_ws/install/bumperbot_firmware/share/ament_index/resource_index/hardware_interface__pluginlib__plugin/bumperbot_firmware
[0.537s] -- Up-to-date: /home/raz/projects/self_driving_OC_project/bumperbot_ws/install/bumperbot_firmware/share/bumperbot_firmware/cmake/ament_cmake_export_include_directories-extras.cmake
[0.537s] -- Up-to-date: /home/raz/projects/self_driving_OC_project/bumperbot_ws/install/bumperbot_firmware/share/bumperbot_firmware/cmake/ament_cmake_export_libraries-extras.cmake
[0.537s] -- Up-to-date: /home/raz/projects/self_driving_OC_project/bumperbot_ws/install/bumperbot_firmware/share/bumperbot_firmware/cmake/ament_cmake_export_dependencies-extras.cmake
[0.537s] -- Up-to-date: /home/raz/projects/self_driving_OC_project/bumperbot_ws/install/bumperbot_firmware/share/bumperbot_firmware/cmake/bumperbot_firmwareConfig.cmake
[0.537s] -- Up-to-date: /home/raz/projects/self_driving_OC_project/bumperbot_ws/install/bumperbot_firmware/share/bumperbot_firmware/cmake/bumperbot_firmwareConfig-version.cmake
[0.538s] -- Up-to-date: /home/raz/projects/self_driving_OC_project/bumperbot_ws/install/bumperbot_firmware/share/bumperbot_firmware/package.xml
[0.593s] Invoked command in '/home/raz/projects/self_driving_OC_project/bumperbot_ws/build/bumperbot_firmware' returned '0': CMAKE_PREFIX_PATH=${CMAKE_PREFIX_PATH}:/home/raz/PD_Robot/ros2_ws/install/sar_py_examples:/opt/ros/humble /usr/bin/cmake --install /home/raz/projects/self_driving_OC_project/bumperbot_ws/build/bumperbot_firmware
