[0.095s] DEBUG:colcon:Command line arguments: ['/usr/bin/colcon', 'build', '--symlink-install']
[0.096s] DEBUG:colcon:Parsed command line arguments: Namespace(log_base=None, log_level=None, verb_name='build', build_base='build', install_base='install', merge_install=False, symlink_install=True, test_result_base=None, continue_on_error=False, executor='parallel', parallel_workers=16, event_handlers=None, ignore_user_meta=False, metas=['./colcon.meta'], base_paths=['.'], packages_ignore=None, packages_ignore_regex=None, paths=None, packages_up_to=None, packages_up_to_regex=None, packages_above=None, packages_above_and_dependencies=None, packages_above_depth=None, packages_select_by_dep=None, packages_skip_by_dep=None, packages_skip_up_to=None, packages_select_build_failed=False, packages_skip_build_finished=False, packages_select_test_failures=False, packages_skip_test_passed=False, packages_select=None, packages_skip=None, packages_select_regex=None, packages_skip_regex=None, packages_start=None, packages_end=None, allow_overriding=[], cmake_args=None, cmake_target=None, cmake_target_skip_unavailable=False, cmake_clean_cache=False, cmake_clean_first=False, cmake_force_configure=False, ament_cmake_args=None, catkin_cmake_args=None, catkin_skip_building_tests=False, mixin_files=None, mixin=None, verb_parser=<colcon_mixin.mixin.mixin_argument.MixinArgumentDecorator object at 0x7f93d313b3a0>, verb_extension=<colcon_core.verb.build.BuildVerb object at 0x7f93d32842e0>, main=<bound method BuildVerb.main of <colcon_core.verb.build.BuildVerb object at 0x7f93d32842e0>>, mixin_verb=('build',))
[0.246s] Level 1:colcon.colcon_core.package_discovery:discover_packages(colcon_meta) check parameters
[0.246s] Level 1:colcon.colcon_core.package_discovery:discover_packages(recursive) check parameters
[0.246s] Level 1:colcon.colcon_core.package_discovery:discover_packages(ignore) check parameters
[0.246s] Level 1:colcon.colcon_core.package_discovery:discover_packages(path) check parameters
[0.246s] Level 1:colcon.colcon_core.package_discovery:discover_packages(colcon_meta) discover
[0.246s] Level 1:colcon.colcon_core.package_discovery:discover_packages(recursive) discover
[0.246s] INFO:colcon.colcon_core.package_discovery:Crawling recursively for packages in '/home/raz/projects/self_driving_OC_project/bumperbot_ws'
[0.246s] Level 1:colcon.colcon_core.package_identification:_identify(.) by extensions ['ignore', 'ignore_ament_install']
[0.246s] Level 1:colcon.colcon_core.package_identification:_identify(.) by extension 'ignore'
[0.246s] Level 1:colcon.colcon_core.package_identification:_identify(.) by extension 'ignore_ament_install'
[0.246s] Level 1:colcon.colcon_core.package_identification:_identify(.) by extensions ['colcon_pkg']
[0.246s] Level 1:colcon.colcon_core.package_identification:_identify(.) by extension 'colcon_pkg'
[0.246s] Level 1:colcon.colcon_core.package_identification:_identify(.) by extensions ['colcon_meta']
[0.246s] Level 1:colcon.colcon_core.package_identification:_identify(.) by extension 'colcon_meta'
[0.246s] Level 1:colcon.colcon_core.package_identification:_identify(.) by extensions ['ros']
[0.246s] Level 1:colcon.colcon_core.package_identification:_identify(.) by extension 'ros'
[0.256s] Level 1:colcon.colcon_core.package_identification:_identify(.) by extensions ['cmake', 'python']
[0.256s] Level 1:colcon.colcon_core.package_identification:_identify(.) by extension 'cmake'
[0.256s] Level 1:colcon.colcon_core.package_identification:_identify(.) by extension 'python'
[0.256s] Level 1:colcon.colcon_core.package_identification:_identify(.) by extensions ['python_setup_py']
[0.256s] Level 1:colcon.colcon_core.package_identification:_identify(.) by extension 'python_setup_py'
[0.256s] Level 1:colcon.colcon_core.package_identification:_identify(build) by extensions ['ignore', 'ignore_ament_install']
[0.256s] Level 1:colcon.colcon_core.package_identification:_identify(build) by extension 'ignore'
[0.256s] Level 1:colcon.colcon_core.package_identification:_identify(build) ignored
[0.256s] Level 1:colcon.colcon_core.package_identification:_identify(install) by extensions ['ignore', 'ignore_ament_install']
[0.256s] Level 1:colcon.colcon_core.package_identification:_identify(install) by extension 'ignore'
[0.256s] Level 1:colcon.colcon_core.package_identification:_identify(install) ignored
[0.256s] Level 1:colcon.colcon_core.package_identification:_identify(log) by extensions ['ignore', 'ignore_ament_install']
[0.257s] Level 1:colcon.colcon_core.package_identification:_identify(log) by extension 'ignore'
[0.257s] Level 1:colcon.colcon_core.package_identification:_identify(log) ignored
[0.257s] Level 1:colcon.colcon_core.package_identification:_identify(src) by extensions ['ignore', 'ignore_ament_install']
[0.257s] Level 1:colcon.colcon_core.package_identification:_identify(src) by extension 'ignore'
[0.257s] Level 1:colcon.colcon_core.package_identification:_identify(src) by extension 'ignore_ament_install'
[0.257s] Level 1:colcon.colcon_core.package_identification:_identify(src) by extensions ['colcon_pkg']
[0.257s] Level 1:colcon.colcon_core.package_identification:_identify(src) by extension 'colcon_pkg'
[0.257s] Level 1:colcon.colcon_core.package_identification:_identify(src) by extensions ['colcon_meta']
[0.257s] Level 1:colcon.colcon_core.package_identification:_identify(src) by extension 'colcon_meta'
[0.257s] Level 1:colcon.colcon_core.package_identification:_identify(src) by extensions ['ros']
[0.257s] Level 1:colcon.colcon_core.package_identification:_identify(src) by extension 'ros'
[0.257s] Level 1:colcon.colcon_core.package_identification:_identify(src) by extensions ['cmake', 'python']
[0.257s] Level 1:colcon.colcon_core.package_identification:_identify(src) by extension 'cmake'
[0.257s] Level 1:colcon.colcon_core.package_identification:_identify(src) by extension 'python'
[0.257s] Level 1:colcon.colcon_core.package_identification:_identify(src) by extensions ['python_setup_py']
[0.257s] Level 1:colcon.colcon_core.package_identification:_identify(src) by extension 'python_setup_py'
[0.257s] Level 1:colcon.colcon_core.package_identification:_identify(src/bumperbot_controller) by extensions ['ignore', 'ignore_ament_install']
[0.257s] Level 1:colcon.colcon_core.package_identification:_identify(src/bumperbot_controller) by extension 'ignore'
[0.257s] Level 1:colcon.colcon_core.package_identification:_identify(src/bumperbot_controller) by extension 'ignore_ament_install'
[0.257s] Level 1:colcon.colcon_core.package_identification:_identify(src/bumperbot_controller) by extensions ['colcon_pkg']
[0.257s] Level 1:colcon.colcon_core.package_identification:_identify(src/bumperbot_controller) by extension 'colcon_pkg'
[0.257s] Level 1:colcon.colcon_core.package_identification:_identify(src/bumperbot_controller) by extensions ['colcon_meta']
[0.257s] Level 1:colcon.colcon_core.package_identification:_identify(src/bumperbot_controller) by extension 'colcon_meta'
[0.257s] Level 1:colcon.colcon_core.package_identification:_identify(src/bumperbot_controller) by extensions ['ros']
[0.257s] Level 1:colcon.colcon_core.package_identification:_identify(src/bumperbot_controller) by extension 'ros'
[0.272s] DEBUG:colcon.colcon_core.package_identification:Package 'src/bumperbot_controller' with type 'ros.ament_cmake' and name 'bumperbot_controller'
[0.272s] Level 1:colcon.colcon_core.package_identification:_identify(src/bumperbot_cpp_examples) by extensions ['ignore', 'ignore_ament_install']
[0.272s] Level 1:colcon.colcon_core.package_identification:_identify(src/bumperbot_cpp_examples) by extension 'ignore'
[0.272s] Level 1:colcon.colcon_core.package_identification:_identify(src/bumperbot_cpp_examples) by extension 'ignore_ament_install'
[0.272s] Level 1:colcon.colcon_core.package_identification:_identify(src/bumperbot_cpp_examples) by extensions ['colcon_pkg']
[0.272s] Level 1:colcon.colcon_core.package_identification:_identify(src/bumperbot_cpp_examples) by extension 'colcon_pkg'
[0.272s] Level 1:colcon.colcon_core.package_identification:_identify(src/bumperbot_cpp_examples) by extensions ['colcon_meta']
[0.272s] Level 1:colcon.colcon_core.package_identification:_identify(src/bumperbot_cpp_examples) by extension 'colcon_meta'
[0.272s] Level 1:colcon.colcon_core.package_identification:_identify(src/bumperbot_cpp_examples) by extensions ['ros']
[0.272s] Level 1:colcon.colcon_core.package_identification:_identify(src/bumperbot_cpp_examples) by extension 'ros'
[0.273s] DEBUG:colcon.colcon_core.package_identification:Package 'src/bumperbot_cpp_examples' with type 'ros.ament_cmake' and name 'bumperbot_cpp_examples'
[0.273s] Level 1:colcon.colcon_core.package_identification:_identify(src/bumperbot_description) by extensions ['ignore', 'ignore_ament_install']
[0.273s] Level 1:colcon.colcon_core.package_identification:_identify(src/bumperbot_description) by extension 'ignore'
[0.273s] Level 1:colcon.colcon_core.package_identification:_identify(src/bumperbot_description) by extension 'ignore_ament_install'
[0.273s] Level 1:colcon.colcon_core.package_identification:_identify(src/bumperbot_description) by extensions ['colcon_pkg']
[0.273s] Level 1:colcon.colcon_core.package_identification:_identify(src/bumperbot_description) by extension 'colcon_pkg'
[0.273s] Level 1:colcon.colcon_core.package_identification:_identify(src/bumperbot_description) by extensions ['colcon_meta']
[0.273s] Level 1:colcon.colcon_core.package_identification:_identify(src/bumperbot_description) by extension 'colcon_meta'
[0.273s] Level 1:colcon.colcon_core.package_identification:_identify(src/bumperbot_description) by extensions ['ros']
[0.273s] Level 1:colcon.colcon_core.package_identification:_identify(src/bumperbot_description) by extension 'ros'
[0.275s] DEBUG:colcon.colcon_core.package_identification:Package 'src/bumperbot_description' with type 'ros.ament_cmake' and name 'bumperbot_description'
[0.276s] Level 1:colcon.colcon_core.package_identification:_identify(src/bumperbot_py_examples) by extensions ['ignore', 'ignore_ament_install']
[0.276s] Level 1:colcon.colcon_core.package_identification:_identify(src/bumperbot_py_examples) by extension 'ignore'
[0.276s] Level 1:colcon.colcon_core.package_identification:_identify(src/bumperbot_py_examples) by extension 'ignore_ament_install'
[0.276s] Level 1:colcon.colcon_core.package_identification:_identify(src/bumperbot_py_examples) by extensions ['colcon_pkg']
[0.276s] Level 1:colcon.colcon_core.package_identification:_identify(src/bumperbot_py_examples) by extension 'colcon_pkg'
[0.276s] Level 1:colcon.colcon_core.package_identification:_identify(src/bumperbot_py_examples) by extensions ['colcon_meta']
[0.276s] Level 1:colcon.colcon_core.package_identification:_identify(src/bumperbot_py_examples) by extension 'colcon_meta'
[0.276s] Level 1:colcon.colcon_core.package_identification:_identify(src/bumperbot_py_examples) by extensions ['ros']
[0.276s] Level 1:colcon.colcon_core.package_identification:_identify(src/bumperbot_py_examples) by extension 'ros'
[0.277s] DEBUG:colcon.colcon_core.package_identification:Package 'src/bumperbot_py_examples' with type 'ros.ament_python' and name 'bumperbot_py_examples'
[0.277s] Level 1:colcon.colcon_core.package_discovery:discover_packages(recursive) using defaults
[0.277s] Level 1:colcon.colcon_core.package_discovery:discover_packages(ignore) discover
[0.277s] Level 1:colcon.colcon_core.package_discovery:discover_packages(ignore) using defaults
[0.277s] Level 1:colcon.colcon_core.package_discovery:discover_packages(path) discover
[0.277s] Level 1:colcon.colcon_core.package_discovery:discover_packages(path) using defaults
[0.293s] Level 1:colcon.colcon_core.package_discovery:discover_packages(prefix_path) check parameters
[0.293s] Level 1:colcon.colcon_core.package_discovery:discover_packages(prefix_path) discover
[0.295s] DEBUG:colcon.colcon_installed_package_information.package_discovery:Found 4 installed packages in /home/raz/projects/self_driving_OC_project/bumperbot_ws/install
[0.296s] DEBUG:colcon.colcon_installed_package_information.package_discovery:Found 5 installed packages in /home/raz/PD_Robot/ros2_ws/install
[0.297s] DEBUG:colcon.colcon_installed_package_information.package_discovery:Found 421 installed packages in /opt/ros/humble
[0.300s] Level 1:colcon.colcon_core.package_discovery:discover_packages(prefix_path) using defaults
[0.341s] Level 5:colcon.colcon_core.verb:set package 'bumperbot_controller' build argument 'cmake_args' from command line to 'None'
[0.341s] Level 5:colcon.colcon_core.verb:set package 'bumperbot_controller' build argument 'cmake_target' from command line to 'None'
[0.341s] Level 5:colcon.colcon_core.verb:set package 'bumperbot_controller' build argument 'cmake_target_skip_unavailable' from command line to 'False'
[0.341s] Level 5:colcon.colcon_core.verb:set package 'bumperbot_controller' build argument 'cmake_clean_cache' from command line to 'False'
[0.341s] Level 5:colcon.colcon_core.verb:set package 'bumperbot_controller' build argument 'cmake_clean_first' from command line to 'False'
[0.341s] Level 5:colcon.colcon_core.verb:set package 'bumperbot_controller' build argument 'cmake_force_configure' from command line to 'False'
[0.341s] Level 5:colcon.colcon_core.verb:set package 'bumperbot_controller' build argument 'ament_cmake_args' from command line to 'None'
[0.341s] Level 5:colcon.colcon_core.verb:set package 'bumperbot_controller' build argument 'catkin_cmake_args' from command line to 'None'
[0.341s] Level 5:colcon.colcon_core.verb:set package 'bumperbot_controller' build argument 'catkin_skip_building_tests' from command line to 'False'
[0.341s] DEBUG:colcon.colcon_core.verb:Building package 'bumperbot_controller' with the following arguments: {'ament_cmake_args': None, 'build_base': '/home/raz/projects/self_driving_OC_project/bumperbot_ws/build/bumperbot_controller', 'catkin_cmake_args': None, 'catkin_skip_building_tests': False, 'cmake_args': None, 'cmake_clean_cache': False, 'cmake_clean_first': False, 'cmake_force_configure': False, 'cmake_target': None, 'cmake_target_skip_unavailable': False, 'install_base': '/home/raz/projects/self_driving_OC_project/bumperbot_ws/install/bumperbot_controller', 'merge_install': False, 'path': '/home/raz/projects/self_driving_OC_project/bumperbot_ws/src/bumperbot_controller', 'symlink_install': True, 'test_result_base': None}
[0.342s] Level 5:colcon.colcon_core.verb:set package 'bumperbot_cpp_examples' build argument 'cmake_args' from command line to 'None'
[0.342s] Level 5:colcon.colcon_core.verb:set package 'bumperbot_cpp_examples' build argument 'cmake_target' from command line to 'None'
[0.342s] Level 5:colcon.colcon_core.verb:set package 'bumperbot_cpp_examples' build argument 'cmake_target_skip_unavailable' from command line to 'False'
[0.342s] Level 5:colcon.colcon_core.verb:set package 'bumperbot_cpp_examples' build argument 'cmake_clean_cache' from command line to 'False'
[0.342s] Level 5:colcon.colcon_core.verb:set package 'bumperbot_cpp_examples' build argument 'cmake_clean_first' from command line to 'False'
[0.342s] Level 5:colcon.colcon_core.verb:set package 'bumperbot_cpp_examples' build argument 'cmake_force_configure' from command line to 'False'
[0.342s] Level 5:colcon.colcon_core.verb:set package 'bumperbot_cpp_examples' build argument 'ament_cmake_args' from command line to 'None'
[0.342s] Level 5:colcon.colcon_core.verb:set package 'bumperbot_cpp_examples' build argument 'catkin_cmake_args' from command line to 'None'
[0.342s] Level 5:colcon.colcon_core.verb:set package 'bumperbot_cpp_examples' build argument 'catkin_skip_building_tests' from command line to 'False'
[0.342s] DEBUG:colcon.colcon_core.verb:Building package 'bumperbot_cpp_examples' with the following arguments: {'ament_cmake_args': None, 'build_base': '/home/raz/projects/self_driving_OC_project/bumperbot_ws/build/bumperbot_cpp_examples', 'catkin_cmake_args': None, 'catkin_skip_building_tests': False, 'cmake_args': None, 'cmake_clean_cache': False, 'cmake_clean_first': False, 'cmake_force_configure': False, 'cmake_target': None, 'cmake_target_skip_unavailable': False, 'install_base': '/home/raz/projects/self_driving_OC_project/bumperbot_ws/install/bumperbot_cpp_examples', 'merge_install': False, 'path': '/home/raz/projects/self_driving_OC_project/bumperbot_ws/src/bumperbot_cpp_examples', 'symlink_install': True, 'test_result_base': None}
[0.342s] Level 5:colcon.colcon_core.verb:set package 'bumperbot_description' build argument 'cmake_args' from command line to 'None'
[0.342s] Level 5:colcon.colcon_core.verb:set package 'bumperbot_description' build argument 'cmake_target' from command line to 'None'
[0.342s] Level 5:colcon.colcon_core.verb:set package 'bumperbot_description' build argument 'cmake_target_skip_unavailable' from command line to 'False'
[0.342s] Level 5:colcon.colcon_core.verb:set package 'bumperbot_description' build argument 'cmake_clean_cache' from command line to 'False'
[0.342s] Level 5:colcon.colcon_core.verb:set package 'bumperbot_description' build argument 'cmake_clean_first' from command line to 'False'
[0.342s] Level 5:colcon.colcon_core.verb:set package 'bumperbot_description' build argument 'cmake_force_configure' from command line to 'False'
[0.342s] Level 5:colcon.colcon_core.verb:set package 'bumperbot_description' build argument 'ament_cmake_args' from command line to 'None'
[0.342s] Level 5:colcon.colcon_core.verb:set package 'bumperbot_description' build argument 'catkin_cmake_args' from command line to 'None'
[0.342s] Level 5:colcon.colcon_core.verb:set package 'bumperbot_description' build argument 'catkin_skip_building_tests' from command line to 'False'
[0.342s] DEBUG:colcon.colcon_core.verb:Building package 'bumperbot_description' with the following arguments: {'ament_cmake_args': None, 'build_base': '/home/raz/projects/self_driving_OC_project/bumperbot_ws/build/bumperbot_description', 'catkin_cmake_args': None, 'catkin_skip_building_tests': False, 'cmake_args': None, 'cmake_clean_cache': False, 'cmake_clean_first': False, 'cmake_force_configure': False, 'cmake_target': None, 'cmake_target_skip_unavailable': False, 'install_base': '/home/raz/projects/self_driving_OC_project/bumperbot_ws/install/bumperbot_description', 'merge_install': False, 'path': '/home/raz/projects/self_driving_OC_project/bumperbot_ws/src/bumperbot_description', 'symlink_install': True, 'test_result_base': None}
[0.343s] Level 5:colcon.colcon_core.verb:set package 'bumperbot_py_examples' build argument 'cmake_args' from command line to 'None'
[0.343s] Level 5:colcon.colcon_core.verb:set package 'bumperbot_py_examples' build argument 'cmake_target' from command line to 'None'
[0.343s] Level 5:colcon.colcon_core.verb:set package 'bumperbot_py_examples' build argument 'cmake_target_skip_unavailable' from command line to 'False'
[0.343s] Level 5:colcon.colcon_core.verb:set package 'bumperbot_py_examples' build argument 'cmake_clean_cache' from command line to 'False'
[0.343s] Level 5:colcon.colcon_core.verb:set package 'bumperbot_py_examples' build argument 'cmake_clean_first' from command line to 'False'
[0.343s] Level 5:colcon.colcon_core.verb:set package 'bumperbot_py_examples' build argument 'cmake_force_configure' from command line to 'False'
[0.343s] Level 5:colcon.colcon_core.verb:set package 'bumperbot_py_examples' build argument 'ament_cmake_args' from command line to 'None'
[0.343s] Level 5:colcon.colcon_core.verb:set package 'bumperbot_py_examples' build argument 'catkin_cmake_args' from command line to 'None'
[0.343s] Level 5:colcon.colcon_core.verb:set package 'bumperbot_py_examples' build argument 'catkin_skip_building_tests' from command line to 'False'
[0.343s] DEBUG:colcon.colcon_core.verb:Building package 'bumperbot_py_examples' with the following arguments: {'ament_cmake_args': None, 'build_base': '/home/raz/projects/self_driving_OC_project/bumperbot_ws/build/bumperbot_py_examples', 'catkin_cmake_args': None, 'catkin_skip_building_tests': False, 'cmake_args': None, 'cmake_clean_cache': False, 'cmake_clean_first': False, 'cmake_force_configure': False, 'cmake_target': None, 'cmake_target_skip_unavailable': False, 'install_base': '/home/raz/projects/self_driving_OC_project/bumperbot_ws/install/bumperbot_py_examples', 'merge_install': False, 'path': '/home/raz/projects/self_driving_OC_project/bumperbot_ws/src/bumperbot_py_examples', 'symlink_install': True, 'test_result_base': None}
[0.343s] INFO:colcon.colcon_core.executor:Executing jobs using 'parallel' executor
[0.344s] DEBUG:colcon.colcon_parallel_executor.executor.parallel:run_until_complete
[0.344s] INFO:colcon.colcon_ros.task.ament_cmake.build:Building ROS package in '/home/raz/projects/self_driving_OC_project/bumperbot_ws/src/bumperbot_controller' with build type 'ament_cmake'
[0.344s] INFO:colcon.colcon_cmake.task.cmake.build:Building CMake package in '/home/raz/projects/self_driving_OC_project/bumperbot_ws/src/bumperbot_controller'
[0.346s] INFO:colcon.colcon_core.plugin_system:Skipping extension 'colcon_core.shell.bat': Not used on non-Windows systems
[0.347s] INFO:colcon.colcon_core.shell:Skip shell extension 'powershell' for command environment: Not usable outside of PowerShell
[0.347s] DEBUG:colcon.colcon_core.shell:Skip shell extension 'dsv' for command environment
[0.351s] INFO:colcon.colcon_ros.task.ament_cmake.build:Building ROS package in '/home/raz/projects/self_driving_OC_project/bumperbot_ws/src/bumperbot_cpp_examples' with build type 'ament_cmake'
[0.351s] INFO:colcon.colcon_cmake.task.cmake.build:Building CMake package in '/home/raz/projects/self_driving_OC_project/bumperbot_ws/src/bumperbot_cpp_examples'
[0.351s] INFO:colcon.colcon_core.shell:Skip shell extension 'powershell' for command environment: Not usable outside of PowerShell
[0.352s] DEBUG:colcon.colcon_core.shell:Skip shell extension 'dsv' for command environment
[0.357s] INFO:colcon.colcon_ros.task.ament_cmake.build:Building ROS package in '/home/raz/projects/self_driving_OC_project/bumperbot_ws/src/bumperbot_description' with build type 'ament_cmake'
[0.357s] INFO:colcon.colcon_cmake.task.cmake.build:Building CMake package in '/home/raz/projects/self_driving_OC_project/bumperbot_ws/src/bumperbot_description'
[0.357s] INFO:colcon.colcon_core.shell:Skip shell extension 'powershell' for command environment: Not usable outside of PowerShell
[0.357s] DEBUG:colcon.colcon_core.shell:Skip shell extension 'dsv' for command environment
[0.361s] INFO:colcon.colcon_ros.task.ament_python.build:Building ROS package in '/home/raz/projects/self_driving_OC_project/bumperbot_ws/src/bumperbot_py_examples' with build type 'ament_python'
[0.362s] Level 1:colcon.colcon_core.shell:create_environment_hook('bumperbot_py_examples', 'ament_prefix_path')
[0.362s] INFO:colcon.colcon_core.shell:Creating environment hook '/home/raz/projects/self_driving_OC_project/bumperbot_ws/install/bumperbot_py_examples/share/bumperbot_py_examples/hook/ament_prefix_path.ps1'
[0.362s] INFO:colcon.colcon_core.shell:Creating environment descriptor '/home/raz/projects/self_driving_OC_project/bumperbot_ws/install/bumperbot_py_examples/share/bumperbot_py_examples/hook/ament_prefix_path.dsv'
[0.363s] INFO:colcon.colcon_core.shell:Creating environment hook '/home/raz/projects/self_driving_OC_project/bumperbot_ws/install/bumperbot_py_examples/share/bumperbot_py_examples/hook/ament_prefix_path.sh'
[0.363s] INFO:colcon.colcon_core.shell:Skip shell extension 'powershell' for command environment: Not usable outside of PowerShell
[0.363s] DEBUG:colcon.colcon_core.shell:Skip shell extension 'dsv' for command environment
[0.374s] DEBUG:colcon.colcon_core.event_handler.log_command:Invoking command in '/home/raz/projects/self_driving_OC_project/bumperbot_ws/build/bumperbot_controller': CMAKE_PREFIX_PATH=${CMAKE_PREFIX_PATH}:/home/raz/PD_Robot/ros2_ws/install/sar_py_examples:/home/raz/projects/self_driving_OC_project/bumperbot_ws/install/bumperbot_py_examples:/opt/ros/humble /usr/bin/cmake --build /home/raz/projects/self_driving_OC_project/bumperbot_ws/build/bumperbot_controller -- -j16 -l16
[0.377s] DEBUG:colcon.colcon_core.event_handler.log_command:Invoking command in '/home/raz/projects/self_driving_OC_project/bumperbot_ws/build/bumperbot_cpp_examples': CMAKE_PREFIX_PATH=${CMAKE_PREFIX_PATH}:/home/raz/PD_Robot/ros2_ws/install/sar_py_examples:/home/raz/projects/self_driving_OC_project/bumperbot_ws/install/bumperbot_py_examples:/opt/ros/humble /usr/bin/cmake --build /home/raz/projects/self_driving_OC_project/bumperbot_ws/build/bumperbot_cpp_examples -- -j16 -l16
[0.382s] DEBUG:colcon.colcon_core.event_handler.log_command:Invoking command in '/home/raz/projects/self_driving_OC_project/bumperbot_ws/build/bumperbot_description': CMAKE_PREFIX_PATH=${CMAKE_PREFIX_PATH}:/home/raz/PD_Robot/ros2_ws/install/sar_py_examples:/home/raz/projects/self_driving_OC_project/bumperbot_ws/install/bumperbot_py_examples:/opt/ros/humble /usr/bin/cmake --build /home/raz/projects/self_driving_OC_project/bumperbot_ws/build/bumperbot_description -- -j16 -l16
[0.642s] INFO:colcon.colcon_core.task.python.build:Building Python package in '/home/raz/projects/self_driving_OC_project/bumperbot_ws/src/bumperbot_py_examples'
[0.643s] INFO:colcon.colcon_core.shell:Skip shell extension 'powershell' for command environment: Not usable outside of PowerShell
[0.643s] DEBUG:colcon.colcon_core.shell:Skip shell extension 'dsv' for command environment
[0.649s] DEBUG:colcon.colcon_core.event_handler.log_command:Invoked command in '/home/raz/projects/self_driving_OC_project/bumperbot_ws/build/bumperbot_cpp_examples' returned '0': CMAKE_PREFIX_PATH=${CMAKE_PREFIX_PATH}:/home/raz/PD_Robot/ros2_ws/install/sar_py_examples:/home/raz/projects/self_driving_OC_project/bumperbot_ws/install/bumperbot_py_examples:/opt/ros/humble /usr/bin/cmake --build /home/raz/projects/self_driving_OC_project/bumperbot_ws/build/bumperbot_cpp_examples -- -j16 -l16
[0.660s] DEBUG:colcon.colcon_core.event_handler.log_command:Invoking command in '/home/raz/projects/self_driving_OC_project/bumperbot_ws/build/bumperbot_cpp_examples': CMAKE_PREFIX_PATH=${CMAKE_PREFIX_PATH}:/home/raz/PD_Robot/ros2_ws/install/sar_py_examples:/home/raz/projects/self_driving_OC_project/bumperbot_ws/install/bumperbot_py_examples:/opt/ros/humble /usr/bin/cmake --install /home/raz/projects/self_driving_OC_project/bumperbot_ws/build/bumperbot_cpp_examples
[0.663s] DEBUG:colcon.colcon_core.event_handler.log_command:Invoked command in '/home/raz/projects/self_driving_OC_project/bumperbot_ws/build/bumperbot_description' returned '0': CMAKE_PREFIX_PATH=${CMAKE_PREFIX_PATH}:/home/raz/PD_Robot/ros2_ws/install/sar_py_examples:/home/raz/projects/self_driving_OC_project/bumperbot_ws/install/bumperbot_py_examples:/opt/ros/humble /usr/bin/cmake --build /home/raz/projects/self_driving_OC_project/bumperbot_ws/build/bumperbot_description -- -j16 -l16
[0.664s] DEBUG:colcon.colcon_core.event_handler.log_command:Invoking command in '/home/raz/projects/self_driving_OC_project/bumperbot_ws/build/bumperbot_description': CMAKE_PREFIX_PATH=${CMAKE_PREFIX_PATH}:/home/raz/PD_Robot/ros2_ws/install/sar_py_examples:/home/raz/projects/self_driving_OC_project/bumperbot_ws/install/bumperbot_py_examples:/opt/ros/humble /usr/bin/cmake --install /home/raz/projects/self_driving_OC_project/bumperbot_ws/build/bumperbot_description
[0.686s] Level 1:colcon.colcon_core.environment:create_environment_scripts_only(bumperbot_cpp_examples)
[0.687s] DEBUG:colcon.colcon_core.event_handler.log_command:Invoked command in '/home/raz/projects/self_driving_OC_project/bumperbot_ws/build/bumperbot_cpp_examples' returned '0': CMAKE_PREFIX_PATH=${CMAKE_PREFIX_PATH}:/home/raz/PD_Robot/ros2_ws/install/sar_py_examples:/home/raz/projects/self_driving_OC_project/bumperbot_ws/install/bumperbot_py_examples:/opt/ros/humble /usr/bin/cmake --install /home/raz/projects/self_driving_OC_project/bumperbot_ws/build/bumperbot_cpp_examples
[0.690s] Level 1:colcon.colcon_core.environment:checking '/home/raz/projects/self_driving_OC_project/bumperbot_ws/install/bumperbot_cpp_examples' for CMake module files
[0.690s] Level 1:colcon.colcon_core.environment:checking '/home/raz/projects/self_driving_OC_project/bumperbot_ws/install/bumperbot_cpp_examples' for CMake config files
[0.690s] Level 1:colcon.colcon_core.shell:create_environment_hook('bumperbot_cpp_examples', 'cmake_prefix_path')
[0.691s] INFO:colcon.colcon_core.shell:Creating environment hook '/home/raz/projects/self_driving_OC_project/bumperbot_ws/install/bumperbot_cpp_examples/share/bumperbot_cpp_examples/hook/cmake_prefix_path.ps1'
[0.691s] INFO:colcon.colcon_core.shell:Creating environment descriptor '/home/raz/projects/self_driving_OC_project/bumperbot_ws/install/bumperbot_cpp_examples/share/bumperbot_cpp_examples/hook/cmake_prefix_path.dsv'
[0.692s] INFO:colcon.colcon_core.shell:Creating environment hook '/home/raz/projects/self_driving_OC_project/bumperbot_ws/install/bumperbot_cpp_examples/share/bumperbot_cpp_examples/hook/cmake_prefix_path.sh'
[0.692s] Level 1:colcon.colcon_core.environment:checking '/home/raz/projects/self_driving_OC_project/bumperbot_ws/install/bumperbot_cpp_examples/lib'
[0.692s] Level 1:colcon.colcon_core.environment:checking '/home/raz/projects/self_driving_OC_project/bumperbot_ws/install/bumperbot_cpp_examples/bin'
[0.693s] Level 1:colcon.colcon_core.environment:checking '/home/raz/projects/self_driving_OC_project/bumperbot_ws/install/bumperbot_cpp_examples/lib/pkgconfig/bumperbot_cpp_examples.pc'
[0.693s] Level 1:colcon.colcon_core.environment:checking '/home/raz/projects/self_driving_OC_project/bumperbot_ws/install/bumperbot_cpp_examples/lib/python3.10/site-packages'
[0.693s] Level 1:colcon.colcon_core.environment:checking '/home/raz/projects/self_driving_OC_project/bumperbot_ws/install/bumperbot_cpp_examples/bin'
[0.693s] INFO:colcon.colcon_core.shell:Creating package script '/home/raz/projects/self_driving_OC_project/bumperbot_ws/install/bumperbot_cpp_examples/share/bumperbot_cpp_examples/package.ps1'
[0.694s] INFO:colcon.colcon_core.shell:Creating package descriptor '/home/raz/projects/self_driving_OC_project/bumperbot_ws/install/bumperbot_cpp_examples/share/bumperbot_cpp_examples/package.dsv'
[0.695s] INFO:colcon.colcon_core.shell:Creating package script '/home/raz/projects/self_driving_OC_project/bumperbot_ws/install/bumperbot_cpp_examples/share/bumperbot_cpp_examples/package.sh'
[0.697s] INFO:colcon.colcon_core.shell:Creating package script '/home/raz/projects/self_driving_OC_project/bumperbot_ws/install/bumperbot_cpp_examples/share/bumperbot_cpp_examples/package.bash'
[0.698s] INFO:colcon.colcon_core.shell:Creating package script '/home/raz/projects/self_driving_OC_project/bumperbot_ws/install/bumperbot_cpp_examples/share/bumperbot_cpp_examples/package.zsh'
[0.699s] Level 1:colcon.colcon_core.environment:create_file_with_runtime_dependencies(/home/raz/projects/self_driving_OC_project/bumperbot_ws/install/bumperbot_cpp_examples/share/colcon-core/packages/bumperbot_cpp_examples)
[0.700s] Level 1:colcon.colcon_core.environment:create_environment_scripts_only(bumperbot_cpp_examples)
[0.700s] Level 1:colcon.colcon_core.environment:checking '/home/raz/projects/self_driving_OC_project/bumperbot_ws/install/bumperbot_cpp_examples' for CMake module files
[0.701s] Level 1:colcon.colcon_core.environment:checking '/home/raz/projects/self_driving_OC_project/bumperbot_ws/install/bumperbot_cpp_examples' for CMake config files
[0.701s] Level 1:colcon.colcon_core.shell:create_environment_hook('bumperbot_cpp_examples', 'cmake_prefix_path')
[0.701s] INFO:colcon.colcon_core.shell:Creating environment hook '/home/raz/projects/self_driving_OC_project/bumperbot_ws/install/bumperbot_cpp_examples/share/bumperbot_cpp_examples/hook/cmake_prefix_path.ps1'
[0.702s] INFO:colcon.colcon_core.shell:Creating environment descriptor '/home/raz/projects/self_driving_OC_project/bumperbot_ws/install/bumperbot_cpp_examples/share/bumperbot_cpp_examples/hook/cmake_prefix_path.dsv'
[0.702s] INFO:colcon.colcon_core.shell:Creating environment hook '/home/raz/projects/self_driving_OC_project/bumperbot_ws/install/bumperbot_cpp_examples/share/bumperbot_cpp_examples/hook/cmake_prefix_path.sh'
[0.703s] Level 1:colcon.colcon_core.environment:checking '/home/raz/projects/self_driving_OC_project/bumperbot_ws/install/bumperbot_cpp_examples/lib'
[0.703s] Level 1:colcon.colcon_core.environment:checking '/home/raz/projects/self_driving_OC_project/bumperbot_ws/install/bumperbot_cpp_examples/bin'
[0.703s] Level 1:colcon.colcon_core.environment:checking '/home/raz/projects/self_driving_OC_project/bumperbot_ws/install/bumperbot_cpp_examples/lib/pkgconfig/bumperbot_cpp_examples.pc'
[0.703s] Level 1:colcon.colcon_core.environment:checking '/home/raz/projects/self_driving_OC_project/bumperbot_ws/install/bumperbot_cpp_examples/lib/python3.10/site-packages'
[0.703s] Level 1:colcon.colcon_core.environment:checking '/home/raz/projects/self_driving_OC_project/bumperbot_ws/install/bumperbot_cpp_examples/bin'
[0.703s] INFO:colcon.colcon_core.shell:Creating package script '/home/raz/projects/self_driving_OC_project/bumperbot_ws/install/bumperbot_cpp_examples/share/bumperbot_cpp_examples/package.ps1'
[0.704s] INFO:colcon.colcon_core.shell:Creating package descriptor '/home/raz/projects/self_driving_OC_project/bumperbot_ws/install/bumperbot_cpp_examples/share/bumperbot_cpp_examples/package.dsv'
[0.704s] INFO:colcon.colcon_core.shell:Creating package script '/home/raz/projects/self_driving_OC_project/bumperbot_ws/install/bumperbot_cpp_examples/share/bumperbot_cpp_examples/package.sh'
[0.705s] INFO:colcon.colcon_core.shell:Creating package script '/home/raz/projects/self_driving_OC_project/bumperbot_ws/install/bumperbot_cpp_examples/share/bumperbot_cpp_examples/package.bash'
[0.705s] INFO:colcon.colcon_core.shell:Creating package script '/home/raz/projects/self_driving_OC_project/bumperbot_ws/install/bumperbot_cpp_examples/share/bumperbot_cpp_examples/package.zsh'
[0.705s] Level 1:colcon.colcon_core.environment:create_file_with_runtime_dependencies(/home/raz/projects/self_driving_OC_project/bumperbot_ws/install/bumperbot_cpp_examples/share/colcon-core/packages/bumperbot_cpp_examples)
[0.706s] Level 1:colcon.colcon_core.environment:create_environment_scripts_only(bumperbot_description)
[0.707s] Level 1:colcon.colcon_core.environment:checking '/home/raz/projects/self_driving_OC_project/bumperbot_ws/install/bumperbot_description' for CMake module files
[0.707s] DEBUG:colcon.colcon_core.event_handler.log_command:Invoked command in '/home/raz/projects/self_driving_OC_project/bumperbot_ws/build/bumperbot_description' returned '0': CMAKE_PREFIX_PATH=${CMAKE_PREFIX_PATH}:/home/raz/PD_Robot/ros2_ws/install/sar_py_examples:/home/raz/projects/self_driving_OC_project/bumperbot_ws/install/bumperbot_py_examples:/opt/ros/humble /usr/bin/cmake --install /home/raz/projects/self_driving_OC_project/bumperbot_ws/build/bumperbot_description
[0.707s] Level 1:colcon.colcon_core.environment:checking '/home/raz/projects/self_driving_OC_project/bumperbot_ws/install/bumperbot_description' for CMake config files
[0.708s] Level 1:colcon.colcon_core.shell:create_environment_hook('bumperbot_description', 'cmake_prefix_path')
[0.708s] INFO:colcon.colcon_core.shell:Creating environment hook '/home/raz/projects/self_driving_OC_project/bumperbot_ws/install/bumperbot_description/share/bumperbot_description/hook/cmake_prefix_path.ps1'
[0.708s] INFO:colcon.colcon_core.shell:Creating environment descriptor '/home/raz/projects/self_driving_OC_project/bumperbot_ws/install/bumperbot_description/share/bumperbot_description/hook/cmake_prefix_path.dsv'
[0.709s] INFO:colcon.colcon_core.shell:Creating environment hook '/home/raz/projects/self_driving_OC_project/bumperbot_ws/install/bumperbot_description/share/bumperbot_description/hook/cmake_prefix_path.sh'
[0.709s] Level 1:colcon.colcon_core.environment:checking '/home/raz/projects/self_driving_OC_project/bumperbot_ws/install/bumperbot_description/bin'
[0.709s] Level 1:colcon.colcon_core.environment:checking '/home/raz/projects/self_driving_OC_project/bumperbot_ws/install/bumperbot_description/lib/pkgconfig/bumperbot_description.pc'
[0.709s] Level 1:colcon.colcon_core.environment:checking '/home/raz/projects/self_driving_OC_project/bumperbot_ws/install/bumperbot_description/lib/python3.10/site-packages'
[0.709s] Level 1:colcon.colcon_core.environment:checking '/home/raz/projects/self_driving_OC_project/bumperbot_ws/install/bumperbot_description/bin'
[0.710s] INFO:colcon.colcon_core.shell:Creating package script '/home/raz/projects/self_driving_OC_project/bumperbot_ws/install/bumperbot_description/share/bumperbot_description/package.ps1'
[0.710s] INFO:colcon.colcon_core.shell:Creating package descriptor '/home/raz/projects/self_driving_OC_project/bumperbot_ws/install/bumperbot_description/share/bumperbot_description/package.dsv'
[0.710s] INFO:colcon.colcon_core.shell:Creating package script '/home/raz/projects/self_driving_OC_project/bumperbot_ws/install/bumperbot_description/share/bumperbot_description/package.sh'
[0.711s] INFO:colcon.colcon_core.shell:Creating package script '/home/raz/projects/self_driving_OC_project/bumperbot_ws/install/bumperbot_description/share/bumperbot_description/package.bash'
[0.711s] INFO:colcon.colcon_core.shell:Creating package script '/home/raz/projects/self_driving_OC_project/bumperbot_ws/install/bumperbot_description/share/bumperbot_description/package.zsh'
[0.711s] Level 1:colcon.colcon_core.environment:create_file_with_runtime_dependencies(/home/raz/projects/self_driving_OC_project/bumperbot_ws/install/bumperbot_description/share/colcon-core/packages/bumperbot_description)
[0.712s] Level 1:colcon.colcon_core.environment:create_environment_scripts_only(bumperbot_description)
[0.712s] Level 1:colcon.colcon_core.environment:checking '/home/raz/projects/self_driving_OC_project/bumperbot_ws/install/bumperbot_description' for CMake module files
[0.713s] Level 1:colcon.colcon_core.environment:checking '/home/raz/projects/self_driving_OC_project/bumperbot_ws/install/bumperbot_description' for CMake config files
[0.713s] Level 1:colcon.colcon_core.shell:create_environment_hook('bumperbot_description', 'cmake_prefix_path')
[0.713s] INFO:colcon.colcon_core.shell:Creating environment hook '/home/raz/projects/self_driving_OC_project/bumperbot_ws/install/bumperbot_description/share/bumperbot_description/hook/cmake_prefix_path.ps1'
[0.714s] INFO:colcon.colcon_core.shell:Creating environment descriptor '/home/raz/projects/self_driving_OC_project/bumperbot_ws/install/bumperbot_description/share/bumperbot_description/hook/cmake_prefix_path.dsv'
[0.714s] INFO:colcon.colcon_core.shell:Creating environment hook '/home/raz/projects/self_driving_OC_project/bumperbot_ws/install/bumperbot_description/share/bumperbot_description/hook/cmake_prefix_path.sh'
[0.714s] Level 1:colcon.colcon_core.environment:checking '/home/raz/projects/self_driving_OC_project/bumperbot_ws/install/bumperbot_description/bin'
[0.715s] Level 1:colcon.colcon_core.environment:checking '/home/raz/projects/self_driving_OC_project/bumperbot_ws/install/bumperbot_description/lib/pkgconfig/bumperbot_description.pc'
[0.715s] Level 1:colcon.colcon_core.environment:checking '/home/raz/projects/self_driving_OC_project/bumperbot_ws/install/bumperbot_description/lib/python3.10/site-packages'
[0.715s] Level 1:colcon.colcon_core.environment:checking '/home/raz/projects/self_driving_OC_project/bumperbot_ws/install/bumperbot_description/bin'
[0.715s] INFO:colcon.colcon_core.shell:Creating package script '/home/raz/projects/self_driving_OC_project/bumperbot_ws/install/bumperbot_description/share/bumperbot_description/package.ps1'
[0.716s] INFO:colcon.colcon_core.shell:Creating package descriptor '/home/raz/projects/self_driving_OC_project/bumperbot_ws/install/bumperbot_description/share/bumperbot_description/package.dsv'
[0.716s] INFO:colcon.colcon_core.shell:Creating package script '/home/raz/projects/self_driving_OC_project/bumperbot_ws/install/bumperbot_description/share/bumperbot_description/package.sh'
[0.716s] INFO:colcon.colcon_core.shell:Creating package script '/home/raz/projects/self_driving_OC_project/bumperbot_ws/install/bumperbot_description/share/bumperbot_description/package.bash'
[0.717s] INFO:colcon.colcon_core.shell:Creating package script '/home/raz/projects/self_driving_OC_project/bumperbot_ws/install/bumperbot_description/share/bumperbot_description/package.zsh'
[0.718s] Level 1:colcon.colcon_core.environment:create_file_with_runtime_dependencies(/home/raz/projects/self_driving_OC_project/bumperbot_ws/install/bumperbot_description/share/colcon-core/packages/bumperbot_description)
[0.730s] DEBUG:colcon.colcon_core.event_handler.log_command:Invoked command in '/home/raz/projects/self_driving_OC_project/bumperbot_ws/build/bumperbot_controller' returned '0': CMAKE_PREFIX_PATH=${CMAKE_PREFIX_PATH}:/home/raz/PD_Robot/ros2_ws/install/sar_py_examples:/home/raz/projects/self_driving_OC_project/bumperbot_ws/install/bumperbot_py_examples:/opt/ros/humble /usr/bin/cmake --build /home/raz/projects/self_driving_OC_project/bumperbot_ws/build/bumperbot_controller -- -j16 -l16
[0.732s] DEBUG:colcon.colcon_core.event_handler.log_command:Invoking command in '/home/raz/projects/self_driving_OC_project/bumperbot_ws/build/bumperbot_controller': CMAKE_PREFIX_PATH=${CMAKE_PREFIX_PATH}:/home/raz/PD_Robot/ros2_ws/install/sar_py_examples:/home/raz/projects/self_driving_OC_project/bumperbot_ws/install/bumperbot_py_examples:/opt/ros/humble /usr/bin/cmake --install /home/raz/projects/self_driving_OC_project/bumperbot_ws/build/bumperbot_controller
[0.833s] Level 1:colcon.colcon_core.environment:create_environment_scripts_only(bumperbot_controller)
[0.834s] Level 1:colcon.colcon_core.environment:checking '/home/raz/projects/self_driving_OC_project/bumperbot_ws/install/bumperbot_controller' for CMake module files
[0.835s] DEBUG:colcon.colcon_core.event_handler.log_command:Invoked command in '/home/raz/projects/self_driving_OC_project/bumperbot_ws/build/bumperbot_controller' returned '0': CMAKE_PREFIX_PATH=${CMAKE_PREFIX_PATH}:/home/raz/PD_Robot/ros2_ws/install/sar_py_examples:/home/raz/projects/self_driving_OC_project/bumperbot_ws/install/bumperbot_py_examples:/opt/ros/humble /usr/bin/cmake --install /home/raz/projects/self_driving_OC_project/bumperbot_ws/build/bumperbot_controller
[0.835s] Level 1:colcon.colcon_core.environment:checking '/home/raz/projects/self_driving_OC_project/bumperbot_ws/install/bumperbot_controller' for CMake config files
[0.835s] Level 1:colcon.colcon_core.shell:create_environment_hook('bumperbot_controller', 'cmake_prefix_path')
[0.836s] INFO:colcon.colcon_core.shell:Creating environment hook '/home/raz/projects/self_driving_OC_project/bumperbot_ws/install/bumperbot_controller/share/bumperbot_controller/hook/cmake_prefix_path.ps1'
[0.836s] INFO:colcon.colcon_core.shell:Creating environment descriptor '/home/raz/projects/self_driving_OC_project/bumperbot_ws/install/bumperbot_controller/share/bumperbot_controller/hook/cmake_prefix_path.dsv'
[0.837s] INFO:colcon.colcon_core.shell:Creating environment hook '/home/raz/projects/self_driving_OC_project/bumperbot_ws/install/bumperbot_controller/share/bumperbot_controller/hook/cmake_prefix_path.sh'
[0.838s] Level 1:colcon.colcon_core.environment:checking '/home/raz/projects/self_driving_OC_project/bumperbot_ws/install/bumperbot_controller/lib'
[0.838s] Level 1:colcon.colcon_core.environment:checking '/home/raz/projects/self_driving_OC_project/bumperbot_ws/install/bumperbot_controller/bin'
[0.838s] Level 1:colcon.colcon_core.environment:checking '/home/raz/projects/self_driving_OC_project/bumperbot_ws/install/bumperbot_controller/lib/pkgconfig/bumperbot_controller.pc'
[0.838s] Level 1:colcon.colcon_core.environment:checking '/home/raz/projects/self_driving_OC_project/bumperbot_ws/install/bumperbot_controller/lib/python3.10/site-packages'
[0.839s] Level 1:colcon.colcon_core.environment:checking '/home/raz/projects/self_driving_OC_project/bumperbot_ws/install/bumperbot_controller/bin'
[0.839s] INFO:colcon.colcon_core.shell:Creating package script '/home/raz/projects/self_driving_OC_project/bumperbot_ws/install/bumperbot_controller/share/bumperbot_controller/package.ps1'
[0.840s] INFO:colcon.colcon_core.shell:Creating package descriptor '/home/raz/projects/self_driving_OC_project/bumperbot_ws/install/bumperbot_controller/share/bumperbot_controller/package.dsv'
[0.841s] INFO:colcon.colcon_core.shell:Creating package script '/home/raz/projects/self_driving_OC_project/bumperbot_ws/install/bumperbot_controller/share/bumperbot_controller/package.sh'
[0.841s] INFO:colcon.colcon_core.shell:Creating package script '/home/raz/projects/self_driving_OC_project/bumperbot_ws/install/bumperbot_controller/share/bumperbot_controller/package.bash'
[0.842s] INFO:colcon.colcon_core.shell:Creating package script '/home/raz/projects/self_driving_OC_project/bumperbot_ws/install/bumperbot_controller/share/bumperbot_controller/package.zsh'
[0.842s] Level 1:colcon.colcon_core.environment:create_file_with_runtime_dependencies(/home/raz/projects/self_driving_OC_project/bumperbot_ws/install/bumperbot_controller/share/colcon-core/packages/bumperbot_controller)
[0.843s] Level 1:colcon.colcon_core.environment:create_environment_scripts_only(bumperbot_controller)
[0.843s] Level 1:colcon.colcon_core.environment:checking '/home/raz/projects/self_driving_OC_project/bumperbot_ws/install/bumperbot_controller' for CMake module files
[0.844s] Level 1:colcon.colcon_core.environment:checking '/home/raz/projects/self_driving_OC_project/bumperbot_ws/install/bumperbot_controller' for CMake config files
[0.844s] Level 1:colcon.colcon_core.shell:create_environment_hook('bumperbot_controller', 'cmake_prefix_path')
[0.844s] INFO:colcon.colcon_core.shell:Creating environment hook '/home/raz/projects/self_driving_OC_project/bumperbot_ws/install/bumperbot_controller/share/bumperbot_controller/hook/cmake_prefix_path.ps1'
[0.845s] INFO:colcon.colcon_core.shell:Creating environment descriptor '/home/raz/projects/self_driving_OC_project/bumperbot_ws/install/bumperbot_controller/share/bumperbot_controller/hook/cmake_prefix_path.dsv'
[0.846s] INFO:colcon.colcon_core.shell:Creating environment hook '/home/raz/projects/self_driving_OC_project/bumperbot_ws/install/bumperbot_controller/share/bumperbot_controller/hook/cmake_prefix_path.sh'
[0.846s] Level 1:colcon.colcon_core.environment:checking '/home/raz/projects/self_driving_OC_project/bumperbot_ws/install/bumperbot_controller/lib'
[0.847s] Level 1:colcon.colcon_core.environment:checking '/home/raz/projects/self_driving_OC_project/bumperbot_ws/install/bumperbot_controller/bin'
[0.847s] Level 1:colcon.colcon_core.environment:checking '/home/raz/projects/self_driving_OC_project/bumperbot_ws/install/bumperbot_controller/lib/pkgconfig/bumperbot_controller.pc'
[0.847s] Level 1:colcon.colcon_core.environment:checking '/home/raz/projects/self_driving_OC_project/bumperbot_ws/install/bumperbot_controller/lib/python3.10/site-packages'
[0.847s] Level 1:colcon.colcon_core.environment:checking '/home/raz/projects/self_driving_OC_project/bumperbot_ws/install/bumperbot_controller/bin'
[0.847s] INFO:colcon.colcon_core.shell:Creating package script '/home/raz/projects/self_driving_OC_project/bumperbot_ws/install/bumperbot_controller/share/bumperbot_controller/package.ps1'
[0.848s] INFO:colcon.colcon_core.shell:Creating package descriptor '/home/raz/projects/self_driving_OC_project/bumperbot_ws/install/bumperbot_controller/share/bumperbot_controller/package.dsv'
[0.849s] INFO:colcon.colcon_core.shell:Creating package script '/home/raz/projects/self_driving_OC_project/bumperbot_ws/install/bumperbot_controller/share/bumperbot_controller/package.sh'
[0.850s] INFO:colcon.colcon_core.shell:Creating package script '/home/raz/projects/self_driving_OC_project/bumperbot_ws/install/bumperbot_controller/share/bumperbot_controller/package.bash'
[0.851s] INFO:colcon.colcon_core.shell:Creating package script '/home/raz/projects/self_driving_OC_project/bumperbot_ws/install/bumperbot_controller/share/bumperbot_controller/package.zsh'
[0.852s] Level 1:colcon.colcon_core.environment:create_file_with_runtime_dependencies(/home/raz/projects/self_driving_OC_project/bumperbot_ws/install/bumperbot_controller/share/colcon-core/packages/bumperbot_controller)
[1.049s] DEBUG:colcon.colcon_core.event_handler.log_command:Invoking command in '/home/raz/projects/self_driving_OC_project/bumperbot_ws/build/bumperbot_py_examples': PYTHONPATH=/home/raz/projects/self_driving_OC_project/bumperbot_ws/build/bumperbot_py_examples/prefix_override:/usr/lib/python3/dist-packages/colcon_core/task/python/colcon_distutils_commands:/home/raz/projects/self_driving_OC_project/bumperbot_ws/install/bumperbot_py_examples/lib/python3.10/site-packages:${PYTHONPATH} /usr/bin/python3 -W ignore:setup.py install is deprecated -W ignore:easy_install command is deprecated setup.py develop --editable --build-directory /home/raz/projects/self_driving_OC_project/bumperbot_ws/build/bumperbot_py_examples/build --no-deps symlink_data
[1.493s] Level 1:colcon.colcon_core.shell:create_environment_hook('bumperbot_py_examples', 'pythonpath_develop')
[1.494s] INFO:colcon.colcon_core.shell:Creating environment hook '/home/raz/projects/self_driving_OC_project/bumperbot_ws/build/bumperbot_py_examples/share/bumperbot_py_examples/hook/pythonpath_develop.ps1'
[1.494s] DEBUG:colcon.colcon_core.event_handler.log_command:Invoked command in '/home/raz/projects/self_driving_OC_project/bumperbot_ws/build/bumperbot_py_examples' returned '0': PYTHONPATH=/home/raz/projects/self_driving_OC_project/bumperbot_ws/build/bumperbot_py_examples/prefix_override:/usr/lib/python3/dist-packages/colcon_core/task/python/colcon_distutils_commands:/home/raz/projects/self_driving_OC_project/bumperbot_ws/install/bumperbot_py_examples/lib/python3.10/site-packages:${PYTHONPATH} /usr/bin/python3 -W ignore:setup.py install is deprecated -W ignore:easy_install command is deprecated setup.py develop --editable --build-directory /home/raz/projects/self_driving_OC_project/bumperbot_ws/build/bumperbot_py_examples/build --no-deps symlink_data
[1.495s] INFO:colcon.colcon_core.shell:Creating environment descriptor '/home/raz/projects/self_driving_OC_project/bumperbot_ws/build/bumperbot_py_examples/share/bumperbot_py_examples/hook/pythonpath_develop.dsv'
[1.495s] INFO:colcon.colcon_core.shell:Creating environment hook '/home/raz/projects/self_driving_OC_project/bumperbot_ws/build/bumperbot_py_examples/share/bumperbot_py_examples/hook/pythonpath_develop.sh'
[1.496s] Level 1:colcon.colcon_core.environment:checking '/home/raz/projects/self_driving_OC_project/bumperbot_ws/install/bumperbot_py_examples' for CMake module files
[1.497s] Level 1:colcon.colcon_core.environment:checking '/home/raz/projects/self_driving_OC_project/bumperbot_ws/install/bumperbot_py_examples' for CMake config files
[1.497s] Level 1:colcon.colcon_core.environment:checking '/home/raz/projects/self_driving_OC_project/bumperbot_ws/install/bumperbot_py_examples/lib'
[1.497s] Level 1:colcon.colcon_core.environment:checking '/home/raz/projects/self_driving_OC_project/bumperbot_ws/install/bumperbot_py_examples/bin'
[1.497s] Level 1:colcon.colcon_core.environment:checking '/home/raz/projects/self_driving_OC_project/bumperbot_ws/install/bumperbot_py_examples/lib/pkgconfig/bumperbot_py_examples.pc'
[1.497s] Level 1:colcon.colcon_core.environment:checking '/home/raz/projects/self_driving_OC_project/bumperbot_ws/install/bumperbot_py_examples/lib/python3.10/site-packages'
[1.497s] Level 1:colcon.colcon_core.shell:create_environment_hook('bumperbot_py_examples', 'pythonpath')
[1.497s] INFO:colcon.colcon_core.shell:Creating environment hook '/home/raz/projects/self_driving_OC_project/bumperbot_ws/install/bumperbot_py_examples/share/bumperbot_py_examples/hook/pythonpath.ps1'
[1.498s] INFO:colcon.colcon_core.shell:Creating environment descriptor '/home/raz/projects/self_driving_OC_project/bumperbot_ws/install/bumperbot_py_examples/share/bumperbot_py_examples/hook/pythonpath.dsv'
[1.498s] INFO:colcon.colcon_core.shell:Creating environment hook '/home/raz/projects/self_driving_OC_project/bumperbot_ws/install/bumperbot_py_examples/share/bumperbot_py_examples/hook/pythonpath.sh'
[1.499s] Level 1:colcon.colcon_core.environment:checking '/home/raz/projects/self_driving_OC_project/bumperbot_ws/install/bumperbot_py_examples/bin'
[1.499s] Level 1:colcon.colcon_core.environment:create_environment_scripts_only(bumperbot_py_examples)
[1.499s] INFO:colcon.colcon_core.shell:Creating package script '/home/raz/projects/self_driving_OC_project/bumperbot_ws/install/bumperbot_py_examples/share/bumperbot_py_examples/package.ps1'
[1.500s] INFO:colcon.colcon_core.shell:Creating package descriptor '/home/raz/projects/self_driving_OC_project/bumperbot_ws/install/bumperbot_py_examples/share/bumperbot_py_examples/package.dsv'
[1.501s] INFO:colcon.colcon_core.shell:Creating package script '/home/raz/projects/self_driving_OC_project/bumperbot_ws/install/bumperbot_py_examples/share/bumperbot_py_examples/package.sh'
[1.501s] INFO:colcon.colcon_core.shell:Creating package script '/home/raz/projects/self_driving_OC_project/bumperbot_ws/install/bumperbot_py_examples/share/bumperbot_py_examples/package.bash'
[1.501s] INFO:colcon.colcon_core.shell:Creating package script '/home/raz/projects/self_driving_OC_project/bumperbot_ws/install/bumperbot_py_examples/share/bumperbot_py_examples/package.zsh'
[1.502s] Level 1:colcon.colcon_core.environment:create_file_with_runtime_dependencies(/home/raz/projects/self_driving_OC_project/bumperbot_ws/install/bumperbot_py_examples/share/colcon-core/packages/bumperbot_py_examples)
[1.502s] DEBUG:colcon.colcon_parallel_executor.executor.parallel:closing loop
[1.503s] DEBUG:colcon.colcon_parallel_executor.executor.parallel:loop closed
[1.503s] DEBUG:colcon.colcon_parallel_executor.executor.parallel:run_until_complete finished with '0'
[1.503s] DEBUG:colcon.colcon_core.event_reactor:joining thread
[1.508s] INFO:colcon.colcon_core.plugin_system:Skipping extension 'colcon_notification.desktop_notification.terminal_notifier': Not used on non-Darwin systems
[1.508s] INFO:colcon.colcon_core.plugin_system:Skipping extension 'colcon_notification.desktop_notification.win32': Not used on non-Windows systems
[1.508s] INFO:colcon.colcon_notification.desktop_notification:Sending desktop notification using 'notify2'
[1.521s] DEBUG:colcon.colcon_core.event_reactor:joined thread
[1.521s] INFO:colcon.colcon_core.shell:Creating prefix script '/home/raz/projects/self_driving_OC_project/bumperbot_ws/install/local_setup.ps1'
[1.522s] INFO:colcon.colcon_core.shell:Creating prefix util module '/home/raz/projects/self_driving_OC_project/bumperbot_ws/install/_local_setup_util_ps1.py'
[1.524s] INFO:colcon.colcon_core.shell:Creating prefix chain script '/home/raz/projects/self_driving_OC_project/bumperbot_ws/install/setup.ps1'
[1.525s] INFO:colcon.colcon_core.shell:Creating prefix script '/home/raz/projects/self_driving_OC_project/bumperbot_ws/install/local_setup.sh'
[1.526s] INFO:colcon.colcon_core.shell:Creating prefix util module '/home/raz/projects/self_driving_OC_project/bumperbot_ws/install/_local_setup_util_sh.py'
[1.527s] INFO:colcon.colcon_core.shell:Creating prefix chain script '/home/raz/projects/self_driving_OC_project/bumperbot_ws/install/setup.sh'
[1.528s] INFO:colcon.colcon_core.shell:Creating prefix script '/home/raz/projects/self_driving_OC_project/bumperbot_ws/install/local_setup.bash'
[1.528s] INFO:colcon.colcon_core.shell:Creating prefix chain script '/home/raz/projects/self_driving_OC_project/bumperbot_ws/install/setup.bash'
[1.530s] INFO:colcon.colcon_core.shell:Creating prefix script '/home/raz/projects/self_driving_OC_project/bumperbot_ws/install/local_setup.zsh'
[1.530s] INFO:colcon.colcon_core.shell:Creating prefix chain script '/home/raz/projects/self_driving_OC_project/bumperbot_ws/install/setup.zsh'
