[0.031s] Invoking command in '/home/raz/projects/self_driving_OC_project/bumperbot_ws/build/bumperbot_firmware': CMAKE_PREFIX_PATH=${CMAKE_PREFIX_PATH}:/home/raz/PD_Robot/ros2_ws/install/sar_py_examples:/opt/ros/humble /usr/bin/cmake --build /home/raz/projects/self_driving_OC_project/bumperbot_ws/build/bumperbot_firmware -- -j16 -l16
[0.121s] [ 33%] Built target simple_serial_transmitter
[0.127s] [ 66%] Built target bumperbot_firmware
[0.129s] [ 83%] Built target ament_cmake_python_copy_bumperbot_firmware
[0.129s] [100%] Built target simple_serial_receiver
[0.382s] running egg_info
[0.382s] writing bumperbot_firmware.egg-info/PKG-INFO
[0.383s] writing dependency_links to bumperbot_firmware.egg-info/dependency_links.txt
[0.383s] writing top-level names to bumperbot_firmware.egg-info/top_level.txt
[0.386s] reading manifest file 'bumperbot_firmware.egg-info/SOURCES.txt'
[0.386s] writing manifest file 'bumperbot_firmware.egg-info/SOURCES.txt'
[0.437s] [100%] Built target ament_cmake_python_build_bumperbot_firmware_egg
[0.451s] Invoked command in '/home/raz/projects/self_driving_OC_project/bumperbot_ws/build/bumperbot_firmware' returned '0': CMAKE_PREFIX_PATH=${CMAKE_PREFIX_PATH}:/home/raz/PD_Robot/ros2_ws/install/sar_py_examples:/opt/ros/humble /usr/bin/cmake --build /home/raz/projects/self_driving_OC_project/bumperbot_ws/build/bumperbot_firmware -- -j16 -l16
[0.454s] Invoking command in '/home/raz/projects/self_driving_OC_project/bumperbot_ws/build/bumperbot_firmware': CMAKE_PREFIX_PATH=${CMAKE_PREFIX_PATH}:/home/raz/PD_Robot/ros2_ws/install/sar_py_examples:/opt/ros/humble /usr/bin/cmake --install /home/raz/projects/self_driving_OC_project/bumperbot_ws/build/bumperbot_firmware
[0.470s] -- Install configuration: ""
[0.470s] -- Up-to-date: /home/raz/projects/self_driving_OC_project/bumperbot_ws/install/bumperbot_firmware/share/bumperbot_firmware/environment/pythonpath.sh
[0.470s] -- Up-to-date: /home/raz/projects/self_driving_OC_project/bumperbot_ws/install/bumperbot_firmware/share/bumperbot_firmware/environment/pythonpath.dsv
[0.470s] -- Up-to-date: /home/raz/projects/self_driving_OC_project/bumperbot_ws/install/bumperbot_firmware/local/lib/python3.10/dist-packages/bumperbot_firmware-0.0.0-py3.10.egg-info
[0.470s] -- Installing: /home/raz/projects/self_driving_OC_project/bumperbot_ws/install/bumperbot_firmware/local/lib/python3.10/dist-packages/bumperbot_firmware-0.0.0-py3.10.egg-info/dependency_links.txt
[0.471s] -- Installing: /home/raz/projects/self_driving_OC_project/bumperbot_ws/install/bumperbot_firmware/local/lib/python3.10/dist-packages/bumperbot_firmware-0.0.0-py3.10.egg-info/top_level.txt
[0.471s] -- Installing: /home/raz/projects/self_driving_OC_project/bumperbot_ws/install/bumperbot_firmware/local/lib/python3.10/dist-packages/bumperbot_firmware-0.0.0-py3.10.egg-info/SOURCES.txt
[0.471s] -- Installing: /home/raz/projects/self_driving_OC_project/bumperbot_ws/install/bumperbot_firmware/local/lib/python3.10/dist-packages/bumperbot_firmware-0.0.0-py3.10.egg-info/PKG-INFO
[0.471s] -- Up-to-date: /home/raz/projects/self_driving_OC_project/bumperbot_ws/install/bumperbot_firmware/local/lib/python3.10/dist-packages/bumperbot_firmware
[0.471s] -- Up-to-date: /home/raz/projects/self_driving_OC_project/bumperbot_ws/install/bumperbot_firmware/local/lib/python3.10/dist-packages/bumperbot_firmware/simple_serial_receiver.py
[0.471s] -- Up-to-date: /home/raz/projects/self_driving_OC_project/bumperbot_ws/install/bumperbot_firmware/local/lib/python3.10/dist-packages/bumperbot_firmware/__init__.py
[0.471s] -- Up-to-date: /home/raz/projects/self_driving_OC_project/bumperbot_ws/install/bumperbot_firmware/local/lib/python3.10/dist-packages/bumperbot_firmware/mpu6050_driver.py
[0.471s] -- Up-to-date: /home/raz/projects/self_driving_OC_project/bumperbot_ws/install/bumperbot_firmware/local/lib/python3.10/dist-packages/bumperbot_firmware/simple_serial_transmitter.py
[0.496s] Listing '/home/raz/projects/self_driving_OC_project/bumperbot_ws/install/bumperbot_firmware/local/lib/python3.10/dist-packages/bumperbot_firmware'...
[0.503s] -- Up-to-date: /home/raz/projects/self_driving_OC_project/bumperbot_ws/install/bumperbot_firmware/share/bumperbot_firmware/bumperbot_interface.xml
[0.503s] -- Up-to-date: /home/raz/projects/self_driving_OC_project/bumperbot_ws/install/bumperbot_firmware/lib/bumperbot_firmware/simple_serial_transmitter
[0.503s] -- Up-to-date: /home/raz/projects/self_driving_OC_project/bumperbot_ws/install/bumperbot_firmware/lib/bumperbot_firmware/simple_serial_receiver
[0.503s] -- Up-to-date: /home/raz/projects/self_driving_OC_project/bumperbot_ws/install/bumperbot_firmware/lib/libbumperbot_firmware.so
[0.504s] -- Up-to-date: /home/raz/projects/self_driving_OC_project/bumperbot_ws/install/bumperbot_firmware/include/include
[0.504s] -- Up-to-date: /home/raz/projects/self_driving_OC_project/bumperbot_ws/install/bumperbot_firmware/include/include/bumperbot_firmware
[0.504s] -- Up-to-date: /home/raz/projects/self_driving_OC_project/bumperbot_ws/install/bumperbot_firmware/include/include/bumperbot_firmware/.gitkeep
[0.504s] -- Up-to-date: /home/raz/projects/self_driving_OC_project/bumperbot_ws/install/bumperbot_firmware/include/include/bumperbot_firmware/bumperbot_interface.hpp
[0.504s] -- Up-to-date: /home/raz/projects/self_driving_OC_project/bumperbot_ws/install/bumperbot_firmware/share/bumperbot_firmware/launch
[0.504s] -- Installing: /home/raz/projects/self_driving_OC_project/bumperbot_ws/install/bumperbot_firmware/share/bumperbot_firmware/launch/hardware_interface.launch.py
[0.505s] -- Up-to-date: /home/raz/projects/self_driving_OC_project/bumperbot_ws/install/bumperbot_firmware/lib/bumperbot_firmware/simple_serial_transmitter.py
[0.505s] -- Up-to-date: /home/raz/projects/self_driving_OC_project/bumperbot_ws/install/bumperbot_firmware/lib/bumperbot_firmware/simple_serial_receiver.py
[0.505s] -- Up-to-date: /home/raz/projects/self_driving_OC_project/bumperbot_ws/install/bumperbot_firmware/lib/bumperbot_firmware/mpu6050_driver.py
[0.505s] -- Up-to-date: /home/raz/projects/self_driving_OC_project/bumperbot_ws/install/bumperbot_firmware/share/bumperbot_firmware/environment/library_path.sh
[0.505s] -- Up-to-date: /home/raz/projects/self_driving_OC_project/bumperbot_ws/install/bumperbot_firmware/share/bumperbot_firmware/environment/library_path.dsv
[0.505s] -- Up-to-date: /home/raz/projects/self_driving_OC_project/bumperbot_ws/install/bumperbot_firmware/share/ament_index/resource_index/package_run_dependencies/bumperbot_firmware
[0.505s] -- Up-to-date: /home/raz/projects/self_driving_OC_project/bumperbot_ws/install/bumperbot_firmware/share/ament_index/resource_index/parent_prefix_path/bumperbot_firmware
[0.505s] -- Up-to-date: /home/raz/projects/self_driving_OC_project/bumperbot_ws/install/bumperbot_firmware/share/bumperbot_firmware/environment/ament_prefix_path.sh
[0.506s] -- Up-to-date: /home/raz/projects/self_driving_OC_project/bumperbot_ws/install/bumperbot_firmware/share/bumperbot_firmware/environment/ament_prefix_path.dsv
[0.506s] -- Up-to-date: /home/raz/projects/self_driving_OC_project/bumperbot_ws/install/bumperbot_firmware/share/bumperbot_firmware/environment/path.sh
[0.506s] -- Up-to-date: /home/raz/projects/self_driving_OC_project/bumperbot_ws/install/bumperbot_firmware/share/bumperbot_firmware/environment/path.dsv
[0.506s] -- Up-to-date: /home/raz/projects/self_driving_OC_project/bumperbot_ws/install/bumperbot_firmware/share/bumperbot_firmware/local_setup.bash
[0.506s] -- Up-to-date: /home/raz/projects/self_driving_OC_project/bumperbot_ws/install/bumperbot_firmware/share/bumperbot_firmware/local_setup.sh
[0.506s] -- Up-to-date: /home/raz/projects/self_driving_OC_project/bumperbot_ws/install/bumperbot_firmware/share/bumperbot_firmware/local_setup.zsh
[0.507s] -- Up-to-date: /home/raz/projects/self_driving_OC_project/bumperbot_ws/install/bumperbot_firmware/share/bumperbot_firmware/local_setup.dsv
[0.507s] -- Installing: /home/raz/projects/self_driving_OC_project/bumperbot_ws/install/bumperbot_firmware/share/bumperbot_firmware/package.dsv
[0.507s] -- Up-to-date: /home/raz/projects/self_driving_OC_project/bumperbot_ws/install/bumperbot_firmware/share/ament_index/resource_index/packages/bumperbot_firmware
[0.507s] -- Up-to-date: /home/raz/projects/self_driving_OC_project/bumperbot_ws/install/bumperbot_firmware/share/ament_index/resource_index/hardware_interface__pluginlib__plugin/bumperbot_firmware
[0.507s] -- Up-to-date: /home/raz/projects/self_driving_OC_project/bumperbot_ws/install/bumperbot_firmware/share/bumperbot_firmware/cmake/ament_cmake_export_include_directories-extras.cmake
[0.507s] -- Up-to-date: /home/raz/projects/self_driving_OC_project/bumperbot_ws/install/bumperbot_firmware/share/bumperbot_firmware/cmake/ament_cmake_export_libraries-extras.cmake
[0.508s] -- Up-to-date: /home/raz/projects/self_driving_OC_project/bumperbot_ws/install/bumperbot_firmware/share/bumperbot_firmware/cmake/ament_cmake_export_dependencies-extras.cmake
[0.508s] -- Up-to-date: /home/raz/projects/self_driving_OC_project/bumperbot_ws/install/bumperbot_firmware/share/bumperbot_firmware/cmake/bumperbot_firmwareConfig.cmake
[0.508s] -- Up-to-date: /home/raz/projects/self_driving_OC_project/bumperbot_ws/install/bumperbot_firmware/share/bumperbot_firmware/cmake/bumperbot_firmwareConfig-version.cmake
[0.508s] -- Up-to-date: /home/raz/projects/self_driving_OC_project/bumperbot_ws/install/bumperbot_firmware/share/bumperbot_firmware/package.xml
[0.514s] Invoked command in '/home/raz/projects/self_driving_OC_project/bumperbot_ws/build/bumperbot_firmware' returned '0': CMAKE_PREFIX_PATH=${CMAKE_PREFIX_PATH}:/home/raz/PD_Robot/ros2_ws/install/sar_py_examples:/opt/ros/humble /usr/bin/cmake --install /home/raz/projects/self_driving_OC_project/bumperbot_ws/build/bumperbot_firmware
