[0.595s] Invoking command in '/home/raz/projects/self_driving_OC_project/bumperbot_ws/build/bumperbot_py_examples': PYTHONPATH=/home/raz/projects/self_driving_OC_project/bumperbot_ws/build/bumperbot_py_examples/prefix_override:/usr/lib/python3/dist-packages/colcon_core/task/python/colcon_distutils_commands:/home/raz/projects/self_driving_OC_project/bumperbot_ws/install/bumperbot_py_examples/lib/python3.10/site-packages:${PYTHONPATH} /usr/bin/python3 -W ignore:setup.py install is deprecated -W ignore:easy_install command is deprecated setup.py develop --editable --build-directory /home/raz/projects/self_driving_OC_project/bumperbot_ws/build/bumperbot_py_examples/build --no-deps symlink_data
[0.819s] running develop
[0.977s] running egg_info
[0.978s] writing bumperbot_py_examples.egg-info/PKG-INFO
[0.978s] writing dependency_links to bumperbot_py_examples.egg-info/dependency_links.txt
[0.978s] writing entry points to bumperbot_py_examples.egg-info/entry_points.txt
[0.978s] writing requirements to bumperbot_py_examples.egg-info/requires.txt
[0.978s] writing top-level names to bumperbot_py_examples.egg-info/top_level.txt
[0.980s] reading manifest file 'bumperbot_py_examples.egg-info/SOURCES.txt'
[0.981s] writing manifest file 'bumperbot_py_examples.egg-info/SOURCES.txt'
[0.982s] running build_ext
[0.982s] Creating /home/raz/projects/self_driving_OC_project/bumperbot_ws/install/bumperbot_py_examples/lib/python3.10/site-packages/bumperbot-py-examples.egg-link (link to .)
[0.983s] Installing simple_parameter script to /home/raz/projects/self_driving_OC_project/bumperbot_ws/install/bumperbot_py_examples/lib/bumperbot_py_examples
[0.983s] Installing simple_publisher script to /home/raz/projects/self_driving_OC_project/bumperbot_ws/install/bumperbot_py_examples/lib/bumperbot_py_examples
[0.983s] Installing simple_service_client script to /home/raz/projects/self_driving_OC_project/bumperbot_ws/install/bumperbot_py_examples/lib/bumperbot_py_examples
[0.983s] Installing simple_service_server script to /home/raz/projects/self_driving_OC_project/bumperbot_ws/install/bumperbot_py_examples/lib/bumperbot_py_examples
[0.983s] Installing simple_subscriber script to /home/raz/projects/self_driving_OC_project/bumperbot_ws/install/bumperbot_py_examples/lib/bumperbot_py_examples
[0.983s] Installing simple_tf_kinematics script to /home/raz/projects/self_driving_OC_project/bumperbot_ws/install/bumperbot_py_examples/lib/bumperbot_py_examples
[0.984s] Installing simple_turtlesim_kinematics script to /home/raz/projects/self_driving_OC_project/bumperbot_ws/install/bumperbot_py_examples/lib/bumperbot_py_examples
[0.984s] 
[0.984s] Installed /home/raz/projects/self_driving_OC_project/bumperbot_ws/build/bumperbot_py_examples
[0.984s] running symlink_data
[1.017s] Invoked command in '/home/raz/projects/self_driving_OC_project/bumperbot_ws/build/bumperbot_py_examples' returned '0': PYTHONPATH=/home/raz/projects/self_driving_OC_project/bumperbot_ws/build/bumperbot_py_examples/prefix_override:/usr/lib/python3/dist-packages/colcon_core/task/python/colcon_distutils_commands:/home/raz/projects/self_driving_OC_project/bumperbot_ws/install/bumperbot_py_examples/lib/python3.10/site-packages:${PYTHONPATH} /usr/bin/python3 -W ignore:setup.py install is deprecated -W ignore:easy_install command is deprecated setup.py develop --editable --build-directory /home/raz/projects/self_driving_OC_project/bumperbot_ws/build/bumperbot_py_examples/build --no-deps symlink_data
