[0.019s] Invoking command in '/home/raz/projects/self_driving_OC_project/bumperbot_ws/build/bumperbot_firmware': CMAKE_PREFIX_PATH=${CMAKE_PREFIX_PATH}:/home/raz/projects/self_driving_OC_project/bumperbot_ws/install/bumperbot_py_examples:/home/raz/PD_Robot/ros2_ws/install/sar_py_examples:/opt/ros/humble /usr/bin/cmake --build /home/raz/projects/self_driving_OC_project/bumperbot_ws/build/bumperbot_firmware -- -j24 -l24
[0.049s] [35m[1mConsolidate compiler generated dependencies of target bumperbot_firmware[0m
[0.054s] [ 33%] Built target simple_serial_transmitter
[0.057s] [ 33%] Built target ament_cmake_python_copy_bumperbot_firmware
[0.061s] [ 66%] Built target simple_serial_receiver
[0.061s] [100%] Built target bumperbot_firmware
[0.219s] running egg_info
[0.219s] writing bumperbot_firmware.egg-info/PKG-INFO
[0.219s] writing dependency_links to bumperbot_firmware.egg-info/dependency_links.txt
[0.220s] writing top-level names to bumperbot_firmware.egg-info/top_level.txt
[0.221s] reading manifest file 'bumperbot_firmware.egg-info/SOURCES.txt'
[0.221s] writing manifest file 'bumperbot_firmware.egg-info/SOURCES.txt'
[0.242s] [100%] Built target ament_cmake_python_build_bumperbot_firmware_egg
[0.258s] Invoked command in '/home/raz/projects/self_driving_OC_project/bumperbot_ws/build/bumperbot_firmware' returned '0': CMAKE_PREFIX_PATH=${CMAKE_PREFIX_PATH}:/home/raz/projects/self_driving_OC_project/bumperbot_ws/install/bumperbot_py_examples:/home/raz/PD_Robot/ros2_ws/install/sar_py_examples:/opt/ros/humble /usr/bin/cmake --build /home/raz/projects/self_driving_OC_project/bumperbot_ws/build/bumperbot_firmware -- -j24 -l24
[0.259s] Invoking command in '/home/raz/projects/self_driving_OC_project/bumperbot_ws/build/bumperbot_firmware': CMAKE_PREFIX_PATH=${CMAKE_PREFIX_PATH}:/home/raz/projects/self_driving_OC_project/bumperbot_ws/install/bumperbot_py_examples:/home/raz/PD_Robot/ros2_ws/install/sar_py_examples:/opt/ros/humble /usr/bin/cmake --install /home/raz/projects/self_driving_OC_project/bumperbot_ws/build/bumperbot_firmware
[0.261s] -- Install configuration: ""
[0.261s] -- Up-to-date: /home/raz/projects/self_driving_OC_project/bumperbot_ws/install/bumperbot_firmware/share/bumperbot_firmware/environment/pythonpath.sh
[0.261s] -- Up-to-date: /home/raz/projects/self_driving_OC_project/bumperbot_ws/install/bumperbot_firmware/share/bumperbot_firmware/environment/pythonpath.dsv
[0.261s] -- Up-to-date: /home/raz/projects/self_driving_OC_project/bumperbot_ws/install/bumperbot_firmware/local/lib/python3.10/dist-packages/bumperbot_firmware-0.0.0-py3.10.egg-info
[0.261s] -- Installing: /home/raz/projects/self_driving_OC_project/bumperbot_ws/install/bumperbot_firmware/local/lib/python3.10/dist-packages/bumperbot_firmware-0.0.0-py3.10.egg-info/PKG-INFO
[0.261s] -- Installing: /home/raz/projects/self_driving_OC_project/bumperbot_ws/install/bumperbot_firmware/local/lib/python3.10/dist-packages/bumperbot_firmware-0.0.0-py3.10.egg-info/top_level.txt
[0.261s] -- Installing: /home/raz/projects/self_driving_OC_project/bumperbot_ws/install/bumperbot_firmware/local/lib/python3.10/dist-packages/bumperbot_firmware-0.0.0-py3.10.egg-info/dependency_links.txt
[0.261s] -- Installing: /home/raz/projects/self_driving_OC_project/bumperbot_ws/install/bumperbot_firmware/local/lib/python3.10/dist-packages/bumperbot_firmware-0.0.0-py3.10.egg-info/SOURCES.txt
[0.261s] -- Up-to-date: /home/raz/projects/self_driving_OC_project/bumperbot_ws/install/bumperbot_firmware/local/lib/python3.10/dist-packages/bumperbot_firmware
[0.261s] -- Up-to-date: /home/raz/projects/self_driving_OC_project/bumperbot_ws/install/bumperbot_firmware/local/lib/python3.10/dist-packages/bumperbot_firmware/__init__.py
[0.261s] -- Up-to-date: /home/raz/projects/self_driving_OC_project/bumperbot_ws/install/bumperbot_firmware/local/lib/python3.10/dist-packages/bumperbot_firmware/mpu6050_driver.py
[0.261s] -- Up-to-date: /home/raz/projects/self_driving_OC_project/bumperbot_ws/install/bumperbot_firmware/local/lib/python3.10/dist-packages/bumperbot_firmware/simple_serial_receiver.py
[0.261s] -- Up-to-date: /home/raz/projects/self_driving_OC_project/bumperbot_ws/install/bumperbot_firmware/local/lib/python3.10/dist-packages/bumperbot_firmware/simple_serial_transmitter.py
[0.289s] Listing '/home/raz/projects/self_driving_OC_project/bumperbot_ws/install/bumperbot_firmware/local/lib/python3.10/dist-packages/bumperbot_firmware'...
[0.289s] -- Up-to-date: /home/raz/projects/self_driving_OC_project/bumperbot_ws/install/bumperbot_firmware/share/bumperbot_firmware/bumperbot_interface.xml
[0.289s] -- Up-to-date: /home/raz/projects/self_driving_OC_project/bumperbot_ws/install/bumperbot_firmware/lib/bumperbot_firmware/simple_serial_transmitter
[0.289s] -- Up-to-date: /home/raz/projects/self_driving_OC_project/bumperbot_ws/install/bumperbot_firmware/lib/bumperbot_firmware/simple_serial_receiver
[0.289s] -- Up-to-date: /home/raz/projects/self_driving_OC_project/bumperbot_ws/install/bumperbot_firmware/lib/libbumperbot_firmware.so
[0.289s] -- Up-to-date: /home/raz/projects/self_driving_OC_project/bumperbot_ws/install/bumperbot_firmware/include/include
[0.289s] -- Up-to-date: /home/raz/projects/self_driving_OC_project/bumperbot_ws/install/bumperbot_firmware/include/include/bumperbot_firmware
[0.289s] -- Up-to-date: /home/raz/projects/self_driving_OC_project/bumperbot_ws/install/bumperbot_firmware/include/include/bumperbot_firmware/bumperbot_interface.hpp
[0.289s] -- Up-to-date: /home/raz/projects/self_driving_OC_project/bumperbot_ws/install/bumperbot_firmware/include/include/bumperbot_firmware/.gitkeep
[0.290s] -- Up-to-date: /home/raz/projects/self_driving_OC_project/bumperbot_ws/install/bumperbot_firmware/share/bumperbot_firmware/launch
[0.290s] -- Up-to-date: /home/raz/projects/self_driving_OC_project/bumperbot_ws/install/bumperbot_firmware/share/bumperbot_firmware/launch/hardware_interface.launch.py
[0.290s] -- Up-to-date: /home/raz/projects/self_driving_OC_project/bumperbot_ws/install/bumperbot_firmware/lib/bumperbot_firmware/simple_serial_transmitter.py
[0.290s] -- Up-to-date: /home/raz/projects/self_driving_OC_project/bumperbot_ws/install/bumperbot_firmware/lib/bumperbot_firmware/simple_serial_receiver.py
[0.290s] -- Up-to-date: /home/raz/projects/self_driving_OC_project/bumperbot_ws/install/bumperbot_firmware/lib/bumperbot_firmware/mpu6050_driver.py
[0.290s] -- Up-to-date: /home/raz/projects/self_driving_OC_project/bumperbot_ws/install/bumperbot_firmware/share/bumperbot_firmware/environment/library_path.sh
[0.290s] -- Up-to-date: /home/raz/projects/self_driving_OC_project/bumperbot_ws/install/bumperbot_firmware/share/bumperbot_firmware/environment/library_path.dsv
[0.290s] -- Up-to-date: /home/raz/projects/self_driving_OC_project/bumperbot_ws/install/bumperbot_firmware/share/ament_index/resource_index/package_run_dependencies/bumperbot_firmware
[0.290s] -- Up-to-date: /home/raz/projects/self_driving_OC_project/bumperbot_ws/install/bumperbot_firmware/share/ament_index/resource_index/parent_prefix_path/bumperbot_firmware
[0.290s] -- Up-to-date: /home/raz/projects/self_driving_OC_project/bumperbot_ws/install/bumperbot_firmware/share/bumperbot_firmware/environment/ament_prefix_path.sh
[0.290s] -- Up-to-date: /home/raz/projects/self_driving_OC_project/bumperbot_ws/install/bumperbot_firmware/share/bumperbot_firmware/environment/ament_prefix_path.dsv
[0.290s] -- Up-to-date: /home/raz/projects/self_driving_OC_project/bumperbot_ws/install/bumperbot_firmware/share/bumperbot_firmware/environment/path.sh
[0.290s] -- Up-to-date: /home/raz/projects/self_driving_OC_project/bumperbot_ws/install/bumperbot_firmware/share/bumperbot_firmware/environment/path.dsv
[0.290s] -- Up-to-date: /home/raz/projects/self_driving_OC_project/bumperbot_ws/install/bumperbot_firmware/share/bumperbot_firmware/local_setup.bash
[0.290s] -- Up-to-date: /home/raz/projects/self_driving_OC_project/bumperbot_ws/install/bumperbot_firmware/share/bumperbot_firmware/local_setup.sh
[0.290s] -- Up-to-date: /home/raz/projects/self_driving_OC_project/bumperbot_ws/install/bumperbot_firmware/share/bumperbot_firmware/local_setup.zsh
[0.290s] -- Up-to-date: /home/raz/projects/self_driving_OC_project/bumperbot_ws/install/bumperbot_firmware/share/bumperbot_firmware/local_setup.dsv
[0.290s] -- Installing: /home/raz/projects/self_driving_OC_project/bumperbot_ws/install/bumperbot_firmware/share/bumperbot_firmware/package.dsv
[0.290s] -- Up-to-date: /home/raz/projects/self_driving_OC_project/bumperbot_ws/install/bumperbot_firmware/share/ament_index/resource_index/packages/bumperbot_firmware
[0.290s] -- Up-to-date: /home/raz/projects/self_driving_OC_project/bumperbot_ws/install/bumperbot_firmware/share/ament_index/resource_index/hardware_interface__pluginlib__plugin/bumperbot_firmware
[0.290s] -- Up-to-date: /home/raz/projects/self_driving_OC_project/bumperbot_ws/install/bumperbot_firmware/share/bumperbot_firmware/cmake/ament_cmake_export_include_directories-extras.cmake
[0.290s] -- Up-to-date: /home/raz/projects/self_driving_OC_project/bumperbot_ws/install/bumperbot_firmware/share/bumperbot_firmware/cmake/ament_cmake_export_libraries-extras.cmake
[0.290s] -- Up-to-date: /home/raz/projects/self_driving_OC_project/bumperbot_ws/install/bumperbot_firmware/share/bumperbot_firmware/cmake/ament_cmake_export_dependencies-extras.cmake
[0.290s] -- Up-to-date: /home/raz/projects/self_driving_OC_project/bumperbot_ws/install/bumperbot_firmware/share/bumperbot_firmware/cmake/bumperbot_firmwareConfig.cmake
[0.290s] -- Up-to-date: /home/raz/projects/self_driving_OC_project/bumperbot_ws/install/bumperbot_firmware/share/bumperbot_firmware/cmake/bumperbot_firmwareConfig-version.cmake
[0.290s] -- Up-to-date: /home/raz/projects/self_driving_OC_project/bumperbot_ws/install/bumperbot_firmware/share/bumperbot_firmware/package.xml
[0.315s] Invoked command in '/home/raz/projects/self_driving_OC_project/bumperbot_ws/build/bumperbot_firmware' returned '0': CMAKE_PREFIX_PATH=${CMAKE_PREFIX_PATH}:/home/raz/projects/self_driving_OC_project/bumperbot_ws/install/bumperbot_py_examples:/home/raz/PD_Robot/ros2_ws/install/sar_py_examples:/opt/ros/humble /usr/bin/cmake --install /home/raz/projects/self_driving_OC_project/bumperbot_ws/build/bumperbot_firmware
