[0.026s] Invoking command in '/home/raz/projects/self_driving_OC_project/bumperbot_ws/build/bumperbot_localization': CMAKE_PREFIX_PATH=${CMAKE_PREFIX_PATH}:/home/raz/PD_Robot/ros2_ws/install/sar_py_examples:/opt/ros/humble /usr/bin/cmake /home/raz/projects/self_driving_OC_project/bumperbot_ws/src/bumperbot_localization -DCMAKE_INSTALL_PREFIX=/home/raz/projects/self_driving_OC_project/bumperbot_ws/install/bumperbot_localization
[0.130s] -- The C compiler identification is GNU 11.4.0
[0.205s] -- The CXX compiler identification is GNU 11.4.0
[0.214s] -- Detecting C compiler ABI info
[0.302s] -- Detecting C compiler ABI info - done
[0.309s] -- Check for working C compiler: /usr/bin/cc - skipped
[0.309s] -- Detecting C compile features
[0.309s] -- Detecting C compile features - done
[0.312s] -- Detecting CXX compiler ABI info
[0.409s] -- Detecting CXX compiler ABI info - done
[0.416s] -- Check for working CXX compiler: /usr/bin/c++ - skipped
[0.416s] -- Detecting CXX compile features
[0.416s] -- Detecting CXX compile features - done
[0.420s] -- Found ament_cmake: 1.3.11 (/opt/ros/humble/share/ament_cmake/cmake)
[0.591s] -- Found Python3: /usr/bin/python3 (found version "3.10.12") found components: Interpreter 
[0.713s] -- Found rclpy: 3.3.15 (/opt/ros/humble/share/rclpy/cmake)
[0.715s] -- Found rclcpp: 16.0.11 (/opt/ros/humble/share/rclcpp/cmake)
[0.768s] -- Found rosidl_generator_c: 3.1.6 (/opt/ros/humble/share/rosidl_generator_c/cmake)
[0.775s] -- Found rosidl_adapter: 3.1.6 (/opt/ros/humble/share/rosidl_adapter/cmake)
[0.786s] -- Found rosidl_generator_cpp: 3.1.6 (/opt/ros/humble/share/rosidl_generator_cpp/cmake)
[0.800s] -- Using all available rosidl_typesupport_c: rosidl_typesupport_fastrtps_c;rosidl_typesupport_introspection_c
[0.819s] -- Using all available rosidl_typesupport_cpp: rosidl_typesupport_fastrtps_cpp;rosidl_typesupport_introspection_cpp
[0.872s] -- Found rmw_implementation_cmake: 6.1.2 (/opt/ros/humble/share/rmw_implementation_cmake/cmake)
[0.875s] -- Found rmw_fastrtps_cpp: 6.2.7 (/opt/ros/humble/share/rmw_fastrtps_cpp/cmake)
[0.991s] -- Found OpenSSL: /usr/lib/x86_64-linux-gnu/libcrypto.so (found version "3.0.2")  
[1.027s] -- Found FastRTPS: /opt/ros/humble/include  
[1.078s] -- Using RMW implementation 'rmw_fastrtps_cpp' as default
[1.090s] -- Looking for pthread.h
[1.173s] -- Looking for pthread.h - found
[1.174s] -- Performing Test CMAKE_HAVE_LIBC_PTHREAD
[1.254s] -- Performing Test CMAKE_HAVE_LIBC_PTHREAD - Success
[1.255s] -- Found Threads: TRUE  
[1.307s] -- Found sensor_msgs: 4.2.4 (/opt/ros/humble/share/sensor_msgs/cmake)
[1.337s] -- Found nav_msgs: 4.2.4 (/opt/ros/humble/share/nav_msgs/cmake)
[1.438s] -- Found ament_lint_auto: 0.12.11 (/opt/ros/humble/share/ament_lint_auto/cmake)
[1.521s] -- Added test 'cppcheck' to perform static code analysis on C / C++ code
[1.521s] -- Configured cppcheck include dirs: /home/raz/projects/self_driving_OC_project/bumperbot_ws/src/bumperbot_localization/include
[1.521s] -- Configured cppcheck exclude dirs and/or files: 
[1.521s] -- Added test 'flake8' to check Python code syntax and style conventions
[1.522s] -- Added test 'lint_cmake' to check CMake code style
[1.523s] -- Added test 'pep257' to check Python code against some of the docstring style conventions in PEP 257
[1.524s] -- Added test 'uncrustify' to check C / C++ code style
[1.524s] -- Configured uncrustify additional arguments: 
[1.525s] -- Added test 'xmllint' to check XML markup files
[1.526s] -- Configuring done
[1.541s] -- Generating done
[1.547s] -- Build files have been written to: /home/raz/projects/self_driving_OC_project/bumperbot_ws/build/bumperbot_localization
[1.560s] Invoked command in '/home/raz/projects/self_driving_OC_project/bumperbot_ws/build/bumperbot_localization' returned '0': CMAKE_PREFIX_PATH=${CMAKE_PREFIX_PATH}:/home/raz/PD_Robot/ros2_ws/install/sar_py_examples:/opt/ros/humble /usr/bin/cmake /home/raz/projects/self_driving_OC_project/bumperbot_ws/src/bumperbot_localization -DCMAKE_INSTALL_PREFIX=/home/raz/projects/self_driving_OC_project/bumperbot_ws/install/bumperbot_localization
[1.563s] Invoking command in '/home/raz/projects/self_driving_OC_project/bumperbot_ws/build/bumperbot_localization': CMAKE_PREFIX_PATH=${CMAKE_PREFIX_PATH}:/home/raz/PD_Robot/ros2_ws/install/sar_py_examples:/opt/ros/humble /usr/bin/cmake --build /home/raz/projects/self_driving_OC_project/bumperbot_ws/build/bumperbot_localization -- -j16 -l16
[1.626s] [  0%] Built target ament_cmake_python_copy_bumperbot_localization
[1.650s] [ 25%] [32mBuilding CXX object CMakeFiles/imu_republisher.dir/src/imu_republisher.cpp.o[0m
[9.251s] [ 50%] [32m[1mLinking CXX executable imu_republisher[0m
[9.807s] [ 50%] Built target imu_republisher
[10.053s] running egg_info
[10.054s] creating bumperbot_localization.egg-info
[10.054s] writing bumperbot_localization.egg-info/PKG-INFO
[10.054s] writing dependency_links to bumperbot_localization.egg-info/dependency_links.txt
[10.055s] writing top-level names to bumperbot_localization.egg-info/top_level.txt
[10.055s] writing manifest file 'bumperbot_localization.egg-info/SOURCES.txt'
[10.057s] reading manifest file 'bumperbot_localization.egg-info/SOURCES.txt'
[10.058s] writing manifest file 'bumperbot_localization.egg-info/SOURCES.txt'
[10.095s] [ 50%] Built target ament_cmake_python_build_bumperbot_localization_egg
[10.118s] [ 75%] [32mBuilding CXX object CMakeFiles/kalman_filter.dir/src/kalman_filter.cpp.o[0m
[19.528s] [100%] [32m[1mLinking CXX executable kalman_filter[0m
[20.129s] [100%] Built target kalman_filter
[20.143s] Invoked command in '/home/raz/projects/self_driving_OC_project/bumperbot_ws/build/bumperbot_localization' returned '0': CMAKE_PREFIX_PATH=${CMAKE_PREFIX_PATH}:/home/raz/PD_Robot/ros2_ws/install/sar_py_examples:/opt/ros/humble /usr/bin/cmake --build /home/raz/projects/self_driving_OC_project/bumperbot_ws/build/bumperbot_localization -- -j16 -l16
[20.145s] Invoking command in '/home/raz/projects/self_driving_OC_project/bumperbot_ws/build/bumperbot_localization': CMAKE_PREFIX_PATH=${CMAKE_PREFIX_PATH}:/home/raz/PD_Robot/ros2_ws/install/sar_py_examples:/opt/ros/humble /usr/bin/cmake --install /home/raz/projects/self_driving_OC_project/bumperbot_ws/build/bumperbot_localization
[20.153s] -- Install configuration: ""
[20.153s] -- Installing: /home/raz/projects/self_driving_OC_project/bumperbot_ws/install/bumperbot_localization/share/bumperbot_localization/environment/pythonpath.sh
[20.153s] -- Installing: /home/raz/projects/self_driving_OC_project/bumperbot_ws/install/bumperbot_localization/share/bumperbot_localization/environment/pythonpath.dsv
[20.153s] -- Installing: /home/raz/projects/self_driving_OC_project/bumperbot_ws/install/bumperbot_localization/local/lib/python3.10/dist-packages/bumperbot_localization-0.0.0-py3.10.egg-info
[20.153s] -- Installing: /home/raz/projects/self_driving_OC_project/bumperbot_ws/install/bumperbot_localization/local/lib/python3.10/dist-packages/bumperbot_localization-0.0.0-py3.10.egg-info/dependency_links.txt
[20.153s] -- Installing: /home/raz/projects/self_driving_OC_project/bumperbot_ws/install/bumperbot_localization/local/lib/python3.10/dist-packages/bumperbot_localization-0.0.0-py3.10.egg-info/top_level.txt
[20.154s] -- Installing: /home/raz/projects/self_driving_OC_project/bumperbot_ws/install/bumperbot_localization/local/lib/python3.10/dist-packages/bumperbot_localization-0.0.0-py3.10.egg-info/SOURCES.txt
[20.154s] -- Installing: /home/raz/projects/self_driving_OC_project/bumperbot_ws/install/bumperbot_localization/local/lib/python3.10/dist-packages/bumperbot_localization-0.0.0-py3.10.egg-info/PKG-INFO
[20.154s] -- Installing: /home/raz/projects/self_driving_OC_project/bumperbot_ws/install/bumperbot_localization/local/lib/python3.10/dist-packages/bumperbot_localization
[20.154s] -- Installing: /home/raz/projects/self_driving_OC_project/bumperbot_ws/install/bumperbot_localization/local/lib/python3.10/dist-packages/bumperbot_localization/imu_republisher.py
[20.154s] -- Installing: /home/raz/projects/self_driving_OC_project/bumperbot_ws/install/bumperbot_localization/local/lib/python3.10/dist-packages/bumperbot_localization/__init__.py
[20.154s] -- Installing: /home/raz/projects/self_driving_OC_project/bumperbot_ws/install/bumperbot_localization/local/lib/python3.10/dist-packages/bumperbot_localization/kalman_filter.py
[20.184s] Listing '/home/raz/projects/self_driving_OC_project/bumperbot_ws/install/bumperbot_localization/local/lib/python3.10/dist-packages/bumperbot_localization'...
[20.184s] Compiling '/home/raz/projects/self_driving_OC_project/bumperbot_ws/install/bumperbot_localization/local/lib/python3.10/dist-packages/bumperbot_localization/__init__.py'...
[20.184s] Compiling '/home/raz/projects/self_driving_OC_project/bumperbot_ws/install/bumperbot_localization/local/lib/python3.10/dist-packages/bumperbot_localization/imu_republisher.py'...
[20.184s] Compiling '/home/raz/projects/self_driving_OC_project/bumperbot_ws/install/bumperbot_localization/local/lib/python3.10/dist-packages/bumperbot_localization/kalman_filter.py'...
[20.189s] -- Installing: /home/raz/projects/self_driving_OC_project/bumperbot_ws/install/bumperbot_localization/lib/bumperbot_localization/kalman_filter.py
[20.189s] -- Installing: /home/raz/projects/self_driving_OC_project/bumperbot_ws/install/bumperbot_localization/lib/bumperbot_localization/imu_republisher.py
[20.189s] -- Installing: /home/raz/projects/self_driving_OC_project/bumperbot_ws/install/bumperbot_localization/include/include
[20.189s] -- Installing: /home/raz/projects/self_driving_OC_project/bumperbot_ws/install/bumperbot_localization/include/include/bumperbot_localization
[20.190s] -- Installing: /home/raz/projects/self_driving_OC_project/bumperbot_ws/install/bumperbot_localization/include/include/bumperbot_localization/kalman_filter.hpp
[20.190s] -- Installing: /home/raz/projects/self_driving_OC_project/bumperbot_ws/install/bumperbot_localization/lib/bumperbot_localization/kalman_filter
[20.196s] -- Set runtime path of "/home/raz/projects/self_driving_OC_project/bumperbot_ws/install/bumperbot_localization/lib/bumperbot_localization/kalman_filter" to ""
[20.196s] -- Installing: /home/raz/projects/self_driving_OC_project/bumperbot_ws/install/bumperbot_localization/lib/bumperbot_localization/imu_republisher
[20.199s] -- Set runtime path of "/home/raz/projects/self_driving_OC_project/bumperbot_ws/install/bumperbot_localization/lib/bumperbot_localization/imu_republisher" to ""
[20.199s] -- Installing: /home/raz/projects/self_driving_OC_project/bumperbot_ws/install/bumperbot_localization/share/bumperbot_localization/launch
[20.199s] -- Installing: /home/raz/projects/self_driving_OC_project/bumperbot_ws/install/bumperbot_localization/share/bumperbot_localization/launch/local_localization.launch.py
[20.200s] -- Installing: /home/raz/projects/self_driving_OC_project/bumperbot_ws/install/bumperbot_localization/share/bumperbot_localization/config
[20.200s] -- Installing: /home/raz/projects/self_driving_OC_project/bumperbot_ws/install/bumperbot_localization/share/bumperbot_localization/config/ekf.yaml
[20.200s] -- Installing: /home/raz/projects/self_driving_OC_project/bumperbot_ws/install/bumperbot_localization/share/ament_index/resource_index/package_run_dependencies/bumperbot_localization
[20.201s] -- Installing: /home/raz/projects/self_driving_OC_project/bumperbot_ws/install/bumperbot_localization/share/ament_index/resource_index/parent_prefix_path/bumperbot_localization
[20.201s] -- Installing: /home/raz/projects/self_driving_OC_project/bumperbot_ws/install/bumperbot_localization/share/bumperbot_localization/environment/ament_prefix_path.sh
[20.201s] -- Installing: /home/raz/projects/self_driving_OC_project/bumperbot_ws/install/bumperbot_localization/share/bumperbot_localization/environment/ament_prefix_path.dsv
[20.201s] -- Installing: /home/raz/projects/self_driving_OC_project/bumperbot_ws/install/bumperbot_localization/share/bumperbot_localization/environment/path.sh
[20.201s] -- Installing: /home/raz/projects/self_driving_OC_project/bumperbot_ws/install/bumperbot_localization/share/bumperbot_localization/environment/path.dsv
[20.201s] -- Installing: /home/raz/projects/self_driving_OC_project/bumperbot_ws/install/bumperbot_localization/share/bumperbot_localization/local_setup.bash
[20.201s] -- Installing: /home/raz/projects/self_driving_OC_project/bumperbot_ws/install/bumperbot_localization/share/bumperbot_localization/local_setup.sh
[20.201s] -- Installing: /home/raz/projects/self_driving_OC_project/bumperbot_ws/install/bumperbot_localization/share/bumperbot_localization/local_setup.zsh
[20.202s] -- Installing: /home/raz/projects/self_driving_OC_project/bumperbot_ws/install/bumperbot_localization/share/bumperbot_localization/local_setup.dsv
[20.202s] -- Installing: /home/raz/projects/self_driving_OC_project/bumperbot_ws/install/bumperbot_localization/share/bumperbot_localization/package.dsv
[20.202s] -- Installing: /home/raz/projects/self_driving_OC_project/bumperbot_ws/install/bumperbot_localization/share/ament_index/resource_index/packages/bumperbot_localization
[20.202s] -- Installing: /home/raz/projects/self_driving_OC_project/bumperbot_ws/install/bumperbot_localization/share/bumperbot_localization/cmake/bumperbot_localizationConfig.cmake
[20.202s] -- Installing: /home/raz/projects/self_driving_OC_project/bumperbot_ws/install/bumperbot_localization/share/bumperbot_localization/cmake/bumperbot_localizationConfig-version.cmake
[20.202s] -- Installing: /home/raz/projects/self_driving_OC_project/bumperbot_ws/install/bumperbot_localization/share/bumperbot_localization/package.xml
[20.205s] Invoked command in '/home/raz/projects/self_driving_OC_project/bumperbot_ws/build/bumperbot_localization' returned '0': CMAKE_PREFIX_PATH=${CMAKE_PREFIX_PATH}:/home/raz/PD_Robot/ros2_ws/install/sar_py_examples:/opt/ros/humble /usr/bin/cmake --install /home/raz/projects/self_driving_OC_project/bumperbot_ws/build/bumperbot_localization
