[0.017s] Invoking command in '/home/raz/projects/self_driving_OC_project/bumperbot_ws/build/bumperbot_controller': CMAKE_PREFIX_PATH=${CMAKE_PREFIX_PATH}:/home/raz/PD_Robot/ros2_ws/install/sar_py_examples:/home/raz/projects/self_driving_OC_project/bumperbot_ws/install/bumperbot_py_examples:/opt/ros/humble /usr/bin/cmake --build /home/raz/projects/self_driving_OC_project/bumperbot_ws/build/bumperbot_controller -- -j16 -l16
[0.061s] [35m[1mConsolidate compiler generated dependencies of target simple_controller[0m
[0.082s] [  0%] Built target ament_cmake_python_symlink_bumperbot_controller
[0.084s] [ 50%] [32mBuilding CXX object CMakeFiles/simple_controller.dir/src/simple_controller.cpp.o[0m
[0.313s] running egg_info
[0.314s] writing bumperbot_controller.egg-info/PKG-INFO
[0.314s] writing dependency_links to bumperbot_controller.egg-info/dependency_links.txt
[0.314s] writing top-level names to bumperbot_controller.egg-info/top_level.txt
[0.316s] reading manifest file 'bumperbot_controller.egg-info/SOURCES.txt'
[0.317s] writing manifest file 'bumperbot_controller.egg-info/SOURCES.txt'
[0.351s] [ 50%] Built target ament_cmake_python_build_bumperbot_controller_egg
[10.223s] [100%] [32m[1mLinking CXX executable simple_controller[0m
[10.830s] [100%] Built target simple_controller
[10.843s] Invoked command in '/home/raz/projects/self_driving_OC_project/bumperbot_ws/build/bumperbot_controller' returned '0': CMAKE_PREFIX_PATH=${CMAKE_PREFIX_PATH}:/home/raz/PD_Robot/ros2_ws/install/sar_py_examples:/home/raz/projects/self_driving_OC_project/bumperbot_ws/install/bumperbot_py_examples:/opt/ros/humble /usr/bin/cmake --build /home/raz/projects/self_driving_OC_project/bumperbot_ws/build/bumperbot_controller -- -j16 -l16
[10.845s] Invoking command in '/home/raz/projects/self_driving_OC_project/bumperbot_ws/build/bumperbot_controller': CMAKE_PREFIX_PATH=${CMAKE_PREFIX_PATH}:/home/raz/PD_Robot/ros2_ws/install/sar_py_examples:/home/raz/projects/self_driving_OC_project/bumperbot_ws/install/bumperbot_py_examples:/opt/ros/humble /usr/bin/cmake --install /home/raz/projects/self_driving_OC_project/bumperbot_ws/build/bumperbot_controller
[10.852s] -- Install configuration: ""
[10.853s] -- Execute custom install script
[10.853s] -- Up-to-date symlink: /home/raz/projects/self_driving_OC_project/bumperbot_ws/install/bumperbot_controller/share/bumperbot_controller/environment/pythonpath.sh
[10.853s] -- Up-to-date symlink: /home/raz/projects/self_driving_OC_project/bumperbot_ws/install/bumperbot_controller/share/bumperbot_controller/environment/pythonpath.dsv
[10.853s] -- Up-to-date symlink: /home/raz/projects/self_driving_OC_project/bumperbot_ws/install/bumperbot_controller/local/lib/python3.10/dist-packages/bumperbot_controller-0.0.0-py3.10.egg-info/PKG-INFO
[10.853s] -- Up-to-date symlink: /home/raz/projects/self_driving_OC_project/bumperbot_ws/install/bumperbot_controller/local/lib/python3.10/dist-packages/bumperbot_controller-0.0.0-py3.10.egg-info/SOURCES.txt
[10.853s] -- Up-to-date symlink: /home/raz/projects/self_driving_OC_project/bumperbot_ws/install/bumperbot_controller/local/lib/python3.10/dist-packages/bumperbot_controller-0.0.0-py3.10.egg-info/dependency_links.txt
[10.853s] -- Up-to-date symlink: /home/raz/projects/self_driving_OC_project/bumperbot_ws/install/bumperbot_controller/local/lib/python3.10/dist-packages/bumperbot_controller-0.0.0-py3.10.egg-info/top_level.txt
[10.854s] -- Up-to-date symlink: /home/raz/projects/self_driving_OC_project/bumperbot_ws/install/bumperbot_controller/local/lib/python3.10/dist-packages/bumperbot_controller/__init__.py
[10.854s] -- Up-to-date symlink: /home/raz/projects/self_driving_OC_project/bumperbot_ws/install/bumperbot_controller/local/lib/python3.10/dist-packages/bumperbot_controller/simple_controller.py
[10.854s] -- Up-to-date symlink: /home/raz/projects/self_driving_OC_project/bumperbot_ws/install/bumperbot_controller/include/include/bumperbot_controller/.gitkeep
[10.854s] -- Up-to-date symlink: /home/raz/projects/self_driving_OC_project/bumperbot_ws/install/bumperbot_controller/include/include/bumperbot_controller/simple_controller.hpp
[10.854s] -- Up-to-date symlink: /home/raz/projects/self_driving_OC_project/bumperbot_ws/install/bumperbot_controller/lib/bumperbot_controller/simple_controller
[10.855s] -- Up-to-date symlink: /home/raz/projects/self_driving_OC_project/bumperbot_ws/install/bumperbot_controller/share/bumperbot_controller/config/bumperbot_controllers.yaml
[10.855s] -- Up-to-date symlink: /home/raz/projects/self_driving_OC_project/bumperbot_ws/install/bumperbot_controller/share/bumperbot_controller/config/joy_config.yaml
[10.855s] -- Up-to-date symlink: /home/raz/projects/self_driving_OC_project/bumperbot_ws/install/bumperbot_controller/share/bumperbot_controller/config/joy_teleop.yaml
[10.855s] -- Up-to-date symlink: /home/raz/projects/self_driving_OC_project/bumperbot_ws/install/bumperbot_controller/share/bumperbot_controller/launch/controller.launch.py
[10.855s] -- Up-to-date symlink: /home/raz/projects/self_driving_OC_project/bumperbot_ws/install/bumperbot_controller/share/bumperbot_controller/launch/joystick_teleop.launch.py
[10.855s] -- Up-to-date symlink: /home/raz/projects/self_driving_OC_project/bumperbot_ws/install/bumperbot_controller/lib/bumperbot_controller/simple_controller.py
[10.855s] -- Up-to-date symlink: /home/raz/projects/self_driving_OC_project/bumperbot_ws/install/bumperbot_controller/share/ament_index/resource_index/package_run_dependencies/bumperbot_controller
[10.856s] -- Up-to-date symlink: /home/raz/projects/self_driving_OC_project/bumperbot_ws/install/bumperbot_controller/share/ament_index/resource_index/parent_prefix_path/bumperbot_controller
[10.856s] -- Up-to-date symlink: /home/raz/projects/self_driving_OC_project/bumperbot_ws/install/bumperbot_controller/share/bumperbot_controller/environment/ament_prefix_path.sh
[10.856s] -- Up-to-date symlink: /home/raz/projects/self_driving_OC_project/bumperbot_ws/install/bumperbot_controller/share/bumperbot_controller/environment/ament_prefix_path.dsv
[10.856s] -- Up-to-date symlink: /home/raz/projects/self_driving_OC_project/bumperbot_ws/install/bumperbot_controller/share/bumperbot_controller/environment/path.sh
[10.856s] -- Up-to-date symlink: /home/raz/projects/self_driving_OC_project/bumperbot_ws/install/bumperbot_controller/share/bumperbot_controller/environment/path.dsv
[10.856s] -- Up-to-date symlink: /home/raz/projects/self_driving_OC_project/bumperbot_ws/install/bumperbot_controller/share/bumperbot_controller/local_setup.bash
[10.856s] -- Up-to-date symlink: /home/raz/projects/self_driving_OC_project/bumperbot_ws/install/bumperbot_controller/share/bumperbot_controller/local_setup.sh
[10.857s] -- Up-to-date symlink: /home/raz/projects/self_driving_OC_project/bumperbot_ws/install/bumperbot_controller/share/bumperbot_controller/local_setup.zsh
[10.857s] -- Up-to-date symlink: /home/raz/projects/self_driving_OC_project/bumperbot_ws/install/bumperbot_controller/share/bumperbot_controller/local_setup.dsv
[10.857s] -- Symlinking: /home/raz/projects/self_driving_OC_project/bumperbot_ws/install/bumperbot_controller/share/bumperbot_controller/package.dsv
[10.867s] -- Up-to-date symlink: /home/raz/projects/self_driving_OC_project/bumperbot_ws/install/bumperbot_controller/share/ament_index/resource_index/packages/bumperbot_controller
[10.867s] -- Up-to-date symlink: /home/raz/projects/self_driving_OC_project/bumperbot_ws/install/bumperbot_controller/share/bumperbot_controller/cmake/bumperbot_controllerConfig.cmake
[10.867s] -- Up-to-date symlink: /home/raz/projects/self_driving_OC_project/bumperbot_ws/install/bumperbot_controller/share/bumperbot_controller/cmake/bumperbot_controllerConfig-version.cmake
[10.867s] -- Up-to-date symlink: /home/raz/projects/self_driving_OC_project/bumperbot_ws/install/bumperbot_controller/share/bumperbot_controller/package.xml
[10.896s] Listing '/home/raz/projects/self_driving_OC_project/bumperbot_ws/install/bumperbot_controller/local/lib/python3.10/dist-packages/bumperbot_controller'...
[10.904s] Invoked command in '/home/raz/projects/self_driving_OC_project/bumperbot_ws/build/bumperbot_controller' returned '0': CMAKE_PREFIX_PATH=${CMAKE_PREFIX_PATH}:/home/raz/PD_Robot/ros2_ws/install/sar_py_examples:/home/raz/projects/self_driving_OC_project/bumperbot_ws/install/bumperbot_py_examples:/opt/ros/humble /usr/bin/cmake --install /home/raz/projects/self_driving_OC_project/bumperbot_ws/build/bumperbot_controller
