[0.634s] Invoking command in '/home/raz/projects/self_driving_OC_project/bumperbot_ws/build/bumperbot_py_examples': AMENT_PREFIX_PATH=/home/raz/projects/self_driving_OC_project/bumperbot_ws/install/bumperbot_msgs:${AMENT_PREFIX_PATH} CMAKE_PREFIX_PATH=/home/raz/projects/self_driving_OC_project/bumperbot_ws/install/bumperbot_msgs:${CMAKE_PREFIX_PATH} LD_LIBRARY_PATH=/home/raz/projects/self_driving_OC_project/bumperbot_ws/install/bumperbot_msgs/lib:${LD_LIBRARY_PATH} PYTHONPATH=/home/raz/projects/self_driving_OC_project/bumperbot_ws/build/bumperbot_py_examples/prefix_override:/usr/lib/python3/dist-packages/colcon_core/task/python/colcon_distutils_commands:/home/raz/projects/self_driving_OC_project/bumperbot_ws/install/bumperbot_py_examples/lib/python3.10/site-packages:/home/raz/projects/self_driving_OC_project/bumperbot_ws/install/bumperbot_msgs/local/lib/python3.10/dist-packages:${PYTHONPATH} /usr/bin/python3 -W ignore:setup.py install is deprecated -W ignore:easy_install command is deprecated setup.py develop --editable --build-directory /home/raz/projects/self_driving_OC_project/bumperbot_ws/build/bumperbot_py_examples/build --no-deps symlink_data
[0.889s] running develop
[1.059s] running egg_info
[1.060s] writing bumperbot_py_examples.egg-info/PKG-INFO
[1.060s] writing dependency_links to bumperbot_py_examples.egg-info/dependency_links.txt
[1.060s] writing entry points to bumperbot_py_examples.egg-info/entry_points.txt
[1.060s] writing requirements to bumperbot_py_examples.egg-info/requires.txt
[1.060s] writing top-level names to bumperbot_py_examples.egg-info/top_level.txt
[1.062s] reading manifest file 'bumperbot_py_examples.egg-info/SOURCES.txt'
[1.063s] writing manifest file 'bumperbot_py_examples.egg-info/SOURCES.txt'
[1.065s] running build_ext
[1.065s] Creating /home/raz/projects/self_driving_OC_project/bumperbot_ws/install/bumperbot_py_examples/lib/python3.10/site-packages/bumperbot-py-examples.egg-link (link to .)
[1.066s] Installing simple_parameter script to /home/raz/projects/self_driving_OC_project/bumperbot_ws/install/bumperbot_py_examples/lib/bumperbot_py_examples
[1.066s] Installing simple_publisher script to /home/raz/projects/self_driving_OC_project/bumperbot_ws/install/bumperbot_py_examples/lib/bumperbot_py_examples
[1.066s] Installing simple_service_server script to /home/raz/projects/self_driving_OC_project/bumperbot_ws/install/bumperbot_py_examples/lib/bumperbot_py_examples
[1.066s] Installing simple_subscriber script to /home/raz/projects/self_driving_OC_project/bumperbot_ws/install/bumperbot_py_examples/lib/bumperbot_py_examples
[1.066s] Installing simple_tf_kinematics script to /home/raz/projects/self_driving_OC_project/bumperbot_ws/install/bumperbot_py_examples/lib/bumperbot_py_examples
[1.066s] Installing simple_turtlesim_kinematics script to /home/raz/projects/self_driving_OC_project/bumperbot_ws/install/bumperbot_py_examples/lib/bumperbot_py_examples
[1.066s] 
[1.067s] Installed /home/raz/projects/self_driving_OC_project/bumperbot_ws/build/bumperbot_py_examples
[1.067s] running symlink_data
[1.111s] Invoked command in '/home/raz/projects/self_driving_OC_project/bumperbot_ws/build/bumperbot_py_examples' returned '0': AMENT_PREFIX_PATH=/home/raz/projects/self_driving_OC_project/bumperbot_ws/install/bumperbot_msgs:${AMENT_PREFIX_PATH} CMAKE_PREFIX_PATH=/home/raz/projects/self_driving_OC_project/bumperbot_ws/install/bumperbot_msgs:${CMAKE_PREFIX_PATH} LD_LIBRARY_PATH=/home/raz/projects/self_driving_OC_project/bumperbot_ws/install/bumperbot_msgs/lib:${LD_LIBRARY_PATH} PYTHONPATH=/home/raz/projects/self_driving_OC_project/bumperbot_ws/build/bumperbot_py_examples/prefix_override:/usr/lib/python3/dist-packages/colcon_core/task/python/colcon_distutils_commands:/home/raz/projects/self_driving_OC_project/bumperbot_ws/install/bumperbot_py_examples/lib/python3.10/site-packages:/home/raz/projects/self_driving_OC_project/bumperbot_ws/install/bumperbot_msgs/local/lib/python3.10/dist-packages:${PYTHONPATH} /usr/bin/python3 -W ignore:setup.py install is deprecated -W ignore:easy_install command is deprecated setup.py develop --editable --build-directory /home/raz/projects/self_driving_OC_project/bumperbot_ws/build/bumperbot_py_examples/build --no-deps symlink_data
