[0.621s] Invoking command in '/home/raz/projects/self_driving_OC_project/bumperbot_ws/build/bumperbot_py_examples': PYTHONPATH=/home/raz/projects/self_driving_OC_project/bumperbot_ws/build/bumperbot_py_examples/prefix_override:/usr/lib/python3/dist-packages/colcon_core/task/python/colcon_distutils_commands:/home/raz/projects/self_driving_OC_project/bumperbot_ws/install/bumperbot_py_examples/lib/python3.10/site-packages:${PYTHONPATH} /usr/bin/python3 -W ignore:setup.py install is deprecated -W ignore:easy_install command is deprecated setup.py develop --editable --build-directory /home/raz/projects/self_driving_OC_project/bumperbot_ws/build/bumperbot_py_examples/build --no-deps symlink_data --force
[0.839s] running develop
[0.990s] running egg_info
[0.990s] writing bumperbot_py_examples.egg-info/PKG-INFO
[0.990s] writing dependency_links to bumperbot_py_examples.egg-info/dependency_links.txt
[0.990s] writing entry points to bumperbot_py_examples.egg-info/entry_points.txt
[0.990s] writing requirements to bumperbot_py_examples.egg-info/requires.txt
[0.990s] writing top-level names to bumperbot_py_examples.egg-info/top_level.txt
[0.992s] reading manifest file 'bumperbot_py_examples.egg-info/SOURCES.txt'
[0.993s] writing manifest file 'bumperbot_py_examples.egg-info/SOURCES.txt'
[0.994s] running build_ext
[0.994s] Creating /home/raz/projects/self_driving_OC_project/bumperbot_ws/install/bumperbot_py_examples/lib/python3.10/site-packages/bumperbot-py-examples.egg-link (link to .)
[0.994s] Installing simple_parameter script to /home/raz/projects/self_driving_OC_project/bumperbot_ws/install/bumperbot_py_examples/lib/bumperbot_py_examples
[0.995s] Installing simple_publisher script to /home/raz/projects/self_driving_OC_project/bumperbot_ws/install/bumperbot_py_examples/lib/bumperbot_py_examples
[0.995s] Installing simple_subscriber script to /home/raz/projects/self_driving_OC_project/bumperbot_ws/install/bumperbot_py_examples/lib/bumperbot_py_examples
[0.995s] Installing simple_turtlesim_kinematics script to /home/raz/projects/self_driving_OC_project/bumperbot_ws/install/bumperbot_py_examples/lib/bumperbot_py_examples
[0.995s] 
[0.995s] Installed /home/raz/projects/self_driving_OC_project/bumperbot_ws/build/bumperbot_py_examples
[0.995s] running symlink_data
[0.995s] symbolically linking /home/raz/projects/self_driving_OC_project/bumperbot_ws/build/bumperbot_py_examples/resource/bumperbot_py_examples -> /home/raz/projects/self_driving_OC_project/bumperbot_ws/install/bumperbot_py_examples/share/ament_index/resource_index/packages
[0.995s] symbolically linking /home/raz/projects/self_driving_OC_project/bumperbot_ws/build/bumperbot_py_examples/package.xml -> /home/raz/projects/self_driving_OC_project/bumperbot_ws/install/bumperbot_py_examples/share/bumperbot_py_examples
[1.028s] Invoked command in '/home/raz/projects/self_driving_OC_project/bumperbot_ws/build/bumperbot_py_examples' returned '0': PYTHONPATH=/home/raz/projects/self_driving_OC_project/bumperbot_ws/build/bumperbot_py_examples/prefix_override:/usr/lib/python3/dist-packages/colcon_core/task/python/colcon_distutils_commands:/home/raz/projects/self_driving_OC_project/bumperbot_ws/install/bumperbot_py_examples/lib/python3.10/site-packages:${PYTHONPATH} /usr/bin/python3 -W ignore:setup.py install is deprecated -W ignore:easy_install command is deprecated setup.py develop --editable --build-directory /home/raz/projects/self_driving_OC_project/bumperbot_ws/build/bumperbot_py_examples/build --no-deps symlink_data --force
