[0.097s] DEBUG:colcon:Command line arguments: ['/usr/bin/colcon', 'list', '-p', '--base-paths', '/home/raz/projects/self_driving_OC_project/bumperbot_ws']
[0.097s] DEBUG:colcon:Parsed command line arguments: Namespace(log_base=None, log_level=None, verb_name='list', build_base='build', ignore_user_meta=False, metas=['./colcon.meta'], base_paths=['/home/raz/projects/self_driving_OC_project/bumperbot_ws'], packages_ignore=None, packages_ignore_regex=None, paths=None, packages_up_to=None, packages_up_to_regex=None, packages_above=None, packages_above_and_dependencies=None, packages_above_depth=None, packages_select_by_dep=None, packages_skip_by_dep=None, packages_skip_up_to=None, packages_select_build_failed=False, packages_skip_build_finished=False, packages_select_test_failures=False, packages_skip_test_passed=False, packages_select=None, packages_skip=None, packages_select_regex=None, packages_skip_regex=None, packages_start=None, packages_end=None, allow_overriding=[], topological_order=False, names_only=False, paths_only=True, topological_graph=False, topological_graph_dot=False, topological_graph_density=False, topological_graph_legend=False, topological_graph_dot_cluster=False, topological_graph_dot_include_skipped=False, mixin_files=None, mixin=None, verb_parser=<colcon_mixin.mixin.mixin_argument.MixinArgumentDecorator object at 0x791b661a12a0>, verb_extension=<colcon_package_information.verb.list.ListVerb object at 0x791b661a0310>, main=<bound method ListVerb.main of <colcon_package_information.verb.list.ListVerb object at 0x791b661a0310>>, mixin_verb=('list',))
[0.279s] Level 1:colcon.colcon_core.package_discovery:discover_packages(colcon_meta) check parameters
[0.279s] Level 1:colcon.colcon_core.package_discovery:discover_packages(recursive) check parameters
[0.279s] Level 1:colcon.colcon_core.package_discovery:discover_packages(ignore) check parameters
[0.279s] Level 1:colcon.colcon_core.package_discovery:discover_packages(path) check parameters
[0.279s] Level 1:colcon.colcon_core.package_discovery:discover_packages(recursive) discover
[0.279s] INFO:colcon.colcon_core.package_discovery:Crawling recursively for packages in '/home/raz/projects/self_driving_OC_project/bumperbot_ws'
[0.279s] Level 1:colcon.colcon_core.package_identification:_identify(/home/raz/projects/self_driving_OC_project/bumperbot_ws) by extensions ['ignore', 'ignore_ament_install']
[0.279s] Level 1:colcon.colcon_core.package_identification:_identify(/home/raz/projects/self_driving_OC_project/bumperbot_ws) by extension 'ignore'
[0.279s] Level 1:colcon.colcon_core.package_identification:_identify(/home/raz/projects/self_driving_OC_project/bumperbot_ws) by extension 'ignore_ament_install'
[0.279s] Level 1:colcon.colcon_core.package_identification:_identify(/home/raz/projects/self_driving_OC_project/bumperbot_ws) by extensions ['colcon_pkg']
[0.279s] Level 1:colcon.colcon_core.package_identification:_identify(/home/raz/projects/self_driving_OC_project/bumperbot_ws) by extension 'colcon_pkg'
[0.279s] Level 1:colcon.colcon_core.package_identification:_identify(/home/raz/projects/self_driving_OC_project/bumperbot_ws) by extensions ['colcon_meta']
[0.279s] Level 1:colcon.colcon_core.package_identification:_identify(/home/raz/projects/self_driving_OC_project/bumperbot_ws) by extension 'colcon_meta'
[0.279s] Level 1:colcon.colcon_core.package_identification:_identify(/home/raz/projects/self_driving_OC_project/bumperbot_ws) by extensions ['ros']
[0.279s] Level 1:colcon.colcon_core.package_identification:_identify(/home/raz/projects/self_driving_OC_project/bumperbot_ws) by extension 'ros'
[0.288s] Level 1:colcon.colcon_core.package_identification:_identify(/home/raz/projects/self_driving_OC_project/bumperbot_ws) by extensions ['cmake', 'python']
[0.288s] Level 1:colcon.colcon_core.package_identification:_identify(/home/raz/projects/self_driving_OC_project/bumperbot_ws) by extension 'cmake'
[0.288s] Level 1:colcon.colcon_core.package_identification:_identify(/home/raz/projects/self_driving_OC_project/bumperbot_ws) by extension 'python'
[0.289s] Level 1:colcon.colcon_core.package_identification:_identify(/home/raz/projects/self_driving_OC_project/bumperbot_ws) by extensions ['python_setup_py']
[0.289s] Level 1:colcon.colcon_core.package_identification:_identify(/home/raz/projects/self_driving_OC_project/bumperbot_ws) by extension 'python_setup_py'
[0.289s] Level 1:colcon.colcon_core.package_identification:_identify(/home/raz/projects/self_driving_OC_project/bumperbot_ws/build) by extensions ['ignore', 'ignore_ament_install']
[0.289s] Level 1:colcon.colcon_core.package_identification:_identify(/home/raz/projects/self_driving_OC_project/bumperbot_ws/build) by extension 'ignore'
[0.289s] Level 1:colcon.colcon_core.package_identification:_identify(/home/raz/projects/self_driving_OC_project/bumperbot_ws/build) ignored
[0.289s] Level 1:colcon.colcon_core.package_identification:_identify(/home/raz/projects/self_driving_OC_project/bumperbot_ws/install) by extensions ['ignore', 'ignore_ament_install']
[0.289s] Level 1:colcon.colcon_core.package_identification:_identify(/home/raz/projects/self_driving_OC_project/bumperbot_ws/install) by extension 'ignore'
[0.289s] Level 1:colcon.colcon_core.package_identification:_identify(/home/raz/projects/self_driving_OC_project/bumperbot_ws/install) ignored
[0.289s] Level 1:colcon.colcon_core.package_identification:_identify(/home/raz/projects/self_driving_OC_project/bumperbot_ws/log) by extensions ['ignore', 'ignore_ament_install']
[0.290s] Level 1:colcon.colcon_core.package_identification:_identify(/home/raz/projects/self_driving_OC_project/bumperbot_ws/log) by extension 'ignore'
[0.290s] Level 1:colcon.colcon_core.package_identification:_identify(/home/raz/projects/self_driving_OC_project/bumperbot_ws/log) ignored
[0.290s] Level 1:colcon.colcon_core.package_identification:_identify(/home/raz/projects/self_driving_OC_project/bumperbot_ws/src) by extensions ['ignore', 'ignore_ament_install']
[0.290s] Level 1:colcon.colcon_core.package_identification:_identify(/home/raz/projects/self_driving_OC_project/bumperbot_ws/src) by extension 'ignore'
[0.290s] Level 1:colcon.colcon_core.package_identification:_identify(/home/raz/projects/self_driving_OC_project/bumperbot_ws/src) by extension 'ignore_ament_install'
[0.290s] Level 1:colcon.colcon_core.package_identification:_identify(/home/raz/projects/self_driving_OC_project/bumperbot_ws/src) by extensions ['colcon_pkg']
[0.290s] Level 1:colcon.colcon_core.package_identification:_identify(/home/raz/projects/self_driving_OC_project/bumperbot_ws/src) by extension 'colcon_pkg'
[0.290s] Level 1:colcon.colcon_core.package_identification:_identify(/home/raz/projects/self_driving_OC_project/bumperbot_ws/src) by extensions ['colcon_meta']
[0.290s] Level 1:colcon.colcon_core.package_identification:_identify(/home/raz/projects/self_driving_OC_project/bumperbot_ws/src) by extension 'colcon_meta'
[0.290s] Level 1:colcon.colcon_core.package_identification:_identify(/home/raz/projects/self_driving_OC_project/bumperbot_ws/src) by extensions ['ros']
[0.290s] Level 1:colcon.colcon_core.package_identification:_identify(/home/raz/projects/self_driving_OC_project/bumperbot_ws/src) by extension 'ros'
[0.290s] Level 1:colcon.colcon_core.package_identification:_identify(/home/raz/projects/self_driving_OC_project/bumperbot_ws/src) by extensions ['cmake', 'python']
[0.290s] Level 1:colcon.colcon_core.package_identification:_identify(/home/raz/projects/self_driving_OC_project/bumperbot_ws/src) by extension 'cmake'
[0.290s] Level 1:colcon.colcon_core.package_identification:_identify(/home/raz/projects/self_driving_OC_project/bumperbot_ws/src) by extension 'python'
[0.290s] Level 1:colcon.colcon_core.package_identification:_identify(/home/raz/projects/self_driving_OC_project/bumperbot_ws/src) by extensions ['python_setup_py']
[0.290s] Level 1:colcon.colcon_core.package_identification:_identify(/home/raz/projects/self_driving_OC_project/bumperbot_ws/src) by extension 'python_setup_py'
[0.290s] Level 1:colcon.colcon_core.package_identification:_identify(/home/raz/projects/self_driving_OC_project/bumperbot_ws/src/bumperbot_controller) by extensions ['ignore', 'ignore_ament_install']
[0.290s] Level 1:colcon.colcon_core.package_identification:_identify(/home/raz/projects/self_driving_OC_project/bumperbot_ws/src/bumperbot_controller) by extension 'ignore'
[0.290s] Level 1:colcon.colcon_core.package_identification:_identify(/home/raz/projects/self_driving_OC_project/bumperbot_ws/src/bumperbot_controller) by extension 'ignore_ament_install'
[0.290s] Level 1:colcon.colcon_core.package_identification:_identify(/home/raz/projects/self_driving_OC_project/bumperbot_ws/src/bumperbot_controller) by extensions ['colcon_pkg']
[0.290s] Level 1:colcon.colcon_core.package_identification:_identify(/home/raz/projects/self_driving_OC_project/bumperbot_ws/src/bumperbot_controller) by extension 'colcon_pkg'
[0.291s] Level 1:colcon.colcon_core.package_identification:_identify(/home/raz/projects/self_driving_OC_project/bumperbot_ws/src/bumperbot_controller) by extensions ['colcon_meta']
[0.291s] Level 1:colcon.colcon_core.package_identification:_identify(/home/raz/projects/self_driving_OC_project/bumperbot_ws/src/bumperbot_controller) by extension 'colcon_meta'
[0.291s] Level 1:colcon.colcon_core.package_identification:_identify(/home/raz/projects/self_driving_OC_project/bumperbot_ws/src/bumperbot_controller) by extensions ['ros']
[0.291s] Level 1:colcon.colcon_core.package_identification:_identify(/home/raz/projects/self_driving_OC_project/bumperbot_ws/src/bumperbot_controller) by extension 'ros'
[0.293s] DEBUG:colcon.colcon_core.package_identification:Package '/home/raz/projects/self_driving_OC_project/bumperbot_ws/src/bumperbot_controller' with type 'ros.ament_cmake' and name 'bumperbot_controller'
[0.294s] Level 1:colcon.colcon_core.package_identification:_identify(/home/raz/projects/self_driving_OC_project/bumperbot_ws/src/bumperbot_cpp_examples) by extensions ['ignore', 'ignore_ament_install']
[0.294s] Level 1:colcon.colcon_core.package_identification:_identify(/home/raz/projects/self_driving_OC_project/bumperbot_ws/src/bumperbot_cpp_examples) by extension 'ignore'
[0.294s] Level 1:colcon.colcon_core.package_identification:_identify(/home/raz/projects/self_driving_OC_project/bumperbot_ws/src/bumperbot_cpp_examples) by extension 'ignore_ament_install'
[0.294s] Level 1:colcon.colcon_core.package_identification:_identify(/home/raz/projects/self_driving_OC_project/bumperbot_ws/src/bumperbot_cpp_examples) by extensions ['colcon_pkg']
[0.294s] Level 1:colcon.colcon_core.package_identification:_identify(/home/raz/projects/self_driving_OC_project/bumperbot_ws/src/bumperbot_cpp_examples) by extension 'colcon_pkg'
[0.294s] Level 1:colcon.colcon_core.package_identification:_identify(/home/raz/projects/self_driving_OC_project/bumperbot_ws/src/bumperbot_cpp_examples) by extensions ['colcon_meta']
[0.294s] Level 1:colcon.colcon_core.package_identification:_identify(/home/raz/projects/self_driving_OC_project/bumperbot_ws/src/bumperbot_cpp_examples) by extension 'colcon_meta'
[0.294s] Level 1:colcon.colcon_core.package_identification:_identify(/home/raz/projects/self_driving_OC_project/bumperbot_ws/src/bumperbot_cpp_examples) by extensions ['ros']
[0.294s] Level 1:colcon.colcon_core.package_identification:_identify(/home/raz/projects/self_driving_OC_project/bumperbot_ws/src/bumperbot_cpp_examples) by extension 'ros'
[0.295s] DEBUG:colcon.colcon_core.package_identification:Package '/home/raz/projects/self_driving_OC_project/bumperbot_ws/src/bumperbot_cpp_examples' with type 'ros.ament_cmake' and name 'bumperbot_cpp_examples'
[0.295s] Level 1:colcon.colcon_core.package_identification:_identify(/home/raz/projects/self_driving_OC_project/bumperbot_ws/src/bumperbot_description) by extensions ['ignore', 'ignore_ament_install']
[0.295s] Level 1:colcon.colcon_core.package_identification:_identify(/home/raz/projects/self_driving_OC_project/bumperbot_ws/src/bumperbot_description) by extension 'ignore'
[0.295s] Level 1:colcon.colcon_core.package_identification:_identify(/home/raz/projects/self_driving_OC_project/bumperbot_ws/src/bumperbot_description) by extension 'ignore_ament_install'
[0.295s] Level 1:colcon.colcon_core.package_identification:_identify(/home/raz/projects/self_driving_OC_project/bumperbot_ws/src/bumperbot_description) by extensions ['colcon_pkg']
[0.295s] Level 1:colcon.colcon_core.package_identification:_identify(/home/raz/projects/self_driving_OC_project/bumperbot_ws/src/bumperbot_description) by extension 'colcon_pkg'
[0.296s] Level 1:colcon.colcon_core.package_identification:_identify(/home/raz/projects/self_driving_OC_project/bumperbot_ws/src/bumperbot_description) by extensions ['colcon_meta']
[0.296s] Level 1:colcon.colcon_core.package_identification:_identify(/home/raz/projects/self_driving_OC_project/bumperbot_ws/src/bumperbot_description) by extension 'colcon_meta'
[0.296s] Level 1:colcon.colcon_core.package_identification:_identify(/home/raz/projects/self_driving_OC_project/bumperbot_ws/src/bumperbot_description) by extensions ['ros']
[0.296s] Level 1:colcon.colcon_core.package_identification:_identify(/home/raz/projects/self_driving_OC_project/bumperbot_ws/src/bumperbot_description) by extension 'ros'
[0.299s] DEBUG:colcon.colcon_core.package_identification:Package '/home/raz/projects/self_driving_OC_project/bumperbot_ws/src/bumperbot_description' with type 'ros.ament_cmake' and name 'bumperbot_description'
[0.299s] Level 1:colcon.colcon_core.package_identification:_identify(/home/raz/projects/self_driving_OC_project/bumperbot_ws/src/bumperbot_localization) by extensions ['ignore', 'ignore_ament_install']
[0.299s] Level 1:colcon.colcon_core.package_identification:_identify(/home/raz/projects/self_driving_OC_project/bumperbot_ws/src/bumperbot_localization) by extension 'ignore'
[0.299s] Level 1:colcon.colcon_core.package_identification:_identify(/home/raz/projects/self_driving_OC_project/bumperbot_ws/src/bumperbot_localization) by extension 'ignore_ament_install'
[0.299s] Level 1:colcon.colcon_core.package_identification:_identify(/home/raz/projects/self_driving_OC_project/bumperbot_ws/src/bumperbot_localization) by extensions ['colcon_pkg']
[0.299s] Level 1:colcon.colcon_core.package_identification:_identify(/home/raz/projects/self_driving_OC_project/bumperbot_ws/src/bumperbot_localization) by extension 'colcon_pkg'
[0.299s] Level 1:colcon.colcon_core.package_identification:_identify(/home/raz/projects/self_driving_OC_project/bumperbot_ws/src/bumperbot_localization) by extensions ['colcon_meta']
[0.299s] Level 1:colcon.colcon_core.package_identification:_identify(/home/raz/projects/self_driving_OC_project/bumperbot_ws/src/bumperbot_localization) by extension 'colcon_meta'
[0.299s] Level 1:colcon.colcon_core.package_identification:_identify(/home/raz/projects/self_driving_OC_project/bumperbot_ws/src/bumperbot_localization) by extensions ['ros']
[0.299s] Level 1:colcon.colcon_core.package_identification:_identify(/home/raz/projects/self_driving_OC_project/bumperbot_ws/src/bumperbot_localization) by extension 'ros'
[0.300s] DEBUG:colcon.colcon_core.package_identification:Package '/home/raz/projects/self_driving_OC_project/bumperbot_ws/src/bumperbot_localization' with type 'ros.ament_cmake' and name 'bumperbot_localization'
[0.300s] Level 1:colcon.colcon_core.package_identification:_identify(/home/raz/projects/self_driving_OC_project/bumperbot_ws/src/bumperbot_msgs) by extensions ['ignore', 'ignore_ament_install']
[0.300s] Level 1:colcon.colcon_core.package_identification:_identify(/home/raz/projects/self_driving_OC_project/bumperbot_ws/src/bumperbot_msgs) by extension 'ignore'
[0.300s] Level 1:colcon.colcon_core.package_identification:_identify(/home/raz/projects/self_driving_OC_project/bumperbot_ws/src/bumperbot_msgs) by extension 'ignore_ament_install'
[0.300s] Level 1:colcon.colcon_core.package_identification:_identify(/home/raz/projects/self_driving_OC_project/bumperbot_ws/src/bumperbot_msgs) by extensions ['colcon_pkg']
[0.300s] Level 1:colcon.colcon_core.package_identification:_identify(/home/raz/projects/self_driving_OC_project/bumperbot_ws/src/bumperbot_msgs) by extension 'colcon_pkg'
[0.300s] Level 1:colcon.colcon_core.package_identification:_identify(/home/raz/projects/self_driving_OC_project/bumperbot_ws/src/bumperbot_msgs) by extensions ['colcon_meta']
[0.300s] Level 1:colcon.colcon_core.package_identification:_identify(/home/raz/projects/self_driving_OC_project/bumperbot_ws/src/bumperbot_msgs) by extension 'colcon_meta'
[0.300s] Level 1:colcon.colcon_core.package_identification:_identify(/home/raz/projects/self_driving_OC_project/bumperbot_ws/src/bumperbot_msgs) by extensions ['ros']
[0.300s] Level 1:colcon.colcon_core.package_identification:_identify(/home/raz/projects/self_driving_OC_project/bumperbot_ws/src/bumperbot_msgs) by extension 'ros'
[0.301s] DEBUG:colcon.colcon_core.package_identification:Package '/home/raz/projects/self_driving_OC_project/bumperbot_ws/src/bumperbot_msgs' with type 'ros.ament_cmake' and name 'bumperbot_msgs'
[0.301s] Level 1:colcon.colcon_core.package_identification:_identify(/home/raz/projects/self_driving_OC_project/bumperbot_ws/src/bumperbot_py_examples) by extensions ['ignore', 'ignore_ament_install']
[0.301s] Level 1:colcon.colcon_core.package_identification:_identify(/home/raz/projects/self_driving_OC_project/bumperbot_ws/src/bumperbot_py_examples) by extension 'ignore'
[0.301s] Level 1:colcon.colcon_core.package_identification:_identify(/home/raz/projects/self_driving_OC_project/bumperbot_ws/src/bumperbot_py_examples) by extension 'ignore_ament_install'
[0.301s] Level 1:colcon.colcon_core.package_identification:_identify(/home/raz/projects/self_driving_OC_project/bumperbot_ws/src/bumperbot_py_examples) by extensions ['colcon_pkg']
[0.301s] Level 1:colcon.colcon_core.package_identification:_identify(/home/raz/projects/self_driving_OC_project/bumperbot_ws/src/bumperbot_py_examples) by extension 'colcon_pkg'
[0.301s] Level 1:colcon.colcon_core.package_identification:_identify(/home/raz/projects/self_driving_OC_project/bumperbot_ws/src/bumperbot_py_examples) by extensions ['colcon_meta']
[0.301s] Level 1:colcon.colcon_core.package_identification:_identify(/home/raz/projects/self_driving_OC_project/bumperbot_ws/src/bumperbot_py_examples) by extension 'colcon_meta'
[0.301s] Level 1:colcon.colcon_core.package_identification:_identify(/home/raz/projects/self_driving_OC_project/bumperbot_ws/src/bumperbot_py_examples) by extensions ['ros']
[0.301s] Level 1:colcon.colcon_core.package_identification:_identify(/home/raz/projects/self_driving_OC_project/bumperbot_ws/src/bumperbot_py_examples) by extension 'ros'
[0.302s] DEBUG:colcon.colcon_core.package_identification:Package '/home/raz/projects/self_driving_OC_project/bumperbot_ws/src/bumperbot_py_examples' with type 'ros.ament_python' and name 'bumperbot_py_examples'
[0.302s] Level 1:colcon.colcon_core.package_identification:_identify(/home/raz/projects/self_driving_OC_project/bumperbot_ws/src/bumperbot_utils) by extensions ['ignore', 'ignore_ament_install']
[0.302s] Level 1:colcon.colcon_core.package_identification:_identify(/home/raz/projects/self_driving_OC_project/bumperbot_ws/src/bumperbot_utils) by extension 'ignore'
[0.302s] Level 1:colcon.colcon_core.package_identification:_identify(/home/raz/projects/self_driving_OC_project/bumperbot_ws/src/bumperbot_utils) by extension 'ignore_ament_install'
[0.302s] Level 1:colcon.colcon_core.package_identification:_identify(/home/raz/projects/self_driving_OC_project/bumperbot_ws/src/bumperbot_utils) by extensions ['colcon_pkg']
[0.302s] Level 1:colcon.colcon_core.package_identification:_identify(/home/raz/projects/self_driving_OC_project/bumperbot_ws/src/bumperbot_utils) by extension 'colcon_pkg'
[0.302s] Level 1:colcon.colcon_core.package_identification:_identify(/home/raz/projects/self_driving_OC_project/bumperbot_ws/src/bumperbot_utils) by extensions ['colcon_meta']
[0.302s] Level 1:colcon.colcon_core.package_identification:_identify(/home/raz/projects/self_driving_OC_project/bumperbot_ws/src/bumperbot_utils) by extension 'colcon_meta'
[0.302s] Level 1:colcon.colcon_core.package_identification:_identify(/home/raz/projects/self_driving_OC_project/bumperbot_ws/src/bumperbot_utils) by extensions ['ros']
[0.302s] Level 1:colcon.colcon_core.package_identification:_identify(/home/raz/projects/self_driving_OC_project/bumperbot_ws/src/bumperbot_utils) by extension 'ros'
[0.317s] DEBUG:colcon.colcon_core.package_identification:Package '/home/raz/projects/self_driving_OC_project/bumperbot_ws/src/bumperbot_utils' with type 'ros.ament_cmake' and name 'bumperbot_utils'
[0.317s] Level 1:colcon.colcon_core.package_discovery:discover_packages(recursive) using defaults
