[0.025s] Invoking command in '/home/raz/projects/self_driving_OC_project/bumperbot_ws/build/bumperbot_utils': CMAKE_PREFIX_PATH=${CMAKE_PREFIX_PATH}:/home/raz/PD_Robot/ros2_ws/install/sar_py_examples:/home/raz/projects/self_driving_OC_project/bumperbot_ws/install/bumperbot_py_examples:/opt/ros/humble /usr/bin/cmake --build /home/raz/projects/self_driving_OC_project/bumperbot_ws/build/bumperbot_utils -- -j16 -l16
[0.103s] [100%] Built target trajectory_visualization
[0.103s] [100%] Built target ament_cmake_python_symlink_bumperbot_utils
[0.347s] running egg_info
[0.347s] writing bumperbot_utils.egg-info/PKG-INFO
[0.348s] writing dependency_links to bumperbot_utils.egg-info/dependency_links.txt
[0.348s] writing top-level names to bumperbot_utils.egg-info/top_level.txt
[0.350s] reading manifest file 'bumperbot_utils.egg-info/SOURCES.txt'
[0.351s] writing manifest file 'bumperbot_utils.egg-info/SOURCES.txt'
[0.394s] [100%] Built target ament_cmake_python_build_bumperbot_utils_egg
[0.412s] Invoked command in '/home/raz/projects/self_driving_OC_project/bumperbot_ws/build/bumperbot_utils' returned '0': CMAKE_PREFIX_PATH=${CMAKE_PREFIX_PATH}:/home/raz/PD_Robot/ros2_ws/install/sar_py_examples:/home/raz/projects/self_driving_OC_project/bumperbot_ws/install/bumperbot_py_examples:/opt/ros/humble /usr/bin/cmake --build /home/raz/projects/self_driving_OC_project/bumperbot_ws/build/bumperbot_utils -- -j16 -l16
[0.414s] Invoking command in '/home/raz/projects/self_driving_OC_project/bumperbot_ws/build/bumperbot_utils': CMAKE_PREFIX_PATH=${CMAKE_PREFIX_PATH}:/home/raz/PD_Robot/ros2_ws/install/sar_py_examples:/home/raz/projects/self_driving_OC_project/bumperbot_ws/install/bumperbot_py_examples:/opt/ros/humble /usr/bin/cmake --install /home/raz/projects/self_driving_OC_project/bumperbot_ws/build/bumperbot_utils
[0.423s] -- Install configuration: ""
[0.424s] -- Execute custom install script
[0.425s] -- Up-to-date symlink: /home/raz/projects/self_driving_OC_project/bumperbot_ws/install/bumperbot_utils/share/bumperbot_utils/environment/pythonpath.sh
[0.425s] -- Up-to-date symlink: /home/raz/projects/self_driving_OC_project/bumperbot_ws/install/bumperbot_utils/share/bumperbot_utils/environment/pythonpath.dsv
[0.425s] -- Up-to-date symlink: /home/raz/projects/self_driving_OC_project/bumperbot_ws/install/bumperbot_utils/local/lib/python3.10/dist-packages/bumperbot_utils-0.0.0-py3.10.egg-info/PKG-INFO
[0.425s] -- Up-to-date symlink: /home/raz/projects/self_driving_OC_project/bumperbot_ws/install/bumperbot_utils/local/lib/python3.10/dist-packages/bumperbot_utils-0.0.0-py3.10.egg-info/SOURCES.txt
[0.425s] -- Up-to-date symlink: /home/raz/projects/self_driving_OC_project/bumperbot_ws/install/bumperbot_utils/local/lib/python3.10/dist-packages/bumperbot_utils-0.0.0-py3.10.egg-info/dependency_links.txt
[0.425s] -- Up-to-date symlink: /home/raz/projects/self_driving_OC_project/bumperbot_ws/install/bumperbot_utils/local/lib/python3.10/dist-packages/bumperbot_utils-0.0.0-py3.10.egg-info/top_level.txt
[0.426s] -- Up-to-date symlink: /home/raz/projects/self_driving_OC_project/bumperbot_ws/install/bumperbot_utils/local/lib/python3.10/dist-packages/bumperbot_utils/__init__.py
[0.426s] -- Up-to-date symlink: /home/raz/projects/self_driving_OC_project/bumperbot_ws/install/bumperbot_utils/local/lib/python3.10/dist-packages/bumperbot_utils/trajectory_visualization.py
[0.426s] -- Up-to-date symlink: /home/raz/projects/self_driving_OC_project/bumperbot_ws/install/bumperbot_utils/lib/bumperbot_utils/trajectory_visualization
[0.426s] -- Up-to-date symlink: /home/raz/projects/self_driving_OC_project/bumperbot_ws/install/bumperbot_utils/lib/bumperbot_utils/trajectory_visualization.py
[0.426s] -- Up-to-date symlink: /home/raz/projects/self_driving_OC_project/bumperbot_ws/install/bumperbot_utils/share/ament_index/resource_index/package_run_dependencies/bumperbot_utils
[0.427s] -- Up-to-date symlink: /home/raz/projects/self_driving_OC_project/bumperbot_ws/install/bumperbot_utils/share/ament_index/resource_index/parent_prefix_path/bumperbot_utils
[0.427s] -- Up-to-date symlink: /home/raz/projects/self_driving_OC_project/bumperbot_ws/install/bumperbot_utils/share/bumperbot_utils/environment/ament_prefix_path.sh
[0.427s] -- Up-to-date symlink: /home/raz/projects/self_driving_OC_project/bumperbot_ws/install/bumperbot_utils/share/bumperbot_utils/environment/ament_prefix_path.dsv
[0.427s] -- Up-to-date symlink: /home/raz/projects/self_driving_OC_project/bumperbot_ws/install/bumperbot_utils/share/bumperbot_utils/environment/path.sh
[0.428s] -- Up-to-date symlink: /home/raz/projects/self_driving_OC_project/bumperbot_ws/install/bumperbot_utils/share/bumperbot_utils/environment/path.dsv
[0.428s] -- Up-to-date symlink: /home/raz/projects/self_driving_OC_project/bumperbot_ws/install/bumperbot_utils/share/bumperbot_utils/local_setup.bash
[0.428s] -- Up-to-date symlink: /home/raz/projects/self_driving_OC_project/bumperbot_ws/install/bumperbot_utils/share/bumperbot_utils/local_setup.sh
[0.428s] -- Up-to-date symlink: /home/raz/projects/self_driving_OC_project/bumperbot_ws/install/bumperbot_utils/share/bumperbot_utils/local_setup.zsh
[0.428s] -- Up-to-date symlink: /home/raz/projects/self_driving_OC_project/bumperbot_ws/install/bumperbot_utils/share/bumperbot_utils/local_setup.dsv
[0.428s] -- Symlinking: /home/raz/projects/self_driving_OC_project/bumperbot_ws/install/bumperbot_utils/share/bumperbot_utils/package.dsv
[0.437s] -- Up-to-date symlink: /home/raz/projects/self_driving_OC_project/bumperbot_ws/install/bumperbot_utils/share/ament_index/resource_index/packages/bumperbot_utils
[0.437s] -- Up-to-date symlink: /home/raz/projects/self_driving_OC_project/bumperbot_ws/install/bumperbot_utils/share/bumperbot_utils/cmake/bumperbot_utilsConfig.cmake
[0.438s] -- Up-to-date symlink: /home/raz/projects/self_driving_OC_project/bumperbot_ws/install/bumperbot_utils/share/bumperbot_utils/cmake/bumperbot_utilsConfig-version.cmake
[0.438s] -- Up-to-date symlink: /home/raz/projects/self_driving_OC_project/bumperbot_ws/install/bumperbot_utils/share/bumperbot_utils/package.xml
[0.471s] Listing '/home/raz/projects/self_driving_OC_project/bumperbot_ws/install/bumperbot_utils/local/lib/python3.10/dist-packages/bumperbot_utils'...
[0.480s] Invoked command in '/home/raz/projects/self_driving_OC_project/bumperbot_ws/build/bumperbot_utils' returned '0': CMAKE_PREFIX_PATH=${CMAKE_PREFIX_PATH}:/home/raz/PD_Robot/ros2_ws/install/sar_py_examples:/home/raz/projects/self_driving_OC_project/bumperbot_ws/install/bumperbot_py_examples:/opt/ros/humble /usr/bin/cmake --install /home/raz/projects/self_driving_OC_project/bumperbot_ws/build/bumperbot_utils
