[0.025s] Invoking command in '/home/raz/projects/self_driving_OC_project/bumperbot_ws/build/bumperbot_controller': CMAKE_PREFIX_PATH=${CMAKE_PREFIX_PATH}:/home/raz/PD_Robot/ros2_ws/install/sar_py_examples:/home/raz/projects/self_driving_OC_project/bumperbot_ws/install/bumperbot_py_examples:/opt/ros/humble /usr/bin/cmake --build /home/raz/projects/self_driving_OC_project/bumperbot_ws/build/bumperbot_controller -- -j16 -l16
[0.266s] Invoked command in '/home/raz/projects/self_driving_OC_project/bumperbot_ws/build/bumperbot_controller' returned '0': CMAKE_PREFIX_PATH=${CMAKE_PREFIX_PATH}:/home/raz/PD_Robot/ros2_ws/install/sar_py_examples:/home/raz/projects/self_driving_OC_project/bumperbot_ws/install/bumperbot_py_examples:/opt/ros/humble /usr/bin/cmake --build /home/raz/projects/self_driving_OC_project/bumperbot_ws/build/bumperbot_controller -- -j16 -l16
[0.276s] Invoking command in '/home/raz/projects/self_driving_OC_project/bumperbot_ws/build/bumperbot_controller': CMAKE_PREFIX_PATH=${CMAKE_PREFIX_PATH}:/home/raz/PD_Robot/ros2_ws/install/sar_py_examples:/home/raz/projects/self_driving_OC_project/bumperbot_ws/install/bumperbot_py_examples:/opt/ros/humble /usr/bin/cmake --install /home/raz/projects/self_driving_OC_project/bumperbot_ws/build/bumperbot_controller
[0.283s] -- Install configuration: ""
[0.283s] -- Execute custom install script
[0.283s] -- Up-to-date symlink: /home/raz/projects/self_driving_OC_project/bumperbot_ws/install/bumperbot_controller/share/bumperbot_controller/config/bumperbot_controllers.yaml
[0.284s] -- Up-to-date symlink: /home/raz/projects/self_driving_OC_project/bumperbot_ws/install/bumperbot_controller/share/bumperbot_controller/launch/controller.launch.py
[0.284s] -- Up-to-date symlink: /home/raz/projects/self_driving_OC_project/bumperbot_ws/install/bumperbot_controller/share/ament_index/resource_index/package_run_dependencies/bumperbot_controller
[0.284s] -- Up-to-date symlink: /home/raz/projects/self_driving_OC_project/bumperbot_ws/install/bumperbot_controller/share/ament_index/resource_index/parent_prefix_path/bumperbot_controller
[0.284s] -- Up-to-date symlink: /home/raz/projects/self_driving_OC_project/bumperbot_ws/install/bumperbot_controller/share/bumperbot_controller/environment/ament_prefix_path.sh
[0.284s] -- Up-to-date symlink: /home/raz/projects/self_driving_OC_project/bumperbot_ws/install/bumperbot_controller/share/bumperbot_controller/environment/ament_prefix_path.dsv
[0.284s] -- Up-to-date symlink: /home/raz/projects/self_driving_OC_project/bumperbot_ws/install/bumperbot_controller/share/bumperbot_controller/environment/path.sh
[0.284s] -- Up-to-date symlink: /home/raz/projects/self_driving_OC_project/bumperbot_ws/install/bumperbot_controller/share/bumperbot_controller/environment/path.dsv
[0.285s] -- Up-to-date symlink: /home/raz/projects/self_driving_OC_project/bumperbot_ws/install/bumperbot_controller/share/bumperbot_controller/local_setup.bash
[0.285s] -- Up-to-date symlink: /home/raz/projects/self_driving_OC_project/bumperbot_ws/install/bumperbot_controller/share/bumperbot_controller/local_setup.sh
[0.285s] -- Up-to-date symlink: /home/raz/projects/self_driving_OC_project/bumperbot_ws/install/bumperbot_controller/share/bumperbot_controller/local_setup.zsh
[0.285s] -- Up-to-date symlink: /home/raz/projects/self_driving_OC_project/bumperbot_ws/install/bumperbot_controller/share/bumperbot_controller/local_setup.dsv
[0.285s] -- Symlinking: /home/raz/projects/self_driving_OC_project/bumperbot_ws/install/bumperbot_controller/share/bumperbot_controller/package.dsv
[0.295s] -- Up-to-date symlink: /home/raz/projects/self_driving_OC_project/bumperbot_ws/install/bumperbot_controller/share/ament_index/resource_index/packages/bumperbot_controller
[0.295s] -- Up-to-date symlink: /home/raz/projects/self_driving_OC_project/bumperbot_ws/install/bumperbot_controller/share/bumperbot_controller/cmake/bumperbot_controllerConfig.cmake
[0.295s] -- Up-to-date symlink: /home/raz/projects/self_driving_OC_project/bumperbot_ws/install/bumperbot_controller/share/bumperbot_controller/cmake/bumperbot_controllerConfig-version.cmake
[0.295s] -- Up-to-date symlink: /home/raz/projects/self_driving_OC_project/bumperbot_ws/install/bumperbot_controller/share/bumperbot_controller/package.xml
[0.298s] Invoked command in '/home/raz/projects/self_driving_OC_project/bumperbot_ws/build/bumperbot_controller' returned '0': CMAKE_PREFIX_PATH=${CMAKE_PREFIX_PATH}:/home/raz/PD_Robot/ros2_ws/install/sar_py_examples:/home/raz/projects/self_driving_OC_project/bumperbot_ws/install/bumperbot_py_examples:/opt/ros/humble /usr/bin/cmake --install /home/raz/projects/self_driving_OC_project/bumperbot_ws/build/bumperbot_controller
