[0.018s] Invoking command in '/home/raz/projects/self_driving_OD_project/bumperbot_ws/build/bumperbot_cpp_examples': CMAKE_PREFIX_PATH=/opt/ros/humble /usr/bin/cmake --build /home/raz/projects/self_driving_OD_project/bumperbot_ws/build/bumperbot_cpp_examples -- -j16 -l16
[0.060s] [35m[1mConsolidate compiler generated dependencies of target simple_parameter[0m
[0.061s] [35m[1mConsolidate compiler generated dependencies of target simple_publisher[0m
[0.061s] [35m[1mConsolidate compiler generated dependencies of target simple_subscriber[0m
[0.080s] [100%] Built target simple_publisher
[0.080s] [100%] Built target simple_parameter
[0.080s] [100%] Built target simple_subscriber
[0.260s] Invoked command in '/home/raz/projects/self_driving_OD_project/bumperbot_ws/build/bumperbot_cpp_examples' returned '0': CMAKE_PREFIX_PATH=/opt/ros/humble /usr/bin/cmake --build /home/raz/projects/self_driving_OD_project/bumperbot_ws/build/bumperbot_cpp_examples -- -j16 -l16
[0.270s] Invoking command in '/home/raz/projects/self_driving_OD_project/bumperbot_ws/build/bumperbot_cpp_examples': CMAKE_PREFIX_PATH=/opt/ros/humble /usr/bin/cmake --install /home/raz/projects/self_driving_OD_project/bumperbot_ws/build/bumperbot_cpp_examples
[0.277s] -- Install configuration: ""
[0.278s] -- Up-to-date: /home/raz/projects/self_driving_OD_project/bumperbot_ws/install/bumperbot_cpp_examples/lib/bumperbot_cpp_examples/simple_publisher
[0.278s] -- Up-to-date: /home/raz/projects/self_driving_OD_project/bumperbot_ws/install/bumperbot_cpp_examples/lib/bumperbot_cpp_examples/simple_subscriber
[0.278s] -- Up-to-date: /home/raz/projects/self_driving_OD_project/bumperbot_ws/install/bumperbot_cpp_examples/lib/bumperbot_cpp_examples/simple_parameter
[0.278s] -- Up-to-date: /home/raz/projects/self_driving_OD_project/bumperbot_ws/install/bumperbot_cpp_examples/share/ament_index/resource_index/package_run_dependencies/bumperbot_cpp_examples
[0.279s] -- Up-to-date: /home/raz/projects/self_driving_OD_project/bumperbot_ws/install/bumperbot_cpp_examples/share/ament_index/resource_index/parent_prefix_path/bumperbot_cpp_examples
[0.279s] -- Up-to-date: /home/raz/projects/self_driving_OD_project/bumperbot_ws/install/bumperbot_cpp_examples/share/bumperbot_cpp_examples/environment/ament_prefix_path.sh
[0.279s] -- Up-to-date: /home/raz/projects/self_driving_OD_project/bumperbot_ws/install/bumperbot_cpp_examples/share/bumperbot_cpp_examples/environment/ament_prefix_path.dsv
[0.279s] -- Up-to-date: /home/raz/projects/self_driving_OD_project/bumperbot_ws/install/bumperbot_cpp_examples/share/bumperbot_cpp_examples/environment/path.sh
[0.279s] -- Up-to-date: /home/raz/projects/self_driving_OD_project/bumperbot_ws/install/bumperbot_cpp_examples/share/bumperbot_cpp_examples/environment/path.dsv
[0.279s] -- Up-to-date: /home/raz/projects/self_driving_OD_project/bumperbot_ws/install/bumperbot_cpp_examples/share/bumperbot_cpp_examples/local_setup.bash
[0.279s] -- Up-to-date: /home/raz/projects/self_driving_OD_project/bumperbot_ws/install/bumperbot_cpp_examples/share/bumperbot_cpp_examples/local_setup.sh
[0.279s] -- Up-to-date: /home/raz/projects/self_driving_OD_project/bumperbot_ws/install/bumperbot_cpp_examples/share/bumperbot_cpp_examples/local_setup.zsh
[0.279s] -- Up-to-date: /home/raz/projects/self_driving_OD_project/bumperbot_ws/install/bumperbot_cpp_examples/share/bumperbot_cpp_examples/local_setup.dsv
[0.279s] -- Installing: /home/raz/projects/self_driving_OD_project/bumperbot_ws/install/bumperbot_cpp_examples/share/bumperbot_cpp_examples/package.dsv
[0.279s] -- Up-to-date: /home/raz/projects/self_driving_OD_project/bumperbot_ws/install/bumperbot_cpp_examples/share/ament_index/resource_index/packages/bumperbot_cpp_examples
[0.279s] -- Up-to-date: /home/raz/projects/self_driving_OD_project/bumperbot_ws/install/bumperbot_cpp_examples/share/bumperbot_cpp_examples/cmake/bumperbot_cpp_examplesConfig.cmake
[0.279s] -- Up-to-date: /home/raz/projects/self_driving_OD_project/bumperbot_ws/install/bumperbot_cpp_examples/share/bumperbot_cpp_examples/cmake/bumperbot_cpp_examplesConfig-version.cmake
[0.279s] -- Up-to-date: /home/raz/projects/self_driving_OD_project/bumperbot_ws/install/bumperbot_cpp_examples/share/bumperbot_cpp_examples/package.xml
[0.282s] Invoked command in '/home/raz/projects/self_driving_OD_project/bumperbot_ws/build/bumperbot_cpp_examples' returned '0': CMAKE_PREFIX_PATH=/opt/ros/humble /usr/bin/cmake --install /home/raz/projects/self_driving_OD_project/bumperbot_ws/build/bumperbot_cpp_examples
