[0.690s] Invoking command in '/home/raz/projects/self_driving_OD_project/bumperbot_ws/src/bumperbot_py_examples': PYTHONPATH=/home/raz/projects/self_driving_OD_project/bumperbot_ws/build/bumperbot_py_examples/prefix_override:/usr/lib/python3/dist-packages/colcon_core/task/python/colcon_distutils_commands:/home/raz/projects/self_driving_OD_project/bumperbot_ws/install/bumperbot_py_examples/lib/python3.10/site-packages:${PYTHONPATH} /usr/bin/python3 -W ignore:setup.py install is deprecated -W ignore:easy_install command is deprecated setup.py egg_info --egg-base ../../build/bumperbot_py_examples build --build-base /home/raz/projects/self_driving_OD_project/bumperbot_ws/build/bumperbot_py_examples/build install --record /home/raz/projects/self_driving_OD_project/bumperbot_ws/build/bumperbot_py_examples/install.log --single-version-externally-managed install_data
[0.914s] running egg_info
[0.914s] creating ../../build/bumperbot_py_examples/bumperbot_py_examples.egg-info
[0.914s] writing ../../build/bumperbot_py_examples/bumperbot_py_examples.egg-info/PKG-INFO
[0.915s] writing dependency_links to ../../build/bumperbot_py_examples/bumperbot_py_examples.egg-info/dependency_links.txt
[0.915s] writing entry points to ../../build/bumperbot_py_examples/bumperbot_py_examples.egg-info/entry_points.txt
[0.915s] writing requirements to ../../build/bumperbot_py_examples/bumperbot_py_examples.egg-info/requires.txt
[0.915s] writing top-level names to ../../build/bumperbot_py_examples/bumperbot_py_examples.egg-info/top_level.txt
[0.915s] writing manifest file '../../build/bumperbot_py_examples/bumperbot_py_examples.egg-info/SOURCES.txt'
[0.916s] reading manifest file '../../build/bumperbot_py_examples/bumperbot_py_examples.egg-info/SOURCES.txt'
[0.918s] writing manifest file '../../build/bumperbot_py_examples/bumperbot_py_examples.egg-info/SOURCES.txt'
[0.918s] running build
[0.918s] running build_py
[0.918s] creating /home/raz/projects/self_driving_OD_project/bumperbot_ws/build/bumperbot_py_examples/build
[0.918s] creating /home/raz/projects/self_driving_OD_project/bumperbot_ws/build/bumperbot_py_examples/build/lib
[0.918s] creating /home/raz/projects/self_driving_OD_project/bumperbot_ws/build/bumperbot_py_examples/build/lib/bumperbot_py_examples
[0.918s] copying bumperbot_py_examples/__init__.py -> /home/raz/projects/self_driving_OD_project/bumperbot_ws/build/bumperbot_py_examples/build/lib/bumperbot_py_examples
[0.918s] running install
[0.919s] running install_lib
[0.920s] creating /home/raz/projects/self_driving_OD_project/bumperbot_ws/install/bumperbot_py_examples/lib/python3.10/site-packages/bumperbot_py_examples
[0.921s] copying /home/raz/projects/self_driving_OD_project/bumperbot_ws/build/bumperbot_py_examples/build/lib/bumperbot_py_examples/__init__.py -> /home/raz/projects/self_driving_OD_project/bumperbot_ws/install/bumperbot_py_examples/lib/python3.10/site-packages/bumperbot_py_examples
[0.921s] byte-compiling /home/raz/projects/self_driving_OD_project/bumperbot_ws/install/bumperbot_py_examples/lib/python3.10/site-packages/bumperbot_py_examples/__init__.py to __init__.cpython-310.pyc
[0.922s] running install_data
[0.922s] creating /home/raz/projects/self_driving_OD_project/bumperbot_ws/install/bumperbot_py_examples/share/ament_index
[0.922s] creating /home/raz/projects/self_driving_OD_project/bumperbot_ws/install/bumperbot_py_examples/share/ament_index/resource_index
[0.922s] creating /home/raz/projects/self_driving_OD_project/bumperbot_ws/install/bumperbot_py_examples/share/ament_index/resource_index/packages
[0.922s] copying resource/bumperbot_py_examples -> /home/raz/projects/self_driving_OD_project/bumperbot_ws/install/bumperbot_py_examples/share/ament_index/resource_index/packages
[0.922s] copying package.xml -> /home/raz/projects/self_driving_OD_project/bumperbot_ws/install/bumperbot_py_examples/share/bumperbot_py_examples
[0.922s] running install_egg_info
[0.924s] Copying ../../build/bumperbot_py_examples/bumperbot_py_examples.egg-info to /home/raz/projects/self_driving_OD_project/bumperbot_ws/install/bumperbot_py_examples/lib/python3.10/site-packages/bumperbot_py_examples-0.0.0-py3.10.egg-info
[0.925s] running install_scripts
[0.943s] writing list of installed files to '/home/raz/projects/self_driving_OD_project/bumperbot_ws/build/bumperbot_py_examples/install.log'
[0.977s] Invoked command in '/home/raz/projects/self_driving_OD_project/bumperbot_ws/src/bumperbot_py_examples' returned '0': PYTHONPATH=/home/raz/projects/self_driving_OD_project/bumperbot_ws/build/bumperbot_py_examples/prefix_override:/usr/lib/python3/dist-packages/colcon_core/task/python/colcon_distutils_commands:/home/raz/projects/self_driving_OD_project/bumperbot_ws/install/bumperbot_py_examples/lib/python3.10/site-packages:${PYTHONPATH} /usr/bin/python3 -W ignore:setup.py install is deprecated -W ignore:easy_install command is deprecated setup.py egg_info --egg-base ../../build/bumperbot_py_examples build --build-base /home/raz/projects/self_driving_OD_project/bumperbot_ws/build/bumperbot_py_examples/build install --record /home/raz/projects/self_driving_OD_project/bumperbot_ws/build/bumperbot_py_examples/install.log --single-version-externally-managed install_data
