[0.015s] Invoking command in '/home/raz/projects/self_driving_OC_project/bumperbot_ws/build/bumperbot_cpp_examples': AMENT_PREFIX_PATH=/home/raz/projects/self_driving_OC_project/bumperbot_ws/install/bumperbot_msgs:${AMENT_PREFIX_PATH} CMAKE_PREFIX_PATH=/home/raz/projects/self_driving_OC_project/bumperbot_ws/install/bumperbot_msgs:/home/raz/PD_Robot/ros2_ws/install/sar_moveit:/home/raz/PD_Robot/ros2_ws/install/sar_description:/home/raz/PD_Robot/ros2_ws/install/sar_cpp_examples:/home/raz/PD_Robot/ros2_ws/install/sar_controller:/home/raz/projects/self_driving_OC_project/bumperbot_ws/install/bumperbot_description:/home/raz/projects/self_driving_OC_project/bumperbot_ws/install/bumperbot_cpp_examples:/home/raz/projects/self_driving_OC_project/bumperbot_ws/install/bumperbot_controller:/home/raz/PD_Robot/ros2_ws/install/sar_py_examples:/home/raz/projects/self_driving_OC_project/bumperbot_ws/install/bumperbot_py_examples:/opt/ros/humble LD_LIBRARY_PATH=/home/raz/projects/self_driving_OC_project/bumperbot_ws/install/bumperbot_msgs/lib:${LD_LIBRARY_PATH} PYTHONPATH=/home/raz/projects/self_driving_OC_project/bumperbot_ws/install/bumperbot_msgs/local/lib/python3.10/dist-packages:${PYTHONPATH} /usr/bin/cmake --build /home/raz/projects/self_driving_OC_project/bumperbot_ws/build/bumperbot_cpp_examples -- -j16 -l16
[0.039s] -- Found ament_cmake: 1.3.11 (/opt/ros/humble/share/ament_cmake/cmake)
[0.156s] -- Override CMake install command with custom implementation using symlinks instead of copying resources
[0.162s] -- Found rclcpp: 16.0.11 (/opt/ros/humble/share/rclcpp/cmake)
[0.188s] -- Found rosidl_generator_c: 3.1.6 (/opt/ros/humble/share/rosidl_generator_c/cmake)
[0.191s] -- Found rosidl_adapter: 3.1.6 (/opt/ros/humble/share/rosidl_adapter/cmake)
[0.196s] -- Found rosidl_generator_cpp: 3.1.6 (/opt/ros/humble/share/rosidl_generator_cpp/cmake)
[0.204s] -- Using all available rosidl_typesupport_c: rosidl_typesupport_fastrtps_c;rosidl_typesupport_introspection_c
[0.216s] -- Using all available rosidl_typesupport_cpp: rosidl_typesupport_fastrtps_cpp;rosidl_typesupport_introspection_cpp
[0.244s] -- Found rmw_implementation_cmake: 6.1.2 (/opt/ros/humble/share/rmw_implementation_cmake/cmake)
[0.245s] -- Found rmw_fastrtps_cpp: 6.2.7 (/opt/ros/humble/share/rmw_fastrtps_cpp/cmake)
[0.362s] -- Using RMW implementation 'rmw_fastrtps_cpp' as default
[0.404s] -- Found turtlesim: 1.4.2 (/opt/ros/humble/share/turtlesim/cmake)
[0.435s] -- Found geometry_msgs: 4.2.4 (/opt/ros/humble/share/geometry_msgs/cmake)
[0.446s] -- Found tf2_ros: 0.25.12 (/opt/ros/humble/share/tf2_ros/cmake)
[0.498s] -- Found bumperbot_msgs: 0.0.0 (/home/raz/projects/self_driving_OC_project/bumperbot_ws/install/bumperbot_msgs/share/bumperbot_msgs/cmake)
[0.512s] -- Found ament_lint_auto: 0.12.11 (/opt/ros/humble/share/ament_lint_auto/cmake)
[0.582s] -- Added test 'cppcheck' to perform static code analysis on C / C++ code
[0.582s] -- Configured cppcheck include dirs: /home/raz/projects/self_driving_OC_project/bumperbot_ws/src/bumperbot_cpp_examples/include
[0.582s] -- Configured cppcheck exclude dirs and/or files: 
[0.583s] -- Added test 'lint_cmake' to check CMake code style
[0.584s] -- Added test 'uncrustify' to check C / C++ code style
[0.584s] -- Configured uncrustify additional arguments: 
[0.585s] -- Added test 'xmllint' to check XML markup files
[0.586s] -- Configuring done
[0.619s] -- Generating done
[0.634s] -- Build files have been written to: /home/raz/projects/self_driving_OC_project/bumperbot_ws/build/bumperbot_cpp_examples
[0.666s] [35m[1mConsolidate compiler generated dependencies of target simple_parameter[0m
[0.667s] [35m[1mConsolidate compiler generated dependencies of target simple_publisher[0m
[0.667s] [35m[1mConsolidate compiler generated dependencies of target simple_turtlesim_kinematics[0m
[0.667s] [35m[1mConsolidate compiler generated dependencies of target simple_subscriber[0m
[0.667s] [35m[1mConsolidate compiler generated dependencies of target simple_tf_kinematics[0m
[0.680s] [  8%] [32mBuilding CXX object CMakeFiles/simple_service_server.dir/src/simple_service_server.cpp.o[0m
[0.687s] [ 41%] Built target simple_tf_kinematics
[0.687s] [ 41%] Built target simple_publisher
[0.689s] [ 91%] Built target simple_turtlesim_kinematics
[0.689s] [ 91%] Built target simple_subscriber
[0.689s] [ 91%] Built target simple_parameter
[3.805s] [100%] [32m[1mLinking CXX executable simple_service_server[0m
[3.976s] [100%] Built target simple_service_server
[3.990s] Invoked command in '/home/raz/projects/self_driving_OC_project/bumperbot_ws/build/bumperbot_cpp_examples' returned '0': AMENT_PREFIX_PATH=/home/raz/projects/self_driving_OC_project/bumperbot_ws/install/bumperbot_msgs:${AMENT_PREFIX_PATH} CMAKE_PREFIX_PATH=/home/raz/projects/self_driving_OC_project/bumperbot_ws/install/bumperbot_msgs:/home/raz/PD_Robot/ros2_ws/install/sar_moveit:/home/raz/PD_Robot/ros2_ws/install/sar_description:/home/raz/PD_Robot/ros2_ws/install/sar_cpp_examples:/home/raz/PD_Robot/ros2_ws/install/sar_controller:/home/raz/projects/self_driving_OC_project/bumperbot_ws/install/bumperbot_description:/home/raz/projects/self_driving_OC_project/bumperbot_ws/install/bumperbot_cpp_examples:/home/raz/projects/self_driving_OC_project/bumperbot_ws/install/bumperbot_controller:/home/raz/PD_Robot/ros2_ws/install/sar_py_examples:/home/raz/projects/self_driving_OC_project/bumperbot_ws/install/bumperbot_py_examples:/opt/ros/humble LD_LIBRARY_PATH=/home/raz/projects/self_driving_OC_project/bumperbot_ws/install/bumperbot_msgs/lib:${LD_LIBRARY_PATH} PYTHONPATH=/home/raz/projects/self_driving_OC_project/bumperbot_ws/install/bumperbot_msgs/local/lib/python3.10/dist-packages:${PYTHONPATH} /usr/bin/cmake --build /home/raz/projects/self_driving_OC_project/bumperbot_ws/build/bumperbot_cpp_examples -- -j16 -l16
[3.991s] Invoking command in '/home/raz/projects/self_driving_OC_project/bumperbot_ws/build/bumperbot_cpp_examples': AMENT_PREFIX_PATH=/home/raz/projects/self_driving_OC_project/bumperbot_ws/install/bumperbot_msgs:${AMENT_PREFIX_PATH} CMAKE_PREFIX_PATH=/home/raz/projects/self_driving_OC_project/bumperbot_ws/install/bumperbot_msgs:/home/raz/PD_Robot/ros2_ws/install/sar_moveit:/home/raz/PD_Robot/ros2_ws/install/sar_description:/home/raz/PD_Robot/ros2_ws/install/sar_cpp_examples:/home/raz/PD_Robot/ros2_ws/install/sar_controller:/home/raz/projects/self_driving_OC_project/bumperbot_ws/install/bumperbot_description:/home/raz/projects/self_driving_OC_project/bumperbot_ws/install/bumperbot_cpp_examples:/home/raz/projects/self_driving_OC_project/bumperbot_ws/install/bumperbot_controller:/home/raz/PD_Robot/ros2_ws/install/sar_py_examples:/home/raz/projects/self_driving_OC_project/bumperbot_ws/install/bumperbot_py_examples:/opt/ros/humble LD_LIBRARY_PATH=/home/raz/projects/self_driving_OC_project/bumperbot_ws/install/bumperbot_msgs/lib:${LD_LIBRARY_PATH} PYTHONPATH=/home/raz/projects/self_driving_OC_project/bumperbot_ws/install/bumperbot_msgs/local/lib/python3.10/dist-packages:${PYTHONPATH} /usr/bin/cmake --install /home/raz/projects/self_driving_OC_project/bumperbot_ws/build/bumperbot_cpp_examples
[3.999s] -- Install configuration: ""
[3.999s] -- Execute custom install script
[4.000s] -- Up-to-date symlink: /home/raz/projects/self_driving_OC_project/bumperbot_ws/install/bumperbot_cpp_examples/include/include/bumperbot_cpp_examples/.gitkeep
[4.000s] -- Up-to-date symlink: /home/raz/projects/self_driving_OC_project/bumperbot_ws/install/bumperbot_cpp_examples/include/include/bumperbot_cpp_examples/simple_tf_kinematics.hpp
[4.000s] -- Up-to-date symlink: /home/raz/projects/self_driving_OC_project/bumperbot_ws/install/bumperbot_cpp_examples/include/include/bumperbot_cpp_examples/simple_turtlesim_kinematics.hpp
[4.000s] -- Up-to-date symlink: /home/raz/projects/self_driving_OC_project/bumperbot_ws/install/bumperbot_cpp_examples/lib/bumperbot_cpp_examples/simple_publisher
[4.000s] -- Up-to-date symlink: /home/raz/projects/self_driving_OC_project/bumperbot_ws/install/bumperbot_cpp_examples/lib/bumperbot_cpp_examples/simple_subscriber
[4.000s] -- Up-to-date symlink: /home/raz/projects/self_driving_OC_project/bumperbot_ws/install/bumperbot_cpp_examples/lib/bumperbot_cpp_examples/simple_parameter
[4.000s] -- Up-to-date symlink: /home/raz/projects/self_driving_OC_project/bumperbot_ws/install/bumperbot_cpp_examples/lib/bumperbot_cpp_examples/simple_turtlesim_kinematics
[4.000s] -- Up-to-date symlink: /home/raz/projects/self_driving_OC_project/bumperbot_ws/install/bumperbot_cpp_examples/lib/bumperbot_cpp_examples/simple_tf_kinematics
[4.001s] -- Symlinking: /home/raz/projects/self_driving_OC_project/bumperbot_ws/install/bumperbot_cpp_examples/lib/bumperbot_cpp_examples/simple_service_server
[4.012s] -- Up-to-date symlink: /home/raz/projects/self_driving_OC_project/bumperbot_ws/install/bumperbot_cpp_examples/share/ament_index/resource_index/package_run_dependencies/bumperbot_cpp_examples
[4.012s] -- Up-to-date symlink: /home/raz/projects/self_driving_OC_project/bumperbot_ws/install/bumperbot_cpp_examples/share/ament_index/resource_index/parent_prefix_path/bumperbot_cpp_examples
[4.012s] -- Up-to-date symlink: /home/raz/projects/self_driving_OC_project/bumperbot_ws/install/bumperbot_cpp_examples/share/bumperbot_cpp_examples/environment/ament_prefix_path.sh
[4.012s] -- Up-to-date symlink: /home/raz/projects/self_driving_OC_project/bumperbot_ws/install/bumperbot_cpp_examples/share/bumperbot_cpp_examples/environment/ament_prefix_path.dsv
[4.013s] -- Up-to-date symlink: /home/raz/projects/self_driving_OC_project/bumperbot_ws/install/bumperbot_cpp_examples/share/bumperbot_cpp_examples/environment/path.sh
[4.013s] -- Up-to-date symlink: /home/raz/projects/self_driving_OC_project/bumperbot_ws/install/bumperbot_cpp_examples/share/bumperbot_cpp_examples/environment/path.dsv
[4.013s] -- Up-to-date symlink: /home/raz/projects/self_driving_OC_project/bumperbot_ws/install/bumperbot_cpp_examples/share/bumperbot_cpp_examples/local_setup.bash
[4.013s] -- Up-to-date symlink: /home/raz/projects/self_driving_OC_project/bumperbot_ws/install/bumperbot_cpp_examples/share/bumperbot_cpp_examples/local_setup.sh
[4.013s] -- Up-to-date symlink: /home/raz/projects/self_driving_OC_project/bumperbot_ws/install/bumperbot_cpp_examples/share/bumperbot_cpp_examples/local_setup.zsh
[4.013s] -- Up-to-date symlink: /home/raz/projects/self_driving_OC_project/bumperbot_ws/install/bumperbot_cpp_examples/share/bumperbot_cpp_examples/local_setup.dsv
[4.013s] -- Symlinking: /home/raz/projects/self_driving_OC_project/bumperbot_ws/install/bumperbot_cpp_examples/share/bumperbot_cpp_examples/package.dsv
[4.022s] -- Up-to-date symlink: /home/raz/projects/self_driving_OC_project/bumperbot_ws/install/bumperbot_cpp_examples/share/ament_index/resource_index/packages/bumperbot_cpp_examples
[4.023s] -- Up-to-date symlink: /home/raz/projects/self_driving_OC_project/bumperbot_ws/install/bumperbot_cpp_examples/share/bumperbot_cpp_examples/cmake/bumperbot_cpp_examplesConfig.cmake
[4.023s] -- Up-to-date symlink: /home/raz/projects/self_driving_OC_project/bumperbot_ws/install/bumperbot_cpp_examples/share/bumperbot_cpp_examples/cmake/bumperbot_cpp_examplesConfig-version.cmake
[4.023s] -- Up-to-date symlink: /home/raz/projects/self_driving_OC_project/bumperbot_ws/install/bumperbot_cpp_examples/share/bumperbot_cpp_examples/package.xml
[4.026s] Invoked command in '/home/raz/projects/self_driving_OC_project/bumperbot_ws/build/bumperbot_cpp_examples' returned '0': AMENT_PREFIX_PATH=/home/raz/projects/self_driving_OC_project/bumperbot_ws/install/bumperbot_msgs:${AMENT_PREFIX_PATH} CMAKE_PREFIX_PATH=/home/raz/projects/self_driving_OC_project/bumperbot_ws/install/bumperbot_msgs:/home/raz/PD_Robot/ros2_ws/install/sar_moveit:/home/raz/PD_Robot/ros2_ws/install/sar_description:/home/raz/PD_Robot/ros2_ws/install/sar_cpp_examples:/home/raz/PD_Robot/ros2_ws/install/sar_controller:/home/raz/projects/self_driving_OC_project/bumperbot_ws/install/bumperbot_description:/home/raz/projects/self_driving_OC_project/bumperbot_ws/install/bumperbot_cpp_examples:/home/raz/projects/self_driving_OC_project/bumperbot_ws/install/bumperbot_controller:/home/raz/PD_Robot/ros2_ws/install/sar_py_examples:/home/raz/projects/self_driving_OC_project/bumperbot_ws/install/bumperbot_py_examples:/opt/ros/humble LD_LIBRARY_PATH=/home/raz/projects/self_driving_OC_project/bumperbot_ws/install/bumperbot_msgs/lib:${LD_LIBRARY_PATH} PYTHONPATH=/home/raz/projects/self_driving_OC_project/bumperbot_ws/install/bumperbot_msgs/local/lib/python3.10/dist-packages:${PYTHONPATH} /usr/bin/cmake --install /home/raz/projects/self_driving_OC_project/bumperbot_ws/build/bumperbot_cpp_examples
