[0.637s] Invoking command in '/home/raz/projects/self_driving_OC_project/bumperbot_ws/src/bumperbot_py_examples': PYTHONPATH=/home/raz/projects/self_driving_OC_project/bumperbot_ws/build/bumperbot_py_examples/prefix_override:/usr/lib/python3/dist-packages/colcon_core/task/python/colcon_distutils_commands:/home/raz/projects/self_driving_OC_project/bumperbot_ws/install/bumperbot_py_examples/lib/python3.10/site-packages:${PYTHONPATH} /usr/bin/python3 -W ignore:setup.py install is deprecated -W ignore:easy_install command is deprecated setup.py egg_info --egg-base ../../build/bumperbot_py_examples build --build-base /home/raz/projects/self_driving_OC_project/bumperbot_ws/build/bumperbot_py_examples/build install --record /home/raz/projects/self_driving_OC_project/bumperbot_ws/build/bumperbot_py_examples/install.log --single-version-externally-managed install_data
[0.835s] running egg_info
[0.836s] writing ../../build/bumperbot_py_examples/bumperbot_py_examples.egg-info/PKG-INFO
[0.836s] writing dependency_links to ../../build/bumperbot_py_examples/bumperbot_py_examples.egg-info/dependency_links.txt
[0.836s] writing entry points to ../../build/bumperbot_py_examples/bumperbot_py_examples.egg-info/entry_points.txt
[0.836s] writing requirements to ../../build/bumperbot_py_examples/bumperbot_py_examples.egg-info/requires.txt
[0.837s] writing top-level names to ../../build/bumperbot_py_examples/bumperbot_py_examples.egg-info/top_level.txt
[0.838s] reading manifest file '../../build/bumperbot_py_examples/bumperbot_py_examples.egg-info/SOURCES.txt'
[0.839s] writing manifest file '../../build/bumperbot_py_examples/bumperbot_py_examples.egg-info/SOURCES.txt'
[0.839s] running build
[0.839s] running build_py
[0.839s] copying bumperbot_py_examples/simple_parameter.py -> /home/raz/projects/self_driving_OC_project/bumperbot_ws/build/bumperbot_py_examples/build/lib/bumperbot_py_examples
[0.840s] running install
[0.840s] running install_lib
[0.841s] copying /home/raz/projects/self_driving_OC_project/bumperbot_ws/build/bumperbot_py_examples/build/lib/bumperbot_py_examples/simple_parameter.py -> /home/raz/projects/self_driving_OC_project/bumperbot_ws/install/bumperbot_py_examples/lib/python3.10/site-packages/bumperbot_py_examples
[0.841s] byte-compiling /home/raz/projects/self_driving_OC_project/bumperbot_ws/install/bumperbot_py_examples/lib/python3.10/site-packages/bumperbot_py_examples/simple_parameter.py to simple_parameter.cpython-310.pyc
[0.842s] running install_data
[0.842s] running install_egg_info
[0.843s] removing '/home/raz/projects/self_driving_OC_project/bumperbot_ws/install/bumperbot_py_examples/lib/python3.10/site-packages/bumperbot_py_examples-0.0.0-py3.10.egg-info' (and everything under it)
[0.844s] Copying ../../build/bumperbot_py_examples/bumperbot_py_examples.egg-info to /home/raz/projects/self_driving_OC_project/bumperbot_ws/install/bumperbot_py_examples/lib/python3.10/site-packages/bumperbot_py_examples-0.0.0-py3.10.egg-info
[0.845s] running install_scripts
[0.862s] Installing simple_parameter script to /home/raz/projects/self_driving_OC_project/bumperbot_ws/install/bumperbot_py_examples/lib/bumperbot_py_examples
[0.862s] Installing simple_publisher script to /home/raz/projects/self_driving_OC_project/bumperbot_ws/install/bumperbot_py_examples/lib/bumperbot_py_examples
[0.862s] Installing simple_subscriber script to /home/raz/projects/self_driving_OC_project/bumperbot_ws/install/bumperbot_py_examples/lib/bumperbot_py_examples
[0.862s] writing list of installed files to '/home/raz/projects/self_driving_OC_project/bumperbot_ws/build/bumperbot_py_examples/install.log'
[0.889s] Invoked command in '/home/raz/projects/self_driving_OC_project/bumperbot_ws/src/bumperbot_py_examples' returned '0': PYTHONPATH=/home/raz/projects/self_driving_OC_project/bumperbot_ws/build/bumperbot_py_examples/prefix_override:/usr/lib/python3/dist-packages/colcon_core/task/python/colcon_distutils_commands:/home/raz/projects/self_driving_OC_project/bumperbot_ws/install/bumperbot_py_examples/lib/python3.10/site-packages:${PYTHONPATH} /usr/bin/python3 -W ignore:setup.py install is deprecated -W ignore:easy_install command is deprecated setup.py egg_info --egg-base ../../build/bumperbot_py_examples build --build-base /home/raz/projects/self_driving_OC_project/bumperbot_ws/build/bumperbot_py_examples/build install --record /home/raz/projects/self_driving_OC_project/bumperbot_ws/build/bumperbot_py_examples/install.log --single-version-externally-managed install_data
