[0.158s] DEBUG:colcon:Command line arguments: ['/usr/bin/colcon', 'build', '--symlink-install']
[0.158s] DEBUG:colcon:Parsed command line arguments: Namespace(log_base=None, log_level=None, verb_name='build', build_base='build', install_base='install', merge_install=False, symlink_install=True, test_result_base=None, continue_on_error=False, executor='parallel', parallel_workers=16, event_handlers=None, ignore_user_meta=False, metas=['./colcon.meta'], base_paths=['.'], packages_ignore=None, packages_ignore_regex=None, paths=None, packages_up_to=None, packages_up_to_regex=None, packages_above=None, packages_above_and_dependencies=None, packages_above_depth=None, packages_select_by_dep=None, packages_skip_by_dep=None, packages_skip_up_to=None, packages_select_build_failed=False, packages_skip_build_finished=False, packages_select_test_failures=False, packages_skip_test_passed=False, packages_select=None, packages_skip=None, packages_select_regex=None, packages_skip_regex=None, packages_start=None, packages_end=None, allow_overriding=[], cmake_args=None, cmake_target=None, cmake_target_skip_unavailable=False, cmake_clean_cache=False, cmake_clean_first=False, cmake_force_configure=False, ament_cmake_args=None, catkin_cmake_args=None, catkin_skip_building_tests=False, mixin_files=None, mixin=None, verb_parser=<colcon_mixin.mixin.mixin_argument.MixinArgumentDecorator object at 0x71cf38aac1c0>, verb_extension=<colcon_core.verb.build.BuildVerb object at 0x71cf38bb10c0>, main=<bound method BuildVerb.main of <colcon_core.verb.build.BuildVerb object at 0x71cf38bb10c0>>, mixin_verb=('build',))
[0.437s] Level 1:colcon.colcon_core.package_discovery:discover_packages(colcon_meta) check parameters
[0.438s] Level 1:colcon.colcon_core.package_discovery:discover_packages(recursive) check parameters
[0.438s] Level 1:colcon.colcon_core.package_discovery:discover_packages(ignore) check parameters
[0.438s] Level 1:colcon.colcon_core.package_discovery:discover_packages(path) check parameters
[0.438s] Level 1:colcon.colcon_core.package_discovery:discover_packages(colcon_meta) discover
[0.438s] Level 1:colcon.colcon_core.package_discovery:discover_packages(recursive) discover
[0.438s] INFO:colcon.colcon_core.package_discovery:Crawling recursively for packages in '/home/raz/projects/self_driving_OC_project/bumperbot_ws'
[0.438s] Level 1:colcon.colcon_core.package_identification:_identify(.) by extensions ['ignore', 'ignore_ament_install']
[0.438s] Level 1:colcon.colcon_core.package_identification:_identify(.) by extension 'ignore'
[0.438s] Level 1:colcon.colcon_core.package_identification:_identify(.) by extension 'ignore_ament_install'
[0.438s] Level 1:colcon.colcon_core.package_identification:_identify(.) by extensions ['colcon_pkg']
[0.438s] Level 1:colcon.colcon_core.package_identification:_identify(.) by extension 'colcon_pkg'
[0.438s] Level 1:colcon.colcon_core.package_identification:_identify(.) by extensions ['colcon_meta']
[0.438s] Level 1:colcon.colcon_core.package_identification:_identify(.) by extension 'colcon_meta'
[0.438s] Level 1:colcon.colcon_core.package_identification:_identify(.) by extensions ['ros']
[0.438s] Level 1:colcon.colcon_core.package_identification:_identify(.) by extension 'ros'
[0.455s] Level 1:colcon.colcon_core.package_identification:_identify(.) by extensions ['cmake', 'python']
[0.456s] Level 1:colcon.colcon_core.package_identification:_identify(.) by extension 'cmake'
[0.456s] Level 1:colcon.colcon_core.package_identification:_identify(.) by extension 'python'
[0.456s] Level 1:colcon.colcon_core.package_identification:_identify(.) by extensions ['python_setup_py']
[0.456s] Level 1:colcon.colcon_core.package_identification:_identify(.) by extension 'python_setup_py'
[0.456s] Level 1:colcon.colcon_core.package_identification:_identify(build) by extensions ['ignore', 'ignore_ament_install']
[0.456s] Level 1:colcon.colcon_core.package_identification:_identify(build) by extension 'ignore'
[0.456s] Level 1:colcon.colcon_core.package_identification:_identify(build) ignored
[0.456s] Level 1:colcon.colcon_core.package_identification:_identify(install) by extensions ['ignore', 'ignore_ament_install']
[0.456s] Level 1:colcon.colcon_core.package_identification:_identify(install) by extension 'ignore'
[0.456s] Level 1:colcon.colcon_core.package_identification:_identify(install) ignored
[0.457s] Level 1:colcon.colcon_core.package_identification:_identify(log) by extensions ['ignore', 'ignore_ament_install']
[0.457s] Level 1:colcon.colcon_core.package_identification:_identify(log) by extension 'ignore'
[0.457s] Level 1:colcon.colcon_core.package_identification:_identify(log) ignored
[0.457s] Level 1:colcon.colcon_core.package_identification:_identify(src) by extensions ['ignore', 'ignore_ament_install']
[0.457s] Level 1:colcon.colcon_core.package_identification:_identify(src) by extension 'ignore'
[0.457s] Level 1:colcon.colcon_core.package_identification:_identify(src) by extension 'ignore_ament_install'
[0.457s] Level 1:colcon.colcon_core.package_identification:_identify(src) by extensions ['colcon_pkg']
[0.457s] Level 1:colcon.colcon_core.package_identification:_identify(src) by extension 'colcon_pkg'
[0.457s] Level 1:colcon.colcon_core.package_identification:_identify(src) by extensions ['colcon_meta']
[0.457s] Level 1:colcon.colcon_core.package_identification:_identify(src) by extension 'colcon_meta'
[0.457s] Level 1:colcon.colcon_core.package_identification:_identify(src) by extensions ['ros']
[0.457s] Level 1:colcon.colcon_core.package_identification:_identify(src) by extension 'ros'
[0.457s] Level 1:colcon.colcon_core.package_identification:_identify(src) by extensions ['cmake', 'python']
[0.457s] Level 1:colcon.colcon_core.package_identification:_identify(src) by extension 'cmake'
[0.457s] Level 1:colcon.colcon_core.package_identification:_identify(src) by extension 'python'
[0.457s] Level 1:colcon.colcon_core.package_identification:_identify(src) by extensions ['python_setup_py']
[0.457s] Level 1:colcon.colcon_core.package_identification:_identify(src) by extension 'python_setup_py'
[0.457s] Level 1:colcon.colcon_core.package_identification:_identify(src/bumperbot_controller) by extensions ['ignore', 'ignore_ament_install']
[0.457s] Level 1:colcon.colcon_core.package_identification:_identify(src/bumperbot_controller) by extension 'ignore'
[0.457s] Level 1:colcon.colcon_core.package_identification:_identify(src/bumperbot_controller) by extension 'ignore_ament_install'
[0.457s] Level 1:colcon.colcon_core.package_identification:_identify(src/bumperbot_controller) by extensions ['colcon_pkg']
[0.458s] Level 1:colcon.colcon_core.package_identification:_identify(src/bumperbot_controller) by extension 'colcon_pkg'
[0.458s] Level 1:colcon.colcon_core.package_identification:_identify(src/bumperbot_controller) by extensions ['colcon_meta']
[0.458s] Level 1:colcon.colcon_core.package_identification:_identify(src/bumperbot_controller) by extension 'colcon_meta'
[0.458s] Level 1:colcon.colcon_core.package_identification:_identify(src/bumperbot_controller) by extensions ['ros']
[0.458s] Level 1:colcon.colcon_core.package_identification:_identify(src/bumperbot_controller) by extension 'ros'
[0.475s] DEBUG:colcon.colcon_core.package_identification:Package 'src/bumperbot_controller' with type 'ros.ament_cmake' and name 'bumperbot_controller'
[0.476s] Level 1:colcon.colcon_core.package_identification:_identify(src/bumperbot_cpp_examples) by extensions ['ignore', 'ignore_ament_install']
[0.476s] Level 1:colcon.colcon_core.package_identification:_identify(src/bumperbot_cpp_examples) by extension 'ignore'
[0.476s] Level 1:colcon.colcon_core.package_identification:_identify(src/bumperbot_cpp_examples) by extension 'ignore_ament_install'
[0.476s] Level 1:colcon.colcon_core.package_identification:_identify(src/bumperbot_cpp_examples) by extensions ['colcon_pkg']
[0.476s] Level 1:colcon.colcon_core.package_identification:_identify(src/bumperbot_cpp_examples) by extension 'colcon_pkg'
[0.476s] Level 1:colcon.colcon_core.package_identification:_identify(src/bumperbot_cpp_examples) by extensions ['colcon_meta']
[0.476s] Level 1:colcon.colcon_core.package_identification:_identify(src/bumperbot_cpp_examples) by extension 'colcon_meta'
[0.476s] Level 1:colcon.colcon_core.package_identification:_identify(src/bumperbot_cpp_examples) by extensions ['ros']
[0.476s] Level 1:colcon.colcon_core.package_identification:_identify(src/bumperbot_cpp_examples) by extension 'ros'
[0.477s] DEBUG:colcon.colcon_core.package_identification:Package 'src/bumperbot_cpp_examples' with type 'ros.ament_cmake' and name 'bumperbot_cpp_examples'
[0.478s] Level 1:colcon.colcon_core.package_identification:_identify(src/bumperbot_description) by extensions ['ignore', 'ignore_ament_install']
[0.478s] Level 1:colcon.colcon_core.package_identification:_identify(src/bumperbot_description) by extension 'ignore'
[0.478s] Level 1:colcon.colcon_core.package_identification:_identify(src/bumperbot_description) by extension 'ignore_ament_install'
[0.478s] Level 1:colcon.colcon_core.package_identification:_identify(src/bumperbot_description) by extensions ['colcon_pkg']
[0.478s] Level 1:colcon.colcon_core.package_identification:_identify(src/bumperbot_description) by extension 'colcon_pkg'
[0.478s] Level 1:colcon.colcon_core.package_identification:_identify(src/bumperbot_description) by extensions ['colcon_meta']
[0.478s] Level 1:colcon.colcon_core.package_identification:_identify(src/bumperbot_description) by extension 'colcon_meta'
[0.478s] Level 1:colcon.colcon_core.package_identification:_identify(src/bumperbot_description) by extensions ['ros']
[0.478s] Level 1:colcon.colcon_core.package_identification:_identify(src/bumperbot_description) by extension 'ros'
[0.481s] DEBUG:colcon.colcon_core.package_identification:Package 'src/bumperbot_description' with type 'ros.ament_cmake' and name 'bumperbot_description'
[0.481s] Level 1:colcon.colcon_core.package_identification:_identify(src/bumperbot_msgs) by extensions ['ignore', 'ignore_ament_install']
[0.481s] Level 1:colcon.colcon_core.package_identification:_identify(src/bumperbot_msgs) by extension 'ignore'
[0.481s] Level 1:colcon.colcon_core.package_identification:_identify(src/bumperbot_msgs) by extension 'ignore_ament_install'
[0.481s] Level 1:colcon.colcon_core.package_identification:_identify(src/bumperbot_msgs) by extensions ['colcon_pkg']
[0.481s] Level 1:colcon.colcon_core.package_identification:_identify(src/bumperbot_msgs) by extension 'colcon_pkg'
[0.481s] Level 1:colcon.colcon_core.package_identification:_identify(src/bumperbot_msgs) by extensions ['colcon_meta']
[0.481s] Level 1:colcon.colcon_core.package_identification:_identify(src/bumperbot_msgs) by extension 'colcon_meta'
[0.481s] Level 1:colcon.colcon_core.package_identification:_identify(src/bumperbot_msgs) by extensions ['ros']
[0.481s] Level 1:colcon.colcon_core.package_identification:_identify(src/bumperbot_msgs) by extension 'ros'
[0.482s] DEBUG:colcon.colcon_core.package_identification:Package 'src/bumperbot_msgs' with type 'ros.ament_cmake' and name 'bumperbot_msgs'
[0.482s] Level 1:colcon.colcon_core.package_identification:_identify(src/bumperbot_py_examples) by extensions ['ignore', 'ignore_ament_install']
[0.482s] Level 1:colcon.colcon_core.package_identification:_identify(src/bumperbot_py_examples) by extension 'ignore'
[0.483s] Level 1:colcon.colcon_core.package_identification:_identify(src/bumperbot_py_examples) by extension 'ignore_ament_install'
[0.483s] Level 1:colcon.colcon_core.package_identification:_identify(src/bumperbot_py_examples) by extensions ['colcon_pkg']
[0.483s] Level 1:colcon.colcon_core.package_identification:_identify(src/bumperbot_py_examples) by extension 'colcon_pkg'
[0.483s] Level 1:colcon.colcon_core.package_identification:_identify(src/bumperbot_py_examples) by extensions ['colcon_meta']
[0.483s] Level 1:colcon.colcon_core.package_identification:_identify(src/bumperbot_py_examples) by extension 'colcon_meta'
[0.483s] Level 1:colcon.colcon_core.package_identification:_identify(src/bumperbot_py_examples) by extensions ['ros']
[0.483s] Level 1:colcon.colcon_core.package_identification:_identify(src/bumperbot_py_examples) by extension 'ros'
[0.484s] DEBUG:colcon.colcon_core.package_identification:Package 'src/bumperbot_py_examples' with type 'ros.ament_python' and name 'bumperbot_py_examples'
[0.484s] Level 1:colcon.colcon_core.package_identification:_identify(src/bumperbot_utils) by extensions ['ignore', 'ignore_ament_install']
[0.484s] Level 1:colcon.colcon_core.package_identification:_identify(src/bumperbot_utils) by extension 'ignore'
[0.484s] Level 1:colcon.colcon_core.package_identification:_identify(src/bumperbot_utils) by extension 'ignore_ament_install'
[0.484s] Level 1:colcon.colcon_core.package_identification:_identify(src/bumperbot_utils) by extensions ['colcon_pkg']
[0.484s] Level 1:colcon.colcon_core.package_identification:_identify(src/bumperbot_utils) by extension 'colcon_pkg'
[0.484s] Level 1:colcon.colcon_core.package_identification:_identify(src/bumperbot_utils) by extensions ['colcon_meta']
[0.484s] Level 1:colcon.colcon_core.package_identification:_identify(src/bumperbot_utils) by extension 'colcon_meta'
[0.484s] Level 1:colcon.colcon_core.package_identification:_identify(src/bumperbot_utils) by extensions ['ros']
[0.484s] Level 1:colcon.colcon_core.package_identification:_identify(src/bumperbot_utils) by extension 'ros'
[0.485s] DEBUG:colcon.colcon_core.package_identification:Package 'src/bumperbot_utils' with type 'ros.ament_cmake' and name 'bumperbot_utils'
[0.486s] Level 1:colcon.colcon_core.package_discovery:discover_packages(recursive) using defaults
[0.486s] Level 1:colcon.colcon_core.package_discovery:discover_packages(ignore) discover
[0.486s] Level 1:colcon.colcon_core.package_discovery:discover_packages(ignore) using defaults
[0.486s] Level 1:colcon.colcon_core.package_discovery:discover_packages(path) discover
[0.486s] Level 1:colcon.colcon_core.package_discovery:discover_packages(path) using defaults
[0.512s] Level 1:colcon.colcon_core.package_discovery:discover_packages(prefix_path) check parameters
[0.512s] Level 1:colcon.colcon_core.package_discovery:discover_packages(prefix_path) discover
[0.517s] DEBUG:colcon.colcon_installed_package_information.package_discovery:Found 6 installed packages in /home/raz/projects/self_driving_OC_project/bumperbot_ws/install
[0.518s] DEBUG:colcon.colcon_installed_package_information.package_discovery:Found 7 installed packages in /home/raz/PD_Robot/ros2_ws/install
[0.520s] DEBUG:colcon.colcon_installed_package_information.package_discovery:Found 421 installed packages in /opt/ros/humble
[0.522s] Level 1:colcon.colcon_core.package_discovery:discover_packages(prefix_path) using defaults
[0.601s] Level 5:colcon.colcon_core.verb:set package 'bumperbot_controller' build argument 'cmake_args' from command line to 'None'
[0.601s] Level 5:colcon.colcon_core.verb:set package 'bumperbot_controller' build argument 'cmake_target' from command line to 'None'
[0.601s] Level 5:colcon.colcon_core.verb:set package 'bumperbot_controller' build argument 'cmake_target_skip_unavailable' from command line to 'False'
[0.601s] Level 5:colcon.colcon_core.verb:set package 'bumperbot_controller' build argument 'cmake_clean_cache' from command line to 'False'
[0.601s] Level 5:colcon.colcon_core.verb:set package 'bumperbot_controller' build argument 'cmake_clean_first' from command line to 'False'
[0.601s] Level 5:colcon.colcon_core.verb:set package 'bumperbot_controller' build argument 'cmake_force_configure' from command line to 'False'
[0.601s] Level 5:colcon.colcon_core.verb:set package 'bumperbot_controller' build argument 'ament_cmake_args' from command line to 'None'
[0.601s] Level 5:colcon.colcon_core.verb:set package 'bumperbot_controller' build argument 'catkin_cmake_args' from command line to 'None'
[0.601s] Level 5:colcon.colcon_core.verb:set package 'bumperbot_controller' build argument 'catkin_skip_building_tests' from command line to 'False'
[0.601s] DEBUG:colcon.colcon_core.verb:Building package 'bumperbot_controller' with the following arguments: {'ament_cmake_args': None, 'build_base': '/home/raz/projects/self_driving_OC_project/bumperbot_ws/build/bumperbot_controller', 'catkin_cmake_args': None, 'catkin_skip_building_tests': False, 'cmake_args': None, 'cmake_clean_cache': False, 'cmake_clean_first': False, 'cmake_force_configure': False, 'cmake_target': None, 'cmake_target_skip_unavailable': False, 'install_base': '/home/raz/projects/self_driving_OC_project/bumperbot_ws/install/bumperbot_controller', 'merge_install': False, 'path': '/home/raz/projects/self_driving_OC_project/bumperbot_ws/src/bumperbot_controller', 'symlink_install': True, 'test_result_base': None}
[0.601s] Level 5:colcon.colcon_core.verb:set package 'bumperbot_description' build argument 'cmake_args' from command line to 'None'
[0.601s] Level 5:colcon.colcon_core.verb:set package 'bumperbot_description' build argument 'cmake_target' from command line to 'None'
[0.601s] Level 5:colcon.colcon_core.verb:set package 'bumperbot_description' build argument 'cmake_target_skip_unavailable' from command line to 'False'
[0.601s] Level 5:colcon.colcon_core.verb:set package 'bumperbot_description' build argument 'cmake_clean_cache' from command line to 'False'
[0.601s] Level 5:colcon.colcon_core.verb:set package 'bumperbot_description' build argument 'cmake_clean_first' from command line to 'False'
[0.601s] Level 5:colcon.colcon_core.verb:set package 'bumperbot_description' build argument 'cmake_force_configure' from command line to 'False'
[0.602s] Level 5:colcon.colcon_core.verb:set package 'bumperbot_description' build argument 'ament_cmake_args' from command line to 'None'
[0.602s] Level 5:colcon.colcon_core.verb:set package 'bumperbot_description' build argument 'catkin_cmake_args' from command line to 'None'
[0.602s] Level 5:colcon.colcon_core.verb:set package 'bumperbot_description' build argument 'catkin_skip_building_tests' from command line to 'False'
[0.602s] DEBUG:colcon.colcon_core.verb:Building package 'bumperbot_description' with the following arguments: {'ament_cmake_args': None, 'build_base': '/home/raz/projects/self_driving_OC_project/bumperbot_ws/build/bumperbot_description', 'catkin_cmake_args': None, 'catkin_skip_building_tests': False, 'cmake_args': None, 'cmake_clean_cache': False, 'cmake_clean_first': False, 'cmake_force_configure': False, 'cmake_target': None, 'cmake_target_skip_unavailable': False, 'install_base': '/home/raz/projects/self_driving_OC_project/bumperbot_ws/install/bumperbot_description', 'merge_install': False, 'path': '/home/raz/projects/self_driving_OC_project/bumperbot_ws/src/bumperbot_description', 'symlink_install': True, 'test_result_base': None}
[0.602s] Level 5:colcon.colcon_core.verb:set package 'bumperbot_msgs' build argument 'cmake_args' from command line to 'None'
[0.602s] Level 5:colcon.colcon_core.verb:set package 'bumperbot_msgs' build argument 'cmake_target' from command line to 'None'
[0.602s] Level 5:colcon.colcon_core.verb:set package 'bumperbot_msgs' build argument 'cmake_target_skip_unavailable' from command line to 'False'
[0.602s] Level 5:colcon.colcon_core.verb:set package 'bumperbot_msgs' build argument 'cmake_clean_cache' from command line to 'False'
[0.602s] Level 5:colcon.colcon_core.verb:set package 'bumperbot_msgs' build argument 'cmake_clean_first' from command line to 'False'
[0.602s] Level 5:colcon.colcon_core.verb:set package 'bumperbot_msgs' build argument 'cmake_force_configure' from command line to 'False'
[0.602s] Level 5:colcon.colcon_core.verb:set package 'bumperbot_msgs' build argument 'ament_cmake_args' from command line to 'None'
[0.603s] Level 5:colcon.colcon_core.verb:set package 'bumperbot_msgs' build argument 'catkin_cmake_args' from command line to 'None'
[0.603s] Level 5:colcon.colcon_core.verb:set package 'bumperbot_msgs' build argument 'catkin_skip_building_tests' from command line to 'False'
[0.603s] DEBUG:colcon.colcon_core.verb:Building package 'bumperbot_msgs' with the following arguments: {'ament_cmake_args': None, 'build_base': '/home/raz/projects/self_driving_OC_project/bumperbot_ws/build/bumperbot_msgs', 'catkin_cmake_args': None, 'catkin_skip_building_tests': False, 'cmake_args': None, 'cmake_clean_cache': False, 'cmake_clean_first': False, 'cmake_force_configure': False, 'cmake_target': None, 'cmake_target_skip_unavailable': False, 'install_base': '/home/raz/projects/self_driving_OC_project/bumperbot_ws/install/bumperbot_msgs', 'merge_install': False, 'path': '/home/raz/projects/self_driving_OC_project/bumperbot_ws/src/bumperbot_msgs', 'symlink_install': True, 'test_result_base': None}
[0.603s] Level 5:colcon.colcon_core.verb:set package 'bumperbot_utils' build argument 'cmake_args' from command line to 'None'
[0.604s] Level 5:colcon.colcon_core.verb:set package 'bumperbot_utils' build argument 'cmake_target' from command line to 'None'
[0.604s] Level 5:colcon.colcon_core.verb:set package 'bumperbot_utils' build argument 'cmake_target_skip_unavailable' from command line to 'False'
[0.604s] Level 5:colcon.colcon_core.verb:set package 'bumperbot_utils' build argument 'cmake_clean_cache' from command line to 'False'
[0.604s] Level 5:colcon.colcon_core.verb:set package 'bumperbot_utils' build argument 'cmake_clean_first' from command line to 'False'
[0.604s] Level 5:colcon.colcon_core.verb:set package 'bumperbot_utils' build argument 'cmake_force_configure' from command line to 'False'
[0.604s] Level 5:colcon.colcon_core.verb:set package 'bumperbot_utils' build argument 'ament_cmake_args' from command line to 'None'
[0.604s] Level 5:colcon.colcon_core.verb:set package 'bumperbot_utils' build argument 'catkin_cmake_args' from command line to 'None'
[0.604s] Level 5:colcon.colcon_core.verb:set package 'bumperbot_utils' build argument 'catkin_skip_building_tests' from command line to 'False'
[0.604s] DEBUG:colcon.colcon_core.verb:Building package 'bumperbot_utils' with the following arguments: {'ament_cmake_args': None, 'build_base': '/home/raz/projects/self_driving_OC_project/bumperbot_ws/build/bumperbot_utils', 'catkin_cmake_args': None, 'catkin_skip_building_tests': False, 'cmake_args': None, 'cmake_clean_cache': False, 'cmake_clean_first': False, 'cmake_force_configure': False, 'cmake_target': None, 'cmake_target_skip_unavailable': False, 'install_base': '/home/raz/projects/self_driving_OC_project/bumperbot_ws/install/bumperbot_utils', 'merge_install': False, 'path': '/home/raz/projects/self_driving_OC_project/bumperbot_ws/src/bumperbot_utils', 'symlink_install': True, 'test_result_base': None}
[0.604s] Level 5:colcon.colcon_core.verb:set package 'bumperbot_cpp_examples' build argument 'cmake_args' from command line to 'None'
[0.604s] Level 5:colcon.colcon_core.verb:set package 'bumperbot_cpp_examples' build argument 'cmake_target' from command line to 'None'
[0.604s] Level 5:colcon.colcon_core.verb:set package 'bumperbot_cpp_examples' build argument 'cmake_target_skip_unavailable' from command line to 'False'
[0.604s] Level 5:colcon.colcon_core.verb:set package 'bumperbot_cpp_examples' build argument 'cmake_clean_cache' from command line to 'False'
[0.604s] Level 5:colcon.colcon_core.verb:set package 'bumperbot_cpp_examples' build argument 'cmake_clean_first' from command line to 'False'
[0.604s] Level 5:colcon.colcon_core.verb:set package 'bumperbot_cpp_examples' build argument 'cmake_force_configure' from command line to 'False'
[0.604s] Level 5:colcon.colcon_core.verb:set package 'bumperbot_cpp_examples' build argument 'ament_cmake_args' from command line to 'None'
[0.605s] Level 5:colcon.colcon_core.verb:set package 'bumperbot_cpp_examples' build argument 'catkin_cmake_args' from command line to 'None'
[0.605s] Level 5:colcon.colcon_core.verb:set package 'bumperbot_cpp_examples' build argument 'catkin_skip_building_tests' from command line to 'False'
[0.605s] DEBUG:colcon.colcon_core.verb:Building package 'bumperbot_cpp_examples' with the following arguments: {'ament_cmake_args': None, 'build_base': '/home/raz/projects/self_driving_OC_project/bumperbot_ws/build/bumperbot_cpp_examples', 'catkin_cmake_args': None, 'catkin_skip_building_tests': False, 'cmake_args': None, 'cmake_clean_cache': False, 'cmake_clean_first': False, 'cmake_force_configure': False, 'cmake_target': None, 'cmake_target_skip_unavailable': False, 'install_base': '/home/raz/projects/self_driving_OC_project/bumperbot_ws/install/bumperbot_cpp_examples', 'merge_install': False, 'path': '/home/raz/projects/self_driving_OC_project/bumperbot_ws/src/bumperbot_cpp_examples', 'symlink_install': True, 'test_result_base': None}
[0.605s] Level 5:colcon.colcon_core.verb:set package 'bumperbot_py_examples' build argument 'cmake_args' from command line to 'None'
[0.605s] Level 5:colcon.colcon_core.verb:set package 'bumperbot_py_examples' build argument 'cmake_target' from command line to 'None'
[0.605s] Level 5:colcon.colcon_core.verb:set package 'bumperbot_py_examples' build argument 'cmake_target_skip_unavailable' from command line to 'False'
[0.605s] Level 5:colcon.colcon_core.verb:set package 'bumperbot_py_examples' build argument 'cmake_clean_cache' from command line to 'False'
[0.605s] Level 5:colcon.colcon_core.verb:set package 'bumperbot_py_examples' build argument 'cmake_clean_first' from command line to 'False'
[0.605s] Level 5:colcon.colcon_core.verb:set package 'bumperbot_py_examples' build argument 'cmake_force_configure' from command line to 'False'
[0.605s] Level 5:colcon.colcon_core.verb:set package 'bumperbot_py_examples' build argument 'ament_cmake_args' from command line to 'None'
[0.605s] Level 5:colcon.colcon_core.verb:set package 'bumperbot_py_examples' build argument 'catkin_cmake_args' from command line to 'None'
[0.605s] Level 5:colcon.colcon_core.verb:set package 'bumperbot_py_examples' build argument 'catkin_skip_building_tests' from command line to 'False'
[0.605s] DEBUG:colcon.colcon_core.verb:Building package 'bumperbot_py_examples' with the following arguments: {'ament_cmake_args': None, 'build_base': '/home/raz/projects/self_driving_OC_project/bumperbot_ws/build/bumperbot_py_examples', 'catkin_cmake_args': None, 'catkin_skip_building_tests': False, 'cmake_args': None, 'cmake_clean_cache': False, 'cmake_clean_first': False, 'cmake_force_configure': False, 'cmake_target': None, 'cmake_target_skip_unavailable': False, 'install_base': '/home/raz/projects/self_driving_OC_project/bumperbot_ws/install/bumperbot_py_examples', 'merge_install': False, 'path': '/home/raz/projects/self_driving_OC_project/bumperbot_ws/src/bumperbot_py_examples', 'symlink_install': True, 'test_result_base': None}
[0.605s] INFO:colcon.colcon_core.executor:Executing jobs using 'parallel' executor
[0.606s] DEBUG:colcon.colcon_parallel_executor.executor.parallel:run_until_complete
[0.607s] INFO:colcon.colcon_ros.task.ament_cmake.build:Building ROS package in '/home/raz/projects/self_driving_OC_project/bumperbot_ws/src/bumperbot_msgs' with build type 'ament_cmake'
[0.607s] INFO:colcon.colcon_cmake.task.cmake.build:Building CMake package in '/home/raz/projects/self_driving_OC_project/bumperbot_ws/src/bumperbot_msgs'
[0.609s] INFO:colcon.colcon_core.plugin_system:Skipping extension 'colcon_core.shell.bat': Not used on non-Windows systems
[0.610s] INFO:colcon.colcon_core.shell:Skip shell extension 'powershell' for command environment: Not usable outside of PowerShell
[0.610s] DEBUG:colcon.colcon_core.shell:Skip shell extension 'dsv' for command environment
[0.614s] INFO:colcon.colcon_ros.task.ament_cmake.build:Building ROS package in '/home/raz/projects/self_driving_OC_project/bumperbot_ws/src/bumperbot_controller' with build type 'ament_cmake'
[0.615s] INFO:colcon.colcon_cmake.task.cmake.build:Building CMake package in '/home/raz/projects/self_driving_OC_project/bumperbot_ws/src/bumperbot_controller'
[0.616s] INFO:colcon.colcon_core.shell:Skip shell extension 'powershell' for command environment: Not usable outside of PowerShell
[0.616s] DEBUG:colcon.colcon_core.shell:Skip shell extension 'dsv' for command environment
[0.622s] INFO:colcon.colcon_ros.task.ament_cmake.build:Building ROS package in '/home/raz/projects/self_driving_OC_project/bumperbot_ws/src/bumperbot_description' with build type 'ament_cmake'
[0.623s] INFO:colcon.colcon_cmake.task.cmake.build:Building CMake package in '/home/raz/projects/self_driving_OC_project/bumperbot_ws/src/bumperbot_description'
[0.623s] INFO:colcon.colcon_core.shell:Skip shell extension 'powershell' for command environment: Not usable outside of PowerShell
[0.623s] DEBUG:colcon.colcon_core.shell:Skip shell extension 'dsv' for command environment
[0.628s] INFO:colcon.colcon_ros.task.ament_cmake.build:Building ROS package in '/home/raz/projects/self_driving_OC_project/bumperbot_ws/src/bumperbot_utils' with build type 'ament_cmake'
[0.628s] INFO:colcon.colcon_cmake.task.cmake.build:Building CMake package in '/home/raz/projects/self_driving_OC_project/bumperbot_ws/src/bumperbot_utils'
[0.628s] INFO:colcon.colcon_core.shell:Skip shell extension 'powershell' for command environment: Not usable outside of PowerShell
[0.629s] DEBUG:colcon.colcon_core.shell:Skip shell extension 'dsv' for command environment
[0.640s] DEBUG:colcon.colcon_core.event_handler.log_command:Invoking command in '/home/raz/projects/self_driving_OC_project/bumperbot_ws/build/bumperbot_msgs': CMAKE_PREFIX_PATH=${CMAKE_PREFIX_PATH}:/home/raz/PD_Robot/ros2_ws/install/sar_py_examples:/home/raz/projects/self_driving_OC_project/bumperbot_ws/install/bumperbot_py_examples:/opt/ros/humble /usr/bin/cmake --build /home/raz/projects/self_driving_OC_project/bumperbot_ws/build/bumperbot_msgs -- -j16 -l16
[0.645s] DEBUG:colcon.colcon_core.event_handler.log_command:Invoking command in '/home/raz/projects/self_driving_OC_project/bumperbot_ws/build/bumperbot_controller': CMAKE_PREFIX_PATH=${CMAKE_PREFIX_PATH}:/home/raz/PD_Robot/ros2_ws/install/sar_py_examples:/home/raz/projects/self_driving_OC_project/bumperbot_ws/install/bumperbot_py_examples:/opt/ros/humble /usr/bin/cmake --build /home/raz/projects/self_driving_OC_project/bumperbot_ws/build/bumperbot_controller -- -j16 -l16
[0.649s] DEBUG:colcon.colcon_core.event_handler.log_command:Invoking command in '/home/raz/projects/self_driving_OC_project/bumperbot_ws/build/bumperbot_description': CMAKE_PREFIX_PATH=${CMAKE_PREFIX_PATH}:/home/raz/PD_Robot/ros2_ws/install/sar_py_examples:/home/raz/projects/self_driving_OC_project/bumperbot_ws/install/bumperbot_py_examples:/opt/ros/humble /usr/bin/cmake --build /home/raz/projects/self_driving_OC_project/bumperbot_ws/build/bumperbot_description -- -j16 -l16
[0.656s] DEBUG:colcon.colcon_core.event_handler.log_command:Invoking command in '/home/raz/projects/self_driving_OC_project/bumperbot_ws/build/bumperbot_utils': CMAKE_PREFIX_PATH=${CMAKE_PREFIX_PATH}:/home/raz/PD_Robot/ros2_ws/install/sar_py_examples:/home/raz/projects/self_driving_OC_project/bumperbot_ws/install/bumperbot_py_examples:/opt/ros/humble /usr/bin/cmake --build /home/raz/projects/self_driving_OC_project/bumperbot_ws/build/bumperbot_utils -- -j16 -l16
[0.697s] DEBUG:colcon.colcon_core.event_handler.log_command:Invoked command in '/home/raz/projects/self_driving_OC_project/bumperbot_ws/build/bumperbot_description' returned '0': CMAKE_PREFIX_PATH=${CMAKE_PREFIX_PATH}:/home/raz/PD_Robot/ros2_ws/install/sar_py_examples:/home/raz/projects/self_driving_OC_project/bumperbot_ws/install/bumperbot_py_examples:/opt/ros/humble /usr/bin/cmake --build /home/raz/projects/self_driving_OC_project/bumperbot_ws/build/bumperbot_description -- -j16 -l16
[0.713s] DEBUG:colcon.colcon_core.event_handler.log_command:Invoking command in '/home/raz/projects/self_driving_OC_project/bumperbot_ws/build/bumperbot_description': CMAKE_PREFIX_PATH=${CMAKE_PREFIX_PATH}:/home/raz/PD_Robot/ros2_ws/install/sar_py_examples:/home/raz/projects/self_driving_OC_project/bumperbot_ws/install/bumperbot_py_examples:/opt/ros/humble /usr/bin/cmake --install /home/raz/projects/self_driving_OC_project/bumperbot_ws/build/bumperbot_description
[0.753s] Level 1:colcon.colcon_core.environment:create_environment_scripts_only(bumperbot_description)
[0.754s] DEBUG:colcon.colcon_core.event_handler.log_command:Invoked command in '/home/raz/projects/self_driving_OC_project/bumperbot_ws/build/bumperbot_description' returned '0': CMAKE_PREFIX_PATH=${CMAKE_PREFIX_PATH}:/home/raz/PD_Robot/ros2_ws/install/sar_py_examples:/home/raz/projects/self_driving_OC_project/bumperbot_ws/install/bumperbot_py_examples:/opt/ros/humble /usr/bin/cmake --install /home/raz/projects/self_driving_OC_project/bumperbot_ws/build/bumperbot_description
[0.759s] Level 1:colcon.colcon_core.environment:checking '/home/raz/projects/self_driving_OC_project/bumperbot_ws/install/bumperbot_description' for CMake module files
[0.760s] Level 1:colcon.colcon_core.environment:checking '/home/raz/projects/self_driving_OC_project/bumperbot_ws/install/bumperbot_description' for CMake config files
[0.760s] Level 1:colcon.colcon_core.shell:create_environment_hook('bumperbot_description', 'cmake_prefix_path')
[0.761s] INFO:colcon.colcon_core.shell:Creating environment hook '/home/raz/projects/self_driving_OC_project/bumperbot_ws/install/bumperbot_description/share/bumperbot_description/hook/cmake_prefix_path.ps1'
[0.762s] INFO:colcon.colcon_core.shell:Creating environment descriptor '/home/raz/projects/self_driving_OC_project/bumperbot_ws/install/bumperbot_description/share/bumperbot_description/hook/cmake_prefix_path.dsv'
[0.762s] INFO:colcon.colcon_core.shell:Creating environment hook '/home/raz/projects/self_driving_OC_project/bumperbot_ws/install/bumperbot_description/share/bumperbot_description/hook/cmake_prefix_path.sh'
[0.764s] Level 1:colcon.colcon_core.environment:checking '/home/raz/projects/self_driving_OC_project/bumperbot_ws/install/bumperbot_description/bin'
[0.764s] Level 1:colcon.colcon_core.environment:checking '/home/raz/projects/self_driving_OC_project/bumperbot_ws/install/bumperbot_description/lib/pkgconfig/bumperbot_description.pc'
[0.764s] Level 1:colcon.colcon_core.environment:checking '/home/raz/projects/self_driving_OC_project/bumperbot_ws/install/bumperbot_description/lib/python3.10/site-packages'
[0.764s] Level 1:colcon.colcon_core.environment:checking '/home/raz/projects/self_driving_OC_project/bumperbot_ws/install/bumperbot_description/bin'
[0.765s] INFO:colcon.colcon_core.shell:Creating package script '/home/raz/projects/self_driving_OC_project/bumperbot_ws/install/bumperbot_description/share/bumperbot_description/package.ps1'
[0.766s] INFO:colcon.colcon_core.shell:Creating package descriptor '/home/raz/projects/self_driving_OC_project/bumperbot_ws/install/bumperbot_description/share/bumperbot_description/package.dsv'
[0.767s] INFO:colcon.colcon_core.shell:Creating package script '/home/raz/projects/self_driving_OC_project/bumperbot_ws/install/bumperbot_description/share/bumperbot_description/package.sh'
[0.768s] INFO:colcon.colcon_core.shell:Creating package script '/home/raz/projects/self_driving_OC_project/bumperbot_ws/install/bumperbot_description/share/bumperbot_description/package.bash'
[0.769s] INFO:colcon.colcon_core.shell:Creating package script '/home/raz/projects/self_driving_OC_project/bumperbot_ws/install/bumperbot_description/share/bumperbot_description/package.zsh'
[0.770s] Level 1:colcon.colcon_core.environment:create_file_with_runtime_dependencies(/home/raz/projects/self_driving_OC_project/bumperbot_ws/install/bumperbot_description/share/colcon-core/packages/bumperbot_description)
[0.771s] Level 1:colcon.colcon_core.environment:create_environment_scripts_only(bumperbot_description)
[0.771s] Level 1:colcon.colcon_core.environment:checking '/home/raz/projects/self_driving_OC_project/bumperbot_ws/install/bumperbot_description' for CMake module files
[0.771s] Level 1:colcon.colcon_core.environment:checking '/home/raz/projects/self_driving_OC_project/bumperbot_ws/install/bumperbot_description' for CMake config files
[0.772s] Level 1:colcon.colcon_core.shell:create_environment_hook('bumperbot_description', 'cmake_prefix_path')
[0.772s] INFO:colcon.colcon_core.shell:Creating environment hook '/home/raz/projects/self_driving_OC_project/bumperbot_ws/install/bumperbot_description/share/bumperbot_description/hook/cmake_prefix_path.ps1'
[0.773s] INFO:colcon.colcon_core.shell:Creating environment descriptor '/home/raz/projects/self_driving_OC_project/bumperbot_ws/install/bumperbot_description/share/bumperbot_description/hook/cmake_prefix_path.dsv'
[0.774s] INFO:colcon.colcon_core.shell:Creating environment hook '/home/raz/projects/self_driving_OC_project/bumperbot_ws/install/bumperbot_description/share/bumperbot_description/hook/cmake_prefix_path.sh'
[0.775s] Level 1:colcon.colcon_core.environment:checking '/home/raz/projects/self_driving_OC_project/bumperbot_ws/install/bumperbot_description/bin'
[0.775s] Level 1:colcon.colcon_core.environment:checking '/home/raz/projects/self_driving_OC_project/bumperbot_ws/install/bumperbot_description/lib/pkgconfig/bumperbot_description.pc'
[0.776s] Level 1:colcon.colcon_core.environment:checking '/home/raz/projects/self_driving_OC_project/bumperbot_ws/install/bumperbot_description/lib/python3.10/site-packages'
[0.776s] Level 1:colcon.colcon_core.environment:checking '/home/raz/projects/self_driving_OC_project/bumperbot_ws/install/bumperbot_description/bin'
[0.776s] INFO:colcon.colcon_core.shell:Creating package script '/home/raz/projects/self_driving_OC_project/bumperbot_ws/install/bumperbot_description/share/bumperbot_description/package.ps1'
[0.777s] INFO:colcon.colcon_core.shell:Creating package descriptor '/home/raz/projects/self_driving_OC_project/bumperbot_ws/install/bumperbot_description/share/bumperbot_description/package.dsv'
[0.778s] INFO:colcon.colcon_core.shell:Creating package script '/home/raz/projects/self_driving_OC_project/bumperbot_ws/install/bumperbot_description/share/bumperbot_description/package.sh'
[0.778s] INFO:colcon.colcon_core.shell:Creating package script '/home/raz/projects/self_driving_OC_project/bumperbot_ws/install/bumperbot_description/share/bumperbot_description/package.bash'
[0.779s] INFO:colcon.colcon_core.shell:Creating package script '/home/raz/projects/self_driving_OC_project/bumperbot_ws/install/bumperbot_description/share/bumperbot_description/package.zsh'
[0.780s] Level 1:colcon.colcon_core.environment:create_file_with_runtime_dependencies(/home/raz/projects/self_driving_OC_project/bumperbot_ws/install/bumperbot_description/share/colcon-core/packages/bumperbot_description)
[1.076s] DEBUG:colcon.colcon_core.event_handler.log_command:Invoked command in '/home/raz/projects/self_driving_OC_project/bumperbot_ws/build/bumperbot_utils' returned '0': CMAKE_PREFIX_PATH=${CMAKE_PREFIX_PATH}:/home/raz/PD_Robot/ros2_ws/install/sar_py_examples:/home/raz/projects/self_driving_OC_project/bumperbot_ws/install/bumperbot_py_examples:/opt/ros/humble /usr/bin/cmake --build /home/raz/projects/self_driving_OC_project/bumperbot_ws/build/bumperbot_utils -- -j16 -l16
[1.079s] DEBUG:colcon.colcon_core.event_handler.log_command:Invoking command in '/home/raz/projects/self_driving_OC_project/bumperbot_ws/build/bumperbot_utils': CMAKE_PREFIX_PATH=${CMAKE_PREFIX_PATH}:/home/raz/PD_Robot/ros2_ws/install/sar_py_examples:/home/raz/projects/self_driving_OC_project/bumperbot_ws/install/bumperbot_py_examples:/opt/ros/humble /usr/bin/cmake --install /home/raz/projects/self_driving_OC_project/bumperbot_ws/build/bumperbot_utils
[1.093s] DEBUG:colcon.colcon_core.event_handler.log_command:Invoked command in '/home/raz/projects/self_driving_OC_project/bumperbot_ws/build/bumperbot_msgs' returned '0': CMAKE_PREFIX_PATH=${CMAKE_PREFIX_PATH}:/home/raz/PD_Robot/ros2_ws/install/sar_py_examples:/home/raz/projects/self_driving_OC_project/bumperbot_ws/install/bumperbot_py_examples:/opt/ros/humble /usr/bin/cmake --build /home/raz/projects/self_driving_OC_project/bumperbot_ws/build/bumperbot_msgs -- -j16 -l16
[1.095s] DEBUG:colcon.colcon_core.event_handler.log_command:Invoking command in '/home/raz/projects/self_driving_OC_project/bumperbot_ws/build/bumperbot_msgs': CMAKE_PREFIX_PATH=${CMAKE_PREFIX_PATH}:/home/raz/PD_Robot/ros2_ws/install/sar_py_examples:/home/raz/projects/self_driving_OC_project/bumperbot_ws/install/bumperbot_py_examples:/opt/ros/humble /usr/bin/cmake --install /home/raz/projects/self_driving_OC_project/bumperbot_ws/build/bumperbot_msgs
[1.154s] Level 1:colcon.colcon_core.environment:create_environment_scripts_only(bumperbot_utils)
[1.155s] Level 1:colcon.colcon_core.environment:checking '/home/raz/projects/self_driving_OC_project/bumperbot_ws/install/bumperbot_utils' for CMake module files
[1.156s] DEBUG:colcon.colcon_core.event_handler.log_command:Invoked command in '/home/raz/projects/self_driving_OC_project/bumperbot_ws/build/bumperbot_utils' returned '0': CMAKE_PREFIX_PATH=${CMAKE_PREFIX_PATH}:/home/raz/PD_Robot/ros2_ws/install/sar_py_examples:/home/raz/projects/self_driving_OC_project/bumperbot_ws/install/bumperbot_py_examples:/opt/ros/humble /usr/bin/cmake --install /home/raz/projects/self_driving_OC_project/bumperbot_ws/build/bumperbot_utils
[1.157s] Level 1:colcon.colcon_core.environment:checking '/home/raz/projects/self_driving_OC_project/bumperbot_ws/install/bumperbot_utils' for CMake config files
[1.157s] Level 1:colcon.colcon_core.shell:create_environment_hook('bumperbot_utils', 'cmake_prefix_path')
[1.157s] INFO:colcon.colcon_core.shell:Creating environment hook '/home/raz/projects/self_driving_OC_project/bumperbot_ws/install/bumperbot_utils/share/bumperbot_utils/hook/cmake_prefix_path.ps1'
[1.158s] INFO:colcon.colcon_core.shell:Creating environment descriptor '/home/raz/projects/self_driving_OC_project/bumperbot_ws/install/bumperbot_utils/share/bumperbot_utils/hook/cmake_prefix_path.dsv'
[1.159s] INFO:colcon.colcon_core.shell:Creating environment hook '/home/raz/projects/self_driving_OC_project/bumperbot_ws/install/bumperbot_utils/share/bumperbot_utils/hook/cmake_prefix_path.sh'
[1.159s] Level 1:colcon.colcon_core.environment:checking '/home/raz/projects/self_driving_OC_project/bumperbot_ws/install/bumperbot_utils/lib'
[1.160s] Level 1:colcon.colcon_core.environment:checking '/home/raz/projects/self_driving_OC_project/bumperbot_ws/install/bumperbot_utils/bin'
[1.160s] Level 1:colcon.colcon_core.environment:checking '/home/raz/projects/self_driving_OC_project/bumperbot_ws/install/bumperbot_utils/lib/pkgconfig/bumperbot_utils.pc'
[1.160s] Level 1:colcon.colcon_core.environment:checking '/home/raz/projects/self_driving_OC_project/bumperbot_ws/install/bumperbot_utils/lib/python3.10/site-packages'
[1.160s] Level 1:colcon.colcon_core.environment:checking '/home/raz/projects/self_driving_OC_project/bumperbot_ws/install/bumperbot_utils/bin'
[1.160s] INFO:colcon.colcon_core.shell:Creating package script '/home/raz/projects/self_driving_OC_project/bumperbot_ws/install/bumperbot_utils/share/bumperbot_utils/package.ps1'
[1.161s] INFO:colcon.colcon_core.shell:Creating package descriptor '/home/raz/projects/self_driving_OC_project/bumperbot_ws/install/bumperbot_utils/share/bumperbot_utils/package.dsv'
[1.162s] INFO:colcon.colcon_core.shell:Creating package script '/home/raz/projects/self_driving_OC_project/bumperbot_ws/install/bumperbot_utils/share/bumperbot_utils/package.sh'
[1.163s] INFO:colcon.colcon_core.shell:Creating package script '/home/raz/projects/self_driving_OC_project/bumperbot_ws/install/bumperbot_utils/share/bumperbot_utils/package.bash'
[1.165s] INFO:colcon.colcon_core.shell:Creating package script '/home/raz/projects/self_driving_OC_project/bumperbot_ws/install/bumperbot_utils/share/bumperbot_utils/package.zsh'
[1.166s] Level 1:colcon.colcon_core.environment:create_file_with_runtime_dependencies(/home/raz/projects/self_driving_OC_project/bumperbot_ws/install/bumperbot_utils/share/colcon-core/packages/bumperbot_utils)
[1.168s] Level 1:colcon.colcon_core.environment:create_environment_scripts_only(bumperbot_utils)
[1.168s] Level 1:colcon.colcon_core.environment:checking '/home/raz/projects/self_driving_OC_project/bumperbot_ws/install/bumperbot_utils' for CMake module files
[1.169s] Level 1:colcon.colcon_core.environment:checking '/home/raz/projects/self_driving_OC_project/bumperbot_ws/install/bumperbot_utils' for CMake config files
[1.170s] Level 1:colcon.colcon_core.shell:create_environment_hook('bumperbot_utils', 'cmake_prefix_path')
[1.170s] INFO:colcon.colcon_core.shell:Creating environment hook '/home/raz/projects/self_driving_OC_project/bumperbot_ws/install/bumperbot_utils/share/bumperbot_utils/hook/cmake_prefix_path.ps1'
[1.171s] INFO:colcon.colcon_core.shell:Creating environment descriptor '/home/raz/projects/self_driving_OC_project/bumperbot_ws/install/bumperbot_utils/share/bumperbot_utils/hook/cmake_prefix_path.dsv'
[1.171s] INFO:colcon.colcon_core.shell:Creating environment hook '/home/raz/projects/self_driving_OC_project/bumperbot_ws/install/bumperbot_utils/share/bumperbot_utils/hook/cmake_prefix_path.sh'
[1.172s] Level 1:colcon.colcon_core.environment:checking '/home/raz/projects/self_driving_OC_project/bumperbot_ws/install/bumperbot_utils/lib'
[1.172s] Level 1:colcon.colcon_core.environment:checking '/home/raz/projects/self_driving_OC_project/bumperbot_ws/install/bumperbot_utils/bin'
[1.172s] Level 1:colcon.colcon_core.environment:checking '/home/raz/projects/self_driving_OC_project/bumperbot_ws/install/bumperbot_utils/lib/pkgconfig/bumperbot_utils.pc'
[1.173s] Level 1:colcon.colcon_core.environment:checking '/home/raz/projects/self_driving_OC_project/bumperbot_ws/install/bumperbot_utils/lib/python3.10/site-packages'
[1.173s] Level 1:colcon.colcon_core.environment:checking '/home/raz/projects/self_driving_OC_project/bumperbot_ws/install/bumperbot_utils/bin'
[1.173s] INFO:colcon.colcon_core.shell:Creating package script '/home/raz/projects/self_driving_OC_project/bumperbot_ws/install/bumperbot_utils/share/bumperbot_utils/package.ps1'
[1.174s] INFO:colcon.colcon_core.shell:Creating package descriptor '/home/raz/projects/self_driving_OC_project/bumperbot_ws/install/bumperbot_utils/share/bumperbot_utils/package.dsv'
[1.175s] INFO:colcon.colcon_core.shell:Creating package script '/home/raz/projects/self_driving_OC_project/bumperbot_ws/install/bumperbot_utils/share/bumperbot_utils/package.sh'
[1.175s] INFO:colcon.colcon_core.shell:Creating package script '/home/raz/projects/self_driving_OC_project/bumperbot_ws/install/bumperbot_utils/share/bumperbot_utils/package.bash'
[1.176s] INFO:colcon.colcon_core.shell:Creating package script '/home/raz/projects/self_driving_OC_project/bumperbot_ws/install/bumperbot_utils/share/bumperbot_utils/package.zsh'
[1.177s] Level 1:colcon.colcon_core.environment:create_file_with_runtime_dependencies(/home/raz/projects/self_driving_OC_project/bumperbot_ws/install/bumperbot_utils/share/colcon-core/packages/bumperbot_utils)
[1.205s] Level 1:colcon.colcon_core.environment:create_environment_scripts_only(bumperbot_msgs)
[1.206s] Level 1:colcon.colcon_core.environment:checking '/home/raz/projects/self_driving_OC_project/bumperbot_ws/install/bumperbot_msgs' for CMake module files
[1.208s] DEBUG:colcon.colcon_core.event_handler.log_command:Invoked command in '/home/raz/projects/self_driving_OC_project/bumperbot_ws/build/bumperbot_msgs' returned '0': CMAKE_PREFIX_PATH=${CMAKE_PREFIX_PATH}:/home/raz/PD_Robot/ros2_ws/install/sar_py_examples:/home/raz/projects/self_driving_OC_project/bumperbot_ws/install/bumperbot_py_examples:/opt/ros/humble /usr/bin/cmake --install /home/raz/projects/self_driving_OC_project/bumperbot_ws/build/bumperbot_msgs
[1.209s] Level 1:colcon.colcon_core.environment:checking '/home/raz/projects/self_driving_OC_project/bumperbot_ws/install/bumperbot_msgs' for CMake config files
[1.210s] Level 1:colcon.colcon_core.shell:create_environment_hook('bumperbot_msgs', 'cmake_prefix_path')
[1.210s] INFO:colcon.colcon_core.shell:Creating environment hook '/home/raz/projects/self_driving_OC_project/bumperbot_ws/install/bumperbot_msgs/share/bumperbot_msgs/hook/cmake_prefix_path.ps1'
[1.211s] INFO:colcon.colcon_core.shell:Creating environment descriptor '/home/raz/projects/self_driving_OC_project/bumperbot_ws/install/bumperbot_msgs/share/bumperbot_msgs/hook/cmake_prefix_path.dsv'
[1.212s] INFO:colcon.colcon_core.shell:Creating environment hook '/home/raz/projects/self_driving_OC_project/bumperbot_ws/install/bumperbot_msgs/share/bumperbot_msgs/hook/cmake_prefix_path.sh'
[1.213s] Level 1:colcon.colcon_core.environment:checking '/home/raz/projects/self_driving_OC_project/bumperbot_ws/install/bumperbot_msgs/lib'
[1.213s] Level 1:colcon.colcon_core.shell:create_environment_hook('bumperbot_msgs', 'ld_library_path_lib')
[1.213s] INFO:colcon.colcon_core.shell:Creating environment hook '/home/raz/projects/self_driving_OC_project/bumperbot_ws/install/bumperbot_msgs/share/bumperbot_msgs/hook/ld_library_path_lib.ps1'
[1.214s] INFO:colcon.colcon_core.shell:Creating environment descriptor '/home/raz/projects/self_driving_OC_project/bumperbot_ws/install/bumperbot_msgs/share/bumperbot_msgs/hook/ld_library_path_lib.dsv'
[1.214s] INFO:colcon.colcon_core.shell:Creating environment hook '/home/raz/projects/self_driving_OC_project/bumperbot_ws/install/bumperbot_msgs/share/bumperbot_msgs/hook/ld_library_path_lib.sh'
[1.215s] Level 1:colcon.colcon_core.environment:checking '/home/raz/projects/self_driving_OC_project/bumperbot_ws/install/bumperbot_msgs/bin'
[1.215s] Level 1:colcon.colcon_core.environment:checking '/home/raz/projects/self_driving_OC_project/bumperbot_ws/install/bumperbot_msgs/lib/pkgconfig/bumperbot_msgs.pc'
[1.216s] Level 1:colcon.colcon_core.environment:checking '/home/raz/projects/self_driving_OC_project/bumperbot_ws/install/bumperbot_msgs/lib/python3.10/site-packages'
[1.216s] Level 1:colcon.colcon_core.environment:checking '/home/raz/projects/self_driving_OC_project/bumperbot_ws/install/bumperbot_msgs/bin'
[1.216s] INFO:colcon.colcon_core.shell:Creating package script '/home/raz/projects/self_driving_OC_project/bumperbot_ws/install/bumperbot_msgs/share/bumperbot_msgs/package.ps1'
[1.217s] INFO:colcon.colcon_core.shell:Creating package descriptor '/home/raz/projects/self_driving_OC_project/bumperbot_ws/install/bumperbot_msgs/share/bumperbot_msgs/package.dsv'
[1.217s] INFO:colcon.colcon_core.shell:Creating package script '/home/raz/projects/self_driving_OC_project/bumperbot_ws/install/bumperbot_msgs/share/bumperbot_msgs/package.sh'
[1.218s] INFO:colcon.colcon_core.shell:Creating package script '/home/raz/projects/self_driving_OC_project/bumperbot_ws/install/bumperbot_msgs/share/bumperbot_msgs/package.bash'
[1.218s] INFO:colcon.colcon_core.shell:Creating package script '/home/raz/projects/self_driving_OC_project/bumperbot_ws/install/bumperbot_msgs/share/bumperbot_msgs/package.zsh'
[1.219s] Level 1:colcon.colcon_core.environment:create_file_with_runtime_dependencies(/home/raz/projects/self_driving_OC_project/bumperbot_ws/install/bumperbot_msgs/share/colcon-core/packages/bumperbot_msgs)
[1.220s] Level 1:colcon.colcon_core.environment:create_environment_scripts_only(bumperbot_msgs)
[1.220s] Level 1:colcon.colcon_core.environment:checking '/home/raz/projects/self_driving_OC_project/bumperbot_ws/install/bumperbot_msgs' for CMake module files
[1.221s] Level 1:colcon.colcon_core.environment:checking '/home/raz/projects/self_driving_OC_project/bumperbot_ws/install/bumperbot_msgs' for CMake config files
[1.221s] Level 1:colcon.colcon_core.shell:create_environment_hook('bumperbot_msgs', 'cmake_prefix_path')
[1.222s] INFO:colcon.colcon_core.shell:Creating environment hook '/home/raz/projects/self_driving_OC_project/bumperbot_ws/install/bumperbot_msgs/share/bumperbot_msgs/hook/cmake_prefix_path.ps1'
[1.223s] INFO:colcon.colcon_core.shell:Creating environment descriptor '/home/raz/projects/self_driving_OC_project/bumperbot_ws/install/bumperbot_msgs/share/bumperbot_msgs/hook/cmake_prefix_path.dsv'
[1.224s] INFO:colcon.colcon_core.shell:Creating environment hook '/home/raz/projects/self_driving_OC_project/bumperbot_ws/install/bumperbot_msgs/share/bumperbot_msgs/hook/cmake_prefix_path.sh'
[1.225s] Level 1:colcon.colcon_core.environment:checking '/home/raz/projects/self_driving_OC_project/bumperbot_ws/install/bumperbot_msgs/lib'
[1.225s] Level 1:colcon.colcon_core.shell:create_environment_hook('bumperbot_msgs', 'ld_library_path_lib')
[1.225s] INFO:colcon.colcon_core.shell:Creating environment hook '/home/raz/projects/self_driving_OC_project/bumperbot_ws/install/bumperbot_msgs/share/bumperbot_msgs/hook/ld_library_path_lib.ps1'
[1.226s] INFO:colcon.colcon_core.shell:Creating environment descriptor '/home/raz/projects/self_driving_OC_project/bumperbot_ws/install/bumperbot_msgs/share/bumperbot_msgs/hook/ld_library_path_lib.dsv'
[1.226s] INFO:colcon.colcon_core.shell:Creating environment hook '/home/raz/projects/self_driving_OC_project/bumperbot_ws/install/bumperbot_msgs/share/bumperbot_msgs/hook/ld_library_path_lib.sh'
[1.227s] Level 1:colcon.colcon_core.environment:checking '/home/raz/projects/self_driving_OC_project/bumperbot_ws/install/bumperbot_msgs/bin'
[1.227s] Level 1:colcon.colcon_core.environment:checking '/home/raz/projects/self_driving_OC_project/bumperbot_ws/install/bumperbot_msgs/lib/pkgconfig/bumperbot_msgs.pc'
[1.227s] Level 1:colcon.colcon_core.environment:checking '/home/raz/projects/self_driving_OC_project/bumperbot_ws/install/bumperbot_msgs/lib/python3.10/site-packages'
[1.227s] Level 1:colcon.colcon_core.environment:checking '/home/raz/projects/self_driving_OC_project/bumperbot_ws/install/bumperbot_msgs/bin'
[1.228s] INFO:colcon.colcon_core.shell:Creating package script '/home/raz/projects/self_driving_OC_project/bumperbot_ws/install/bumperbot_msgs/share/bumperbot_msgs/package.ps1'
[1.229s] INFO:colcon.colcon_core.shell:Creating package descriptor '/home/raz/projects/self_driving_OC_project/bumperbot_ws/install/bumperbot_msgs/share/bumperbot_msgs/package.dsv'
[1.229s] INFO:colcon.colcon_core.shell:Creating package script '/home/raz/projects/self_driving_OC_project/bumperbot_ws/install/bumperbot_msgs/share/bumperbot_msgs/package.sh'
[1.230s] INFO:colcon.colcon_core.shell:Creating package script '/home/raz/projects/self_driving_OC_project/bumperbot_ws/install/bumperbot_msgs/share/bumperbot_msgs/package.bash'
[1.230s] INFO:colcon.colcon_core.shell:Creating package script '/home/raz/projects/self_driving_OC_project/bumperbot_ws/install/bumperbot_msgs/share/bumperbot_msgs/package.zsh'
[1.231s] Level 1:colcon.colcon_core.environment:create_file_with_runtime_dependencies(/home/raz/projects/self_driving_OC_project/bumperbot_ws/install/bumperbot_msgs/share/colcon-core/packages/bumperbot_msgs)
[1.231s] INFO:colcon.colcon_ros.task.ament_cmake.build:Building ROS package in '/home/raz/projects/self_driving_OC_project/bumperbot_ws/src/bumperbot_cpp_examples' with build type 'ament_cmake'
[1.231s] INFO:colcon.colcon_cmake.task.cmake.build:Building CMake package in '/home/raz/projects/self_driving_OC_project/bumperbot_ws/src/bumperbot_cpp_examples'
[1.232s] INFO:colcon.colcon_core.shell:Skip shell extension 'powershell' for command environment: Not usable outside of PowerShell
[1.232s] DEBUG:colcon.colcon_core.shell:Skip shell extension 'dsv' for command environment
[1.238s] INFO:colcon.colcon_ros.task.ament_python.build:Building ROS package in '/home/raz/projects/self_driving_OC_project/bumperbot_ws/src/bumperbot_py_examples' with build type 'ament_python'
[1.238s] Level 1:colcon.colcon_core.shell:create_environment_hook('bumperbot_py_examples', 'ament_prefix_path')
[1.239s] INFO:colcon.colcon_core.shell:Creating environment hook '/home/raz/projects/self_driving_OC_project/bumperbot_ws/install/bumperbot_py_examples/share/bumperbot_py_examples/hook/ament_prefix_path.ps1'
[1.240s] INFO:colcon.colcon_core.shell:Creating environment descriptor '/home/raz/projects/self_driving_OC_project/bumperbot_ws/install/bumperbot_py_examples/share/bumperbot_py_examples/hook/ament_prefix_path.dsv'
[1.241s] INFO:colcon.colcon_core.shell:Creating environment hook '/home/raz/projects/self_driving_OC_project/bumperbot_ws/install/bumperbot_py_examples/share/bumperbot_py_examples/hook/ament_prefix_path.sh'
[1.242s] INFO:colcon.colcon_core.shell:Skip shell extension 'powershell' for command environment: Not usable outside of PowerShell
[1.242s] DEBUG:colcon.colcon_core.shell:Skip shell extension 'dsv' for command environment
[1.254s] DEBUG:colcon.colcon_core.event_handler.log_command:Invoking command in '/home/raz/projects/self_driving_OC_project/bumperbot_ws/build/bumperbot_cpp_examples': CMAKE_PREFIX_PATH=/home/raz/projects/self_driving_OC_project/bumperbot_ws/install/bumperbot_msgs:/home/raz/PD_Robot/ros2_ws/install/sar_utils:/home/raz/PD_Robot/ros2_ws/install/sar_cpp_examples:/home/raz/PD_Robot/ros2_ws/install/sar_msgs:/home/raz/PD_Robot/ros2_ws/install/sar_moveit:/home/raz/PD_Robot/ros2_ws/install/sar_description:/home/raz/PD_Robot/ros2_ws/install/sar_controller:/home/raz/projects/self_driving_OC_project/bumperbot_ws/install/bumperbot_utils:/home/raz/projects/self_driving_OC_project/bumperbot_ws/install/bumperbot_cpp_examples:/home/raz/projects/self_driving_OC_project/bumperbot_ws/install/bumperbot_description:/home/raz/projects/self_driving_OC_project/bumperbot_ws/install/bumperbot_controller:/home/raz/PD_Robot/ros2_ws/install/sar_py_examples:/home/raz/projects/self_driving_OC_project/bumperbot_ws/install/bumperbot_py_examples:/opt/ros/humble LD_LIBRARY_PATH=/home/raz/projects/self_driving_OC_project/bumperbot_ws/install/bumperbot_msgs/lib:/home/raz/PD_Robot/ros2_ws/install/sar_msgs/lib:/opt/ros/humble/opt/rviz_ogre_vendor/lib:/opt/ros/humble/lib/x86_64-linux-gnu:/opt/ros/humble/lib /usr/bin/cmake --build /home/raz/projects/self_driving_OC_project/bumperbot_ws/build/bumperbot_cpp_examples -- -j16 -l16
[1.564s] INFO:colcon.colcon_core.task.python.build:Building Python package in '/home/raz/projects/self_driving_OC_project/bumperbot_ws/src/bumperbot_py_examples'
[1.564s] INFO:colcon.colcon_core.shell:Skip shell extension 'powershell' for command environment: Not usable outside of PowerShell
[1.564s] DEBUG:colcon.colcon_core.shell:Skip shell extension 'dsv' for command environment
[1.572s] DEBUG:colcon.colcon_core.event_handler.log_command:Invoked command in '/home/raz/projects/self_driving_OC_project/bumperbot_ws/build/bumperbot_cpp_examples' returned '0': CMAKE_PREFIX_PATH=/home/raz/projects/self_driving_OC_project/bumperbot_ws/install/bumperbot_msgs:/home/raz/PD_Robot/ros2_ws/install/sar_utils:/home/raz/PD_Robot/ros2_ws/install/sar_cpp_examples:/home/raz/PD_Robot/ros2_ws/install/sar_msgs:/home/raz/PD_Robot/ros2_ws/install/sar_moveit:/home/raz/PD_Robot/ros2_ws/install/sar_description:/home/raz/PD_Robot/ros2_ws/install/sar_controller:/home/raz/projects/self_driving_OC_project/bumperbot_ws/install/bumperbot_utils:/home/raz/projects/self_driving_OC_project/bumperbot_ws/install/bumperbot_cpp_examples:/home/raz/projects/self_driving_OC_project/bumperbot_ws/install/bumperbot_description:/home/raz/projects/self_driving_OC_project/bumperbot_ws/install/bumperbot_controller:/home/raz/PD_Robot/ros2_ws/install/sar_py_examples:/home/raz/projects/self_driving_OC_project/bumperbot_ws/install/bumperbot_py_examples:/opt/ros/humble LD_LIBRARY_PATH=/home/raz/projects/self_driving_OC_project/bumperbot_ws/install/bumperbot_msgs/lib:/home/raz/PD_Robot/ros2_ws/install/sar_msgs/lib:/opt/ros/humble/opt/rviz_ogre_vendor/lib:/opt/ros/humble/lib/x86_64-linux-gnu:/opt/ros/humble/lib /usr/bin/cmake --build /home/raz/projects/self_driving_OC_project/bumperbot_ws/build/bumperbot_cpp_examples -- -j16 -l16
[1.574s] DEBUG:colcon.colcon_core.event_handler.log_command:Invoking command in '/home/raz/projects/self_driving_OC_project/bumperbot_ws/build/bumperbot_cpp_examples': CMAKE_PREFIX_PATH=/home/raz/projects/self_driving_OC_project/bumperbot_ws/install/bumperbot_msgs:/home/raz/PD_Robot/ros2_ws/install/sar_utils:/home/raz/PD_Robot/ros2_ws/install/sar_cpp_examples:/home/raz/PD_Robot/ros2_ws/install/sar_msgs:/home/raz/PD_Robot/ros2_ws/install/sar_moveit:/home/raz/PD_Robot/ros2_ws/install/sar_description:/home/raz/PD_Robot/ros2_ws/install/sar_controller:/home/raz/projects/self_driving_OC_project/bumperbot_ws/install/bumperbot_utils:/home/raz/projects/self_driving_OC_project/bumperbot_ws/install/bumperbot_cpp_examples:/home/raz/projects/self_driving_OC_project/bumperbot_ws/install/bumperbot_description:/home/raz/projects/self_driving_OC_project/bumperbot_ws/install/bumperbot_controller:/home/raz/PD_Robot/ros2_ws/install/sar_py_examples:/home/raz/projects/self_driving_OC_project/bumperbot_ws/install/bumperbot_py_examples:/opt/ros/humble LD_LIBRARY_PATH=/home/raz/projects/self_driving_OC_project/bumperbot_ws/install/bumperbot_msgs/lib:/home/raz/PD_Robot/ros2_ws/install/sar_msgs/lib:/opt/ros/humble/opt/rviz_ogre_vendor/lib:/opt/ros/humble/lib/x86_64-linux-gnu:/opt/ros/humble/lib /usr/bin/cmake --install /home/raz/projects/self_driving_OC_project/bumperbot_ws/build/bumperbot_cpp_examples
[1.604s] Level 1:colcon.colcon_core.environment:create_environment_scripts_only(bumperbot_cpp_examples)
[1.605s] Level 1:colcon.colcon_core.environment:checking '/home/raz/projects/self_driving_OC_project/bumperbot_ws/install/bumperbot_cpp_examples' for CMake module files
[1.605s] DEBUG:colcon.colcon_core.event_handler.log_command:Invoked command in '/home/raz/projects/self_driving_OC_project/bumperbot_ws/build/bumperbot_cpp_examples' returned '0': CMAKE_PREFIX_PATH=/home/raz/projects/self_driving_OC_project/bumperbot_ws/install/bumperbot_msgs:/home/raz/PD_Robot/ros2_ws/install/sar_utils:/home/raz/PD_Robot/ros2_ws/install/sar_cpp_examples:/home/raz/PD_Robot/ros2_ws/install/sar_msgs:/home/raz/PD_Robot/ros2_ws/install/sar_moveit:/home/raz/PD_Robot/ros2_ws/install/sar_description:/home/raz/PD_Robot/ros2_ws/install/sar_controller:/home/raz/projects/self_driving_OC_project/bumperbot_ws/install/bumperbot_utils:/home/raz/projects/self_driving_OC_project/bumperbot_ws/install/bumperbot_cpp_examples:/home/raz/projects/self_driving_OC_project/bumperbot_ws/install/bumperbot_description:/home/raz/projects/self_driving_OC_project/bumperbot_ws/install/bumperbot_controller:/home/raz/PD_Robot/ros2_ws/install/sar_py_examples:/home/raz/projects/self_driving_OC_project/bumperbot_ws/install/bumperbot_py_examples:/opt/ros/humble LD_LIBRARY_PATH=/home/raz/projects/self_driving_OC_project/bumperbot_ws/install/bumperbot_msgs/lib:/home/raz/PD_Robot/ros2_ws/install/sar_msgs/lib:/opt/ros/humble/opt/rviz_ogre_vendor/lib:/opt/ros/humble/lib/x86_64-linux-gnu:/opt/ros/humble/lib /usr/bin/cmake --install /home/raz/projects/self_driving_OC_project/bumperbot_ws/build/bumperbot_cpp_examples
[1.606s] Level 1:colcon.colcon_core.environment:checking '/home/raz/projects/self_driving_OC_project/bumperbot_ws/install/bumperbot_cpp_examples' for CMake config files
[1.606s] Level 1:colcon.colcon_core.shell:create_environment_hook('bumperbot_cpp_examples', 'cmake_prefix_path')
[1.606s] INFO:colcon.colcon_core.shell:Creating environment hook '/home/raz/projects/self_driving_OC_project/bumperbot_ws/install/bumperbot_cpp_examples/share/bumperbot_cpp_examples/hook/cmake_prefix_path.ps1'
[1.607s] INFO:colcon.colcon_core.shell:Creating environment descriptor '/home/raz/projects/self_driving_OC_project/bumperbot_ws/install/bumperbot_cpp_examples/share/bumperbot_cpp_examples/hook/cmake_prefix_path.dsv'
[1.608s] INFO:colcon.colcon_core.shell:Creating environment hook '/home/raz/projects/self_driving_OC_project/bumperbot_ws/install/bumperbot_cpp_examples/share/bumperbot_cpp_examples/hook/cmake_prefix_path.sh'
[1.608s] Level 1:colcon.colcon_core.environment:checking '/home/raz/projects/self_driving_OC_project/bumperbot_ws/install/bumperbot_cpp_examples/lib'
[1.608s] Level 1:colcon.colcon_core.environment:checking '/home/raz/projects/self_driving_OC_project/bumperbot_ws/install/bumperbot_cpp_examples/bin'
[1.608s] Level 1:colcon.colcon_core.environment:checking '/home/raz/projects/self_driving_OC_project/bumperbot_ws/install/bumperbot_cpp_examples/lib/pkgconfig/bumperbot_cpp_examples.pc'
[1.609s] Level 1:colcon.colcon_core.environment:checking '/home/raz/projects/self_driving_OC_project/bumperbot_ws/install/bumperbot_cpp_examples/lib/python3.10/site-packages'
[1.609s] Level 1:colcon.colcon_core.environment:checking '/home/raz/projects/self_driving_OC_project/bumperbot_ws/install/bumperbot_cpp_examples/bin'
[1.609s] INFO:colcon.colcon_core.shell:Creating package script '/home/raz/projects/self_driving_OC_project/bumperbot_ws/install/bumperbot_cpp_examples/share/bumperbot_cpp_examples/package.ps1'
[1.610s] INFO:colcon.colcon_core.shell:Creating package descriptor '/home/raz/projects/self_driving_OC_project/bumperbot_ws/install/bumperbot_cpp_examples/share/bumperbot_cpp_examples/package.dsv'
[1.610s] INFO:colcon.colcon_core.shell:Creating package script '/home/raz/projects/self_driving_OC_project/bumperbot_ws/install/bumperbot_cpp_examples/share/bumperbot_cpp_examples/package.sh'
[1.611s] INFO:colcon.colcon_core.shell:Creating package script '/home/raz/projects/self_driving_OC_project/bumperbot_ws/install/bumperbot_cpp_examples/share/bumperbot_cpp_examples/package.bash'
[1.612s] INFO:colcon.colcon_core.shell:Creating package script '/home/raz/projects/self_driving_OC_project/bumperbot_ws/install/bumperbot_cpp_examples/share/bumperbot_cpp_examples/package.zsh'
[1.613s] Level 1:colcon.colcon_core.environment:create_file_with_runtime_dependencies(/home/raz/projects/self_driving_OC_project/bumperbot_ws/install/bumperbot_cpp_examples/share/colcon-core/packages/bumperbot_cpp_examples)
[1.614s] Level 1:colcon.colcon_core.environment:create_environment_scripts_only(bumperbot_cpp_examples)
[1.615s] Level 1:colcon.colcon_core.environment:checking '/home/raz/projects/self_driving_OC_project/bumperbot_ws/install/bumperbot_cpp_examples' for CMake module files
[1.616s] Level 1:colcon.colcon_core.environment:checking '/home/raz/projects/self_driving_OC_project/bumperbot_ws/install/bumperbot_cpp_examples' for CMake config files
[1.616s] Level 1:colcon.colcon_core.shell:create_environment_hook('bumperbot_cpp_examples', 'cmake_prefix_path')
[1.616s] INFO:colcon.colcon_core.shell:Creating environment hook '/home/raz/projects/self_driving_OC_project/bumperbot_ws/install/bumperbot_cpp_examples/share/bumperbot_cpp_examples/hook/cmake_prefix_path.ps1'
[1.617s] INFO:colcon.colcon_core.shell:Creating environment descriptor '/home/raz/projects/self_driving_OC_project/bumperbot_ws/install/bumperbot_cpp_examples/share/bumperbot_cpp_examples/hook/cmake_prefix_path.dsv'
[1.618s] INFO:colcon.colcon_core.shell:Creating environment hook '/home/raz/projects/self_driving_OC_project/bumperbot_ws/install/bumperbot_cpp_examples/share/bumperbot_cpp_examples/hook/cmake_prefix_path.sh'
[1.619s] Level 1:colcon.colcon_core.environment:checking '/home/raz/projects/self_driving_OC_project/bumperbot_ws/install/bumperbot_cpp_examples/lib'
[1.619s] Level 1:colcon.colcon_core.environment:checking '/home/raz/projects/self_driving_OC_project/bumperbot_ws/install/bumperbot_cpp_examples/bin'
[1.619s] Level 1:colcon.colcon_core.environment:checking '/home/raz/projects/self_driving_OC_project/bumperbot_ws/install/bumperbot_cpp_examples/lib/pkgconfig/bumperbot_cpp_examples.pc'
[1.619s] Level 1:colcon.colcon_core.environment:checking '/home/raz/projects/self_driving_OC_project/bumperbot_ws/install/bumperbot_cpp_examples/lib/python3.10/site-packages'
[1.619s] Level 1:colcon.colcon_core.environment:checking '/home/raz/projects/self_driving_OC_project/bumperbot_ws/install/bumperbot_cpp_examples/bin'
[1.619s] INFO:colcon.colcon_core.shell:Creating package script '/home/raz/projects/self_driving_OC_project/bumperbot_ws/install/bumperbot_cpp_examples/share/bumperbot_cpp_examples/package.ps1'
[1.620s] INFO:colcon.colcon_core.shell:Creating package descriptor '/home/raz/projects/self_driving_OC_project/bumperbot_ws/install/bumperbot_cpp_examples/share/bumperbot_cpp_examples/package.dsv'
[1.621s] INFO:colcon.colcon_core.shell:Creating package script '/home/raz/projects/self_driving_OC_project/bumperbot_ws/install/bumperbot_cpp_examples/share/bumperbot_cpp_examples/package.sh'
[1.621s] INFO:colcon.colcon_core.shell:Creating package script '/home/raz/projects/self_driving_OC_project/bumperbot_ws/install/bumperbot_cpp_examples/share/bumperbot_cpp_examples/package.bash'
[1.622s] INFO:colcon.colcon_core.shell:Creating package script '/home/raz/projects/self_driving_OC_project/bumperbot_ws/install/bumperbot_cpp_examples/share/bumperbot_cpp_examples/package.zsh'
[1.623s] Level 1:colcon.colcon_core.environment:create_file_with_runtime_dependencies(/home/raz/projects/self_driving_OC_project/bumperbot_ws/install/bumperbot_cpp_examples/share/colcon-core/packages/bumperbot_cpp_examples)
[2.067s] DEBUG:colcon.colcon_core.event_handler.log_command:Invoking command in '/home/raz/projects/self_driving_OC_project/bumperbot_ws/build/bumperbot_py_examples': CMAKE_PREFIX_PATH=/home/raz/projects/self_driving_OC_project/bumperbot_ws/install/bumperbot_msgs:/home/raz/PD_Robot/ros2_ws/install/sar_utils:/home/raz/PD_Robot/ros2_ws/install/sar_cpp_examples:/home/raz/PD_Robot/ros2_ws/install/sar_msgs:/home/raz/PD_Robot/ros2_ws/install/sar_moveit:/home/raz/PD_Robot/ros2_ws/install/sar_description:/home/raz/PD_Robot/ros2_ws/install/sar_controller:/home/raz/projects/self_driving_OC_project/bumperbot_ws/install/bumperbot_utils:/home/raz/projects/self_driving_OC_project/bumperbot_ws/install/bumperbot_cpp_examples:/home/raz/projects/self_driving_OC_project/bumperbot_ws/install/bumperbot_description:/home/raz/projects/self_driving_OC_project/bumperbot_ws/install/bumperbot_controller LD_LIBRARY_PATH=/home/raz/projects/self_driving_OC_project/bumperbot_ws/install/bumperbot_msgs/lib:/home/raz/PD_Robot/ros2_ws/install/sar_msgs/lib:/opt/ros/humble/opt/rviz_ogre_vendor/lib:/opt/ros/humble/lib/x86_64-linux-gnu:/opt/ros/humble/lib PYTHONPATH=/home/raz/projects/self_driving_OC_project/bumperbot_ws/build/bumperbot_py_examples/prefix_override:/usr/lib/python3/dist-packages/colcon_core/task/python/colcon_distutils_commands:/home/raz/projects/self_driving_OC_project/bumperbot_ws/install/bumperbot_py_examples/lib/python3.10/site-packages:${PYTHONPATH} /usr/bin/python3 -W ignore:setup.py install is deprecated -W ignore:easy_install command is deprecated setup.py develop --editable --build-directory /home/raz/projects/self_driving_OC_project/bumperbot_ws/build/bumperbot_py_examples/build --no-deps symlink_data
[2.557s] Level 1:colcon.colcon_core.shell:create_environment_hook('bumperbot_py_examples', 'pythonpath_develop')
[2.558s] INFO:colcon.colcon_core.shell:Creating environment hook '/home/raz/projects/self_driving_OC_project/bumperbot_ws/build/bumperbot_py_examples/share/bumperbot_py_examples/hook/pythonpath_develop.ps1'
[2.558s] DEBUG:colcon.colcon_core.event_handler.log_command:Invoked command in '/home/raz/projects/self_driving_OC_project/bumperbot_ws/build/bumperbot_py_examples' returned '0': CMAKE_PREFIX_PATH=/home/raz/projects/self_driving_OC_project/bumperbot_ws/install/bumperbot_msgs:/home/raz/PD_Robot/ros2_ws/install/sar_utils:/home/raz/PD_Robot/ros2_ws/install/sar_cpp_examples:/home/raz/PD_Robot/ros2_ws/install/sar_msgs:/home/raz/PD_Robot/ros2_ws/install/sar_moveit:/home/raz/PD_Robot/ros2_ws/install/sar_description:/home/raz/PD_Robot/ros2_ws/install/sar_controller:/home/raz/projects/self_driving_OC_project/bumperbot_ws/install/bumperbot_utils:/home/raz/projects/self_driving_OC_project/bumperbot_ws/install/bumperbot_cpp_examples:/home/raz/projects/self_driving_OC_project/bumperbot_ws/install/bumperbot_description:/home/raz/projects/self_driving_OC_project/bumperbot_ws/install/bumperbot_controller LD_LIBRARY_PATH=/home/raz/projects/self_driving_OC_project/bumperbot_ws/install/bumperbot_msgs/lib:/home/raz/PD_Robot/ros2_ws/install/sar_msgs/lib:/opt/ros/humble/opt/rviz_ogre_vendor/lib:/opt/ros/humble/lib/x86_64-linux-gnu:/opt/ros/humble/lib PYTHONPATH=/home/raz/projects/self_driving_OC_project/bumperbot_ws/build/bumperbot_py_examples/prefix_override:/usr/lib/python3/dist-packages/colcon_core/task/python/colcon_distutils_commands:/home/raz/projects/self_driving_OC_project/bumperbot_ws/install/bumperbot_py_examples/lib/python3.10/site-packages:${PYTHONPATH} /usr/bin/python3 -W ignore:setup.py install is deprecated -W ignore:easy_install command is deprecated setup.py develop --editable --build-directory /home/raz/projects/self_driving_OC_project/bumperbot_ws/build/bumperbot_py_examples/build --no-deps symlink_data
[2.559s] INFO:colcon.colcon_core.shell:Creating environment descriptor '/home/raz/projects/self_driving_OC_project/bumperbot_ws/build/bumperbot_py_examples/share/bumperbot_py_examples/hook/pythonpath_develop.dsv'
[2.559s] INFO:colcon.colcon_core.shell:Creating environment hook '/home/raz/projects/self_driving_OC_project/bumperbot_ws/build/bumperbot_py_examples/share/bumperbot_py_examples/hook/pythonpath_develop.sh'
[2.560s] Level 1:colcon.colcon_core.environment:checking '/home/raz/projects/self_driving_OC_project/bumperbot_ws/install/bumperbot_py_examples' for CMake module files
[2.560s] Level 1:colcon.colcon_core.environment:checking '/home/raz/projects/self_driving_OC_project/bumperbot_ws/install/bumperbot_py_examples' for CMake config files
[2.561s] Level 1:colcon.colcon_core.environment:checking '/home/raz/projects/self_driving_OC_project/bumperbot_ws/install/bumperbot_py_examples/lib'
[2.561s] Level 1:colcon.colcon_core.environment:checking '/home/raz/projects/self_driving_OC_project/bumperbot_ws/install/bumperbot_py_examples/bin'
[2.561s] Level 1:colcon.colcon_core.environment:checking '/home/raz/projects/self_driving_OC_project/bumperbot_ws/install/bumperbot_py_examples/lib/pkgconfig/bumperbot_py_examples.pc'
[2.562s] Level 1:colcon.colcon_core.environment:checking '/home/raz/projects/self_driving_OC_project/bumperbot_ws/install/bumperbot_py_examples/lib/python3.10/site-packages'
[2.562s] Level 1:colcon.colcon_core.shell:create_environment_hook('bumperbot_py_examples', 'pythonpath')
[2.562s] INFO:colcon.colcon_core.shell:Creating environment hook '/home/raz/projects/self_driving_OC_project/bumperbot_ws/install/bumperbot_py_examples/share/bumperbot_py_examples/hook/pythonpath.ps1'
[2.562s] INFO:colcon.colcon_core.shell:Creating environment descriptor '/home/raz/projects/self_driving_OC_project/bumperbot_ws/install/bumperbot_py_examples/share/bumperbot_py_examples/hook/pythonpath.dsv'
[2.563s] INFO:colcon.colcon_core.shell:Creating environment hook '/home/raz/projects/self_driving_OC_project/bumperbot_ws/install/bumperbot_py_examples/share/bumperbot_py_examples/hook/pythonpath.sh'
[2.563s] Level 1:colcon.colcon_core.environment:checking '/home/raz/projects/self_driving_OC_project/bumperbot_ws/install/bumperbot_py_examples/bin'
[2.564s] Level 1:colcon.colcon_core.environment:create_environment_scripts_only(bumperbot_py_examples)
[2.564s] INFO:colcon.colcon_core.shell:Creating package script '/home/raz/projects/self_driving_OC_project/bumperbot_ws/install/bumperbot_py_examples/share/bumperbot_py_examples/package.ps1'
[2.564s] INFO:colcon.colcon_core.shell:Creating package descriptor '/home/raz/projects/self_driving_OC_project/bumperbot_ws/install/bumperbot_py_examples/share/bumperbot_py_examples/package.dsv'
[2.565s] INFO:colcon.colcon_core.shell:Creating package script '/home/raz/projects/self_driving_OC_project/bumperbot_ws/install/bumperbot_py_examples/share/bumperbot_py_examples/package.sh'
[2.565s] INFO:colcon.colcon_core.shell:Creating package script '/home/raz/projects/self_driving_OC_project/bumperbot_ws/install/bumperbot_py_examples/share/bumperbot_py_examples/package.bash'
[2.566s] INFO:colcon.colcon_core.shell:Creating package script '/home/raz/projects/self_driving_OC_project/bumperbot_ws/install/bumperbot_py_examples/share/bumperbot_py_examples/package.zsh'
[2.566s] Level 1:colcon.colcon_core.environment:create_file_with_runtime_dependencies(/home/raz/projects/self_driving_OC_project/bumperbot_ws/install/bumperbot_py_examples/share/colcon-core/packages/bumperbot_py_examples)
[12.273s] DEBUG:colcon.colcon_core.event_handler.log_command:Invoked command in '/home/raz/projects/self_driving_OC_project/bumperbot_ws/build/bumperbot_controller' returned '0': CMAKE_PREFIX_PATH=${CMAKE_PREFIX_PATH}:/home/raz/PD_Robot/ros2_ws/install/sar_py_examples:/home/raz/projects/self_driving_OC_project/bumperbot_ws/install/bumperbot_py_examples:/opt/ros/humble /usr/bin/cmake --build /home/raz/projects/self_driving_OC_project/bumperbot_ws/build/bumperbot_controller -- -j16 -l16
[12.275s] DEBUG:colcon.colcon_core.event_handler.log_command:Invoking command in '/home/raz/projects/self_driving_OC_project/bumperbot_ws/build/bumperbot_controller': CMAKE_PREFIX_PATH=${CMAKE_PREFIX_PATH}:/home/raz/PD_Robot/ros2_ws/install/sar_py_examples:/home/raz/projects/self_driving_OC_project/bumperbot_ws/install/bumperbot_py_examples:/opt/ros/humble /usr/bin/cmake --install /home/raz/projects/self_driving_OC_project/bumperbot_ws/build/bumperbot_controller
[12.369s] Level 1:colcon.colcon_core.environment:create_environment_scripts_only(bumperbot_controller)
[12.370s] Level 1:colcon.colcon_core.environment:checking '/home/raz/projects/self_driving_OC_project/bumperbot_ws/install/bumperbot_controller' for CMake module files
[12.370s] DEBUG:colcon.colcon_core.event_handler.log_command:Invoked command in '/home/raz/projects/self_driving_OC_project/bumperbot_ws/build/bumperbot_controller' returned '0': CMAKE_PREFIX_PATH=${CMAKE_PREFIX_PATH}:/home/raz/PD_Robot/ros2_ws/install/sar_py_examples:/home/raz/projects/self_driving_OC_project/bumperbot_ws/install/bumperbot_py_examples:/opt/ros/humble /usr/bin/cmake --install /home/raz/projects/self_driving_OC_project/bumperbot_ws/build/bumperbot_controller
[12.371s] Level 1:colcon.colcon_core.environment:checking '/home/raz/projects/self_driving_OC_project/bumperbot_ws/install/bumperbot_controller' for CMake config files
[12.371s] Level 1:colcon.colcon_core.shell:create_environment_hook('bumperbot_controller', 'cmake_prefix_path')
[12.371s] INFO:colcon.colcon_core.shell:Creating environment hook '/home/raz/projects/self_driving_OC_project/bumperbot_ws/install/bumperbot_controller/share/bumperbot_controller/hook/cmake_prefix_path.ps1'
[12.372s] INFO:colcon.colcon_core.shell:Creating environment descriptor '/home/raz/projects/self_driving_OC_project/bumperbot_ws/install/bumperbot_controller/share/bumperbot_controller/hook/cmake_prefix_path.dsv'
[12.372s] INFO:colcon.colcon_core.shell:Creating environment hook '/home/raz/projects/self_driving_OC_project/bumperbot_ws/install/bumperbot_controller/share/bumperbot_controller/hook/cmake_prefix_path.sh'
[12.373s] Level 1:colcon.colcon_core.environment:checking '/home/raz/projects/self_driving_OC_project/bumperbot_ws/install/bumperbot_controller/lib'
[12.373s] Level 1:colcon.colcon_core.environment:checking '/home/raz/projects/self_driving_OC_project/bumperbot_ws/install/bumperbot_controller/bin'
[12.373s] Level 1:colcon.colcon_core.environment:checking '/home/raz/projects/self_driving_OC_project/bumperbot_ws/install/bumperbot_controller/lib/pkgconfig/bumperbot_controller.pc'
[12.373s] Level 1:colcon.colcon_core.environment:checking '/home/raz/projects/self_driving_OC_project/bumperbot_ws/install/bumperbot_controller/lib/python3.10/site-packages'
[12.374s] Level 1:colcon.colcon_core.environment:checking '/home/raz/projects/self_driving_OC_project/bumperbot_ws/install/bumperbot_controller/bin'
[12.374s] INFO:colcon.colcon_core.shell:Creating package script '/home/raz/projects/self_driving_OC_project/bumperbot_ws/install/bumperbot_controller/share/bumperbot_controller/package.ps1'
[12.375s] INFO:colcon.colcon_core.shell:Creating package descriptor '/home/raz/projects/self_driving_OC_project/bumperbot_ws/install/bumperbot_controller/share/bumperbot_controller/package.dsv'
[12.375s] INFO:colcon.colcon_core.shell:Creating package script '/home/raz/projects/self_driving_OC_project/bumperbot_ws/install/bumperbot_controller/share/bumperbot_controller/package.sh'
[12.376s] INFO:colcon.colcon_core.shell:Creating package script '/home/raz/projects/self_driving_OC_project/bumperbot_ws/install/bumperbot_controller/share/bumperbot_controller/package.bash'
[12.376s] INFO:colcon.colcon_core.shell:Creating package script '/home/raz/projects/self_driving_OC_project/bumperbot_ws/install/bumperbot_controller/share/bumperbot_controller/package.zsh'
[12.377s] Level 1:colcon.colcon_core.environment:create_file_with_runtime_dependencies(/home/raz/projects/self_driving_OC_project/bumperbot_ws/install/bumperbot_controller/share/colcon-core/packages/bumperbot_controller)
[12.378s] Level 1:colcon.colcon_core.environment:create_environment_scripts_only(bumperbot_controller)
[12.379s] Level 1:colcon.colcon_core.environment:checking '/home/raz/projects/self_driving_OC_project/bumperbot_ws/install/bumperbot_controller' for CMake module files
[12.380s] Level 1:colcon.colcon_core.environment:checking '/home/raz/projects/self_driving_OC_project/bumperbot_ws/install/bumperbot_controller' for CMake config files
[12.381s] Level 1:colcon.colcon_core.shell:create_environment_hook('bumperbot_controller', 'cmake_prefix_path')
[12.381s] INFO:colcon.colcon_core.shell:Creating environment hook '/home/raz/projects/self_driving_OC_project/bumperbot_ws/install/bumperbot_controller/share/bumperbot_controller/hook/cmake_prefix_path.ps1'
[12.382s] INFO:colcon.colcon_core.shell:Creating environment descriptor '/home/raz/projects/self_driving_OC_project/bumperbot_ws/install/bumperbot_controller/share/bumperbot_controller/hook/cmake_prefix_path.dsv'
[12.382s] INFO:colcon.colcon_core.shell:Creating environment hook '/home/raz/projects/self_driving_OC_project/bumperbot_ws/install/bumperbot_controller/share/bumperbot_controller/hook/cmake_prefix_path.sh'
[12.383s] Level 1:colcon.colcon_core.environment:checking '/home/raz/projects/self_driving_OC_project/bumperbot_ws/install/bumperbot_controller/lib'
[12.384s] Level 1:colcon.colcon_core.environment:checking '/home/raz/projects/self_driving_OC_project/bumperbot_ws/install/bumperbot_controller/bin'
[12.384s] Level 1:colcon.colcon_core.environment:checking '/home/raz/projects/self_driving_OC_project/bumperbot_ws/install/bumperbot_controller/lib/pkgconfig/bumperbot_controller.pc'
[12.384s] Level 1:colcon.colcon_core.environment:checking '/home/raz/projects/self_driving_OC_project/bumperbot_ws/install/bumperbot_controller/lib/python3.10/site-packages'
[12.384s] Level 1:colcon.colcon_core.environment:checking '/home/raz/projects/self_driving_OC_project/bumperbot_ws/install/bumperbot_controller/bin'
[12.384s] INFO:colcon.colcon_core.shell:Creating package script '/home/raz/projects/self_driving_OC_project/bumperbot_ws/install/bumperbot_controller/share/bumperbot_controller/package.ps1'
[12.385s] INFO:colcon.colcon_core.shell:Creating package descriptor '/home/raz/projects/self_driving_OC_project/bumperbot_ws/install/bumperbot_controller/share/bumperbot_controller/package.dsv'
[12.386s] INFO:colcon.colcon_core.shell:Creating package script '/home/raz/projects/self_driving_OC_project/bumperbot_ws/install/bumperbot_controller/share/bumperbot_controller/package.sh'
[12.386s] INFO:colcon.colcon_core.shell:Creating package script '/home/raz/projects/self_driving_OC_project/bumperbot_ws/install/bumperbot_controller/share/bumperbot_controller/package.bash'
[12.387s] INFO:colcon.colcon_core.shell:Creating package script '/home/raz/projects/self_driving_OC_project/bumperbot_ws/install/bumperbot_controller/share/bumperbot_controller/package.zsh'
[12.388s] Level 1:colcon.colcon_core.environment:create_file_with_runtime_dependencies(/home/raz/projects/self_driving_OC_project/bumperbot_ws/install/bumperbot_controller/share/colcon-core/packages/bumperbot_controller)
[12.389s] DEBUG:colcon.colcon_parallel_executor.executor.parallel:closing loop
[12.390s] DEBUG:colcon.colcon_parallel_executor.executor.parallel:loop closed
[12.390s] DEBUG:colcon.colcon_parallel_executor.executor.parallel:run_until_complete finished with '0'
[12.390s] DEBUG:colcon.colcon_core.event_reactor:joining thread
[12.398s] INFO:colcon.colcon_core.plugin_system:Skipping extension 'colcon_notification.desktop_notification.terminal_notifier': Not used on non-Darwin systems
[12.398s] INFO:colcon.colcon_core.plugin_system:Skipping extension 'colcon_notification.desktop_notification.win32': Not used on non-Windows systems
[12.398s] INFO:colcon.colcon_notification.desktop_notification:Sending desktop notification using 'notify2'
[12.417s] DEBUG:colcon.colcon_core.event_reactor:joined thread
[12.418s] INFO:colcon.colcon_core.shell:Creating prefix script '/home/raz/projects/self_driving_OC_project/bumperbot_ws/install/local_setup.ps1'
[12.419s] INFO:colcon.colcon_core.shell:Creating prefix util module '/home/raz/projects/self_driving_OC_project/bumperbot_ws/install/_local_setup_util_ps1.py'
[12.421s] INFO:colcon.colcon_core.shell:Creating prefix chain script '/home/raz/projects/self_driving_OC_project/bumperbot_ws/install/setup.ps1'
[12.425s] INFO:colcon.colcon_core.shell:Creating prefix script '/home/raz/projects/self_driving_OC_project/bumperbot_ws/install/local_setup.sh'
[12.426s] INFO:colcon.colcon_core.shell:Creating prefix util module '/home/raz/projects/self_driving_OC_project/bumperbot_ws/install/_local_setup_util_sh.py'
[12.427s] INFO:colcon.colcon_core.shell:Creating prefix chain script '/home/raz/projects/self_driving_OC_project/bumperbot_ws/install/setup.sh'
[12.428s] INFO:colcon.colcon_core.shell:Creating prefix script '/home/raz/projects/self_driving_OC_project/bumperbot_ws/install/local_setup.bash'
[12.429s] INFO:colcon.colcon_core.shell:Creating prefix chain script '/home/raz/projects/self_driving_OC_project/bumperbot_ws/install/setup.bash'
[12.431s] INFO:colcon.colcon_core.shell:Creating prefix script '/home/raz/projects/self_driving_OC_project/bumperbot_ws/install/local_setup.zsh'
[12.432s] INFO:colcon.colcon_core.shell:Creating prefix chain script '/home/raz/projects/self_driving_OC_project/bumperbot_ws/install/setup.zsh'
