[0.095s] DEBUG:colcon:Command line arguments: ['/usr/bin/colcon', 'build', '--symlink-install']
[0.095s] DEBUG:colcon:Parsed command line arguments: Namespace(log_base=None, log_level=None, verb_name='build', build_base='build', install_base='install', merge_install=False, symlink_install=True, test_result_base=None, continue_on_error=False, executor='parallel', parallel_workers=16, event_handlers=None, ignore_user_meta=False, metas=['./colcon.meta'], base_paths=['.'], packages_ignore=None, packages_ignore_regex=None, paths=None, packages_up_to=None, packages_up_to_regex=None, packages_above=None, packages_above_and_dependencies=None, packages_above_depth=None, packages_select_by_dep=None, packages_skip_by_dep=None, packages_skip_up_to=None, packages_select_build_failed=False, packages_skip_build_finished=False, packages_select_test_failures=False, packages_skip_test_passed=False, packages_select=None, packages_skip=None, packages_select_regex=None, packages_skip_regex=None, packages_start=None, packages_end=None, allow_overriding=[], cmake_args=None, cmake_target=None, cmake_target_skip_unavailable=False, cmake_clean_cache=False, cmake_clean_first=False, cmake_force_configure=False, ament_cmake_args=None, catkin_cmake_args=None, catkin_skip_building_tests=False, mixin_files=None, mixin=None, verb_parser=<colcon_mixin.mixin.mixin_argument.MixinArgumentDecorator object at 0x7328e4095150>, verb_extension=<colcon_core.verb.build.BuildVerb object at 0x7328e4094b50>, main=<bound method BuildVerb.main of <colcon_core.verb.build.BuildVerb object at 0x7328e4094b50>>, mixin_verb=('build',))
[0.250s] Level 1:colcon.colcon_core.package_discovery:discover_packages(colcon_meta) check parameters
[0.250s] Level 1:colcon.colcon_core.package_discovery:discover_packages(recursive) check parameters
[0.250s] Level 1:colcon.colcon_core.package_discovery:discover_packages(ignore) check parameters
[0.250s] Level 1:colcon.colcon_core.package_discovery:discover_packages(path) check parameters
[0.250s] Level 1:colcon.colcon_core.package_discovery:discover_packages(colcon_meta) discover
[0.250s] Level 1:colcon.colcon_core.package_discovery:discover_packages(recursive) discover
[0.250s] INFO:colcon.colcon_core.package_discovery:Crawling recursively for packages in '/home/raz/projects/self_driving_OC_project/bumperbot_ws'
[0.250s] Level 1:colcon.colcon_core.package_identification:_identify(.) by extensions ['ignore', 'ignore_ament_install']
[0.250s] Level 1:colcon.colcon_core.package_identification:_identify(.) by extension 'ignore'
[0.250s] Level 1:colcon.colcon_core.package_identification:_identify(.) by extension 'ignore_ament_install'
[0.250s] Level 1:colcon.colcon_core.package_identification:_identify(.) by extensions ['colcon_pkg']
[0.250s] Level 1:colcon.colcon_core.package_identification:_identify(.) by extension 'colcon_pkg'
[0.250s] Level 1:colcon.colcon_core.package_identification:_identify(.) by extensions ['colcon_meta']
[0.250s] Level 1:colcon.colcon_core.package_identification:_identify(.) by extension 'colcon_meta'
[0.251s] Level 1:colcon.colcon_core.package_identification:_identify(.) by extensions ['ros']
[0.251s] Level 1:colcon.colcon_core.package_identification:_identify(.) by extension 'ros'
[0.270s] Level 1:colcon.colcon_core.package_identification:_identify(.) by extensions ['cmake', 'python']
[0.271s] Level 1:colcon.colcon_core.package_identification:_identify(.) by extension 'cmake'
[0.271s] Level 1:colcon.colcon_core.package_identification:_identify(.) by extension 'python'
[0.271s] Level 1:colcon.colcon_core.package_identification:_identify(.) by extensions ['python_setup_py']
[0.271s] Level 1:colcon.colcon_core.package_identification:_identify(.) by extension 'python_setup_py'
[0.271s] Level 1:colcon.colcon_core.package_identification:_identify(build) by extensions ['ignore', 'ignore_ament_install']
[0.271s] Level 1:colcon.colcon_core.package_identification:_identify(build) by extension 'ignore'
[0.271s] Level 1:colcon.colcon_core.package_identification:_identify(build) ignored
[0.271s] Level 1:colcon.colcon_core.package_identification:_identify(install) by extensions ['ignore', 'ignore_ament_install']
[0.271s] Level 1:colcon.colcon_core.package_identification:_identify(install) by extension 'ignore'
[0.271s] Level 1:colcon.colcon_core.package_identification:_identify(install) ignored
[0.271s] Level 1:colcon.colcon_core.package_identification:_identify(log) by extensions ['ignore', 'ignore_ament_install']
[0.271s] Level 1:colcon.colcon_core.package_identification:_identify(log) by extension 'ignore'
[0.271s] Level 1:colcon.colcon_core.package_identification:_identify(log) ignored
[0.271s] Level 1:colcon.colcon_core.package_identification:_identify(src) by extensions ['ignore', 'ignore_ament_install']
[0.271s] Level 1:colcon.colcon_core.package_identification:_identify(src) by extension 'ignore'
[0.271s] Level 1:colcon.colcon_core.package_identification:_identify(src) by extension 'ignore_ament_install'
[0.272s] Level 1:colcon.colcon_core.package_identification:_identify(src) by extensions ['colcon_pkg']
[0.272s] Level 1:colcon.colcon_core.package_identification:_identify(src) by extension 'colcon_pkg'
[0.272s] Level 1:colcon.colcon_core.package_identification:_identify(src) by extensions ['colcon_meta']
[0.272s] Level 1:colcon.colcon_core.package_identification:_identify(src) by extension 'colcon_meta'
[0.272s] Level 1:colcon.colcon_core.package_identification:_identify(src) by extensions ['ros']
[0.272s] Level 1:colcon.colcon_core.package_identification:_identify(src) by extension 'ros'
[0.272s] Level 1:colcon.colcon_core.package_identification:_identify(src) by extensions ['cmake', 'python']
[0.272s] Level 1:colcon.colcon_core.package_identification:_identify(src) by extension 'cmake'
[0.272s] Level 1:colcon.colcon_core.package_identification:_identify(src) by extension 'python'
[0.272s] Level 1:colcon.colcon_core.package_identification:_identify(src) by extensions ['python_setup_py']
[0.272s] Level 1:colcon.colcon_core.package_identification:_identify(src) by extension 'python_setup_py'
[0.272s] Level 1:colcon.colcon_core.package_identification:_identify(src/bumperbot_controller) by extensions ['ignore', 'ignore_ament_install']
[0.272s] Level 1:colcon.colcon_core.package_identification:_identify(src/bumperbot_controller) by extension 'ignore'
[0.272s] Level 1:colcon.colcon_core.package_identification:_identify(src/bumperbot_controller) by extension 'ignore_ament_install'
[0.272s] Level 1:colcon.colcon_core.package_identification:_identify(src/bumperbot_controller) by extensions ['colcon_pkg']
[0.272s] Level 1:colcon.colcon_core.package_identification:_identify(src/bumperbot_controller) by extension 'colcon_pkg'
[0.272s] Level 1:colcon.colcon_core.package_identification:_identify(src/bumperbot_controller) by extensions ['colcon_meta']
[0.272s] Level 1:colcon.colcon_core.package_identification:_identify(src/bumperbot_controller) by extension 'colcon_meta'
[0.272s] Level 1:colcon.colcon_core.package_identification:_identify(src/bumperbot_controller) by extensions ['ros']
[0.272s] Level 1:colcon.colcon_core.package_identification:_identify(src/bumperbot_controller) by extension 'ros'
[0.275s] DEBUG:colcon.colcon_core.package_identification:Package 'src/bumperbot_controller' with type 'ros.ament_cmake' and name 'bumperbot_controller'
[0.275s] Level 1:colcon.colcon_core.package_identification:_identify(src/bumperbot_cpp_examples) by extensions ['ignore', 'ignore_ament_install']
[0.275s] Level 1:colcon.colcon_core.package_identification:_identify(src/bumperbot_cpp_examples) by extension 'ignore'
[0.275s] Level 1:colcon.colcon_core.package_identification:_identify(src/bumperbot_cpp_examples) by extension 'ignore_ament_install'
[0.275s] Level 1:colcon.colcon_core.package_identification:_identify(src/bumperbot_cpp_examples) by extensions ['colcon_pkg']
[0.275s] Level 1:colcon.colcon_core.package_identification:_identify(src/bumperbot_cpp_examples) by extension 'colcon_pkg'
[0.275s] Level 1:colcon.colcon_core.package_identification:_identify(src/bumperbot_cpp_examples) by extensions ['colcon_meta']
[0.275s] Level 1:colcon.colcon_core.package_identification:_identify(src/bumperbot_cpp_examples) by extension 'colcon_meta'
[0.275s] Level 1:colcon.colcon_core.package_identification:_identify(src/bumperbot_cpp_examples) by extensions ['ros']
[0.275s] Level 1:colcon.colcon_core.package_identification:_identify(src/bumperbot_cpp_examples) by extension 'ros'
[0.276s] DEBUG:colcon.colcon_core.package_identification:Package 'src/bumperbot_cpp_examples' with type 'ros.ament_cmake' and name 'bumperbot_cpp_examples'
[0.276s] Level 1:colcon.colcon_core.package_identification:_identify(src/bumperbot_description) by extensions ['ignore', 'ignore_ament_install']
[0.276s] Level 1:colcon.colcon_core.package_identification:_identify(src/bumperbot_description) by extension 'ignore'
[0.276s] Level 1:colcon.colcon_core.package_identification:_identify(src/bumperbot_description) by extension 'ignore_ament_install'
[0.276s] Level 1:colcon.colcon_core.package_identification:_identify(src/bumperbot_description) by extensions ['colcon_pkg']
[0.276s] Level 1:colcon.colcon_core.package_identification:_identify(src/bumperbot_description) by extension 'colcon_pkg'
[0.276s] Level 1:colcon.colcon_core.package_identification:_identify(src/bumperbot_description) by extensions ['colcon_meta']
[0.276s] Level 1:colcon.colcon_core.package_identification:_identify(src/bumperbot_description) by extension 'colcon_meta'
[0.277s] Level 1:colcon.colcon_core.package_identification:_identify(src/bumperbot_description) by extensions ['ros']
[0.277s] Level 1:colcon.colcon_core.package_identification:_identify(src/bumperbot_description) by extension 'ros'
[0.278s] DEBUG:colcon.colcon_core.package_identification:Package 'src/bumperbot_description' with type 'ros.ament_cmake' and name 'bumperbot_description'
[0.279s] Level 1:colcon.colcon_core.package_identification:_identify(src/bumperbot_localization) by extensions ['ignore', 'ignore_ament_install']
[0.279s] Level 1:colcon.colcon_core.package_identification:_identify(src/bumperbot_localization) by extension 'ignore'
[0.279s] Level 1:colcon.colcon_core.package_identification:_identify(src/bumperbot_localization) by extension 'ignore_ament_install'
[0.279s] Level 1:colcon.colcon_core.package_identification:_identify(src/bumperbot_localization) by extensions ['colcon_pkg']
[0.279s] Level 1:colcon.colcon_core.package_identification:_identify(src/bumperbot_localization) by extension 'colcon_pkg'
[0.279s] Level 1:colcon.colcon_core.package_identification:_identify(src/bumperbot_localization) by extensions ['colcon_meta']
[0.279s] Level 1:colcon.colcon_core.package_identification:_identify(src/bumperbot_localization) by extension 'colcon_meta'
[0.279s] Level 1:colcon.colcon_core.package_identification:_identify(src/bumperbot_localization) by extensions ['ros']
[0.279s] Level 1:colcon.colcon_core.package_identification:_identify(src/bumperbot_localization) by extension 'ros'
[0.280s] DEBUG:colcon.colcon_core.package_identification:Package 'src/bumperbot_localization' with type 'ros.ament_cmake' and name 'bumperbot_localization'
[0.280s] Level 1:colcon.colcon_core.package_identification:_identify(src/bumperbot_msgs) by extensions ['ignore', 'ignore_ament_install']
[0.280s] Level 1:colcon.colcon_core.package_identification:_identify(src/bumperbot_msgs) by extension 'ignore'
[0.280s] Level 1:colcon.colcon_core.package_identification:_identify(src/bumperbot_msgs) by extension 'ignore_ament_install'
[0.280s] Level 1:colcon.colcon_core.package_identification:_identify(src/bumperbot_msgs) by extensions ['colcon_pkg']
[0.280s] Level 1:colcon.colcon_core.package_identification:_identify(src/bumperbot_msgs) by extension 'colcon_pkg'
[0.280s] Level 1:colcon.colcon_core.package_identification:_identify(src/bumperbot_msgs) by extensions ['colcon_meta']
[0.280s] Level 1:colcon.colcon_core.package_identification:_identify(src/bumperbot_msgs) by extension 'colcon_meta'
[0.280s] Level 1:colcon.colcon_core.package_identification:_identify(src/bumperbot_msgs) by extensions ['ros']
[0.280s] Level 1:colcon.colcon_core.package_identification:_identify(src/bumperbot_msgs) by extension 'ros'
[0.281s] DEBUG:colcon.colcon_core.package_identification:Package 'src/bumperbot_msgs' with type 'ros.ament_cmake' and name 'bumperbot_msgs'
[0.281s] Level 1:colcon.colcon_core.package_identification:_identify(src/bumperbot_py_examples) by extensions ['ignore', 'ignore_ament_install']
[0.281s] Level 1:colcon.colcon_core.package_identification:_identify(src/bumperbot_py_examples) by extension 'ignore'
[0.281s] Level 1:colcon.colcon_core.package_identification:_identify(src/bumperbot_py_examples) by extension 'ignore_ament_install'
[0.281s] Level 1:colcon.colcon_core.package_identification:_identify(src/bumperbot_py_examples) by extensions ['colcon_pkg']
[0.281s] Level 1:colcon.colcon_core.package_identification:_identify(src/bumperbot_py_examples) by extension 'colcon_pkg'
[0.281s] Level 1:colcon.colcon_core.package_identification:_identify(src/bumperbot_py_examples) by extensions ['colcon_meta']
[0.281s] Level 1:colcon.colcon_core.package_identification:_identify(src/bumperbot_py_examples) by extension 'colcon_meta'
[0.281s] Level 1:colcon.colcon_core.package_identification:_identify(src/bumperbot_py_examples) by extensions ['ros']
[0.281s] Level 1:colcon.colcon_core.package_identification:_identify(src/bumperbot_py_examples) by extension 'ros'
[0.281s] DEBUG:colcon.colcon_core.package_identification:Package 'src/bumperbot_py_examples' with type 'ros.ament_python' and name 'bumperbot_py_examples'
[0.281s] Level 1:colcon.colcon_core.package_identification:_identify(src/bumperbot_utils) by extensions ['ignore', 'ignore_ament_install']
[0.281s] Level 1:colcon.colcon_core.package_identification:_identify(src/bumperbot_utils) by extension 'ignore'
[0.282s] Level 1:colcon.colcon_core.package_identification:_identify(src/bumperbot_utils) by extension 'ignore_ament_install'
[0.282s] Level 1:colcon.colcon_core.package_identification:_identify(src/bumperbot_utils) by extensions ['colcon_pkg']
[0.282s] Level 1:colcon.colcon_core.package_identification:_identify(src/bumperbot_utils) by extension 'colcon_pkg'
[0.282s] Level 1:colcon.colcon_core.package_identification:_identify(src/bumperbot_utils) by extensions ['colcon_meta']
[0.282s] Level 1:colcon.colcon_core.package_identification:_identify(src/bumperbot_utils) by extension 'colcon_meta'
[0.282s] Level 1:colcon.colcon_core.package_identification:_identify(src/bumperbot_utils) by extensions ['ros']
[0.282s] Level 1:colcon.colcon_core.package_identification:_identify(src/bumperbot_utils) by extension 'ros'
[0.282s] DEBUG:colcon.colcon_core.package_identification:Package 'src/bumperbot_utils' with type 'ros.ament_cmake' and name 'bumperbot_utils'
[0.282s] Level 1:colcon.colcon_core.package_discovery:discover_packages(recursive) using defaults
[0.282s] Level 1:colcon.colcon_core.package_discovery:discover_packages(ignore) discover
[0.282s] Level 1:colcon.colcon_core.package_discovery:discover_packages(ignore) using defaults
[0.282s] Level 1:colcon.colcon_core.package_discovery:discover_packages(path) discover
[0.282s] Level 1:colcon.colcon_core.package_discovery:discover_packages(path) using defaults
[0.302s] Level 1:colcon.colcon_core.package_discovery:discover_packages(prefix_path) check parameters
[0.302s] Level 1:colcon.colcon_core.package_discovery:discover_packages(prefix_path) discover
[0.304s] DEBUG:colcon.colcon_installed_package_information.package_discovery:Found 7 installed packages in /home/raz/projects/self_driving_OC_project/bumperbot_ws/install
[0.305s] DEBUG:colcon.colcon_installed_package_information.package_discovery:Found 8 installed packages in /home/raz/PD_Robot/ros2_ws/install
[0.307s] DEBUG:colcon.colcon_installed_package_information.package_discovery:Found 424 installed packages in /opt/ros/humble
[0.309s] Level 1:colcon.colcon_core.package_discovery:discover_packages(prefix_path) using defaults
[0.352s] Level 5:colcon.colcon_core.verb:set package 'bumperbot_controller' build argument 'cmake_args' from command line to 'None'
[0.352s] Level 5:colcon.colcon_core.verb:set package 'bumperbot_controller' build argument 'cmake_target' from command line to 'None'
[0.352s] Level 5:colcon.colcon_core.verb:set package 'bumperbot_controller' build argument 'cmake_target_skip_unavailable' from command line to 'False'
[0.352s] Level 5:colcon.colcon_core.verb:set package 'bumperbot_controller' build argument 'cmake_clean_cache' from command line to 'False'
[0.352s] Level 5:colcon.colcon_core.verb:set package 'bumperbot_controller' build argument 'cmake_clean_first' from command line to 'False'
[0.352s] Level 5:colcon.colcon_core.verb:set package 'bumperbot_controller' build argument 'cmake_force_configure' from command line to 'False'
[0.352s] Level 5:colcon.colcon_core.verb:set package 'bumperbot_controller' build argument 'ament_cmake_args' from command line to 'None'
[0.352s] Level 5:colcon.colcon_core.verb:set package 'bumperbot_controller' build argument 'catkin_cmake_args' from command line to 'None'
[0.352s] Level 5:colcon.colcon_core.verb:set package 'bumperbot_controller' build argument 'catkin_skip_building_tests' from command line to 'False'
[0.352s] DEBUG:colcon.colcon_core.verb:Building package 'bumperbot_controller' with the following arguments: {'ament_cmake_args': None, 'build_base': '/home/raz/projects/self_driving_OC_project/bumperbot_ws/build/bumperbot_controller', 'catkin_cmake_args': None, 'catkin_skip_building_tests': False, 'cmake_args': None, 'cmake_clean_cache': False, 'cmake_clean_first': False, 'cmake_force_configure': False, 'cmake_target': None, 'cmake_target_skip_unavailable': False, 'install_base': '/home/raz/projects/self_driving_OC_project/bumperbot_ws/install/bumperbot_controller', 'merge_install': False, 'path': '/home/raz/projects/self_driving_OC_project/bumperbot_ws/src/bumperbot_controller', 'symlink_install': True, 'test_result_base': None}
[0.352s] Level 5:colcon.colcon_core.verb:set package 'bumperbot_description' build argument 'cmake_args' from command line to 'None'
[0.352s] Level 5:colcon.colcon_core.verb:set package 'bumperbot_description' build argument 'cmake_target' from command line to 'None'
[0.352s] Level 5:colcon.colcon_core.verb:set package 'bumperbot_description' build argument 'cmake_target_skip_unavailable' from command line to 'False'
[0.352s] Level 5:colcon.colcon_core.verb:set package 'bumperbot_description' build argument 'cmake_clean_cache' from command line to 'False'
[0.352s] Level 5:colcon.colcon_core.verb:set package 'bumperbot_description' build argument 'cmake_clean_first' from command line to 'False'
[0.352s] Level 5:colcon.colcon_core.verb:set package 'bumperbot_description' build argument 'cmake_force_configure' from command line to 'False'
[0.352s] Level 5:colcon.colcon_core.verb:set package 'bumperbot_description' build argument 'ament_cmake_args' from command line to 'None'
[0.352s] Level 5:colcon.colcon_core.verb:set package 'bumperbot_description' build argument 'catkin_cmake_args' from command line to 'None'
[0.352s] Level 5:colcon.colcon_core.verb:set package 'bumperbot_description' build argument 'catkin_skip_building_tests' from command line to 'False'
[0.352s] DEBUG:colcon.colcon_core.verb:Building package 'bumperbot_description' with the following arguments: {'ament_cmake_args': None, 'build_base': '/home/raz/projects/self_driving_OC_project/bumperbot_ws/build/bumperbot_description', 'catkin_cmake_args': None, 'catkin_skip_building_tests': False, 'cmake_args': None, 'cmake_clean_cache': False, 'cmake_clean_first': False, 'cmake_force_configure': False, 'cmake_target': None, 'cmake_target_skip_unavailable': False, 'install_base': '/home/raz/projects/self_driving_OC_project/bumperbot_ws/install/bumperbot_description', 'merge_install': False, 'path': '/home/raz/projects/self_driving_OC_project/bumperbot_ws/src/bumperbot_description', 'symlink_install': True, 'test_result_base': None}
[0.353s] Level 5:colcon.colcon_core.verb:set package 'bumperbot_localization' build argument 'cmake_args' from command line to 'None'
[0.353s] Level 5:colcon.colcon_core.verb:set package 'bumperbot_localization' build argument 'cmake_target' from command line to 'None'
[0.353s] Level 5:colcon.colcon_core.verb:set package 'bumperbot_localization' build argument 'cmake_target_skip_unavailable' from command line to 'False'
[0.353s] Level 5:colcon.colcon_core.verb:set package 'bumperbot_localization' build argument 'cmake_clean_cache' from command line to 'False'
[0.353s] Level 5:colcon.colcon_core.verb:set package 'bumperbot_localization' build argument 'cmake_clean_first' from command line to 'False'
[0.353s] Level 5:colcon.colcon_core.verb:set package 'bumperbot_localization' build argument 'cmake_force_configure' from command line to 'False'
[0.353s] Level 5:colcon.colcon_core.verb:set package 'bumperbot_localization' build argument 'ament_cmake_args' from command line to 'None'
[0.353s] Level 5:colcon.colcon_core.verb:set package 'bumperbot_localization' build argument 'catkin_cmake_args' from command line to 'None'
[0.353s] Level 5:colcon.colcon_core.verb:set package 'bumperbot_localization' build argument 'catkin_skip_building_tests' from command line to 'False'
[0.353s] DEBUG:colcon.colcon_core.verb:Building package 'bumperbot_localization' with the following arguments: {'ament_cmake_args': None, 'build_base': '/home/raz/projects/self_driving_OC_project/bumperbot_ws/build/bumperbot_localization', 'catkin_cmake_args': None, 'catkin_skip_building_tests': False, 'cmake_args': None, 'cmake_clean_cache': False, 'cmake_clean_first': False, 'cmake_force_configure': False, 'cmake_target': None, 'cmake_target_skip_unavailable': False, 'install_base': '/home/raz/projects/self_driving_OC_project/bumperbot_ws/install/bumperbot_localization', 'merge_install': False, 'path': '/home/raz/projects/self_driving_OC_project/bumperbot_ws/src/bumperbot_localization', 'symlink_install': True, 'test_result_base': None}
[0.353s] Level 5:colcon.colcon_core.verb:set package 'bumperbot_msgs' build argument 'cmake_args' from command line to 'None'
[0.353s] Level 5:colcon.colcon_core.verb:set package 'bumperbot_msgs' build argument 'cmake_target' from command line to 'None'
[0.353s] Level 5:colcon.colcon_core.verb:set package 'bumperbot_msgs' build argument 'cmake_target_skip_unavailable' from command line to 'False'
[0.353s] Level 5:colcon.colcon_core.verb:set package 'bumperbot_msgs' build argument 'cmake_clean_cache' from command line to 'False'
[0.353s] Level 5:colcon.colcon_core.verb:set package 'bumperbot_msgs' build argument 'cmake_clean_first' from command line to 'False'
[0.353s] Level 5:colcon.colcon_core.verb:set package 'bumperbot_msgs' build argument 'cmake_force_configure' from command line to 'False'
[0.353s] Level 5:colcon.colcon_core.verb:set package 'bumperbot_msgs' build argument 'ament_cmake_args' from command line to 'None'
[0.353s] Level 5:colcon.colcon_core.verb:set package 'bumperbot_msgs' build argument 'catkin_cmake_args' from command line to 'None'
[0.353s] Level 5:colcon.colcon_core.verb:set package 'bumperbot_msgs' build argument 'catkin_skip_building_tests' from command line to 'False'
[0.353s] DEBUG:colcon.colcon_core.verb:Building package 'bumperbot_msgs' with the following arguments: {'ament_cmake_args': None, 'build_base': '/home/raz/projects/self_driving_OC_project/bumperbot_ws/build/bumperbot_msgs', 'catkin_cmake_args': None, 'catkin_skip_building_tests': False, 'cmake_args': None, 'cmake_clean_cache': False, 'cmake_clean_first': False, 'cmake_force_configure': False, 'cmake_target': None, 'cmake_target_skip_unavailable': False, 'install_base': '/home/raz/projects/self_driving_OC_project/bumperbot_ws/install/bumperbot_msgs', 'merge_install': False, 'path': '/home/raz/projects/self_driving_OC_project/bumperbot_ws/src/bumperbot_msgs', 'symlink_install': True, 'test_result_base': None}
[0.353s] Level 5:colcon.colcon_core.verb:set package 'bumperbot_utils' build argument 'cmake_args' from command line to 'None'
[0.353s] Level 5:colcon.colcon_core.verb:set package 'bumperbot_utils' build argument 'cmake_target' from command line to 'None'
[0.353s] Level 5:colcon.colcon_core.verb:set package 'bumperbot_utils' build argument 'cmake_target_skip_unavailable' from command line to 'False'
[0.353s] Level 5:colcon.colcon_core.verb:set package 'bumperbot_utils' build argument 'cmake_clean_cache' from command line to 'False'
[0.353s] Level 5:colcon.colcon_core.verb:set package 'bumperbot_utils' build argument 'cmake_clean_first' from command line to 'False'
[0.353s] Level 5:colcon.colcon_core.verb:set package 'bumperbot_utils' build argument 'cmake_force_configure' from command line to 'False'
[0.353s] Level 5:colcon.colcon_core.verb:set package 'bumperbot_utils' build argument 'ament_cmake_args' from command line to 'None'
[0.353s] Level 5:colcon.colcon_core.verb:set package 'bumperbot_utils' build argument 'catkin_cmake_args' from command line to 'None'
[0.354s] Level 5:colcon.colcon_core.verb:set package 'bumperbot_utils' build argument 'catkin_skip_building_tests' from command line to 'False'
[0.354s] DEBUG:colcon.colcon_core.verb:Building package 'bumperbot_utils' with the following arguments: {'ament_cmake_args': None, 'build_base': '/home/raz/projects/self_driving_OC_project/bumperbot_ws/build/bumperbot_utils', 'catkin_cmake_args': None, 'catkin_skip_building_tests': False, 'cmake_args': None, 'cmake_clean_cache': False, 'cmake_clean_first': False, 'cmake_force_configure': False, 'cmake_target': None, 'cmake_target_skip_unavailable': False, 'install_base': '/home/raz/projects/self_driving_OC_project/bumperbot_ws/install/bumperbot_utils', 'merge_install': False, 'path': '/home/raz/projects/self_driving_OC_project/bumperbot_ws/src/bumperbot_utils', 'symlink_install': True, 'test_result_base': None}
[0.354s] Level 5:colcon.colcon_core.verb:set package 'bumperbot_cpp_examples' build argument 'cmake_args' from command line to 'None'
[0.354s] Level 5:colcon.colcon_core.verb:set package 'bumperbot_cpp_examples' build argument 'cmake_target' from command line to 'None'
[0.354s] Level 5:colcon.colcon_core.verb:set package 'bumperbot_cpp_examples' build argument 'cmake_target_skip_unavailable' from command line to 'False'
[0.354s] Level 5:colcon.colcon_core.verb:set package 'bumperbot_cpp_examples' build argument 'cmake_clean_cache' from command line to 'False'
[0.354s] Level 5:colcon.colcon_core.verb:set package 'bumperbot_cpp_examples' build argument 'cmake_clean_first' from command line to 'False'
[0.354s] Level 5:colcon.colcon_core.verb:set package 'bumperbot_cpp_examples' build argument 'cmake_force_configure' from command line to 'False'
[0.354s] Level 5:colcon.colcon_core.verb:set package 'bumperbot_cpp_examples' build argument 'ament_cmake_args' from command line to 'None'
[0.354s] Level 5:colcon.colcon_core.verb:set package 'bumperbot_cpp_examples' build argument 'catkin_cmake_args' from command line to 'None'
[0.354s] Level 5:colcon.colcon_core.verb:set package 'bumperbot_cpp_examples' build argument 'catkin_skip_building_tests' from command line to 'False'
[0.354s] DEBUG:colcon.colcon_core.verb:Building package 'bumperbot_cpp_examples' with the following arguments: {'ament_cmake_args': None, 'build_base': '/home/raz/projects/self_driving_OC_project/bumperbot_ws/build/bumperbot_cpp_examples', 'catkin_cmake_args': None, 'catkin_skip_building_tests': False, 'cmake_args': None, 'cmake_clean_cache': False, 'cmake_clean_first': False, 'cmake_force_configure': False, 'cmake_target': None, 'cmake_target_skip_unavailable': False, 'install_base': '/home/raz/projects/self_driving_OC_project/bumperbot_ws/install/bumperbot_cpp_examples', 'merge_install': False, 'path': '/home/raz/projects/self_driving_OC_project/bumperbot_ws/src/bumperbot_cpp_examples', 'symlink_install': True, 'test_result_base': None}
[0.354s] Level 5:colcon.colcon_core.verb:set package 'bumperbot_py_examples' build argument 'cmake_args' from command line to 'None'
[0.354s] Level 5:colcon.colcon_core.verb:set package 'bumperbot_py_examples' build argument 'cmake_target' from command line to 'None'
[0.354s] Level 5:colcon.colcon_core.verb:set package 'bumperbot_py_examples' build argument 'cmake_target_skip_unavailable' from command line to 'False'
[0.354s] Level 5:colcon.colcon_core.verb:set package 'bumperbot_py_examples' build argument 'cmake_clean_cache' from command line to 'False'
[0.354s] Level 5:colcon.colcon_core.verb:set package 'bumperbot_py_examples' build argument 'cmake_clean_first' from command line to 'False'
[0.354s] Level 5:colcon.colcon_core.verb:set package 'bumperbot_py_examples' build argument 'cmake_force_configure' from command line to 'False'
[0.354s] Level 5:colcon.colcon_core.verb:set package 'bumperbot_py_examples' build argument 'ament_cmake_args' from command line to 'None'
[0.354s] Level 5:colcon.colcon_core.verb:set package 'bumperbot_py_examples' build argument 'catkin_cmake_args' from command line to 'None'
[0.354s] Level 5:colcon.colcon_core.verb:set package 'bumperbot_py_examples' build argument 'catkin_skip_building_tests' from command line to 'False'
[0.354s] DEBUG:colcon.colcon_core.verb:Building package 'bumperbot_py_examples' with the following arguments: {'ament_cmake_args': None, 'build_base': '/home/raz/projects/self_driving_OC_project/bumperbot_ws/build/bumperbot_py_examples', 'catkin_cmake_args': None, 'catkin_skip_building_tests': False, 'cmake_args': None, 'cmake_clean_cache': False, 'cmake_clean_first': False, 'cmake_force_configure': False, 'cmake_target': None, 'cmake_target_skip_unavailable': False, 'install_base': '/home/raz/projects/self_driving_OC_project/bumperbot_ws/install/bumperbot_py_examples', 'merge_install': False, 'path': '/home/raz/projects/self_driving_OC_project/bumperbot_ws/src/bumperbot_py_examples', 'symlink_install': True, 'test_result_base': None}
[0.354s] INFO:colcon.colcon_core.executor:Executing jobs using 'parallel' executor
[0.355s] DEBUG:colcon.colcon_parallel_executor.executor.parallel:run_until_complete
[0.356s] INFO:colcon.colcon_ros.task.ament_cmake.build:Building ROS package in '/home/raz/projects/self_driving_OC_project/bumperbot_ws/src/bumperbot_msgs' with build type 'ament_cmake'
[0.356s] INFO:colcon.colcon_cmake.task.cmake.build:Building CMake package in '/home/raz/projects/self_driving_OC_project/bumperbot_ws/src/bumperbot_msgs'
[0.358s] INFO:colcon.colcon_core.plugin_system:Skipping extension 'colcon_core.shell.bat': Not used on non-Windows systems
[0.359s] INFO:colcon.colcon_core.shell:Skip shell extension 'powershell' for command environment: Not usable outside of PowerShell
[0.359s] DEBUG:colcon.colcon_core.shell:Skip shell extension 'dsv' for command environment
[0.364s] INFO:colcon.colcon_ros.task.ament_cmake.build:Building ROS package in '/home/raz/projects/self_driving_OC_project/bumperbot_ws/src/bumperbot_controller' with build type 'ament_cmake'
[0.364s] INFO:colcon.colcon_cmake.task.cmake.build:Building CMake package in '/home/raz/projects/self_driving_OC_project/bumperbot_ws/src/bumperbot_controller'
[0.364s] INFO:colcon.colcon_core.shell:Skip shell extension 'powershell' for command environment: Not usable outside of PowerShell
[0.364s] DEBUG:colcon.colcon_core.shell:Skip shell extension 'dsv' for command environment
[0.369s] INFO:colcon.colcon_ros.task.ament_cmake.build:Building ROS package in '/home/raz/projects/self_driving_OC_project/bumperbot_ws/src/bumperbot_description' with build type 'ament_cmake'
[0.369s] INFO:colcon.colcon_cmake.task.cmake.build:Building CMake package in '/home/raz/projects/self_driving_OC_project/bumperbot_ws/src/bumperbot_description'
[0.369s] INFO:colcon.colcon_core.shell:Skip shell extension 'powershell' for command environment: Not usable outside of PowerShell
[0.369s] DEBUG:colcon.colcon_core.shell:Skip shell extension 'dsv' for command environment
[0.374s] INFO:colcon.colcon_ros.task.ament_cmake.build:Building ROS package in '/home/raz/projects/self_driving_OC_project/bumperbot_ws/src/bumperbot_localization' with build type 'ament_cmake'
[0.375s] INFO:colcon.colcon_cmake.task.cmake.build:Building CMake package in '/home/raz/projects/self_driving_OC_project/bumperbot_ws/src/bumperbot_localization'
[0.375s] INFO:colcon.colcon_core.shell:Skip shell extension 'powershell' for command environment: Not usable outside of PowerShell
[0.375s] DEBUG:colcon.colcon_core.shell:Skip shell extension 'dsv' for command environment
[0.379s] INFO:colcon.colcon_ros.task.ament_cmake.build:Building ROS package in '/home/raz/projects/self_driving_OC_project/bumperbot_ws/src/bumperbot_utils' with build type 'ament_cmake'
[0.380s] INFO:colcon.colcon_cmake.task.cmake.build:Building CMake package in '/home/raz/projects/self_driving_OC_project/bumperbot_ws/src/bumperbot_utils'
[0.380s] INFO:colcon.colcon_core.shell:Skip shell extension 'powershell' for command environment: Not usable outside of PowerShell
[0.380s] DEBUG:colcon.colcon_core.shell:Skip shell extension 'dsv' for command environment
[0.391s] DEBUG:colcon.colcon_core.event_handler.log_command:Invoking command in '/home/raz/projects/self_driving_OC_project/bumperbot_ws/build/bumperbot_msgs': CMAKE_PREFIX_PATH=${CMAKE_PREFIX_PATH}:/home/raz/PD_Robot/ros2_ws/install/sar_py_examples:/home/raz/projects/self_driving_OC_project/bumperbot_ws/install/bumperbot_py_examples:/opt/ros/humble /usr/bin/cmake --build /home/raz/projects/self_driving_OC_project/bumperbot_ws/build/bumperbot_msgs -- -j16 -l16
[0.394s] DEBUG:colcon.colcon_core.event_handler.log_command:Invoking command in '/home/raz/projects/self_driving_OC_project/bumperbot_ws/build/bumperbot_controller': CMAKE_PREFIX_PATH=${CMAKE_PREFIX_PATH}:/home/raz/PD_Robot/ros2_ws/install/sar_py_examples:/home/raz/projects/self_driving_OC_project/bumperbot_ws/install/bumperbot_py_examples:/opt/ros/humble /usr/bin/cmake --build /home/raz/projects/self_driving_OC_project/bumperbot_ws/build/bumperbot_controller -- -j16 -l16
[0.397s] DEBUG:colcon.colcon_core.event_handler.log_command:Invoking command in '/home/raz/projects/self_driving_OC_project/bumperbot_ws/build/bumperbot_description': CMAKE_PREFIX_PATH=${CMAKE_PREFIX_PATH}:/home/raz/PD_Robot/ros2_ws/install/sar_py_examples:/home/raz/projects/self_driving_OC_project/bumperbot_ws/install/bumperbot_py_examples:/opt/ros/humble /usr/bin/cmake --build /home/raz/projects/self_driving_OC_project/bumperbot_ws/build/bumperbot_description -- -j16 -l16
[0.400s] DEBUG:colcon.colcon_core.event_handler.log_command:Invoking command in '/home/raz/projects/self_driving_OC_project/bumperbot_ws/build/bumperbot_localization': CMAKE_PREFIX_PATH=${CMAKE_PREFIX_PATH}:/home/raz/PD_Robot/ros2_ws/install/sar_py_examples:/home/raz/projects/self_driving_OC_project/bumperbot_ws/install/bumperbot_py_examples:/opt/ros/humble /usr/bin/cmake --build /home/raz/projects/self_driving_OC_project/bumperbot_ws/build/bumperbot_localization -- -j16 -l16
[0.405s] DEBUG:colcon.colcon_core.event_handler.log_command:Invoking command in '/home/raz/projects/self_driving_OC_project/bumperbot_ws/build/bumperbot_utils': CMAKE_PREFIX_PATH=${CMAKE_PREFIX_PATH}:/home/raz/PD_Robot/ros2_ws/install/sar_py_examples:/home/raz/projects/self_driving_OC_project/bumperbot_ws/install/bumperbot_py_examples:/opt/ros/humble /usr/bin/cmake --build /home/raz/projects/self_driving_OC_project/bumperbot_ws/build/bumperbot_utils -- -j16 -l16
[0.443s] DEBUG:colcon.colcon_core.event_handler.log_command:Invoked command in '/home/raz/projects/self_driving_OC_project/bumperbot_ws/build/bumperbot_description' returned '0': CMAKE_PREFIX_PATH=${CMAKE_PREFIX_PATH}:/home/raz/PD_Robot/ros2_ws/install/sar_py_examples:/home/raz/projects/self_driving_OC_project/bumperbot_ws/install/bumperbot_py_examples:/opt/ros/humble /usr/bin/cmake --build /home/raz/projects/self_driving_OC_project/bumperbot_ws/build/bumperbot_description -- -j16 -l16
[0.459s] DEBUG:colcon.colcon_core.event_handler.log_command:Invoking command in '/home/raz/projects/self_driving_OC_project/bumperbot_ws/build/bumperbot_description': CMAKE_PREFIX_PATH=${CMAKE_PREFIX_PATH}:/home/raz/PD_Robot/ros2_ws/install/sar_py_examples:/home/raz/projects/self_driving_OC_project/bumperbot_ws/install/bumperbot_py_examples:/opt/ros/humble /usr/bin/cmake --install /home/raz/projects/self_driving_OC_project/bumperbot_ws/build/bumperbot_description
[0.501s] Level 1:colcon.colcon_core.environment:create_environment_scripts_only(bumperbot_description)
[0.502s] DEBUG:colcon.colcon_core.event_handler.log_command:Invoked command in '/home/raz/projects/self_driving_OC_project/bumperbot_ws/build/bumperbot_description' returned '0': CMAKE_PREFIX_PATH=${CMAKE_PREFIX_PATH}:/home/raz/PD_Robot/ros2_ws/install/sar_py_examples:/home/raz/projects/self_driving_OC_project/bumperbot_ws/install/bumperbot_py_examples:/opt/ros/humble /usr/bin/cmake --install /home/raz/projects/self_driving_OC_project/bumperbot_ws/build/bumperbot_description
[0.506s] Level 1:colcon.colcon_core.environment:checking '/home/raz/projects/self_driving_OC_project/bumperbot_ws/install/bumperbot_description' for CMake module files
[0.507s] Level 1:colcon.colcon_core.environment:checking '/home/raz/projects/self_driving_OC_project/bumperbot_ws/install/bumperbot_description' for CMake config files
[0.508s] Level 1:colcon.colcon_core.shell:create_environment_hook('bumperbot_description', 'cmake_prefix_path')
[0.508s] INFO:colcon.colcon_core.shell:Creating environment hook '/home/raz/projects/self_driving_OC_project/bumperbot_ws/install/bumperbot_description/share/bumperbot_description/hook/cmake_prefix_path.ps1'
[0.509s] INFO:colcon.colcon_core.shell:Creating environment descriptor '/home/raz/projects/self_driving_OC_project/bumperbot_ws/install/bumperbot_description/share/bumperbot_description/hook/cmake_prefix_path.dsv'
[0.510s] INFO:colcon.colcon_core.shell:Creating environment hook '/home/raz/projects/self_driving_OC_project/bumperbot_ws/install/bumperbot_description/share/bumperbot_description/hook/cmake_prefix_path.sh'
[0.511s] Level 1:colcon.colcon_core.environment:checking '/home/raz/projects/self_driving_OC_project/bumperbot_ws/install/bumperbot_description/bin'
[0.511s] Level 1:colcon.colcon_core.environment:checking '/home/raz/projects/self_driving_OC_project/bumperbot_ws/install/bumperbot_description/lib/pkgconfig/bumperbot_description.pc'
[0.512s] Level 1:colcon.colcon_core.environment:checking '/home/raz/projects/self_driving_OC_project/bumperbot_ws/install/bumperbot_description/lib/python3.10/site-packages'
[0.512s] Level 1:colcon.colcon_core.environment:checking '/home/raz/projects/self_driving_OC_project/bumperbot_ws/install/bumperbot_description/bin'
[0.512s] INFO:colcon.colcon_core.shell:Creating package script '/home/raz/projects/self_driving_OC_project/bumperbot_ws/install/bumperbot_description/share/bumperbot_description/package.ps1'
[0.513s] INFO:colcon.colcon_core.shell:Creating package descriptor '/home/raz/projects/self_driving_OC_project/bumperbot_ws/install/bumperbot_description/share/bumperbot_description/package.dsv'
[0.514s] INFO:colcon.colcon_core.shell:Creating package script '/home/raz/projects/self_driving_OC_project/bumperbot_ws/install/bumperbot_description/share/bumperbot_description/package.sh'
[0.515s] INFO:colcon.colcon_core.shell:Creating package script '/home/raz/projects/self_driving_OC_project/bumperbot_ws/install/bumperbot_description/share/bumperbot_description/package.bash'
[0.516s] INFO:colcon.colcon_core.shell:Creating package script '/home/raz/projects/self_driving_OC_project/bumperbot_ws/install/bumperbot_description/share/bumperbot_description/package.zsh'
[0.517s] Level 1:colcon.colcon_core.environment:create_file_with_runtime_dependencies(/home/raz/projects/self_driving_OC_project/bumperbot_ws/install/bumperbot_description/share/colcon-core/packages/bumperbot_description)
[0.518s] Level 1:colcon.colcon_core.environment:create_environment_scripts_only(bumperbot_description)
[0.519s] Level 1:colcon.colcon_core.environment:checking '/home/raz/projects/self_driving_OC_project/bumperbot_ws/install/bumperbot_description' for CMake module files
[0.519s] Level 1:colcon.colcon_core.environment:checking '/home/raz/projects/self_driving_OC_project/bumperbot_ws/install/bumperbot_description' for CMake config files
[0.520s] Level 1:colcon.colcon_core.shell:create_environment_hook('bumperbot_description', 'cmake_prefix_path')
[0.520s] INFO:colcon.colcon_core.shell:Creating environment hook '/home/raz/projects/self_driving_OC_project/bumperbot_ws/install/bumperbot_description/share/bumperbot_description/hook/cmake_prefix_path.ps1'
[0.521s] INFO:colcon.colcon_core.shell:Creating environment descriptor '/home/raz/projects/self_driving_OC_project/bumperbot_ws/install/bumperbot_description/share/bumperbot_description/hook/cmake_prefix_path.dsv'
[0.521s] INFO:colcon.colcon_core.shell:Creating environment hook '/home/raz/projects/self_driving_OC_project/bumperbot_ws/install/bumperbot_description/share/bumperbot_description/hook/cmake_prefix_path.sh'
[0.522s] Level 1:colcon.colcon_core.environment:checking '/home/raz/projects/self_driving_OC_project/bumperbot_ws/install/bumperbot_description/bin'
[0.522s] Level 1:colcon.colcon_core.environment:checking '/home/raz/projects/self_driving_OC_project/bumperbot_ws/install/bumperbot_description/lib/pkgconfig/bumperbot_description.pc'
[0.522s] Level 1:colcon.colcon_core.environment:checking '/home/raz/projects/self_driving_OC_project/bumperbot_ws/install/bumperbot_description/lib/python3.10/site-packages'
[0.523s] Level 1:colcon.colcon_core.environment:checking '/home/raz/projects/self_driving_OC_project/bumperbot_ws/install/bumperbot_description/bin'
[0.523s] INFO:colcon.colcon_core.shell:Creating package script '/home/raz/projects/self_driving_OC_project/bumperbot_ws/install/bumperbot_description/share/bumperbot_description/package.ps1'
[0.524s] INFO:colcon.colcon_core.shell:Creating package descriptor '/home/raz/projects/self_driving_OC_project/bumperbot_ws/install/bumperbot_description/share/bumperbot_description/package.dsv'
[0.525s] INFO:colcon.colcon_core.shell:Creating package script '/home/raz/projects/self_driving_OC_project/bumperbot_ws/install/bumperbot_description/share/bumperbot_description/package.sh'
[0.526s] INFO:colcon.colcon_core.shell:Creating package script '/home/raz/projects/self_driving_OC_project/bumperbot_ws/install/bumperbot_description/share/bumperbot_description/package.bash'
[0.526s] INFO:colcon.colcon_core.shell:Creating package script '/home/raz/projects/self_driving_OC_project/bumperbot_ws/install/bumperbot_description/share/bumperbot_description/package.zsh'
[0.527s] Level 1:colcon.colcon_core.environment:create_file_with_runtime_dependencies(/home/raz/projects/self_driving_OC_project/bumperbot_ws/install/bumperbot_description/share/colcon-core/packages/bumperbot_description)
[0.784s] DEBUG:colcon.colcon_core.event_handler.log_command:Invoked command in '/home/raz/projects/self_driving_OC_project/bumperbot_ws/build/bumperbot_msgs' returned '0': CMAKE_PREFIX_PATH=${CMAKE_PREFIX_PATH}:/home/raz/PD_Robot/ros2_ws/install/sar_py_examples:/home/raz/projects/self_driving_OC_project/bumperbot_ws/install/bumperbot_py_examples:/opt/ros/humble /usr/bin/cmake --build /home/raz/projects/self_driving_OC_project/bumperbot_ws/build/bumperbot_msgs -- -j16 -l16
[0.788s] DEBUG:colcon.colcon_core.event_handler.log_command:Invoking command in '/home/raz/projects/self_driving_OC_project/bumperbot_ws/build/bumperbot_msgs': CMAKE_PREFIX_PATH=${CMAKE_PREFIX_PATH}:/home/raz/PD_Robot/ros2_ws/install/sar_py_examples:/home/raz/projects/self_driving_OC_project/bumperbot_ws/install/bumperbot_py_examples:/opt/ros/humble /usr/bin/cmake --install /home/raz/projects/self_driving_OC_project/bumperbot_ws/build/bumperbot_msgs
[0.789s] DEBUG:colcon.colcon_core.event_handler.log_command:Invoked command in '/home/raz/projects/self_driving_OC_project/bumperbot_ws/build/bumperbot_localization' returned '0': CMAKE_PREFIX_PATH=${CMAKE_PREFIX_PATH}:/home/raz/PD_Robot/ros2_ws/install/sar_py_examples:/home/raz/projects/self_driving_OC_project/bumperbot_ws/install/bumperbot_py_examples:/opt/ros/humble /usr/bin/cmake --build /home/raz/projects/self_driving_OC_project/bumperbot_ws/build/bumperbot_localization -- -j16 -l16
[0.791s] DEBUG:colcon.colcon_core.event_handler.log_command:Invoking command in '/home/raz/projects/self_driving_OC_project/bumperbot_ws/build/bumperbot_localization': CMAKE_PREFIX_PATH=${CMAKE_PREFIX_PATH}:/home/raz/PD_Robot/ros2_ws/install/sar_py_examples:/home/raz/projects/self_driving_OC_project/bumperbot_ws/install/bumperbot_py_examples:/opt/ros/humble /usr/bin/cmake --install /home/raz/projects/self_driving_OC_project/bumperbot_ws/build/bumperbot_localization
[0.792s] DEBUG:colcon.colcon_core.event_handler.log_command:Invoked command in '/home/raz/projects/self_driving_OC_project/bumperbot_ws/build/bumperbot_utils' returned '0': CMAKE_PREFIX_PATH=${CMAKE_PREFIX_PATH}:/home/raz/PD_Robot/ros2_ws/install/sar_py_examples:/home/raz/projects/self_driving_OC_project/bumperbot_ws/install/bumperbot_py_examples:/opt/ros/humble /usr/bin/cmake --build /home/raz/projects/self_driving_OC_project/bumperbot_ws/build/bumperbot_utils -- -j16 -l16
[0.794s] DEBUG:colcon.colcon_core.event_handler.log_command:Invoking command in '/home/raz/projects/self_driving_OC_project/bumperbot_ws/build/bumperbot_utils': CMAKE_PREFIX_PATH=${CMAKE_PREFIX_PATH}:/home/raz/PD_Robot/ros2_ws/install/sar_py_examples:/home/raz/projects/self_driving_OC_project/bumperbot_ws/install/bumperbot_py_examples:/opt/ros/humble /usr/bin/cmake --install /home/raz/projects/self_driving_OC_project/bumperbot_ws/build/bumperbot_utils
[0.801s] DEBUG:colcon.colcon_core.event_handler.log_command:Invoked command in '/home/raz/projects/self_driving_OC_project/bumperbot_ws/build/bumperbot_controller' returned '0': CMAKE_PREFIX_PATH=${CMAKE_PREFIX_PATH}:/home/raz/PD_Robot/ros2_ws/install/sar_py_examples:/home/raz/projects/self_driving_OC_project/bumperbot_ws/install/bumperbot_py_examples:/opt/ros/humble /usr/bin/cmake --build /home/raz/projects/self_driving_OC_project/bumperbot_ws/build/bumperbot_controller -- -j16 -l16
[0.804s] DEBUG:colcon.colcon_core.event_handler.log_command:Invoking command in '/home/raz/projects/self_driving_OC_project/bumperbot_ws/build/bumperbot_controller': CMAKE_PREFIX_PATH=${CMAKE_PREFIX_PATH}:/home/raz/PD_Robot/ros2_ws/install/sar_py_examples:/home/raz/projects/self_driving_OC_project/bumperbot_ws/install/bumperbot_py_examples:/opt/ros/humble /usr/bin/cmake --install /home/raz/projects/self_driving_OC_project/bumperbot_ws/build/bumperbot_controller
[0.859s] Level 1:colcon.colcon_core.environment:create_environment_scripts_only(bumperbot_utils)
[0.859s] Level 1:colcon.colcon_core.environment:checking '/home/raz/projects/self_driving_OC_project/bumperbot_ws/install/bumperbot_utils' for CMake module files
[0.860s] DEBUG:colcon.colcon_core.event_handler.log_command:Invoked command in '/home/raz/projects/self_driving_OC_project/bumperbot_ws/build/bumperbot_utils' returned '0': CMAKE_PREFIX_PATH=${CMAKE_PREFIX_PATH}:/home/raz/PD_Robot/ros2_ws/install/sar_py_examples:/home/raz/projects/self_driving_OC_project/bumperbot_ws/install/bumperbot_py_examples:/opt/ros/humble /usr/bin/cmake --install /home/raz/projects/self_driving_OC_project/bumperbot_ws/build/bumperbot_utils
[0.860s] Level 1:colcon.colcon_core.environment:checking '/home/raz/projects/self_driving_OC_project/bumperbot_ws/install/bumperbot_utils' for CMake config files
[0.861s] Level 1:colcon.colcon_core.shell:create_environment_hook('bumperbot_utils', 'cmake_prefix_path')
[0.861s] INFO:colcon.colcon_core.shell:Creating environment hook '/home/raz/projects/self_driving_OC_project/bumperbot_ws/install/bumperbot_utils/share/bumperbot_utils/hook/cmake_prefix_path.ps1'
[0.861s] INFO:colcon.colcon_core.shell:Creating environment descriptor '/home/raz/projects/self_driving_OC_project/bumperbot_ws/install/bumperbot_utils/share/bumperbot_utils/hook/cmake_prefix_path.dsv'
[0.862s] INFO:colcon.colcon_core.shell:Creating environment hook '/home/raz/projects/self_driving_OC_project/bumperbot_ws/install/bumperbot_utils/share/bumperbot_utils/hook/cmake_prefix_path.sh'
[0.862s] Level 1:colcon.colcon_core.environment:checking '/home/raz/projects/self_driving_OC_project/bumperbot_ws/install/bumperbot_utils/lib'
[0.862s] Level 1:colcon.colcon_core.environment:checking '/home/raz/projects/self_driving_OC_project/bumperbot_ws/install/bumperbot_utils/bin'
[0.862s] Level 1:colcon.colcon_core.environment:checking '/home/raz/projects/self_driving_OC_project/bumperbot_ws/install/bumperbot_utils/lib/pkgconfig/bumperbot_utils.pc'
[0.863s] Level 1:colcon.colcon_core.environment:checking '/home/raz/projects/self_driving_OC_project/bumperbot_ws/install/bumperbot_utils/lib/python3.10/site-packages'
[0.863s] Level 1:colcon.colcon_core.environment:checking '/home/raz/projects/self_driving_OC_project/bumperbot_ws/install/bumperbot_utils/bin'
[0.863s] INFO:colcon.colcon_core.shell:Creating package script '/home/raz/projects/self_driving_OC_project/bumperbot_ws/install/bumperbot_utils/share/bumperbot_utils/package.ps1'
[0.863s] INFO:colcon.colcon_core.shell:Creating package descriptor '/home/raz/projects/self_driving_OC_project/bumperbot_ws/install/bumperbot_utils/share/bumperbot_utils/package.dsv'
[0.864s] INFO:colcon.colcon_core.shell:Creating package script '/home/raz/projects/self_driving_OC_project/bumperbot_ws/install/bumperbot_utils/share/bumperbot_utils/package.sh'
[0.864s] INFO:colcon.colcon_core.shell:Creating package script '/home/raz/projects/self_driving_OC_project/bumperbot_ws/install/bumperbot_utils/share/bumperbot_utils/package.bash'
[0.865s] INFO:colcon.colcon_core.shell:Creating package script '/home/raz/projects/self_driving_OC_project/bumperbot_ws/install/bumperbot_utils/share/bumperbot_utils/package.zsh'
[0.865s] Level 1:colcon.colcon_core.environment:create_file_with_runtime_dependencies(/home/raz/projects/self_driving_OC_project/bumperbot_ws/install/bumperbot_utils/share/colcon-core/packages/bumperbot_utils)
[0.865s] Level 1:colcon.colcon_core.environment:create_environment_scripts_only(bumperbot_utils)
[0.866s] Level 1:colcon.colcon_core.environment:checking '/home/raz/projects/self_driving_OC_project/bumperbot_ws/install/bumperbot_utils' for CMake module files
[0.867s] Level 1:colcon.colcon_core.environment:checking '/home/raz/projects/self_driving_OC_project/bumperbot_ws/install/bumperbot_utils' for CMake config files
[0.867s] Level 1:colcon.colcon_core.shell:create_environment_hook('bumperbot_utils', 'cmake_prefix_path')
[0.868s] INFO:colcon.colcon_core.shell:Creating environment hook '/home/raz/projects/self_driving_OC_project/bumperbot_ws/install/bumperbot_utils/share/bumperbot_utils/hook/cmake_prefix_path.ps1'
[0.869s] INFO:colcon.colcon_core.shell:Creating environment descriptor '/home/raz/projects/self_driving_OC_project/bumperbot_ws/install/bumperbot_utils/share/bumperbot_utils/hook/cmake_prefix_path.dsv'
[0.869s] INFO:colcon.colcon_core.shell:Creating environment hook '/home/raz/projects/self_driving_OC_project/bumperbot_ws/install/bumperbot_utils/share/bumperbot_utils/hook/cmake_prefix_path.sh'
[0.870s] Level 1:colcon.colcon_core.environment:checking '/home/raz/projects/self_driving_OC_project/bumperbot_ws/install/bumperbot_utils/lib'
[0.870s] Level 1:colcon.colcon_core.environment:checking '/home/raz/projects/self_driving_OC_project/bumperbot_ws/install/bumperbot_utils/bin'
[0.870s] Level 1:colcon.colcon_core.environment:checking '/home/raz/projects/self_driving_OC_project/bumperbot_ws/install/bumperbot_utils/lib/pkgconfig/bumperbot_utils.pc'
[0.870s] Level 1:colcon.colcon_core.environment:checking '/home/raz/projects/self_driving_OC_project/bumperbot_ws/install/bumperbot_utils/lib/python3.10/site-packages'
[0.870s] Level 1:colcon.colcon_core.environment:checking '/home/raz/projects/self_driving_OC_project/bumperbot_ws/install/bumperbot_utils/bin'
[0.870s] INFO:colcon.colcon_core.shell:Creating package script '/home/raz/projects/self_driving_OC_project/bumperbot_ws/install/bumperbot_utils/share/bumperbot_utils/package.ps1'
[0.871s] INFO:colcon.colcon_core.shell:Creating package descriptor '/home/raz/projects/self_driving_OC_project/bumperbot_ws/install/bumperbot_utils/share/bumperbot_utils/package.dsv'
[0.871s] INFO:colcon.colcon_core.shell:Creating package script '/home/raz/projects/self_driving_OC_project/bumperbot_ws/install/bumperbot_utils/share/bumperbot_utils/package.sh'
[0.872s] INFO:colcon.colcon_core.shell:Creating package script '/home/raz/projects/self_driving_OC_project/bumperbot_ws/install/bumperbot_utils/share/bumperbot_utils/package.bash'
[0.872s] INFO:colcon.colcon_core.shell:Creating package script '/home/raz/projects/self_driving_OC_project/bumperbot_ws/install/bumperbot_utils/share/bumperbot_utils/package.zsh'
[0.873s] Level 1:colcon.colcon_core.environment:create_file_with_runtime_dependencies(/home/raz/projects/self_driving_OC_project/bumperbot_ws/install/bumperbot_utils/share/colcon-core/packages/bumperbot_utils)
[0.874s] Level 1:colcon.colcon_core.environment:create_environment_scripts_only(bumperbot_localization)
[0.875s] Level 1:colcon.colcon_core.environment:checking '/home/raz/projects/self_driving_OC_project/bumperbot_ws/install/bumperbot_localization' for CMake module files
[0.876s] DEBUG:colcon.colcon_core.event_handler.log_command:Invoked command in '/home/raz/projects/self_driving_OC_project/bumperbot_ws/build/bumperbot_localization' returned '0': CMAKE_PREFIX_PATH=${CMAKE_PREFIX_PATH}:/home/raz/PD_Robot/ros2_ws/install/sar_py_examples:/home/raz/projects/self_driving_OC_project/bumperbot_ws/install/bumperbot_py_examples:/opt/ros/humble /usr/bin/cmake --install /home/raz/projects/self_driving_OC_project/bumperbot_ws/build/bumperbot_localization
[0.876s] Level 1:colcon.colcon_core.environment:checking '/home/raz/projects/self_driving_OC_project/bumperbot_ws/install/bumperbot_localization' for CMake config files
[0.877s] Level 1:colcon.colcon_core.shell:create_environment_hook('bumperbot_localization', 'cmake_prefix_path')
[0.877s] INFO:colcon.colcon_core.shell:Creating environment hook '/home/raz/projects/self_driving_OC_project/bumperbot_ws/install/bumperbot_localization/share/bumperbot_localization/hook/cmake_prefix_path.ps1'
[0.877s] INFO:colcon.colcon_core.shell:Creating environment descriptor '/home/raz/projects/self_driving_OC_project/bumperbot_ws/install/bumperbot_localization/share/bumperbot_localization/hook/cmake_prefix_path.dsv'
[0.877s] INFO:colcon.colcon_core.shell:Creating environment hook '/home/raz/projects/self_driving_OC_project/bumperbot_ws/install/bumperbot_localization/share/bumperbot_localization/hook/cmake_prefix_path.sh'
[0.878s] Level 1:colcon.colcon_core.environment:checking '/home/raz/projects/self_driving_OC_project/bumperbot_ws/install/bumperbot_localization/lib'
[0.878s] Level 1:colcon.colcon_core.environment:checking '/home/raz/projects/self_driving_OC_project/bumperbot_ws/install/bumperbot_localization/bin'
[0.878s] Level 1:colcon.colcon_core.environment:checking '/home/raz/projects/self_driving_OC_project/bumperbot_ws/install/bumperbot_localization/lib/pkgconfig/bumperbot_localization.pc'
[0.878s] Level 1:colcon.colcon_core.environment:checking '/home/raz/projects/self_driving_OC_project/bumperbot_ws/install/bumperbot_localization/lib/python3.10/site-packages'
[0.878s] Level 1:colcon.colcon_core.environment:checking '/home/raz/projects/self_driving_OC_project/bumperbot_ws/install/bumperbot_localization/bin'
[0.879s] INFO:colcon.colcon_core.shell:Creating package script '/home/raz/projects/self_driving_OC_project/bumperbot_ws/install/bumperbot_localization/share/bumperbot_localization/package.ps1'
[0.879s] INFO:colcon.colcon_core.shell:Creating package descriptor '/home/raz/projects/self_driving_OC_project/bumperbot_ws/install/bumperbot_localization/share/bumperbot_localization/package.dsv'
[0.879s] INFO:colcon.colcon_core.shell:Creating package script '/home/raz/projects/self_driving_OC_project/bumperbot_ws/install/bumperbot_localization/share/bumperbot_localization/package.sh'
[0.880s] INFO:colcon.colcon_core.shell:Creating package script '/home/raz/projects/self_driving_OC_project/bumperbot_ws/install/bumperbot_localization/share/bumperbot_localization/package.bash'
[0.880s] INFO:colcon.colcon_core.shell:Creating package script '/home/raz/projects/self_driving_OC_project/bumperbot_ws/install/bumperbot_localization/share/bumperbot_localization/package.zsh'
[0.880s] Level 1:colcon.colcon_core.environment:create_file_with_runtime_dependencies(/home/raz/projects/self_driving_OC_project/bumperbot_ws/install/bumperbot_localization/share/colcon-core/packages/bumperbot_localization)
[0.881s] Level 1:colcon.colcon_core.environment:create_environment_scripts_only(bumperbot_localization)
[0.881s] Level 1:colcon.colcon_core.environment:checking '/home/raz/projects/self_driving_OC_project/bumperbot_ws/install/bumperbot_localization' for CMake module files
[0.881s] Level 1:colcon.colcon_core.environment:checking '/home/raz/projects/self_driving_OC_project/bumperbot_ws/install/bumperbot_localization' for CMake config files
[0.882s] Level 1:colcon.colcon_core.shell:create_environment_hook('bumperbot_localization', 'cmake_prefix_path')
[0.882s] INFO:colcon.colcon_core.shell:Creating environment hook '/home/raz/projects/self_driving_OC_project/bumperbot_ws/install/bumperbot_localization/share/bumperbot_localization/hook/cmake_prefix_path.ps1'
[0.882s] INFO:colcon.colcon_core.shell:Creating environment descriptor '/home/raz/projects/self_driving_OC_project/bumperbot_ws/install/bumperbot_localization/share/bumperbot_localization/hook/cmake_prefix_path.dsv'
[0.882s] INFO:colcon.colcon_core.shell:Creating environment hook '/home/raz/projects/self_driving_OC_project/bumperbot_ws/install/bumperbot_localization/share/bumperbot_localization/hook/cmake_prefix_path.sh'
[0.883s] Level 1:colcon.colcon_core.environment:checking '/home/raz/projects/self_driving_OC_project/bumperbot_ws/install/bumperbot_localization/lib'
[0.883s] Level 1:colcon.colcon_core.environment:checking '/home/raz/projects/self_driving_OC_project/bumperbot_ws/install/bumperbot_localization/bin'
[0.883s] Level 1:colcon.colcon_core.environment:checking '/home/raz/projects/self_driving_OC_project/bumperbot_ws/install/bumperbot_localization/lib/pkgconfig/bumperbot_localization.pc'
[0.884s] Level 1:colcon.colcon_core.environment:checking '/home/raz/projects/self_driving_OC_project/bumperbot_ws/install/bumperbot_localization/lib/python3.10/site-packages'
[0.884s] Level 1:colcon.colcon_core.environment:checking '/home/raz/projects/self_driving_OC_project/bumperbot_ws/install/bumperbot_localization/bin'
[0.884s] INFO:colcon.colcon_core.shell:Creating package script '/home/raz/projects/self_driving_OC_project/bumperbot_ws/install/bumperbot_localization/share/bumperbot_localization/package.ps1'
[0.885s] INFO:colcon.colcon_core.shell:Creating package descriptor '/home/raz/projects/self_driving_OC_project/bumperbot_ws/install/bumperbot_localization/share/bumperbot_localization/package.dsv'
[0.886s] INFO:colcon.colcon_core.shell:Creating package script '/home/raz/projects/self_driving_OC_project/bumperbot_ws/install/bumperbot_localization/share/bumperbot_localization/package.sh'
[0.887s] INFO:colcon.colcon_core.shell:Creating package script '/home/raz/projects/self_driving_OC_project/bumperbot_ws/install/bumperbot_localization/share/bumperbot_localization/package.bash'
[0.887s] INFO:colcon.colcon_core.shell:Creating package script '/home/raz/projects/self_driving_OC_project/bumperbot_ws/install/bumperbot_localization/share/bumperbot_localization/package.zsh'
[0.888s] Level 1:colcon.colcon_core.environment:create_file_with_runtime_dependencies(/home/raz/projects/self_driving_OC_project/bumperbot_ws/install/bumperbot_localization/share/colcon-core/packages/bumperbot_localization)
[0.889s] Level 1:colcon.colcon_core.environment:create_environment_scripts_only(bumperbot_controller)
[0.889s] Level 1:colcon.colcon_core.environment:checking '/home/raz/projects/self_driving_OC_project/bumperbot_ws/install/bumperbot_controller' for CMake module files
[0.890s] DEBUG:colcon.colcon_core.event_handler.log_command:Invoked command in '/home/raz/projects/self_driving_OC_project/bumperbot_ws/build/bumperbot_controller' returned '0': CMAKE_PREFIX_PATH=${CMAKE_PREFIX_PATH}:/home/raz/PD_Robot/ros2_ws/install/sar_py_examples:/home/raz/projects/self_driving_OC_project/bumperbot_ws/install/bumperbot_py_examples:/opt/ros/humble /usr/bin/cmake --install /home/raz/projects/self_driving_OC_project/bumperbot_ws/build/bumperbot_controller
[0.890s] Level 1:colcon.colcon_core.environment:checking '/home/raz/projects/self_driving_OC_project/bumperbot_ws/install/bumperbot_controller' for CMake config files
[0.890s] Level 1:colcon.colcon_core.shell:create_environment_hook('bumperbot_controller', 'cmake_prefix_path')
[0.891s] INFO:colcon.colcon_core.shell:Creating environment hook '/home/raz/projects/self_driving_OC_project/bumperbot_ws/install/bumperbot_controller/share/bumperbot_controller/hook/cmake_prefix_path.ps1'
[0.891s] INFO:colcon.colcon_core.shell:Creating environment descriptor '/home/raz/projects/self_driving_OC_project/bumperbot_ws/install/bumperbot_controller/share/bumperbot_controller/hook/cmake_prefix_path.dsv'
[0.891s] INFO:colcon.colcon_core.shell:Creating environment hook '/home/raz/projects/self_driving_OC_project/bumperbot_ws/install/bumperbot_controller/share/bumperbot_controller/hook/cmake_prefix_path.sh'
[0.892s] Level 1:colcon.colcon_core.environment:checking '/home/raz/projects/self_driving_OC_project/bumperbot_ws/install/bumperbot_controller/lib'
[0.892s] Level 1:colcon.colcon_core.environment:checking '/home/raz/projects/self_driving_OC_project/bumperbot_ws/install/bumperbot_controller/bin'
[0.892s] Level 1:colcon.colcon_core.environment:checking '/home/raz/projects/self_driving_OC_project/bumperbot_ws/install/bumperbot_controller/lib/pkgconfig/bumperbot_controller.pc'
[0.892s] Level 1:colcon.colcon_core.environment:checking '/home/raz/projects/self_driving_OC_project/bumperbot_ws/install/bumperbot_controller/lib/python3.10/site-packages'
[0.892s] Level 1:colcon.colcon_core.environment:checking '/home/raz/projects/self_driving_OC_project/bumperbot_ws/install/bumperbot_controller/bin'
[0.892s] INFO:colcon.colcon_core.shell:Creating package script '/home/raz/projects/self_driving_OC_project/bumperbot_ws/install/bumperbot_controller/share/bumperbot_controller/package.ps1'
[0.893s] INFO:colcon.colcon_core.shell:Creating package descriptor '/home/raz/projects/self_driving_OC_project/bumperbot_ws/install/bumperbot_controller/share/bumperbot_controller/package.dsv'
[0.893s] INFO:colcon.colcon_core.shell:Creating package script '/home/raz/projects/self_driving_OC_project/bumperbot_ws/install/bumperbot_controller/share/bumperbot_controller/package.sh'
[0.894s] INFO:colcon.colcon_core.shell:Creating package script '/home/raz/projects/self_driving_OC_project/bumperbot_ws/install/bumperbot_controller/share/bumperbot_controller/package.bash'
[0.894s] INFO:colcon.colcon_core.shell:Creating package script '/home/raz/projects/self_driving_OC_project/bumperbot_ws/install/bumperbot_controller/share/bumperbot_controller/package.zsh'
[0.894s] Level 1:colcon.colcon_core.environment:create_file_with_runtime_dependencies(/home/raz/projects/self_driving_OC_project/bumperbot_ws/install/bumperbot_controller/share/colcon-core/packages/bumperbot_controller)
[0.895s] Level 1:colcon.colcon_core.environment:create_environment_scripts_only(bumperbot_controller)
[0.895s] Level 1:colcon.colcon_core.environment:checking '/home/raz/projects/self_driving_OC_project/bumperbot_ws/install/bumperbot_controller' for CMake module files
[0.895s] Level 1:colcon.colcon_core.environment:checking '/home/raz/projects/self_driving_OC_project/bumperbot_ws/install/bumperbot_controller' for CMake config files
[0.896s] Level 1:colcon.colcon_core.shell:create_environment_hook('bumperbot_controller', 'cmake_prefix_path')
[0.896s] INFO:colcon.colcon_core.shell:Creating environment hook '/home/raz/projects/self_driving_OC_project/bumperbot_ws/install/bumperbot_controller/share/bumperbot_controller/hook/cmake_prefix_path.ps1'
[0.896s] INFO:colcon.colcon_core.shell:Creating environment descriptor '/home/raz/projects/self_driving_OC_project/bumperbot_ws/install/bumperbot_controller/share/bumperbot_controller/hook/cmake_prefix_path.dsv'
[0.897s] INFO:colcon.colcon_core.shell:Creating environment hook '/home/raz/projects/self_driving_OC_project/bumperbot_ws/install/bumperbot_controller/share/bumperbot_controller/hook/cmake_prefix_path.sh'
[0.897s] Level 1:colcon.colcon_core.environment:checking '/home/raz/projects/self_driving_OC_project/bumperbot_ws/install/bumperbot_controller/lib'
[0.897s] Level 1:colcon.colcon_core.environment:checking '/home/raz/projects/self_driving_OC_project/bumperbot_ws/install/bumperbot_controller/bin'
[0.897s] Level 1:colcon.colcon_core.environment:checking '/home/raz/projects/self_driving_OC_project/bumperbot_ws/install/bumperbot_controller/lib/pkgconfig/bumperbot_controller.pc'
[0.897s] Level 1:colcon.colcon_core.environment:checking '/home/raz/projects/self_driving_OC_project/bumperbot_ws/install/bumperbot_controller/lib/python3.10/site-packages'
[0.897s] Level 1:colcon.colcon_core.environment:checking '/home/raz/projects/self_driving_OC_project/bumperbot_ws/install/bumperbot_controller/bin'
[0.898s] INFO:colcon.colcon_core.shell:Creating package script '/home/raz/projects/self_driving_OC_project/bumperbot_ws/install/bumperbot_controller/share/bumperbot_controller/package.ps1'
[0.898s] INFO:colcon.colcon_core.shell:Creating package descriptor '/home/raz/projects/self_driving_OC_project/bumperbot_ws/install/bumperbot_controller/share/bumperbot_controller/package.dsv'
[0.899s] INFO:colcon.colcon_core.shell:Creating package script '/home/raz/projects/self_driving_OC_project/bumperbot_ws/install/bumperbot_controller/share/bumperbot_controller/package.sh'
[0.899s] INFO:colcon.colcon_core.shell:Creating package script '/home/raz/projects/self_driving_OC_project/bumperbot_ws/install/bumperbot_controller/share/bumperbot_controller/package.bash'
[0.899s] INFO:colcon.colcon_core.shell:Creating package script '/home/raz/projects/self_driving_OC_project/bumperbot_ws/install/bumperbot_controller/share/bumperbot_controller/package.zsh'
[0.899s] Level 1:colcon.colcon_core.environment:create_file_with_runtime_dependencies(/home/raz/projects/self_driving_OC_project/bumperbot_ws/install/bumperbot_controller/share/colcon-core/packages/bumperbot_controller)
[0.900s] Level 1:colcon.colcon_core.environment:create_environment_scripts_only(bumperbot_msgs)
[0.900s] Level 1:colcon.colcon_core.environment:checking '/home/raz/projects/self_driving_OC_project/bumperbot_ws/install/bumperbot_msgs' for CMake module files
[0.901s] DEBUG:colcon.colcon_core.event_handler.log_command:Invoked command in '/home/raz/projects/self_driving_OC_project/bumperbot_ws/build/bumperbot_msgs' returned '0': CMAKE_PREFIX_PATH=${CMAKE_PREFIX_PATH}:/home/raz/PD_Robot/ros2_ws/install/sar_py_examples:/home/raz/projects/self_driving_OC_project/bumperbot_ws/install/bumperbot_py_examples:/opt/ros/humble /usr/bin/cmake --install /home/raz/projects/self_driving_OC_project/bumperbot_ws/build/bumperbot_msgs
[0.901s] Level 1:colcon.colcon_core.environment:checking '/home/raz/projects/self_driving_OC_project/bumperbot_ws/install/bumperbot_msgs' for CMake config files
[0.902s] Level 1:colcon.colcon_core.shell:create_environment_hook('bumperbot_msgs', 'cmake_prefix_path')
[0.902s] INFO:colcon.colcon_core.shell:Creating environment hook '/home/raz/projects/self_driving_OC_project/bumperbot_ws/install/bumperbot_msgs/share/bumperbot_msgs/hook/cmake_prefix_path.ps1'
[0.902s] INFO:colcon.colcon_core.shell:Creating environment descriptor '/home/raz/projects/self_driving_OC_project/bumperbot_ws/install/bumperbot_msgs/share/bumperbot_msgs/hook/cmake_prefix_path.dsv'
[0.903s] INFO:colcon.colcon_core.shell:Creating environment hook '/home/raz/projects/self_driving_OC_project/bumperbot_ws/install/bumperbot_msgs/share/bumperbot_msgs/hook/cmake_prefix_path.sh'
[0.903s] Level 1:colcon.colcon_core.environment:checking '/home/raz/projects/self_driving_OC_project/bumperbot_ws/install/bumperbot_msgs/lib'
[0.903s] Level 1:colcon.colcon_core.shell:create_environment_hook('bumperbot_msgs', 'ld_library_path_lib')
[0.903s] INFO:colcon.colcon_core.shell:Creating environment hook '/home/raz/projects/self_driving_OC_project/bumperbot_ws/install/bumperbot_msgs/share/bumperbot_msgs/hook/ld_library_path_lib.ps1'
[0.904s] INFO:colcon.colcon_core.shell:Creating environment descriptor '/home/raz/projects/self_driving_OC_project/bumperbot_ws/install/bumperbot_msgs/share/bumperbot_msgs/hook/ld_library_path_lib.dsv'
[0.904s] INFO:colcon.colcon_core.shell:Creating environment hook '/home/raz/projects/self_driving_OC_project/bumperbot_ws/install/bumperbot_msgs/share/bumperbot_msgs/hook/ld_library_path_lib.sh'
[0.904s] Level 1:colcon.colcon_core.environment:checking '/home/raz/projects/self_driving_OC_project/bumperbot_ws/install/bumperbot_msgs/bin'
[0.904s] Level 1:colcon.colcon_core.environment:checking '/home/raz/projects/self_driving_OC_project/bumperbot_ws/install/bumperbot_msgs/lib/pkgconfig/bumperbot_msgs.pc'
[0.904s] Level 1:colcon.colcon_core.environment:checking '/home/raz/projects/self_driving_OC_project/bumperbot_ws/install/bumperbot_msgs/lib/python3.10/site-packages'
[0.905s] Level 1:colcon.colcon_core.environment:checking '/home/raz/projects/self_driving_OC_project/bumperbot_ws/install/bumperbot_msgs/bin'
[0.905s] INFO:colcon.colcon_core.shell:Creating package script '/home/raz/projects/self_driving_OC_project/bumperbot_ws/install/bumperbot_msgs/share/bumperbot_msgs/package.ps1'
[0.905s] INFO:colcon.colcon_core.shell:Creating package descriptor '/home/raz/projects/self_driving_OC_project/bumperbot_ws/install/bumperbot_msgs/share/bumperbot_msgs/package.dsv'
[0.906s] INFO:colcon.colcon_core.shell:Creating package script '/home/raz/projects/self_driving_OC_project/bumperbot_ws/install/bumperbot_msgs/share/bumperbot_msgs/package.sh'
[0.906s] INFO:colcon.colcon_core.shell:Creating package script '/home/raz/projects/self_driving_OC_project/bumperbot_ws/install/bumperbot_msgs/share/bumperbot_msgs/package.bash'
[0.906s] INFO:colcon.colcon_core.shell:Creating package script '/home/raz/projects/self_driving_OC_project/bumperbot_ws/install/bumperbot_msgs/share/bumperbot_msgs/package.zsh'
[0.906s] Level 1:colcon.colcon_core.environment:create_file_with_runtime_dependencies(/home/raz/projects/self_driving_OC_project/bumperbot_ws/install/bumperbot_msgs/share/colcon-core/packages/bumperbot_msgs)
[0.907s] Level 1:colcon.colcon_core.environment:create_environment_scripts_only(bumperbot_msgs)
[0.907s] Level 1:colcon.colcon_core.environment:checking '/home/raz/projects/self_driving_OC_project/bumperbot_ws/install/bumperbot_msgs' for CMake module files
[0.908s] Level 1:colcon.colcon_core.environment:checking '/home/raz/projects/self_driving_OC_project/bumperbot_ws/install/bumperbot_msgs' for CMake config files
[0.908s] Level 1:colcon.colcon_core.shell:create_environment_hook('bumperbot_msgs', 'cmake_prefix_path')
[0.908s] INFO:colcon.colcon_core.shell:Creating environment hook '/home/raz/projects/self_driving_OC_project/bumperbot_ws/install/bumperbot_msgs/share/bumperbot_msgs/hook/cmake_prefix_path.ps1'
[0.909s] INFO:colcon.colcon_core.shell:Creating environment descriptor '/home/raz/projects/self_driving_OC_project/bumperbot_ws/install/bumperbot_msgs/share/bumperbot_msgs/hook/cmake_prefix_path.dsv'
[0.909s] INFO:colcon.colcon_core.shell:Creating environment hook '/home/raz/projects/self_driving_OC_project/bumperbot_ws/install/bumperbot_msgs/share/bumperbot_msgs/hook/cmake_prefix_path.sh'
[0.910s] Level 1:colcon.colcon_core.environment:checking '/home/raz/projects/self_driving_OC_project/bumperbot_ws/install/bumperbot_msgs/lib'
[0.910s] Level 1:colcon.colcon_core.shell:create_environment_hook('bumperbot_msgs', 'ld_library_path_lib')
[0.910s] INFO:colcon.colcon_core.shell:Creating environment hook '/home/raz/projects/self_driving_OC_project/bumperbot_ws/install/bumperbot_msgs/share/bumperbot_msgs/hook/ld_library_path_lib.ps1'
[0.910s] INFO:colcon.colcon_core.shell:Creating environment descriptor '/home/raz/projects/self_driving_OC_project/bumperbot_ws/install/bumperbot_msgs/share/bumperbot_msgs/hook/ld_library_path_lib.dsv'
[0.910s] INFO:colcon.colcon_core.shell:Creating environment hook '/home/raz/projects/self_driving_OC_project/bumperbot_ws/install/bumperbot_msgs/share/bumperbot_msgs/hook/ld_library_path_lib.sh'
[0.911s] Level 1:colcon.colcon_core.environment:checking '/home/raz/projects/self_driving_OC_project/bumperbot_ws/install/bumperbot_msgs/bin'
[0.911s] Level 1:colcon.colcon_core.environment:checking '/home/raz/projects/self_driving_OC_project/bumperbot_ws/install/bumperbot_msgs/lib/pkgconfig/bumperbot_msgs.pc'
[0.911s] Level 1:colcon.colcon_core.environment:checking '/home/raz/projects/self_driving_OC_project/bumperbot_ws/install/bumperbot_msgs/lib/python3.10/site-packages'
[0.911s] Level 1:colcon.colcon_core.environment:checking '/home/raz/projects/self_driving_OC_project/bumperbot_ws/install/bumperbot_msgs/bin'
[0.911s] INFO:colcon.colcon_core.shell:Creating package script '/home/raz/projects/self_driving_OC_project/bumperbot_ws/install/bumperbot_msgs/share/bumperbot_msgs/package.ps1'
[0.912s] INFO:colcon.colcon_core.shell:Creating package descriptor '/home/raz/projects/self_driving_OC_project/bumperbot_ws/install/bumperbot_msgs/share/bumperbot_msgs/package.dsv'
[0.912s] INFO:colcon.colcon_core.shell:Creating package script '/home/raz/projects/self_driving_OC_project/bumperbot_ws/install/bumperbot_msgs/share/bumperbot_msgs/package.sh'
[0.913s] INFO:colcon.colcon_core.shell:Creating package script '/home/raz/projects/self_driving_OC_project/bumperbot_ws/install/bumperbot_msgs/share/bumperbot_msgs/package.bash'
[0.913s] INFO:colcon.colcon_core.shell:Creating package script '/home/raz/projects/self_driving_OC_project/bumperbot_ws/install/bumperbot_msgs/share/bumperbot_msgs/package.zsh'
[0.913s] Level 1:colcon.colcon_core.environment:create_file_with_runtime_dependencies(/home/raz/projects/self_driving_OC_project/bumperbot_ws/install/bumperbot_msgs/share/colcon-core/packages/bumperbot_msgs)
[0.914s] INFO:colcon.colcon_ros.task.ament_cmake.build:Building ROS package in '/home/raz/projects/self_driving_OC_project/bumperbot_ws/src/bumperbot_cpp_examples' with build type 'ament_cmake'
[0.914s] INFO:colcon.colcon_cmake.task.cmake.build:Building CMake package in '/home/raz/projects/self_driving_OC_project/bumperbot_ws/src/bumperbot_cpp_examples'
[0.914s] INFO:colcon.colcon_core.shell:Skip shell extension 'powershell' for command environment: Not usable outside of PowerShell
[0.914s] DEBUG:colcon.colcon_core.shell:Skip shell extension 'dsv' for command environment
[0.921s] INFO:colcon.colcon_ros.task.ament_python.build:Building ROS package in '/home/raz/projects/self_driving_OC_project/bumperbot_ws/src/bumperbot_py_examples' with build type 'ament_python'
[0.921s] Level 1:colcon.colcon_core.shell:create_environment_hook('bumperbot_py_examples', 'ament_prefix_path')
[0.921s] INFO:colcon.colcon_core.shell:Creating environment hook '/home/raz/projects/self_driving_OC_project/bumperbot_ws/install/bumperbot_py_examples/share/bumperbot_py_examples/hook/ament_prefix_path.ps1'
[0.922s] INFO:colcon.colcon_core.shell:Creating environment descriptor '/home/raz/projects/self_driving_OC_project/bumperbot_ws/install/bumperbot_py_examples/share/bumperbot_py_examples/hook/ament_prefix_path.dsv'
[0.922s] INFO:colcon.colcon_core.shell:Creating environment hook '/home/raz/projects/self_driving_OC_project/bumperbot_ws/install/bumperbot_py_examples/share/bumperbot_py_examples/hook/ament_prefix_path.sh'
[0.923s] INFO:colcon.colcon_core.shell:Skip shell extension 'powershell' for command environment: Not usable outside of PowerShell
[0.923s] DEBUG:colcon.colcon_core.shell:Skip shell extension 'dsv' for command environment
[0.931s] DEBUG:colcon.colcon_core.event_handler.log_command:Invoking command in '/home/raz/projects/self_driving_OC_project/bumperbot_ws/build/bumperbot_cpp_examples': CMAKE_PREFIX_PATH=/home/raz/projects/self_driving_OC_project/bumperbot_ws/install/bumperbot_msgs:/home/raz/PD_Robot/ros2_ws/install/sar_utils:/home/raz/PD_Robot/ros2_ws/install/sar_cpp_examples:/home/raz/PD_Robot/ros2_ws/install/sar_msgs:/home/raz/PD_Robot/ros2_ws/install/sar_moveit:/home/raz/PD_Robot/ros2_ws/install/sar_localization:/home/raz/PD_Robot/ros2_ws/install/sar_description:/home/raz/PD_Robot/ros2_ws/install/sar_controller:/home/raz/projects/self_driving_OC_project/bumperbot_ws/install/bumperbot_utils:/home/raz/projects/self_driving_OC_project/bumperbot_ws/install/bumperbot_cpp_examples:/home/raz/projects/self_driving_OC_project/bumperbot_ws/install/bumperbot_localization:/home/raz/projects/self_driving_OC_project/bumperbot_ws/install/bumperbot_description:/home/raz/projects/self_driving_OC_project/bumperbot_ws/install/bumperbot_controller:/home/raz/PD_Robot/ros2_ws/install/sar_py_examples:/home/raz/projects/self_driving_OC_project/bumperbot_ws/install/bumperbot_py_examples:/opt/ros/humble LD_LIBRARY_PATH=/home/raz/projects/self_driving_OC_project/bumperbot_ws/install/bumperbot_msgs/lib:/home/raz/PD_Robot/ros2_ws/install/sar_msgs/lib:/opt/ros/humble/opt/rviz_ogre_vendor/lib:/opt/ros/humble/lib/x86_64-linux-gnu:/opt/ros/humble/lib /usr/bin/cmake --build /home/raz/projects/self_driving_OC_project/bumperbot_ws/build/bumperbot_cpp_examples -- -j16 -l16
[1.180s] INFO:colcon.colcon_core.task.python.build:Building Python package in '/home/raz/projects/self_driving_OC_project/bumperbot_ws/src/bumperbot_py_examples'
[1.181s] INFO:colcon.colcon_core.shell:Skip shell extension 'powershell' for command environment: Not usable outside of PowerShell
[1.181s] DEBUG:colcon.colcon_core.shell:Skip shell extension 'dsv' for command environment
[1.187s] DEBUG:colcon.colcon_core.event_handler.log_command:Invoked command in '/home/raz/projects/self_driving_OC_project/bumperbot_ws/build/bumperbot_cpp_examples' returned '0': CMAKE_PREFIX_PATH=/home/raz/projects/self_driving_OC_project/bumperbot_ws/install/bumperbot_msgs:/home/raz/PD_Robot/ros2_ws/install/sar_utils:/home/raz/PD_Robot/ros2_ws/install/sar_cpp_examples:/home/raz/PD_Robot/ros2_ws/install/sar_msgs:/home/raz/PD_Robot/ros2_ws/install/sar_moveit:/home/raz/PD_Robot/ros2_ws/install/sar_localization:/home/raz/PD_Robot/ros2_ws/install/sar_description:/home/raz/PD_Robot/ros2_ws/install/sar_controller:/home/raz/projects/self_driving_OC_project/bumperbot_ws/install/bumperbot_utils:/home/raz/projects/self_driving_OC_project/bumperbot_ws/install/bumperbot_cpp_examples:/home/raz/projects/self_driving_OC_project/bumperbot_ws/install/bumperbot_localization:/home/raz/projects/self_driving_OC_project/bumperbot_ws/install/bumperbot_description:/home/raz/projects/self_driving_OC_project/bumperbot_ws/install/bumperbot_controller:/home/raz/PD_Robot/ros2_ws/install/sar_py_examples:/home/raz/projects/self_driving_OC_project/bumperbot_ws/install/bumperbot_py_examples:/opt/ros/humble LD_LIBRARY_PATH=/home/raz/projects/self_driving_OC_project/bumperbot_ws/install/bumperbot_msgs/lib:/home/raz/PD_Robot/ros2_ws/install/sar_msgs/lib:/opt/ros/humble/opt/rviz_ogre_vendor/lib:/opt/ros/humble/lib/x86_64-linux-gnu:/opt/ros/humble/lib /usr/bin/cmake --build /home/raz/projects/self_driving_OC_project/bumperbot_ws/build/bumperbot_cpp_examples -- -j16 -l16
[1.189s] DEBUG:colcon.colcon_core.event_handler.log_command:Invoking command in '/home/raz/projects/self_driving_OC_project/bumperbot_ws/build/bumperbot_cpp_examples': CMAKE_PREFIX_PATH=/home/raz/projects/self_driving_OC_project/bumperbot_ws/install/bumperbot_msgs:/home/raz/PD_Robot/ros2_ws/install/sar_utils:/home/raz/PD_Robot/ros2_ws/install/sar_cpp_examples:/home/raz/PD_Robot/ros2_ws/install/sar_msgs:/home/raz/PD_Robot/ros2_ws/install/sar_moveit:/home/raz/PD_Robot/ros2_ws/install/sar_localization:/home/raz/PD_Robot/ros2_ws/install/sar_description:/home/raz/PD_Robot/ros2_ws/install/sar_controller:/home/raz/projects/self_driving_OC_project/bumperbot_ws/install/bumperbot_utils:/home/raz/projects/self_driving_OC_project/bumperbot_ws/install/bumperbot_cpp_examples:/home/raz/projects/self_driving_OC_project/bumperbot_ws/install/bumperbot_localization:/home/raz/projects/self_driving_OC_project/bumperbot_ws/install/bumperbot_description:/home/raz/projects/self_driving_OC_project/bumperbot_ws/install/bumperbot_controller:/home/raz/PD_Robot/ros2_ws/install/sar_py_examples:/home/raz/projects/self_driving_OC_project/bumperbot_ws/install/bumperbot_py_examples:/opt/ros/humble LD_LIBRARY_PATH=/home/raz/projects/self_driving_OC_project/bumperbot_ws/install/bumperbot_msgs/lib:/home/raz/PD_Robot/ros2_ws/install/sar_msgs/lib:/opt/ros/humble/opt/rviz_ogre_vendor/lib:/opt/ros/humble/lib/x86_64-linux-gnu:/opt/ros/humble/lib /usr/bin/cmake --install /home/raz/projects/self_driving_OC_project/bumperbot_ws/build/bumperbot_cpp_examples
[1.215s] Level 1:colcon.colcon_core.environment:create_environment_scripts_only(bumperbot_cpp_examples)
[1.216s] Level 1:colcon.colcon_core.environment:checking '/home/raz/projects/self_driving_OC_project/bumperbot_ws/install/bumperbot_cpp_examples' for CMake module files
[1.217s] DEBUG:colcon.colcon_core.event_handler.log_command:Invoked command in '/home/raz/projects/self_driving_OC_project/bumperbot_ws/build/bumperbot_cpp_examples' returned '0': CMAKE_PREFIX_PATH=/home/raz/projects/self_driving_OC_project/bumperbot_ws/install/bumperbot_msgs:/home/raz/PD_Robot/ros2_ws/install/sar_utils:/home/raz/PD_Robot/ros2_ws/install/sar_cpp_examples:/home/raz/PD_Robot/ros2_ws/install/sar_msgs:/home/raz/PD_Robot/ros2_ws/install/sar_moveit:/home/raz/PD_Robot/ros2_ws/install/sar_localization:/home/raz/PD_Robot/ros2_ws/install/sar_description:/home/raz/PD_Robot/ros2_ws/install/sar_controller:/home/raz/projects/self_driving_OC_project/bumperbot_ws/install/bumperbot_utils:/home/raz/projects/self_driving_OC_project/bumperbot_ws/install/bumperbot_cpp_examples:/home/raz/projects/self_driving_OC_project/bumperbot_ws/install/bumperbot_localization:/home/raz/projects/self_driving_OC_project/bumperbot_ws/install/bumperbot_description:/home/raz/projects/self_driving_OC_project/bumperbot_ws/install/bumperbot_controller:/home/raz/PD_Robot/ros2_ws/install/sar_py_examples:/home/raz/projects/self_driving_OC_project/bumperbot_ws/install/bumperbot_py_examples:/opt/ros/humble LD_LIBRARY_PATH=/home/raz/projects/self_driving_OC_project/bumperbot_ws/install/bumperbot_msgs/lib:/home/raz/PD_Robot/ros2_ws/install/sar_msgs/lib:/opt/ros/humble/opt/rviz_ogre_vendor/lib:/opt/ros/humble/lib/x86_64-linux-gnu:/opt/ros/humble/lib /usr/bin/cmake --install /home/raz/projects/self_driving_OC_project/bumperbot_ws/build/bumperbot_cpp_examples
[1.217s] Level 1:colcon.colcon_core.environment:checking '/home/raz/projects/self_driving_OC_project/bumperbot_ws/install/bumperbot_cpp_examples' for CMake config files
[1.218s] Level 1:colcon.colcon_core.shell:create_environment_hook('bumperbot_cpp_examples', 'cmake_prefix_path')
[1.218s] INFO:colcon.colcon_core.shell:Creating environment hook '/home/raz/projects/self_driving_OC_project/bumperbot_ws/install/bumperbot_cpp_examples/share/bumperbot_cpp_examples/hook/cmake_prefix_path.ps1'
[1.218s] INFO:colcon.colcon_core.shell:Creating environment descriptor '/home/raz/projects/self_driving_OC_project/bumperbot_ws/install/bumperbot_cpp_examples/share/bumperbot_cpp_examples/hook/cmake_prefix_path.dsv'
[1.218s] INFO:colcon.colcon_core.shell:Creating environment hook '/home/raz/projects/self_driving_OC_project/bumperbot_ws/install/bumperbot_cpp_examples/share/bumperbot_cpp_examples/hook/cmake_prefix_path.sh'
[1.219s] Level 1:colcon.colcon_core.environment:checking '/home/raz/projects/self_driving_OC_project/bumperbot_ws/install/bumperbot_cpp_examples/lib'
[1.219s] Level 1:colcon.colcon_core.environment:checking '/home/raz/projects/self_driving_OC_project/bumperbot_ws/install/bumperbot_cpp_examples/bin'
[1.219s] Level 1:colcon.colcon_core.environment:checking '/home/raz/projects/self_driving_OC_project/bumperbot_ws/install/bumperbot_cpp_examples/lib/pkgconfig/bumperbot_cpp_examples.pc'
[1.219s] Level 1:colcon.colcon_core.environment:checking '/home/raz/projects/self_driving_OC_project/bumperbot_ws/install/bumperbot_cpp_examples/lib/python3.10/site-packages'
[1.219s] Level 1:colcon.colcon_core.environment:checking '/home/raz/projects/self_driving_OC_project/bumperbot_ws/install/bumperbot_cpp_examples/bin'
[1.220s] INFO:colcon.colcon_core.shell:Creating package script '/home/raz/projects/self_driving_OC_project/bumperbot_ws/install/bumperbot_cpp_examples/share/bumperbot_cpp_examples/package.ps1'
[1.220s] INFO:colcon.colcon_core.shell:Creating package descriptor '/home/raz/projects/self_driving_OC_project/bumperbot_ws/install/bumperbot_cpp_examples/share/bumperbot_cpp_examples/package.dsv'
[1.220s] INFO:colcon.colcon_core.shell:Creating package script '/home/raz/projects/self_driving_OC_project/bumperbot_ws/install/bumperbot_cpp_examples/share/bumperbot_cpp_examples/package.sh'
[1.221s] INFO:colcon.colcon_core.shell:Creating package script '/home/raz/projects/self_driving_OC_project/bumperbot_ws/install/bumperbot_cpp_examples/share/bumperbot_cpp_examples/package.bash'
[1.221s] INFO:colcon.colcon_core.shell:Creating package script '/home/raz/projects/self_driving_OC_project/bumperbot_ws/install/bumperbot_cpp_examples/share/bumperbot_cpp_examples/package.zsh'
[1.222s] Level 1:colcon.colcon_core.environment:create_file_with_runtime_dependencies(/home/raz/projects/self_driving_OC_project/bumperbot_ws/install/bumperbot_cpp_examples/share/colcon-core/packages/bumperbot_cpp_examples)
[1.222s] Level 1:colcon.colcon_core.environment:create_environment_scripts_only(bumperbot_cpp_examples)
[1.222s] Level 1:colcon.colcon_core.environment:checking '/home/raz/projects/self_driving_OC_project/bumperbot_ws/install/bumperbot_cpp_examples' for CMake module files
[1.223s] Level 1:colcon.colcon_core.environment:checking '/home/raz/projects/self_driving_OC_project/bumperbot_ws/install/bumperbot_cpp_examples' for CMake config files
[1.223s] Level 1:colcon.colcon_core.shell:create_environment_hook('bumperbot_cpp_examples', 'cmake_prefix_path')
[1.223s] INFO:colcon.colcon_core.shell:Creating environment hook '/home/raz/projects/self_driving_OC_project/bumperbot_ws/install/bumperbot_cpp_examples/share/bumperbot_cpp_examples/hook/cmake_prefix_path.ps1'
[1.223s] INFO:colcon.colcon_core.shell:Creating environment descriptor '/home/raz/projects/self_driving_OC_project/bumperbot_ws/install/bumperbot_cpp_examples/share/bumperbot_cpp_examples/hook/cmake_prefix_path.dsv'
[1.224s] INFO:colcon.colcon_core.shell:Creating environment hook '/home/raz/projects/self_driving_OC_project/bumperbot_ws/install/bumperbot_cpp_examples/share/bumperbot_cpp_examples/hook/cmake_prefix_path.sh'
[1.224s] Level 1:colcon.colcon_core.environment:checking '/home/raz/projects/self_driving_OC_project/bumperbot_ws/install/bumperbot_cpp_examples/lib'
[1.224s] Level 1:colcon.colcon_core.environment:checking '/home/raz/projects/self_driving_OC_project/bumperbot_ws/install/bumperbot_cpp_examples/bin'
[1.224s] Level 1:colcon.colcon_core.environment:checking '/home/raz/projects/self_driving_OC_project/bumperbot_ws/install/bumperbot_cpp_examples/lib/pkgconfig/bumperbot_cpp_examples.pc'
[1.224s] Level 1:colcon.colcon_core.environment:checking '/home/raz/projects/self_driving_OC_project/bumperbot_ws/install/bumperbot_cpp_examples/lib/python3.10/site-packages'
[1.225s] Level 1:colcon.colcon_core.environment:checking '/home/raz/projects/self_driving_OC_project/bumperbot_ws/install/bumperbot_cpp_examples/bin'
[1.225s] INFO:colcon.colcon_core.shell:Creating package script '/home/raz/projects/self_driving_OC_project/bumperbot_ws/install/bumperbot_cpp_examples/share/bumperbot_cpp_examples/package.ps1'
[1.225s] INFO:colcon.colcon_core.shell:Creating package descriptor '/home/raz/projects/self_driving_OC_project/bumperbot_ws/install/bumperbot_cpp_examples/share/bumperbot_cpp_examples/package.dsv'
[1.226s] INFO:colcon.colcon_core.shell:Creating package script '/home/raz/projects/self_driving_OC_project/bumperbot_ws/install/bumperbot_cpp_examples/share/bumperbot_cpp_examples/package.sh'
[1.226s] INFO:colcon.colcon_core.shell:Creating package script '/home/raz/projects/self_driving_OC_project/bumperbot_ws/install/bumperbot_cpp_examples/share/bumperbot_cpp_examples/package.bash'
[1.226s] INFO:colcon.colcon_core.shell:Creating package script '/home/raz/projects/self_driving_OC_project/bumperbot_ws/install/bumperbot_cpp_examples/share/bumperbot_cpp_examples/package.zsh'
[1.226s] Level 1:colcon.colcon_core.environment:create_file_with_runtime_dependencies(/home/raz/projects/self_driving_OC_project/bumperbot_ws/install/bumperbot_cpp_examples/share/colcon-core/packages/bumperbot_cpp_examples)
[1.550s] DEBUG:colcon.colcon_core.event_handler.log_command:Invoking command in '/home/raz/projects/self_driving_OC_project/bumperbot_ws/build/bumperbot_py_examples': CMAKE_PREFIX_PATH=/home/raz/projects/self_driving_OC_project/bumperbot_ws/install/bumperbot_msgs:/home/raz/PD_Robot/ros2_ws/install/sar_utils:/home/raz/PD_Robot/ros2_ws/install/sar_cpp_examples:/home/raz/PD_Robot/ros2_ws/install/sar_msgs:/home/raz/PD_Robot/ros2_ws/install/sar_moveit:/home/raz/PD_Robot/ros2_ws/install/sar_localization:/home/raz/PD_Robot/ros2_ws/install/sar_description:/home/raz/PD_Robot/ros2_ws/install/sar_controller:/home/raz/projects/self_driving_OC_project/bumperbot_ws/install/bumperbot_utils:/home/raz/projects/self_driving_OC_project/bumperbot_ws/install/bumperbot_cpp_examples:/home/raz/projects/self_driving_OC_project/bumperbot_ws/install/bumperbot_localization:/home/raz/projects/self_driving_OC_project/bumperbot_ws/install/bumperbot_description:/home/raz/projects/self_driving_OC_project/bumperbot_ws/install/bumperbot_controller LD_LIBRARY_PATH=/home/raz/projects/self_driving_OC_project/bumperbot_ws/install/bumperbot_msgs/lib:/home/raz/PD_Robot/ros2_ws/install/sar_msgs/lib:/opt/ros/humble/opt/rviz_ogre_vendor/lib:/opt/ros/humble/lib/x86_64-linux-gnu:/opt/ros/humble/lib PYTHONPATH=/home/raz/projects/self_driving_OC_project/bumperbot_ws/build/bumperbot_py_examples/prefix_override:/usr/lib/python3/dist-packages/colcon_core/task/python/colcon_distutils_commands:/home/raz/projects/self_driving_OC_project/bumperbot_ws/install/bumperbot_py_examples/lib/python3.10/site-packages:${PYTHONPATH} /usr/bin/python3 -W ignore:setup.py install is deprecated -W ignore:easy_install command is deprecated setup.py develop --editable --build-directory /home/raz/projects/self_driving_OC_project/bumperbot_ws/build/bumperbot_py_examples/build --no-deps symlink_data
[1.979s] Level 1:colcon.colcon_core.shell:create_environment_hook('bumperbot_py_examples', 'pythonpath_develop')
[1.980s] INFO:colcon.colcon_core.shell:Creating environment hook '/home/raz/projects/self_driving_OC_project/bumperbot_ws/build/bumperbot_py_examples/share/bumperbot_py_examples/hook/pythonpath_develop.ps1'
[1.981s] DEBUG:colcon.colcon_core.event_handler.log_command:Invoked command in '/home/raz/projects/self_driving_OC_project/bumperbot_ws/build/bumperbot_py_examples' returned '0': CMAKE_PREFIX_PATH=/home/raz/projects/self_driving_OC_project/bumperbot_ws/install/bumperbot_msgs:/home/raz/PD_Robot/ros2_ws/install/sar_utils:/home/raz/PD_Robot/ros2_ws/install/sar_cpp_examples:/home/raz/PD_Robot/ros2_ws/install/sar_msgs:/home/raz/PD_Robot/ros2_ws/install/sar_moveit:/home/raz/PD_Robot/ros2_ws/install/sar_localization:/home/raz/PD_Robot/ros2_ws/install/sar_description:/home/raz/PD_Robot/ros2_ws/install/sar_controller:/home/raz/projects/self_driving_OC_project/bumperbot_ws/install/bumperbot_utils:/home/raz/projects/self_driving_OC_project/bumperbot_ws/install/bumperbot_cpp_examples:/home/raz/projects/self_driving_OC_project/bumperbot_ws/install/bumperbot_localization:/home/raz/projects/self_driving_OC_project/bumperbot_ws/install/bumperbot_description:/home/raz/projects/self_driving_OC_project/bumperbot_ws/install/bumperbot_controller LD_LIBRARY_PATH=/home/raz/projects/self_driving_OC_project/bumperbot_ws/install/bumperbot_msgs/lib:/home/raz/PD_Robot/ros2_ws/install/sar_msgs/lib:/opt/ros/humble/opt/rviz_ogre_vendor/lib:/opt/ros/humble/lib/x86_64-linux-gnu:/opt/ros/humble/lib PYTHONPATH=/home/raz/projects/self_driving_OC_project/bumperbot_ws/build/bumperbot_py_examples/prefix_override:/usr/lib/python3/dist-packages/colcon_core/task/python/colcon_distutils_commands:/home/raz/projects/self_driving_OC_project/bumperbot_ws/install/bumperbot_py_examples/lib/python3.10/site-packages:${PYTHONPATH} /usr/bin/python3 -W ignore:setup.py install is deprecated -W ignore:easy_install command is deprecated setup.py develop --editable --build-directory /home/raz/projects/self_driving_OC_project/bumperbot_ws/build/bumperbot_py_examples/build --no-deps symlink_data
[1.981s] INFO:colcon.colcon_core.shell:Creating environment descriptor '/home/raz/projects/self_driving_OC_project/bumperbot_ws/build/bumperbot_py_examples/share/bumperbot_py_examples/hook/pythonpath_develop.dsv'
[1.981s] INFO:colcon.colcon_core.shell:Creating environment hook '/home/raz/projects/self_driving_OC_project/bumperbot_ws/build/bumperbot_py_examples/share/bumperbot_py_examples/hook/pythonpath_develop.sh'
[1.982s] Level 1:colcon.colcon_core.environment:checking '/home/raz/projects/self_driving_OC_project/bumperbot_ws/install/bumperbot_py_examples' for CMake module files
[1.982s] Level 1:colcon.colcon_core.environment:checking '/home/raz/projects/self_driving_OC_project/bumperbot_ws/install/bumperbot_py_examples' for CMake config files
[1.983s] Level 1:colcon.colcon_core.environment:checking '/home/raz/projects/self_driving_OC_project/bumperbot_ws/install/bumperbot_py_examples/lib'
[1.983s] Level 1:colcon.colcon_core.environment:checking '/home/raz/projects/self_driving_OC_project/bumperbot_ws/install/bumperbot_py_examples/bin'
[1.983s] Level 1:colcon.colcon_core.environment:checking '/home/raz/projects/self_driving_OC_project/bumperbot_ws/install/bumperbot_py_examples/lib/pkgconfig/bumperbot_py_examples.pc'
[1.983s] Level 1:colcon.colcon_core.environment:checking '/home/raz/projects/self_driving_OC_project/bumperbot_ws/install/bumperbot_py_examples/lib/python3.10/site-packages'
[1.983s] Level 1:colcon.colcon_core.shell:create_environment_hook('bumperbot_py_examples', 'pythonpath')
[1.983s] INFO:colcon.colcon_core.shell:Creating environment hook '/home/raz/projects/self_driving_OC_project/bumperbot_ws/install/bumperbot_py_examples/share/bumperbot_py_examples/hook/pythonpath.ps1'
[1.984s] INFO:colcon.colcon_core.shell:Creating environment descriptor '/home/raz/projects/self_driving_OC_project/bumperbot_ws/install/bumperbot_py_examples/share/bumperbot_py_examples/hook/pythonpath.dsv'
[1.984s] INFO:colcon.colcon_core.shell:Creating environment hook '/home/raz/projects/self_driving_OC_project/bumperbot_ws/install/bumperbot_py_examples/share/bumperbot_py_examples/hook/pythonpath.sh'
[1.984s] Level 1:colcon.colcon_core.environment:checking '/home/raz/projects/self_driving_OC_project/bumperbot_ws/install/bumperbot_py_examples/bin'
[1.984s] Level 1:colcon.colcon_core.environment:create_environment_scripts_only(bumperbot_py_examples)
[1.985s] INFO:colcon.colcon_core.shell:Creating package script '/home/raz/projects/self_driving_OC_project/bumperbot_ws/install/bumperbot_py_examples/share/bumperbot_py_examples/package.ps1'
[1.986s] INFO:colcon.colcon_core.shell:Creating package descriptor '/home/raz/projects/self_driving_OC_project/bumperbot_ws/install/bumperbot_py_examples/share/bumperbot_py_examples/package.dsv'
[1.987s] INFO:colcon.colcon_core.shell:Creating package script '/home/raz/projects/self_driving_OC_project/bumperbot_ws/install/bumperbot_py_examples/share/bumperbot_py_examples/package.sh'
[1.988s] INFO:colcon.colcon_core.shell:Creating package script '/home/raz/projects/self_driving_OC_project/bumperbot_ws/install/bumperbot_py_examples/share/bumperbot_py_examples/package.bash'
[1.989s] INFO:colcon.colcon_core.shell:Creating package script '/home/raz/projects/self_driving_OC_project/bumperbot_ws/install/bumperbot_py_examples/share/bumperbot_py_examples/package.zsh'
[1.989s] Level 1:colcon.colcon_core.environment:create_file_with_runtime_dependencies(/home/raz/projects/self_driving_OC_project/bumperbot_ws/install/bumperbot_py_examples/share/colcon-core/packages/bumperbot_py_examples)
[1.990s] DEBUG:colcon.colcon_parallel_executor.executor.parallel:closing loop
[1.990s] DEBUG:colcon.colcon_parallel_executor.executor.parallel:loop closed
[1.990s] DEBUG:colcon.colcon_parallel_executor.executor.parallel:run_until_complete finished with '0'
[1.990s] DEBUG:colcon.colcon_core.event_reactor:joining thread
[1.995s] INFO:colcon.colcon_core.plugin_system:Skipping extension 'colcon_notification.desktop_notification.terminal_notifier': Not used on non-Darwin systems
[1.995s] INFO:colcon.colcon_core.plugin_system:Skipping extension 'colcon_notification.desktop_notification.win32': Not used on non-Windows systems
[1.995s] INFO:colcon.colcon_notification.desktop_notification:Sending desktop notification using 'notify2'
[2.011s] DEBUG:colcon.colcon_core.event_reactor:joined thread
[2.011s] INFO:colcon.colcon_core.shell:Creating prefix script '/home/raz/projects/self_driving_OC_project/bumperbot_ws/install/local_setup.ps1'
[2.012s] INFO:colcon.colcon_core.shell:Creating prefix util module '/home/raz/projects/self_driving_OC_project/bumperbot_ws/install/_local_setup_util_ps1.py'
[2.014s] INFO:colcon.colcon_core.shell:Creating prefix chain script '/home/raz/projects/self_driving_OC_project/bumperbot_ws/install/setup.ps1'
[2.016s] INFO:colcon.colcon_core.shell:Creating prefix script '/home/raz/projects/self_driving_OC_project/bumperbot_ws/install/local_setup.sh'
[2.016s] INFO:colcon.colcon_core.shell:Creating prefix util module '/home/raz/projects/self_driving_OC_project/bumperbot_ws/install/_local_setup_util_sh.py'
[2.017s] INFO:colcon.colcon_core.shell:Creating prefix chain script '/home/raz/projects/self_driving_OC_project/bumperbot_ws/install/setup.sh'
[2.019s] INFO:colcon.colcon_core.shell:Creating prefix script '/home/raz/projects/self_driving_OC_project/bumperbot_ws/install/local_setup.bash'
[2.020s] INFO:colcon.colcon_core.shell:Creating prefix chain script '/home/raz/projects/self_driving_OC_project/bumperbot_ws/install/setup.bash'
[2.022s] INFO:colcon.colcon_core.shell:Creating prefix script '/home/raz/projects/self_driving_OC_project/bumperbot_ws/install/local_setup.zsh'
[2.023s] INFO:colcon.colcon_core.shell:Creating prefix chain script '/home/raz/projects/self_driving_OC_project/bumperbot_ws/install/setup.zsh'
