[0.025s] Invoking command in '/home/raz/projects/self_driving_OC_project/bumperbot_ws/build/bumperbot_utils': CMAKE_PREFIX_PATH=${CMAKE_PREFIX_PATH}:/home/raz/PD_Robot/ros2_ws/install/sar_py_examples:/home/raz/projects/self_driving_OC_project/bumperbot_ws/install/bumperbot_py_examples:/opt/ros/humble /usr/bin/cmake --build /home/raz/projects/self_driving_OC_project/bumperbot_ws/build/bumperbot_utils -- -j16 -l16
[0.075s] [35m[1mConsolidate compiler generated dependencies of target trajectory_visualization[0m
[0.099s] [  0%] Built target ament_cmake_python_symlink_bumperbot_utils
[0.102s] [ 50%] [32mBuilding CXX object CMakeFiles/trajectory_visualization.dir/src/trajectory_visualization.cpp.o[0m
[0.359s] running egg_info
[0.360s] writing bumperbot_utils.egg-info/PKG-INFO
[0.360s] writing dependency_links to bumperbot_utils.egg-info/dependency_links.txt
[0.361s] writing top-level names to bumperbot_utils.egg-info/top_level.txt
[0.364s] reading manifest file 'bumperbot_utils.egg-info/SOURCES.txt'
[0.364s] writing manifest file 'bumperbot_utils.egg-info/SOURCES.txt'
[0.406s] [ 50%] Built target ament_cmake_python_build_bumperbot_utils_egg
[7.337s] [100%] [32m[1mLinking CXX executable trajectory_visualization[0m
[7.999s] [100%] Built target trajectory_visualization
[8.014s] Invoked command in '/home/raz/projects/self_driving_OC_project/bumperbot_ws/build/bumperbot_utils' returned '0': CMAKE_PREFIX_PATH=${CMAKE_PREFIX_PATH}:/home/raz/PD_Robot/ros2_ws/install/sar_py_examples:/home/raz/projects/self_driving_OC_project/bumperbot_ws/install/bumperbot_py_examples:/opt/ros/humble /usr/bin/cmake --build /home/raz/projects/self_driving_OC_project/bumperbot_ws/build/bumperbot_utils -- -j16 -l16
[8.017s] Invoking command in '/home/raz/projects/self_driving_OC_project/bumperbot_ws/build/bumperbot_utils': CMAKE_PREFIX_PATH=${CMAKE_PREFIX_PATH}:/home/raz/PD_Robot/ros2_ws/install/sar_py_examples:/home/raz/projects/self_driving_OC_project/bumperbot_ws/install/bumperbot_py_examples:/opt/ros/humble /usr/bin/cmake --install /home/raz/projects/self_driving_OC_project/bumperbot_ws/build/bumperbot_utils
[8.024s] -- Install configuration: ""
[8.024s] -- Execute custom install script
[8.025s] -- Up-to-date symlink: /home/raz/projects/self_driving_OC_project/bumperbot_ws/install/bumperbot_utils/share/bumperbot_utils/environment/pythonpath.sh
[8.025s] -- Up-to-date symlink: /home/raz/projects/self_driving_OC_project/bumperbot_ws/install/bumperbot_utils/share/bumperbot_utils/environment/pythonpath.dsv
[8.025s] -- Up-to-date symlink: /home/raz/projects/self_driving_OC_project/bumperbot_ws/install/bumperbot_utils/local/lib/python3.10/dist-packages/bumperbot_utils-0.0.0-py3.10.egg-info/PKG-INFO
[8.025s] -- Up-to-date symlink: /home/raz/projects/self_driving_OC_project/bumperbot_ws/install/bumperbot_utils/local/lib/python3.10/dist-packages/bumperbot_utils-0.0.0-py3.10.egg-info/SOURCES.txt
[8.025s] -- Up-to-date symlink: /home/raz/projects/self_driving_OC_project/bumperbot_ws/install/bumperbot_utils/local/lib/python3.10/dist-packages/bumperbot_utils-0.0.0-py3.10.egg-info/dependency_links.txt
[8.026s] -- Up-to-date symlink: /home/raz/projects/self_driving_OC_project/bumperbot_ws/install/bumperbot_utils/local/lib/python3.10/dist-packages/bumperbot_utils-0.0.0-py3.10.egg-info/top_level.txt
[8.026s] -- Up-to-date symlink: /home/raz/projects/self_driving_OC_project/bumperbot_ws/install/bumperbot_utils/local/lib/python3.10/dist-packages/bumperbot_utils/__init__.py
[8.026s] -- Up-to-date symlink: /home/raz/projects/self_driving_OC_project/bumperbot_ws/install/bumperbot_utils/local/lib/python3.10/dist-packages/bumperbot_utils/trajectory_visualization.py
[8.027s] -- Up-to-date symlink: /home/raz/projects/self_driving_OC_project/bumperbot_ws/install/bumperbot_utils/lib/bumperbot_utils/trajectory_visualization
[8.027s] -- Up-to-date symlink: /home/raz/projects/self_driving_OC_project/bumperbot_ws/install/bumperbot_utils/lib/bumperbot_utils/trajectory_visualization.py
[8.027s] -- Up-to-date symlink: /home/raz/projects/self_driving_OC_project/bumperbot_ws/install/bumperbot_utils/share/ament_index/resource_index/package_run_dependencies/bumperbot_utils
[8.027s] -- Up-to-date symlink: /home/raz/projects/self_driving_OC_project/bumperbot_ws/install/bumperbot_utils/share/ament_index/resource_index/parent_prefix_path/bumperbot_utils
[8.027s] -- Up-to-date symlink: /home/raz/projects/self_driving_OC_project/bumperbot_ws/install/bumperbot_utils/share/bumperbot_utils/environment/ament_prefix_path.sh
[8.028s] -- Up-to-date symlink: /home/raz/projects/self_driving_OC_project/bumperbot_ws/install/bumperbot_utils/share/bumperbot_utils/environment/ament_prefix_path.dsv
[8.028s] -- Up-to-date symlink: /home/raz/projects/self_driving_OC_project/bumperbot_ws/install/bumperbot_utils/share/bumperbot_utils/environment/path.sh
[8.028s] -- Up-to-date symlink: /home/raz/projects/self_driving_OC_project/bumperbot_ws/install/bumperbot_utils/share/bumperbot_utils/environment/path.dsv
[8.028s] -- Up-to-date symlink: /home/raz/projects/self_driving_OC_project/bumperbot_ws/install/bumperbot_utils/share/bumperbot_utils/local_setup.bash
[8.028s] -- Up-to-date symlink: /home/raz/projects/self_driving_OC_project/bumperbot_ws/install/bumperbot_utils/share/bumperbot_utils/local_setup.sh
[8.028s] -- Up-to-date symlink: /home/raz/projects/self_driving_OC_project/bumperbot_ws/install/bumperbot_utils/share/bumperbot_utils/local_setup.zsh
[8.028s] -- Up-to-date symlink: /home/raz/projects/self_driving_OC_project/bumperbot_ws/install/bumperbot_utils/share/bumperbot_utils/local_setup.dsv
[8.029s] -- Symlinking: /home/raz/projects/self_driving_OC_project/bumperbot_ws/install/bumperbot_utils/share/bumperbot_utils/package.dsv
[8.039s] -- Up-to-date symlink: /home/raz/projects/self_driving_OC_project/bumperbot_ws/install/bumperbot_utils/share/ament_index/resource_index/packages/bumperbot_utils
[8.040s] -- Up-to-date symlink: /home/raz/projects/self_driving_OC_project/bumperbot_ws/install/bumperbot_utils/share/bumperbot_utils/cmake/bumperbot_utilsConfig.cmake
[8.040s] -- Up-to-date symlink: /home/raz/projects/self_driving_OC_project/bumperbot_ws/install/bumperbot_utils/share/bumperbot_utils/cmake/bumperbot_utilsConfig-version.cmake
[8.040s] -- Up-to-date symlink: /home/raz/projects/self_driving_OC_project/bumperbot_ws/install/bumperbot_utils/share/bumperbot_utils/package.xml
[8.075s] Listing '/home/raz/projects/self_driving_OC_project/bumperbot_ws/install/bumperbot_utils/local/lib/python3.10/dist-packages/bumperbot_utils'...
[8.089s] Invoked command in '/home/raz/projects/self_driving_OC_project/bumperbot_ws/build/bumperbot_utils' returned '0': CMAKE_PREFIX_PATH=${CMAKE_PREFIX_PATH}:/home/raz/PD_Robot/ros2_ws/install/sar_py_examples:/home/raz/projects/self_driving_OC_project/bumperbot_ws/install/bumperbot_py_examples:/opt/ros/humble /usr/bin/cmake --install /home/raz/projects/self_driving_OC_project/bumperbot_ws/build/bumperbot_utils
